number,value,datetime_start,datetime_complete,duration,params_adam_beta1,params_adam_beta2,params_adam_lr,params_adam_wd,params_batch_size,params_block_0_filters,params_block_0_kernel_pair,params_block_1_filters,params_block_1_kernel_pair,params_block_2_filters,params_block_2_kernel_pair,params_first_conv_filters,params_first_conv_kernel_width,params_lr_decay,params_lr_step_size,params_n_blocks,params_optimizer,params_sgd_lr,params_sgd_momentum,params_sgd_wd,user_attrs_best_epoch,user_attrs_validation_accuracy,user_attrs_validation_macro_f1,state
71,0.8567818227267046,2026-09-29 14:14:39.973224,2026-09-29 14:14:43.062386,0 days 00:00:03.089162,0.8726372551525896,0.9630246765123897,0.002468689913401903,3.342580023812527e-05,200,64,"(5, 7)",64.0,"(3, 5)",64.0,"(5, 7)",32,7,0.443348651767821,28,3,Adam,,,,36.0,0.8818897637795275,0.8316738816738817,COMPLETE
72,0.45237837908549156,2026-09-29 14:14:43.199576,2026-09-29 14:14:43.930957,0 days 00:00:00.731381,0.8834503282150759,0.958733036307611,0.0069678462494029,2.245762802327596e-05,200,64,"(5, 7)",64.0,"(3, 5)",64.0,"(5, 7)",32,7,0.4558779991051896,29,3,Adam,,,,,,,PRUNED
73,0.6489936326608492,2026-09-29 14:14:44.068624,2026-09-29 14:14:45.608596,0 days 00:00:01.539972,0.867963916668117,0.9687457812168851,0.0014439059363902896,0.00015616135311003105,200,64,"(5, 7)",8.0,"(3, 5)",64.0,"(5, 7)",32,7,0.3969511649889092,32,3,Adam,,,,,,,PRUNED
74,0.4593145368295757,2026-09-29 14:14:45.742923,2026-09-29 14:14:46.485119,0 days 00:00:00.742196,0.8899564224182968,0.9642095048290948,0.0020157642991004733,0.0002663198107149487,200,64,"(5, 7)",64.0,"(3, 5)",32.0,"(5, 7)",32,7,0.43827625805612447,29,3,Adam,,,,,,,PRUNED
75,0.8902580585934412,2026-09-29 14:14:46.633542,2026-09-29 14:14:51.461911,0 days 00:00:04.828369,0.8968356184260472,0.9519121869506925,0.001573857136542426,5.181550689246313e-05,128,64,"(5, 7)",64.0,"(3, 5)",16.0,"(5, 7)",16,7,0.20834779384312604,31,3,Adam,,,,35.0,0.889763779527559,0.8907523376593234,COMPLETE
76,0.2450897432894168,2026-09-29 14:14:51.594252,2026-09-29 14:14:52.508028,0 days 00:00:00.913776,,,,,128,16,"(5, 7)",64.0,"(3, 5)",16.0,"(5, 7)",16,7,0.25143628409453983,31,3,SGD,0.015778862961635838,0.7957321484484887,9.036312435977286e-05,,,,PRUNED
77,0.38417792716837473,2026-09-29 14:14:52.651111,2026-09-29 14:14:53.617504,0 days 00:00:00.966393,0.8961902870986218,0.9523003467355539,0.0027264598049512594,6.342413453429631e-06,128,64,"(3, 5)",64.0,"(3, 5)",16.0,"(5, 7)",16,7,0.21556486629592683,28,3,Adam,,,,,,,PRUNED
78,0.8680393313333266,2026-09-29 14:14:53.756342,2026-09-29 14:14:58.521243,0 days 00:00:04.764901,0.8570886650676721,0.9001579985615724,0.0034827084961902093,2.7673957852949112e-05,128,32,"(5, 7)",64.0,"(3, 5)",16.0,"(3, 7)",16,7,0.17484867572472884,30,3,Adam,,,,50.0,0.8818897637795275,0.8541888988871257,COMPLETE
79,0.8424090107447288,2026-09-29 14:14:58.660836,2026-09-29 14:15:03.702853,0 days 00:00:05.042017,0.9109216961227249,0.9419969920079173,0.0015735228120519606,5.62498255344969e-05,128,64,"(5, 7)",64.0,"(3, 5)",16.0,"(5, 7)",16,3,0.19920774821221093,21,3,Adam,,,,45.0,0.8582677165354331,0.8265503049540245,COMPLETE
80,0.4998565825465733,2026-09-29 14:15:03.839228,2026-09-29 14:15:04.537317,0 days 00:00:00.698089,0.8841412147929724,0.948734178874451,0.0019393412542930482,8.446027199342755e-05,200,64,"(5, 7)",8.0,"(3, 5)",64.0,"(5, 7)",16,7,0.21829417864086048,27,3,Adam,,,,,,,PRUNED
81,0.8910016720636673,2026-09-29 14:15:04.671118,2026-09-29 14:15:10.291426,0 days 00:00:05.620308,0.9061604333784089,0.9567866933596638,0.0010667681387502266,0.00011059163638606383,128,64,"(5, 7)",64.0,"(3, 7)",32.0,"(5, 7)",32,7,0.49134219908987725,32,3,Adam,,,,40.0,0.9133858267716536,0.8686175173556812,COMPLETE
82,0.8793361249117952,2026-09-29 14:15:10.432428,2026-09-29 14:15:15.597691,0 days 00:00:05.165263,0.9127083124712775,0.9554133048270258,0.0010644073908705994,3.907930488215592e-05,128,64,"(5, 7)",64.0,"(3, 7)",32.0,"(5, 7)",32,7,0.46275998858850154,33,3,Adam,,,,35.0,0.8818897637795275,0.8767824860440631,COMPLETE
83,0.8670508863597406,2026-09-29 14:15:15.733237,2026-09-29 14:15:21.064661,0 days 00:00:05.331424,0.9155018492490814,0.9564550669051709,0.0010951485285644322,4.0283559865636186e-05,128,64,"(5, 7)",64.0,"(3, 7)",32.0,"(5, 7)",32,7,0.4667052470217038,33,3,Adam,,,,49.0,0.8740157480314961,0.860086024687985,COMPLETE
84,0.897185484016277,2026-09-29 14:15:21.202207,2026-09-29 14:15:26.490357,0 days 00:00:05.288150,0.9283351906984608,0.9544788541410669,0.000840925976330006,1.9560539694258256e-05,128,64,"(5, 7)",64.0,"(3, 7)",32.0,"(3, 5)",32,7,0.22817098415684026,31,3,Adam,,,,49.0,0.905511811023622,0.8888591570089318,COMPLETE
85,0.8959200569420966,2026-09-29 14:15:26.630994,2026-09-29 14:15:31.530280,0 days 00:00:04.899286,0.9284632489593612,0.9539092643658945,0.0008217292162480185,1.369368825068532e-05,128,64,"(5, 7)",64.0,"(3, 7)",32.0,"(3, 5)",32,7,0.2292392110684182,32,3,Adam,,,,48.0,0.8976377952755905,0.8942023186086028,COMPLETE
86,0.3609189103535435,2026-09-29 14:15:31.668189,2026-09-29 14:15:32.612585,0 days 00:00:00.944396,0.9260888508701209,0.952141248483682,0.0006562840793522126,1.8140916735010053e-05,128,8,"(5, 7)",64.0,"(3, 7)",32.0,"(3, 5)",32,7,0.22862434405573595,32,3,Adam,,,,,,,PRUNED
87,0.8932313945680044,2026-09-29 14:15:32.753536,2026-09-29 14:15:38.147030,0 days 00:00:05.393494,0.9077242922159091,0.945115137775748,0.0008169813882431744,1.3579950020969443e-05,128,64,"(5, 7)",64.0,"(3, 7)",32.0,"(3, 5)",32,7,0.2012691369391369,31,3,Adam,,,,49.0,0.8976377952755905,0.8888249938604184,COMPLETE
88,0.20588614276123446,2026-09-29 14:15:38.284893,2026-09-29 14:15:39.306600,0 days 00:00:01.021707,,,,,128,64,"(5, 7)",64.0,"(3, 7)",32.0,"(3, 5)",16,7,0.19658960623318777,31,3,SGD,0.0004908528170469432,0.9849717576847253,4.797106875541761e-06,,,,PRUNED
89,0.8669277693308359,2026-09-29 14:15:39.441502,2026-09-29 14:15:44.664349,0 days 00:00:05.222847,0.9375414200505748,0.9456823956406892,0.0007803808197485067,3.159298525870618e-06,128,64,"(5, 7)",64.0,"(3, 7)",32.0,"(3, 5)",32,7,0.2328168603402233,30,3,Adam,,,,45.0,0.8740157480314961,0.8598397906301758,COMPLETE
90,0.45294248113396646,2026-09-29 14:15:44.802603,2026-09-29 14:15:45.954431,0 days 00:00:01.151828,0.9067159816051474,0.9677461508942389,0.00046330846335330506,1.2651711474613514e-05,128,64,"(5, 7)",64.0,"(3, 7)",32.0,"(3, 5)",32,7,0.1422770498150555,32,3,Adam,,,,,,,PRUNED
91,0.8605857527940401,2026-09-29 14:15:46.090160,2026-09-29 14:15:50.987453,0 days 00:00:04.897293,0.9329161717447554,0.9541838822035887,0.00089283257407401,7.37823223844882e-06,128,64,"(5, 7)",64.0,"(3, 7)",32.0,"(3, 5)",32,7,0.18430774168748126,33,3,Adam,,,,37.0,0.8740157480314961,0.8471557575565842,COMPLETE
92,0.8882186547267221,2026-09-29 14:15:51.123274,2026-09-29 14:15:56.149471,0 days 00:00:05.026197,0.9094259063281291,0.9577311165828912,0.001009368367913561,9.460718911648336e-06,128,64,"(5, 7)",64.0,"(3, 7)",32.0,"(3, 5)",32,7,0.28111736344978244,31,3,Adam,,,,48.0,0.8976377952755905,0.8787995141778536,COMPLETE
93,0.881346298249615,2026-09-29 14:15:56.286424,2026-09-29 14:16:01.258292,0 days 00:00:04.971868,0.9021949699033112,0.9634132485251828,0.0008219849114208442,1.6552965665305247e-05,128,64,"(5, 7)",64.0,"(3, 7)",32.0,"(3, 5)",32,7,0.27069298964983957,31,3,Adam,,,,41.0,0.8818897637795275,0.8808028327197024,COMPLETE
94,0.8875695704029531,2026-09-29 14:16:01.395018,2026-09-29 14:16:06.369588,0 days 00:00:04.974570,0.8983974644120902,0.9627753836044295,0.0006385048998842789,1.5136351341218414e-05,128,64,"(5, 7)",64.0,"(3, 7)",32.0,"(3, 5)",32,7,0.2794750354540731,29,3,Adam,,,,47.0,0.889763779527559,0.8853753612783473,COMPLETE
95,0.4419483385006444,2026-09-29 14:16:06.509259,2026-09-29 14:16:07.610824,0 days 00:00:01.101565,0.8988728270557429,0.9582584507052916,0.00048639487240582176,8.797273881240353e-06,128,64,"(5, 7)",64.0,"(3, 7)",32.0,"(3, 5)",32,7,0.2974906615992745,29,3,Adam,,,,,,,PRUNED
96,0.8935318524802598,2026-09-29 14:16:07.748783,2026-09-29 14:16:12.899526,0 days 00:00:05.150743,0.9064566970851662,0.9510113769950166,0.0009750702708948967,5.741128209656458e-06,128,64,"(5, 7)",64.0,"(3, 7)",32.0,"(3, 5)",32,7,0.28080836184457153,30,3,Adam,,,,48.0,0.8976377952755905,0.8894259096849291,COMPLETE
97,0.8685497795616475,2026-09-29 14:16:13.036677,2026-09-29 14:16:18.185656,0 days 00:00:05.148979,0.8934476712587023,0.9420873977849384,0.0006524451934954417,3.3995518174125225e-06,128,64,"(5, 7)",64.0,"(3, 7)",32.0,"(3, 5)",32,7,0.2814468041951843,32,3,Adam,,,,33.0,0.8661417322834646,0.8709578268398303,COMPLETE
98,0.8912538664402254,2026-09-29 14:16:18.335623,2026-09-29 14:16:23.562222,0 days 00:00:05.226599,0.9078028693991772,0.9510569409540723,0.0009848941677900798,5.62175143684455e-06,128,64,"(5, 7)",64.0,"(3, 7)",32.0,"(3, 5)",32,7,0.20462424669535093,30,3,Adam,,,,48.0,0.8976377952755905,0.8848699376048604,COMPLETE
99,0.5037617754993056,2026-09-29 14:16:23.703543,2026-09-29 14:16:24.825807,0 days 00:00:01.122264,0.9069385769707315,0.9355280472523482,0.0009534814455540126,5.615821457010193e-06,128,16,"(3, 5)",64.0,"(3, 7)",32.0,"(3, 5)",32,7,0.2593843546678201,30,3,Adam,,,,,,,PRUNED
