number,value,datetime_start,datetime_complete,duration,params_adam_beta1,params_adam_beta2,params_adam_lr,params_adam_wd,params_batch_size,params_block_0_filters,params_block_0_kernel_pair,params_block_1_filters,params_block_1_kernel_pair,params_block_2_filters,params_block_2_kernel_pair,params_first_conv_filters,params_first_conv_kernel_width,params_lr_decay,params_lr_step_size,params_n_blocks,params_optimizer,params_sgd_lr,params_sgd_momentum,params_sgd_wd,user_attrs_best_epoch,user_attrs_validation_accuracy,user_attrs_validation_macro_f1,state
0,0.698247629492394,2026-09-29 14:09:41.399016,2026-09-29 14:09:46.530656,0 days 00:00:05.131640,0.9828439752154666,0.9964666401041485,0.00021930485556643703,1.8205657658407268e-06,128,64,"(3, 5)",32.0,"(3, 7)",64.0,"(5, 7)",32,3,0.1870761961280168,35,3,Adam,,,,48.0,0.7007874015748031,0.6957078574099851,COMPLETE
1,0.28446968698137337,2026-09-29 14:09:46.677370,2026-09-29 14:09:49.595819,0 days 00:00:02.918449,,,,,256,16,"(5, 7)",64.0,"(5, 7)",,,64,3,0.49409912147023277,12,2,SGD,0.004247058562261873,0.7408680252426811,0.0016172900811143157,22.0,0.28346456692913385,0.2854748070336129,COMPLETE
2,0.18473268486243033,2026-09-29 14:09:49.750438,2026-09-29 14:09:53.080885,0 days 00:00:03.330447,,,,,128,8,"(5, 7)",64.0,"(3, 7)",,,64,7,0.191460191484347,29,2,SGD,0.00011919481947918739,0.7312885138280583,1.3357240411974112e-06,28.0,0.2047244094488189,0.16474096027604176,COMPLETE
3,0.2015071997719008,2026-09-29 14:09:53.212301,2026-09-29 14:09:55.510605,0 days 00:00:02.298304,,,,,256,64,"(5, 7)",64.0,"(3, 7)",,,16,5,0.19544131940933984,39,2,SGD,0.00046379219034580355,0.734760956526768,2.2410971619109514e-05,46.0,0.1968503937007874,0.20616400584301417,COMPLETE
4,0.1881289147945251,2026-09-29 14:09:55.641798,2026-09-29 14:09:59.689834,0 days 00:00:04.048036,,,,,128,32,"(5, 7)",32.0,"(3, 5)",,,16,7,0.06834881369964377,15,2,SGD,0.00018658181360124853,0.942237723720879,1.91920011015619e-05,37.0,0.2047244094488189,0.17153342014023126,COMPLETE
5,0.6751713909137981,2026-09-29 14:09:59.826447,2026-09-29 14:10:07.619115,0 days 00:00:07.792668,0.9591825764200673,0.9641389614508133,0.0062261634823634615,0.0035346441441965848,64,16,"(3, 7)",64.0,"(3, 5)",,,128,5,0.1227329213425762,12,2,Adam,,,,46.0,0.6929133858267716,0.6574293960008245,COMPLETE
6,0.19249917349041046,2026-09-29 14:10:07.765271,2026-09-29 14:10:08.532792,0 days 00:00:00.767521,,,,,200,32,"(3, 5)",16.0,"(3, 5)",16.0,"(5, 7)",16,3,0.46168897559920186,39,3,SGD,0.008638073353835195,0.7513620970280441,0.005778755734457461,,,,PRUNED
7,0.45505751591240906,2026-09-29 14:10:08.671093,2026-09-29 14:10:10.470957,0 days 00:00:01.799864,0.9475822037393375,0.9701781599903122,0.0056852051903320934,0.0009184900818511545,256,16,"(5, 7)",,,,,16,5,0.18211632991902205,21,1,Adam,,,,43.0,0.4645669291338583,0.4455481026909599,COMPLETE
8,0.41219102608255476,2026-09-29 14:10:10.602509,2026-09-29 14:10:13.486224,0 days 00:00:02.883715,,,,,200,32,"(3, 7)",64.0,"(5, 7)",,,64,7,0.29328580472454796,26,2,SGD,0.007390459262954656,0.7247507648481927,1.6096330648219384e-06,49.0,0.4251968503937008,0.39918520177140865,COMPLETE
9,0.16209181877282958,2026-09-29 14:10:13.617219,2026-09-29 14:10:14.183582,0 days 00:00:00.566363,,,,,256,8,"(5, 7)",32.0,"(3, 7)",32.0,"(3, 5)",32,7,0.12794084145950685,24,3,SGD,0.00264558358503855,0.7283719065887904,9.25685584198963e-05,,,,PRUNED
10,0.20622203167345554,2026-09-29 14:10:14.321758,2026-09-29 14:10:14.828094,0 days 00:00:00.506336,0.8610096540422132,0.9012298858395373,0.00010744583847151158,1.1565476849678523e-06,128,64,"(3, 5)",,,,,32,3,0.3637201542530425,32,1,Adam,,,,,,,PRUNED
11,0.7762336025467849,2026-09-29 14:10:14.965697,2026-09-29 14:10:26.551847,0 days 00:00:11.586150,0.9830373358917874,0.9993126715100455,0.0038389716708256477,0.008105181848292864,64,16,"(3, 7)",8.0,"(3, 5)",64.0,"(3, 7)",128,5,0.26942734178671673,17,3,Adam,,,,49.0,0.7874015748031497,0.76506563029042,COMPLETE
12,0.7449399874547756,2026-09-29 14:10:26.698941,2026-09-29 14:10:37.114615,0 days 00:00:10.415674,0.9872069208836332,0.9993745016310617,0.0004134177021568097,8.68250458066659e-06,64,64,"(3, 5)",8.0,"(3, 5)",64.0,"(3, 7)",128,3,0.31242104174906027,19,3,Adam,,,,49.0,0.7480314960629921,0.7418484788465591,COMPLETE
13,0.7851864759887126,2026-09-29 14:10:37.261951,2026-09-29 14:10:48.879714,0 days 00:00:11.617763,0.9872457049950769,0.9994180827406361,0.0008343364899279689,8.445502224517826e-05,64,64,"(3, 7)",8.0,"(3, 5)",64.0,"(3, 7)",128,5,0.3033271466026103,18,3,Adam,,,,44.0,0.7874015748031497,0.7829713771742757,COMPLETE
14,0.7372885934015281,2026-09-29 14:10:49.014201,2026-09-29 14:10:57.938030,0 days 00:00:08.923829,0.9469151488674504,0.9806592779551667,0.001262231143848418,7.540238293442766e-05,64,16,"(3, 7)",8.0,"(3, 5)",64.0,"(3, 7)",128,5,0.29330684330756907,17,3,Adam,,,,49.0,0.7480314960629921,0.7265456907400641,COMPLETE
15,0.792753982381242,2026-09-29 14:10:58.083334,2026-09-29 14:11:08.985508,0 days 00:00:10.902174,0.9812213767264324,0.9998030339880668,0.001776183858396308,0.00024481161748036176,64,64,"(3, 7)",8.0,"(3, 5)",8.0,"(3, 7)",128,5,0.3835345965744468,22,3,Adam,,,,50.0,0.8110236220472441,0.7744843427152398,COMPLETE
16,0.7941521493809657,2026-09-29 14:11:09.134570,2026-09-29 14:11:17.870217,0 days 00:00:08.735647,0.9109688319357565,0.9484323085727778,0.0013071398092277526,0.0001364005947867456,64,64,"(3, 7)",8.0,"(3, 5)",8.0,"(3, 7)",128,5,0.40324653950107137,23,3,Adam,,,,44.0,0.7874015748031497,0.8009027239587817,COMPLETE
17,0.7844576570785794,2026-09-29 14:11:18.003930,2026-09-29 14:11:24.425888,0 days 00:00:06.421958,0.9013558557212542,0.9394097798037693,0.0018536425291146724,0.00017074313883450604,64,64,"(3, 7)",8.0,"(3, 5)",8.0,"(3, 7)",128,5,0.4072373394671337,24,3,Adam,,,,50.0,0.7795275590551181,0.7893877551020407,COMPLETE
18,0.8396967206783662,2026-09-29 14:11:24.560961,2026-09-29 14:11:33.522317,0 days 00:00:08.961356,0.9128441780779825,0.9387097943045971,0.0023350109654146274,0.0004711418637695933,64,64,"(3, 7)",16.0,"(5, 7)",8.0,"(3, 5)",128,5,0.40802551897996187,28,3,Adam,,,,45.0,0.8267716535433071,0.8526217878134253,COMPLETE
19,0.8424754028529866,2026-09-29 14:11:33.662412,2026-09-29 14:11:44.447376,0 days 00:00:10.784964,0.9075921404527733,0.9363816251675069,0.0029249510444876187,2.1696868440805566e-05,64,64,"(3, 7)",16.0,"(5, 7)",8.0,"(3, 5)",128,5,0.4456187079182585,29,3,Adam,,,,46.0,0.84251968503937,0.8424311206666031,COMPLETE
20,0.34318605955105197,2026-09-29 14:11:44.592578,2026-09-29 14:11:45.456906,0 days 00:00:00.864328,0.9091252382047597,0.9281729201193488,0.003099983317281043,1.453598558207688e-05,200,8,"(3, 7)",16.0,"(5, 7)",,,128,5,0.43740577540503656,29,2,Adam,,,,,,,PRUNED
21,0.8419514714340361,2026-09-29 14:11:45.590264,2026-09-29 14:11:55.039897,0 days 00:00:09.449633,0.9078921705073429,0.9407878197428156,0.0007769651046796701,2.30607975368743e-05,64,64,"(3, 7)",16.0,"(5, 7)",8.0,"(3, 5)",128,5,0.3607047877321474,28,3,Adam,,,,49.0,0.8503937007874016,0.8335092420806706,COMPLETE
22,0.7946779092014477,2026-09-29 14:11:55.183459,2026-09-29 14:12:05.863901,0 days 00:00:10.680442,0.8878685026683228,0.9240306716590895,0.0005459610234806545,1.7453865616887587e-05,64,64,"(3, 7)",16.0,"(5, 7)",8.0,"(3, 5)",128,5,0.3483547662486316,28,3,Adam,,,,43.0,0.7952755905511811,0.7940802278517142,COMPLETE
23,0.434305198319623,2026-09-29 14:12:06.010106,2026-09-29 14:12:09.083575,0 days 00:00:03.073469,0.9271070458304121,0.9459143301831179,0.002483322588220185,5.050257580002536e-06,64,64,"(3, 7)",16.0,"(5, 7)",8.0,"(3, 5)",128,5,0.45455513746610215,33,3,Adam,,,,,,,PRUNED
24,0.3453925762141445,2026-09-29 14:12:09.225509,2026-09-29 14:12:11.475723,0 days 00:00:02.250214,0.8762754464361378,0.9249308322068955,0.009937608082376823,3.310167673538725e-05,64,64,"(3, 7)",16.0,"(5, 7)",8.0,"(3, 5)",128,5,0.4951305268806498,32,3,Adam,,,,,,,PRUNED
25,0.8305623213705364,2026-09-29 14:12:11.617907,2026-09-29 14:12:22.395897,0 days 00:00:10.777990,0.9247514233242058,0.9358091627139711,0.0007361157557873297,0.0007946227053052052,64,64,"(3, 7)",16.0,"(5, 7)",8.0,"(3, 5)",128,5,0.3446767986357598,27,3,Adam,,,,43.0,0.8267716535433071,0.8343529891977658,COMPLETE
26,0.7955478481856435,2026-09-29 14:12:22.542735,2026-09-29 14:12:34.143027,0 days 00:00:11.600292,0.8944627773672542,0.9133170863604848,0.0003051311818893162,0.0005018232011438367,64,64,"(3, 7)",16.0,"(5, 7)",16.0,"(3, 5)",128,5,0.43816364089695553,36,3,Adam,,,,39.0,0.7952755905511811,0.7958201058201058,COMPLETE
27,0.8788412900704083,2026-09-29 14:12:34.287325,2026-09-29 14:12:43.886891,0 days 00:00:09.599566,0.9287427058115597,0.9550591828796646,0.004300313745623317,3.906132906897445e-05,64,64,"(3, 7)",16.0,"(5, 7)",32.0,"(3, 5)",32,5,0.24838919425816192,30,3,Adam,,,,48.0,0.889763779527559,0.8679188006132575,COMPLETE
28,0.4487230499326602,2026-09-29 14:12:44.030363,2026-09-29 14:12:44.845148,0 days 00:00:00.814785,0.9295800911739636,0.9598277574600245,0.006276082982735098,4.7363452027629066e-05,200,32,"(3, 7)",16.0,"(5, 7)",,,32,7,0.24452513594111602,31,2,Adam,,,,,,,PRUNED
29,0.8302186912755413,2026-09-29 14:12:44.976425,2026-09-29 14:12:49.796998,0 days 00:00:04.820573,0.9401399384851569,0.952772697776293,0.004005499690220395,3.6051594038211925e-06,128,64,"(3, 5)",16.0,"(5, 7)",32.0,"(3, 5)",32,5,0.2505763913085176,36,3,Adam,,,,41.0,0.8346456692913385,0.825791713259744,COMPLETE
30,0.466919377019771,2026-09-29 14:12:49.928899,2026-09-29 14:12:52.935176,0 days 00:00:03.006277,0.8811014430485288,0.9765474233120262,0.009679852147894526,2.5530348793428074e-05,64,8,"(3, 7)",16.0,"(5, 7)",32.0,"(3, 5)",32,3,0.33434665306604694,34,3,Adam,,,,,,,PRUNED
31,0.8167129998100322,2026-09-29 14:12:53.081706,2026-09-29 14:13:04.706356,0 days 00:00:11.624650,0.9142864004226545,0.9386662496519806,0.002201563672397533,1.0177851480226004e-05,64,64,"(3, 7)",16.0,"(5, 7)",32.0,"(3, 5)",32,5,0.4045578962499111,26,3,Adam,,,,37.0,0.8346456692913385,0.798780330328726,COMPLETE
32,0.8609655767226494,2026-09-29 14:13:04.856376,2026-09-29 14:13:14.839993,0 days 00:00:09.983617,0.918325741537956,0.9544249399648166,0.001231209018450159,0.00034998638607023036,64,64,"(3, 7)",16.0,"(5, 7)",8.0,"(3, 5)",64,5,0.4685235760233761,30,3,Adam,,,,44.0,0.8661417322834646,0.8557894211618343,COMPLETE
33,0.8492690412523911,2026-09-29 14:13:14.984703,2026-09-29 14:13:26.215938,0 days 00:00:11.231235,0.8991664717426052,0.9605120845132262,0.001130537497296684,4.845396993847972e-05,64,64,"(3, 7)",16.0,"(5, 7)",8.0,"(3, 5)",64,5,0.4623300486788372,30,3,Adam,,,,49.0,0.8503937007874016,0.8481443817173806,COMPLETE
34,0.8634978254318431,2026-09-29 14:13:26.353328,2026-09-29 14:13:29.422851,0 days 00:00:03.069523,0.922533938951055,0.9544515281793241,0.0012174694741495945,6.8019644728128e-05,256,64,"(3, 7)",32.0,"(5, 7)",32.0,"(3, 5)",64,5,0.47127361304936727,35,3,Adam,,,,47.0,0.8740157480314961,0.8529799028321902,COMPLETE
35,0.2723692676022285,2026-09-29 14:13:29.562223,2026-09-29 14:13:30.225301,0 days 00:00:00.663078,,,,,256,64,"(3, 5)",32.0,"(5, 7)",,,64,5,0.4827188675164138,37,2,SGD,0.05821694452592574,0.9815043867399381,0.0004284073084404949,,,,PRUNED
36,0.8796766964546703,2026-09-29 14:13:30.359177,2026-09-29 14:13:33.467616,0 days 00:00:03.108439,0.9234199865777426,0.9565722168167816,0.0012460219459495482,7.173678196920756e-05,256,64,"(5, 7)",32.0,"(3, 7)",32.0,"(5, 7)",64,7,0.47551510022069393,31,3,Adam,,,,50.0,0.8818897637795275,0.8774636291298129,COMPLETE
37,0.22491131522806793,2026-09-29 14:13:33.598768,2026-09-29 14:13:34.147990,0 days 00:00:00.549222,,,,,256,8,"(5, 7)",32.0,"(3, 7)",,,64,7,0.4968266758098747,34,2,SGD,0.058563698112253156,0.8323575221109127,0.008253700658679058,,,,PRUNED
38,0.8453483350629324,2026-09-29 14:13:34.279413,2026-09-29 14:13:37.200983,0 days 00:00:02.921570,0.9361067057806244,0.9500559936365911,0.0010492148705821699,0.0003276012300580353,256,32,"(5, 7)",32.0,"(3, 7)",32.0,"(5, 7)",64,7,0.08197236323738324,40,3,Adam,,,,45.0,0.8582677165354331,0.8324289535904317,COMPLETE
39,0.27172007910775864,2026-09-29 14:13:37.331498,2026-09-29 14:13:37.967663,0 days 00:00:00.636165,0.9207431429111094,0.9860747443151615,0.0005715686510316134,0.00014308700552968532,256,16,"(5, 7)",32.0,"(3, 7)",32.0,"(5, 7)",64,7,0.47436398396697527,38,3,Adam,,,,,,,PRUNED
40,0.18041650106086432,2026-09-29 14:13:38.100427,2026-09-29 14:13:38.728544,0 days 00:00:00.628117,,,,,256,64,"(5, 7)",32.0,"(3, 7)",,,64,7,0.1648066813266395,31,2,SGD,0.0009513477009895279,0.8708691207304459,9.88706495970511e-06,,,,PRUNED
41,0.8842516167940542,2026-09-29 14:13:38.860679,2026-09-29 14:13:41.948770,0 days 00:00:03.088091,0.9204556396059189,0.9580747184853304,0.0014476441246489447,5.464199710832321e-05,256,64,"(5, 7)",32.0,"(3, 7)",32.0,"(5, 7)",64,7,0.4269943366119008,30,3,Adam,,,,39.0,0.889763779527559,0.8787394540605492,COMPLETE
42,0.8631865652579601,2026-09-29 14:13:42.083923,2026-09-29 14:13:45.222114,0 days 00:00:03.138191,0.9223886925594386,0.9570822351188835,0.0016957687203195757,9.896667393893408e-05,256,64,"(5, 7)",32.0,"(3, 7)",32.0,"(5, 7)",64,7,0.4321990748917178,34,3,Adam,,,,45.0,0.8740157480314961,0.8523573824844242,COMPLETE
43,0.3970602370650579,2026-09-29 14:13:45.357947,2026-09-29 14:13:46.023717,0 days 00:00:00.665770,0.9608076916577267,0.966081159040488,0.0015142490908139573,7.960808715527853e-05,256,64,"(5, 7)",32.0,"(3, 7)",32.0,"(5, 7)",64,7,0.4321838149710212,35,3,Adam,,,,,,,PRUNED
44,0.7231046898363499,2026-09-29 14:13:46.156155,2026-09-29 14:13:48.271468,0 days 00:00:02.115313,0.9340732113381953,0.9707993279917434,0.0017104597946644437,5.0787140419097214e-05,256,64,"(5, 7)",32.0,"(3, 7)",32.0,"(5, 7)",64,7,0.21530978816074597,10,3,Adam,,,,,,,PRUNED
45,0.3109686197244449,2026-09-29 14:13:48.406921,2026-09-29 14:13:48.819228,0 days 00:00:00.412307,0.9563714788778697,0.956961957760006,0.005397822826589509,9.595373794291045e-05,256,32,"(5, 7)",,,,,16,7,0.3818423147602622,33,1,Adam,,,,,,,PRUNED
46,0.3807209265109187,2026-09-29 14:13:48.950059,2026-09-29 14:13:49.707168,0 days 00:00:00.757109,,,,,256,64,"(5, 7)",32.0,"(3, 7)",32.0,"(5, 7)",64,7,0.42574117842678166,35,3,SGD,0.02159002401645189,0.8225976133727774,0.000248804448494072,,,,PRUNED
47,0.3436576470486577,2026-09-29 14:13:49.838584,2026-09-29 14:13:50.446985,0 days 00:00:00.608401,0.9435472842257013,0.966842165932583,0.0009430112499442927,4.194128684142249e-05,256,16,"(5, 7)",32.0,"(3, 7)",32.0,"(5, 7)",64,7,0.38257329434078136,32,3,Adam,,,,,,,PRUNED
48,0.4590831107860368,2026-09-29 14:13:50.580191,2026-09-29 14:13:51.357979,0 days 00:00:00.777788,0.9224419573863801,0.9610821713066846,0.004113816128027756,0.00014690389831563516,256,64,"(5, 7)",64.0,"(3, 7)",32.0,"(5, 7)",64,7,0.14255332506073393,38,3,Adam,,,,,,,PRUNED
49,0.30197662438668066,2026-09-29 14:13:51.496242,2026-09-29 14:13:52.439211,0 days 00:00:00.942969,0.9335459095161662,0.9441195820605439,0.0005886599187467856,0.0013052086974385648,128,8,"(5, 7)",32.0,"(3, 7)",32.0,"(5, 7)",16,3,0.09368980826361023,26,3,Adam,,,,,,,PRUNED
50,0.27515320936110854,2026-09-29 14:13:52.574473,2026-09-29 14:13:53.236647,0 days 00:00:00.662174,0.948739566566428,0.9723999212440665,0.00013296072754549008,6.683734199793057e-05,256,64,"(5, 7)",32.0,"(3, 7)",16.0,"(5, 7)",64,7,0.42363288228851725,33,3,Adam,,,,,,,PRUNED
51,0.8394287108414298,2026-09-29 14:13:53.368450,2026-09-29 14:13:56.450405,0 days 00:00:03.081955,0.9186348633227374,0.9537815465017763,0.0013678796583683334,0.00023417799109209773,256,64,"(5, 7)",32.0,"(3, 7)",32.0,"(5, 7)",64,7,0.4605516439867052,30,3,Adam,,,,50.0,0.8582677165354331,0.8205897051474264,COMPLETE
52,0.8566175344691209,2026-09-29 14:13:56.584686,2026-09-29 14:13:59.643531,0 days 00:00:03.058845,0.9183314795450013,0.9561532667715842,0.0009800947059268698,0.00011322506378899675,256,64,"(3, 5)",64.0,"(3, 7)",32.0,"(5, 7)",64,3,0.4798205250974666,30,3,Adam,,,,50.0,0.8582677165354331,0.8549673524028086,COMPLETE
53,0.8555939520184455,2026-09-29 14:13:59.775926,2026-09-29 14:14:02.994883,0 days 00:00:03.218957,0.9288000336634676,0.9513724843320399,0.0017621625088583334,0.003046489731960815,200,64,"(5, 7)",32.0,"(3, 7)",32.0,"(5, 7)",64,7,0.46828360317015527,31,3,Adam,,,,40.0,0.8582677165354331,0.8529201875014577,COMPLETE
54,0.8692512357254633,2026-09-29 14:14:03.126381,2026-09-29 14:14:05.829959,0 days 00:00:02.703578,0.9038680207658608,0.9609517656912782,0.0012503959732495242,0.00023411299999802758,256,64,"(5, 7)",32.0,"(3, 7)",32.0,"(5, 7)",32,7,0.4864966125613272,34,3,Adam,,,,44.0,0.8661417322834646,0.8723607391674619,COMPLETE
55,0.6343191173578446,2026-09-29 14:14:05.961835,2026-09-29 14:14:07.863799,0 days 00:00:01.901964,0.900298125667036,0.9649255684033434,0.0020291020126707087,0.00019425439362010143,256,64,"(5, 7)",32.0,"(3, 7)",32.0,"(5, 7)",32,7,0.4998702803830717,36,3,Adam,,,,,,,PRUNED
56,0.8959514213804236,2026-09-29 14:14:07.997225,2026-09-29 14:14:10.708146,0 days 00:00:02.710921,0.892697071201341,0.9626240903727964,0.0014834256759578771,7.222252991020059e-05,256,64,"(5, 7)",32.0,"(3, 7)",32.0,"(5, 7)",32,7,0.45270458362244453,33,3,Adam,,,,46.0,0.889763779527559,0.9021390632332881,COMPLETE
57,0.1993575529235666,2026-09-29 14:14:10.841501,2026-09-29 14:14:11.412460,0 days 00:00:00.570959,,,,,256,16,"(5, 7)",32.0,"(3, 7)",64.0,"(5, 7)",32,7,0.4509150452224692,33,3,SGD,0.0011418780692389286,0.9106637917456805,0.0008335175659457577,,,,PRUNED
58,0.8537455056281522,2026-09-29 14:14:11.557955,2026-09-29 14:14:17.033285,0 days 00:00:05.475330,0.8528317471701143,0.9772309242764127,0.0004062616728938408,3.251181319383879e-05,128,64,"(5, 7)",32.0,"(3, 7)",32.0,"(5, 7)",32,7,0.4858252877276416,32,3,Adam,,,,45.0,0.8503937007874016,0.8570973104689029,COMPLETE
59,0.38735275411196246,2026-09-29 14:14:17.168560,2026-09-29 14:14:17.783760,0 days 00:00:00.615200,0.8919114406427043,0.9626354131050213,0.0030102339143867254,6.185572887681873e-05,256,32,"(5, 7)",32.0,"(3, 7)",32.0,"(5, 7)",32,7,0.41999371639838806,27,3,Adam,,,,,,,PRUNED
60,0.38626508855599834,2026-09-29 14:14:17.917033,2026-09-29 14:14:18.368679,0 days 00:00:00.451646,0.8760187033806853,0.9867944478220717,0.0006938858015602289,1.1857904527610456e-05,256,64,"(3, 5)",,,,,32,3,0.3957342918839077,37,1,Adam,,,,,,,PRUNED
61,0.8704716915221187,2026-09-29 14:14:18.503067,2026-09-29 14:14:21.200983,0 days 00:00:02.697916,0.9135616291900348,0.9590983384843128,0.0015022279405600576,0.0001094517164614903,256,64,"(5, 7)",32.0,"(3, 7)",32.0,"(5, 7)",32,7,0.44740745172480445,34,3,Adam,,,,50.0,0.8740157480314961,0.8669276350127414,COMPLETE
62,0.8614988616853516,2026-09-29 14:14:21.333641,2026-09-29 14:14:24.023491,0 days 00:00:02.689850,0.9065137515446898,0.9468308915040339,0.0014948953163125749,6.866042269637763e-05,256,64,"(5, 7)",32.0,"(3, 7)",32.0,"(5, 7)",32,7,0.44875696956073374,34,3,Adam,,,,50.0,0.8582677165354331,0.8647300068352701,COMPLETE
63,0.40188038464100495,2026-09-29 14:14:24.155627,2026-09-29 14:14:24.764251,0 days 00:00:00.608624,0.9036903511022937,0.9690244129894877,0.0008777079591835486,3.847231547094722e-05,256,64,"(5, 7)",32.0,"(3, 7)",32.0,"(3, 7)",32,7,0.4809996111781263,35,3,Adam,,,,,,,PRUNED
64,0.2768419724534073,2026-09-29 14:14:24.897130,2026-09-29 14:14:25.540607,0 days 00:00:00.643477,0.9133644463854296,0.9595971070801603,0.0012100145692787562,0.0001148922010978337,256,64,"(5, 7)",32.0,"(3, 7)",16.0,"(5, 7)",32,7,0.055228821495792724,31,3,Adam,,,,,,,PRUNED
65,0.8693484585296226,2026-09-29 14:14:25.672572,2026-09-29 14:14:28.731088,0 days 00:00:03.058516,0.8870260132952158,0.9490016921413819,0.0025458185109384014,0.0001964033838232051,200,64,"(5, 7)",64.0,"(3, 5)",64.0,"(5, 7)",32,7,0.4479014028734098,28,3,Adam,,,,41.0,0.8818897637795275,0.8568071532797177,COMPLETE
66,0.8180082923126617,2026-09-29 14:14:28.868155,2026-09-29 14:14:31.907099,0 days 00:00:03.038944,0.8811076287475883,0.944005090310792,0.0026461136583996675,0.0003404304461781914,200,64,"(5, 7)",64.0,"(3, 5)",64.0,"(5, 7)",32,7,0.3254418802357789,24,3,Adam,,,,45.0,0.8503937007874016,0.7856228838379217,COMPLETE
67,0.42184095956346734,2026-09-29 14:14:32.045218,2026-09-29 14:14:32.769233,0 days 00:00:00.724015,0.88754753754598,0.9493147492220742,0.004861485439454068,0.0002051593010196751,200,64,"(5, 7)",64.0,"(3, 5)",64.0,"(5, 7)",32,7,0.4142054356580514,27,3,Adam,,,,,,,PRUNED
68,0.4641446878651603,2026-09-29 14:14:32.904963,2026-09-29 14:14:33.599874,0 days 00:00:00.694911,0.8957036407234582,0.9322040849755486,0.0034153315777188196,0.0005677331023179234,200,8,"(5, 7)",64.0,"(3, 5)",64.0,"(5, 7)",32,7,0.2738737108159849,29,3,Adam,,,,,,,PRUNED
69,0.8815026872074874,2026-09-29 14:14:33.733028,2026-09-29 14:14:36.751264,0 days 00:00:03.018236,0.8700922400123895,0.9639897796539397,0.002087655290453695,3.0156842383607226e-05,200,64,"(5, 7)",64.0,"(3, 5)",64.0,"(5, 7)",32,7,0.4401976025254078,29,3,Adam,,,,47.0,0.8818897637795275,0.8811156106354472,COMPLETE
70,0.8659365460532945,2026-09-29 14:14:36.882807,2026-09-29 14:14:39.836838,0 days 00:00:02.954031,0.8640036486448827,0.9751808356770055,0.00219326897933566,1.6925130075734748e-05,200,64,"(5, 7)",64.0,"(3, 5)",64.0,"(3, 7)",32,7,0.3685109210360053,25,3,Adam,,,,47.0,0.8661417322834646,0.8657313598231244,COMPLETE
