number,value,datetime_start,datetime_complete,duration,params_adam_beta1,params_adam_beta2,params_adam_lr,params_adam_wd,params_batch_size,params_block_0_filters,params_block_0_kernel_pair,params_block_1_filters,params_block_1_kernel_pair,params_block_2_filters,params_block_2_kernel_pair,params_first_conv_filters,params_first_conv_kernel_width,params_lr_decay,params_lr_step_size,params_n_blocks,params_optimizer,params_sgd_lr,params_sgd_momentum,params_sgd_wd,user_attrs_best_epoch,user_attrs_validation_accuracy,user_attrs_validation_macro_f1,state
74,0.8278197386234126,2026-10-08 10:51:03.800991,2026-10-08 10:51:08.187386,0 days 00:00:04.386395,0.8641723785057743,0.930205122755917,0.004767288032217486,2.7651034604082333e-06,128,32,"(5, 7)",32.0,"(3, 5)",,,64,7,0.42653725306661106,18,2,Adam,,,,42.0,0.8520710059171598,0.8035684713296655,COMPLETE
75,0.8027336073054505,2026-10-08 10:51:08.329619,2026-10-08 10:51:12.732573,0 days 00:00:04.402954,0.8803073928728937,0.9161355015674428,0.0058185211575643575,5.1248502741817145e-06,128,32,"(5, 7)",32.0,"(3, 5)",,,64,7,0.4174819678231546,13,2,Adam,,,,43.0,0.8224852071005917,0.7829820075103093,COMPLETE
76,0.7142202984922104,2026-10-08 10:51:12.873387,2026-10-08 10:51:15.437444,0 days 00:00:02.564057,0.8759592266147942,0.9003679377846711,0.003937434086176893,0.0019442905549468452,128,32,"(5, 7)",32.0,"(3, 5)",,,64,7,0.4018477782619257,23,2,Adam,,,,,,,PRUNED
77,0.44545147149664477,2026-10-08 10:51:15.578590,2026-10-08 10:51:16.405614,0 days 00:00:00.827024,,,,,200,32,"(3, 7)",32.0,"(3, 7)",,,64,7,0.3175317593074284,17,2,SGD,0.02628911046854033,0.9098844099752342,0.0012295419776204345,,,,PRUNED
78,0.46031797642064554,2026-10-08 10:51:16.546621,2026-10-08 10:51:17.474547,0 days 00:00:00.927926,0.8884293794228367,0.9241670591329967,0.00738689172452978,1.599674825903999e-06,128,16,"(5, 7)",64.0,"(3, 5)",,,64,7,0.349149606790098,24,2,Adam,,,,,,,PRUNED
79,0.507982695268619,2026-10-08 10:51:17.617499,2026-10-08 10:51:18.510373,0 days 00:00:00.892874,0.9019545131779337,0.9333710101857515,0.0038879921142912777,1.600700397876491e-05,128,32,"(5, 7)",16.0,"(3, 5)",,,32,7,0.4348924363227423,19,2,Adam,,,,,,,PRUNED
80,0.6292586133486906,2026-10-08 10:51:18.654828,2026-10-08 10:51:20.135407,0 days 00:00:01.480579,0.8730347643877555,0.9048095138997699,0.0021328156214895262,2.6232463938558315e-05,128,8,"(5, 7)",32.0,"(3, 5)",,,64,7,0.4619938842571479,17,2,Adam,,,,,,,PRUNED
81,0.6060760875240513,2026-10-08 10:51:20.279906,2026-10-08 10:51:21.820137,0 days 00:00:01.540231,0.8570085806856926,0.9195806925533336,0.002933094555162135,8.501450248556773e-06,128,32,"(5, 7)",16.0,"(3, 5)",,,64,7,0.44737493329343236,21,2,Adam,,,,,,,PRUNED
82,0.5745874795046719,2026-10-08 10:51:21.964898,2026-10-08 10:51:23.473538,0 days 00:00:01.508640,0.8623172425343212,0.9148128962677468,0.0053741776535380075,6.487973180359672e-06,128,32,"(5, 7)",16.0,"(3, 5)",,,64,7,0.4870209650681384,20,2,Adam,,,,,,,PRUNED
83,0.4465154217257007,2026-10-08 10:51:23.618766,2026-10-08 10:51:24.549422,0 days 00:00:00.930656,0.8685418253143581,0.9202756920273644,0.0014346558536595603,3.981266971713843e-06,128,32,"(5, 7)",8.0,"(3, 5)",,,64,7,0.41304863081093784,26,2,Adam,,,,,,,PRUNED
84,0.8865644881285055,2026-10-08 10:51:24.694765,2026-10-08 10:51:29.092886,0 days 00:00:04.398121,0.8576353778027156,0.9257538424095494,0.003175665107529108,2.9925730758624043e-06,128,32,"(5, 7)",16.0,"(5, 7)",,,64,7,0.3842613552679499,15,2,Adam,,,,46.0,0.893491124260355,0.879637851996656,COMPLETE
85,0.4088974781282474,2026-10-08 10:51:29.240143,2026-10-08 10:51:29.844287,0 days 00:00:00.604144,0.8542110683079723,0.9262752613489784,0.0038341566819119874,2.485909936615814e-06,256,32,"(5, 7)",16.0,"(5, 7)",,,16,7,0.38862551934685263,15,2,Adam,,,,,,,PRUNED
86,0.44441366502262414,2026-10-08 10:51:29.986488,2026-10-08 10:51:30.961212,0 days 00:00:00.974724,0.86587943538628,0.9289175935777815,0.006155724092236076,2.854524150515564e-06,128,32,"(5, 7)",64.0,"(5, 7)",,,64,3,0.3638488169469067,15,2,Adam,,,,,,,PRUNED
87,0.41706150953162635,2026-10-08 10:51:31.104701,2026-10-08 10:51:32.052691,0 days 00:00:00.947990,0.8800844624026145,0.9421621893556336,0.0024414168140094094,5.479746152146569e-06,128,32,"(3, 7)",16.0,"(5, 7)",,,64,7,0.29856653523175797,12,2,Adam,,,,,,,PRUNED
88,0.39946761695525035,2026-10-08 10:51:32.196099,2026-10-08 10:51:33.022300,0 days 00:00:00.826201,0.9261177316626346,0.9102432064064016,0.004438302866937865,1.83207441358187e-06,200,32,"(5, 7)",16.0,"(3, 7)",,,64,3,0.37920569589713116,14,2,Adam,,,,,,,PRUNED
89,0.1375355521392803,2026-10-08 10:51:33.165518,2026-10-08 10:51:34.083248,0 days 00:00:00.917730,,,,,128,16,"(5, 7)",16.0,"(5, 7)",,,64,7,0.3486816982763964,16,2,SGD,0.001489712819729846,0.789345981382439,2.227766814698543e-05,,,,PRUNED
90,0.45759399488425917,2026-10-08 10:51:34.244264,2026-10-08 10:51:35.196428,0 days 00:00:00.952164,0.8574132796085482,0.9358092908568312,0.00196288563797153,4.107272653748382e-06,128,32,"(5, 7)",8.0,"(5, 7)",,,32,3,0.4997298813622848,22,2,Adam,,,,,,,PRUNED
91,0.7639540202892745,2026-10-08 10:51:35.340495,2026-10-08 10:51:38.617740,0 days 00:00:03.277245,0.8612146938717866,0.9222029047382918,0.0032163454794123143,9.103441888980831e-06,128,32,"(5, 7)",16.0,"(3, 5)",,,64,7,0.451347456297134,19,2,Adam,,,,,,,PRUNED
92,0.3838322244367922,2026-10-08 10:51:38.762235,2026-10-08 10:51:39.679437,0 days 00:00:00.917202,0.8675354647001022,0.9175134459802109,0.005022720180539931,1.302789557115667e-05,128,32,"(5, 7)",16.0,"(3, 5)",,,64,7,0.42951623595440547,23,2,Adam,,,,,,,PRUNED
93,0.8197876783849634,2026-10-08 10:51:39.828296,2026-10-08 10:51:44.199179,0 days 00:00:04.370883,0.8581298752349636,0.923745163238408,0.002734451013314378,5.688102810154072e-06,128,32,"(5, 7)",16.0,"(3, 5)",,,64,7,0.465701759291147,18,2,Adam,,,,40.0,0.8047337278106509,0.8348416289592759,COMPLETE
94,0.7957875316728571,2026-10-08 10:51:44.349567,2026-10-08 10:51:48.743170,0 days 00:00:04.393603,0.8738100171208413,0.9270868016146716,0.003292811495187862,3.3294929994609924e-06,128,32,"(5, 7)",16.0,"(3, 5)",,,64,7,0.4429249075646213,25,2,Adam,,,,34.0,0.8106508875739645,0.7809241757717498,COMPLETE
95,0.544090129924645,2026-10-08 10:51:48.885421,2026-10-08 10:51:49.935098,0 days 00:00:01.049677,0.8528209233663963,0.9510441323157117,0.003101098018422426,0.006045156826919751,128,8,"(5, 7)",16.0,"(3, 5)",,,64,7,0.48397882739863174,20,2,Adam,,,,,,,PRUNED
96,0.40377512996141507,2026-10-08 10:51:50.082840,2026-10-08 10:51:51.007155,0 days 00:00:00.924315,0.864017930110936,0.9188182816588717,0.001702575317175964,7.297967073598418e-06,128,32,"(5, 7)",16.0,"(3, 5)",,,16,3,0.41981862686740823,24,2,Adam,,,,,,,PRUNED
97,0.5318942093109132,2026-10-08 10:51:51.151090,2026-10-08 10:51:52.091068,0 days 00:00:00.939978,0.8565270630722819,0.9222706606015617,0.0021667789858457577,2.1805305633251553e-06,128,32,"(5, 7)",16.0,"(3, 5)",,,64,3,0.4031079941849073,21,2,Adam,,,,,,,PRUNED
98,0.8163545548440311,2026-10-08 10:51:52.234433,2026-10-08 10:51:56.135532,0 days 00:00:03.901099,0.8847590165820969,0.9143966893967215,0.004067997278185975,1.0207863190961233e-06,256,32,"(5, 7)",32.0,"(3, 7)",,,64,7,0.3721977616627785,23,2,Adam,,,,45.0,0.8165680473372781,0.8161410623507841,COMPLETE
99,0.5312482077851384,2026-10-08 10:51:56.278130,2026-10-08 10:51:57.191198,0 days 00:00:00.913068,0.8697434880216167,0.9094544020437946,0.003530788989608721,1.4364468421160792e-05,128,32,"(5, 7)",16.0,"(3, 5)",,,64,3,0.33106190303762784,26,2,Adam,,,,,,,PRUNED
