number,value,datetime_start,datetime_complete,duration,params_adam_beta1,params_adam_beta2,params_adam_lr,params_adam_wd,params_batch_size,params_block_0_filters,params_block_0_kernel_pair,params_block_1_filters,params_block_1_kernel_pair,params_block_2_filters,params_block_2_kernel_pair,params_first_conv_filters,params_first_conv_kernel_width,params_lr_decay,params_lr_step_size,params_n_blocks,params_optimizer,params_sgd_lr,params_sgd_momentum,params_sgd_wd,user_attrs_best_epoch,user_attrs_validation_accuracy,user_attrs_validation_macro_f1,state
0,0.7035317798254216,2026-10-08 10:46:06.203454,2026-10-08 10:46:13.004237,0 days 00:00:06.800783,0.9828439752154666,0.9964666401041485,0.00021930485556643703,1.8205657658407268e-06,128,64,"(3, 5)",32.0,"(3, 7)",64.0,"(5, 7)",32,3,0.1870761961280168,35,3,Adam,,,,50.0,0.7159763313609467,0.6910872282898964,COMPLETE
1,0.336341754116253,2026-10-08 10:46:13.154836,2026-10-08 10:46:16.917470,0 days 00:00:03.762634,,,,,256,16,"(5, 7)",64.0,"(5, 7)",,,64,3,0.49409912147023277,12,2,SGD,0.004247058562261873,0.7408680252426811,0.0016172900811143157,36.0,0.33136094674556216,0.3413225614869438,COMPLETE
2,0.23726496686402349,2026-10-08 10:46:17.059591,2026-10-08 10:46:21.268582,0 days 00:00:04.208991,,,,,128,8,"(5, 7)",64.0,"(3, 7)",,,64,7,0.191460191484347,29,2,SGD,0.00011919481947918739,0.7312885138280583,1.3357240411974112e-06,20.0,0.3076923076923077,0.16683762603573923,COMPLETE
3,0.22418171934301545,2026-10-08 10:46:21.431949,2026-10-08 10:46:24.399787,0 days 00:00:02.967838,,,,,256,64,"(5, 7)",64.0,"(3, 7)",,,16,5,0.19544131940933984,39,2,SGD,0.00046379219034580355,0.734760956526768,2.2410971619109514e-05,25.0,0.23668639053254437,0.2116770481534865,COMPLETE
4,0.18362997158386551,2026-10-08 10:46:24.542916,2026-10-08 10:46:29.565649,0 days 00:00:05.022733,,,,,128,32,"(5, 7)",32.0,"(3, 5)",,,16,7,0.06834881369964377,15,2,SGD,0.00018658181360124853,0.942237723720879,1.91920011015619e-05,15.0,0.1834319526627219,0.18382799050500914,COMPLETE
5,0.7424275113714995,2026-10-08 10:46:29.706896,2026-10-08 10:46:39.533051,0 days 00:00:09.826155,0.9591825764200673,0.9641389614508133,0.0062261634823634615,0.0035346441441965848,64,16,"(3, 7)",64.0,"(3, 5)",,,128,5,0.1227329213425762,12,2,Adam,,,,50.0,0.7396449704142012,0.745210052328798,COMPLETE
6,0.17806845794198606,2026-10-08 10:46:39.673784,2026-10-08 10:46:40.495425,0 days 00:00:00.821641,,,,,200,32,"(3, 5)",16.0,"(3, 5)",16.0,"(5, 7)",16,3,0.46168897559920186,39,3,SGD,0.008638073353835195,0.7513620970280441,0.005778755734457461,,,,PRUNED
7,0.5690438246609046,2026-10-08 10:46:40.637956,2026-10-08 10:46:42.743775,0 days 00:00:02.105819,0.9475822037393375,0.9701781599903122,0.0056852051903320934,0.0009184900818511545,256,16,"(5, 7)",,,,,16,5,0.18211632991902205,21,1,Adam,,,,45.0,0.5798816568047337,0.5582059925170755,COMPLETE
8,0.5169337693296816,2026-10-08 10:46:42.884380,2026-10-08 10:46:46.983340,0 days 00:00:04.098960,,,,,200,32,"(3, 7)",64.0,"(5, 7)",,,64,7,0.29328580472454796,26,2,SGD,0.007390459262954656,0.7247507648481927,1.6096330648219384e-06,48.0,0.514792899408284,0.5190746392510793,COMPLETE
9,0.10688877664854918,2026-10-08 10:46:47.132249,2026-10-08 10:46:47.808461,0 days 00:00:00.676212,,,,,256,8,"(5, 7)",32.0,"(3, 7)",32.0,"(3, 5)",32,7,0.12794084145950685,24,3,SGD,0.00264558358503855,0.7283719065887904,9.25685584198963e-05,,,,PRUNED
10,0.7110000756906483,2026-10-08 10:46:47.951083,2026-10-08 10:46:53.947552,0 days 00:00:05.996469,0.8611800948433316,0.9012298858395373,0.008338694769208005,0.00730954083378813,64,16,"(3, 7)",,,,,128,5,0.3637201542530425,18,1,Adam,,,,48.0,0.7218934911242604,0.7001066602570362,COMPLETE
11,0.6167762436993206,2026-10-08 10:46:54.088311,2026-10-08 10:47:00.080306,0 days 00:00:05.991995,0.852369147545079,0.9041002430053272,0.008694507650379338,0.008103496826245924,64,16,"(3, 7)",,,,,128,5,0.3655231679271919,17,1,Adam,,,,47.0,0.621301775147929,0.6122507122507123,COMPLETE
12,0.7557975357975358,2026-10-08 10:47:00.220971,2026-10-08 10:47:06.221194,0 days 00:00:06.000223,0.8731583903570693,0.9040958364495535,0.0038948948464142337,0.0037421626201511035,64,16,"(3, 7)",,,,,128,5,0.338854664480124,10,1,Adam,,,,37.0,0.7692307692307693,0.7423643023643024,COMPLETE
13,0.7027597399284535,2026-10-08 10:47:06.366969,2026-10-08 10:47:12.338667,0 days 00:00:05.971698,0.9159923981361489,0.9415195722071846,0.0015214190854299645,0.0003635676138807046,64,16,"(3, 7)",,,,,128,5,0.3169219031302778,10,1,Adam,,,,31.0,0.727810650887574,0.6777088289693332,COMPLETE
14,0.6625886447177232,2026-10-08 10:47:12.479300,2026-10-08 10:47:18.441080,0 days 00:00:05.961780,0.9053588048002811,0.93883804255916,0.0018565775112373475,0.00048759611348355114,64,16,"(3, 7)",,,,,128,5,0.055102802916048826,13,1,Adam,,,,49.0,0.6804733727810651,0.6447039166543812,COMPLETE
15,0.638938043925481,2026-10-08 10:47:18.582341,2026-10-08 10:47:25.715703,0 days 00:00:07.133362,0.8974341197838888,0.9399294603537824,0.002165633192276974,0.001339885662042613,64,16,"(3, 7)",8.0,"(3, 5)",,,128,5,0.2731318856569247,10,2,Adam,,,,29.0,0.6272189349112426,0.6506571529397196,COMPLETE
16,0.7431241208111478,2026-10-08 10:47:25.867526,2026-10-08 10:47:31.834665,0 days 00:00:05.967139,0.9893696942704975,0.9700102262936904,0.003234721358315818,6.30960365936267e-05,64,16,"(3, 7)",,,,,128,5,0.43066352250497547,19,1,Adam,,,,48.0,0.757396449704142,0.7288517919181535,COMPLETE
17,0.7938306625691443,2026-10-08 10:47:31.978879,2026-10-08 10:47:38.389744,0 days 00:00:06.410865,0.9335862545055216,0.9957641390741712,0.0007570807167352431,4.188870416874066e-05,64,64,"(3, 7)",,,,,128,5,0.41692572391947824,20,1,Adam,,,,46.0,0.8047337278106509,0.7829275973276376,COMPLETE
18,0.7958410898826153,2026-10-08 10:47:38.533762,2026-10-08 10:47:44.868442,0 days 00:00:06.334680,0.8836990865554357,0.9996472358652493,0.0005682898611377671,1.9650022703728386e-05,64,64,"(3, 5)",,,,,128,5,0.41545177172611647,30,1,Adam,,,,44.0,0.7988165680473372,0.7928656117178933,COMPLETE
19,0.3444742555441126,2026-10-08 10:47:45.009758,2026-10-08 10:47:45.618884,0 days 00:00:00.609126,0.9325368682053968,0.9966785497686936,0.0005277191821633485,1.695121940740743e-05,200,64,"(3, 5)",,,,,32,3,0.4137853875771206,31,1,Adam,,,,,,,PRUNED
20,0.8300948895599528,2026-10-08 10:47:45.766054,2026-10-08 10:47:52.103239,0 days 00:00:06.337185,0.8836200185424345,0.9825294117136694,0.0006282601431348762,2.090656744383107e-05,64,64,"(3, 5)",,,,,128,5,0.41566020768792916,33,1,Adam,,,,50.0,0.8402366863905325,0.8199530927293731,COMPLETE
21,0.8130150642115659,2026-10-08 10:47:52.245230,2026-10-08 10:47:58.599031,0 days 00:00:06.353801,0.8822557851150377,0.9837044891794916,0.0007129888761892207,2.0541072975896947e-05,64,64,"(3, 5)",,,,,128,5,0.4056515743279362,34,1,Adam,,,,47.0,0.8284023668639053,0.7976277615592264,COMPLETE
22,0.7413604659851364,2026-10-08 10:47:58.740287,2026-10-08 10:48:05.086830,0 days 00:00:06.346543,0.8820816598728441,0.9830444179070238,0.0004633983365925157,8.581599177629805e-06,64,64,"(3, 5)",,,,,128,5,0.40218565025717234,33,1,Adam,,,,31.0,0.7751479289940828,0.70757300297619,COMPLETE
23,0.38744976290281186,2026-10-08 10:48:05.227327,2026-10-08 10:48:06.526994,0 days 00:00:01.299667,0.885040014098157,0.9811709311030619,0.00024594994455457624,4.844004966226161e-06,64,64,"(3, 5)",,,,,128,5,0.492676511913279,36,1,Adam,,,,,,,PRUNED
24,0.807046815801234,2026-10-08 10:48:06.668079,2026-10-08 10:48:13.044489,0 days 00:00:06.376410,0.8716789715339793,0.98034194462538,0.0008857751665815207,9.815438876545415e-05,64,64,"(3, 5)",,,,,128,5,0.377602346815854,29,1,Adam,,,,44.0,0.8224852071005917,0.7916084245018763,COMPLETE
25,0.8218255746667718,2026-10-08 10:48:13.186368,2026-10-08 10:48:19.529163,0 days 00:00:06.342795,0.8663816872466537,0.9814585684302933,0.0010230044792095482,0.00011611669841961195,64,64,"(3, 5)",,,,,128,5,0.45835562570893185,27,1,Adam,,,,41.0,0.8224852071005917,0.8211659422329518,COMPLETE
26,0.7888905477916467,2026-10-08 10:48:19.671479,2026-10-08 10:48:26.006146,0 days 00:00:06.334667,0.8959663799171415,0.9572170568803009,0.001133580687195934,0.0001503510708320677,64,64,"(3, 5)",,,,,128,5,0.46213383877529585,24,1,Adam,,,,50.0,0.7988165680473372,0.7789645275359561,COMPLETE
27,0.2623219759591414,2026-10-08 10:48:26.146905,2026-10-08 10:48:26.750752,0 days 00:00:00.603847,0.8654645380575441,0.9871312907515661,0.00010123622038071508,2.685667730180985e-05,200,64,"(3, 5)",,,,,32,5,0.4519413013976297,36,1,Adam,,,,,,,PRUNED
28,0.15060936444311132,2026-10-08 10:48:26.893775,2026-10-08 10:48:27.652178,0 days 00:00:00.758403,0.8506583355168951,0.9551990092186552,0.0003157197666394305,0.00018699186484878933,128,8,"(3, 5)",,,,,64,7,0.2635624429122663,33,1,Adam,,,,,,,PRUNED
29,0.8042447870223612,2026-10-08 10:48:27.793356,2026-10-08 10:48:32.353991,0 days 00:00:04.560635,0.9075144629293879,0.9744802692607499,0.0012126582900133004,7.719881446372079e-06,128,64,"(3, 5)",16.0,"(5, 7)",,,32,3,0.38319096896969684,27,2,Adam,,,,45.0,0.8165680473372781,0.7919215267074443,COMPLETE
30,0.8218591749216421,2026-10-08 10:48:32.501630,2026-10-08 10:48:38.894990,0 days 00:00:06.393360,0.8797880159147051,0.9883938663017827,0.000780604900002576,1.7485879295181061e-06,64,64,"(3, 5)",,,,,128,3,0.33850259517859665,33,1,Adam,,,,48.0,0.8284023668639053,0.8153159829793788,COMPLETE
31,0.7948992344714856,2026-10-08 10:48:39.037920,2026-10-08 10:48:45.378289,0 days 00:00:06.340369,0.8857952203477111,0.988772544325661,0.0007166195686703955,1.1013808080999374e-06,64,64,"(3, 5)",,,,,128,3,0.3467693817080958,34,1,Adam,,,,50.0,0.7988165680473372,0.7909819008956338,COMPLETE
32,0.4326080643584568,2026-10-08 10:48:45.520914,2026-10-08 10:48:46.827951,0 days 00:00:01.307037,0.8741724195234728,0.976473670841277,0.00037956009151917893,4.569488550045464e-06,64,64,"(3, 5)",,,,,128,3,0.3192919407124627,37,1,Adam,,,,,,,PRUNED
33,0.8124396719823834,2026-10-08 10:48:46.969893,2026-10-08 10:48:53.304862,0 days 00:00:06.334969,0.8604399451550265,0.9889340138271444,0.0010149994236610216,1.9782964485238446e-06,64,64,"(3, 5)",,,,,128,3,0.4856315579112276,32,1,Adam,,,,33.0,0.8047337278106509,0.8201456161541161,COMPLETE
34,0.36678100860793167,2026-10-08 10:48:53.445900,2026-10-08 10:48:54.209200,0 days 00:00:00.763300,0.8948993600411693,0.9890243103003358,0.000663849612726208,1.340090780865424e-05,256,64,"(3, 5)",,,,,64,3,0.44030208237674906,28,1,Adam,,,,,,,PRUNED
35,0.2534278602959922,2026-10-08 10:48:54.350727,2026-10-08 10:48:55.635875,0 days 00:00:01.285148,,,,,64,64,"(3, 5)",,,,,128,3,0.2446124010435362,40,1,SGD,0.09863866696364049,0.9891554829201972,0.0005380004889387412,,,,PRUNED
36,0.31767292089224203,2026-10-08 10:48:55.778837,2026-10-08 10:48:56.673881,0 days 00:00:00.895044,0.8764101047975655,0.9638116058943141,0.0014790748230181464,4.557041494076672e-05,128,8,"(3, 5)",8.0,"(5, 7)",,,16,7,0.39599641074752107,35,2,Adam,,,,,,,PRUNED
37,0.27843649787331104,2026-10-08 10:48:56.816391,2026-10-08 10:48:58.375155,0 days 00:00:01.558764,,,,,64,32,"(3, 5)",8.0,"(5, 7)",,,128,3,0.4673939439781688,38,2,SGD,0.06472712662066415,0.8433578028532311,0.0001064287596687298,,,,PRUNED
38,0.2022649251739571,2026-10-08 10:48:58.518307,2026-10-08 10:48:59.296579,0 days 00:00:00.778272,0.8648886420468018,0.9731381256137748,0.0003300019240866735,7.861529242284168e-05,256,64,"(3, 5)",,,,,64,5,0.3372092863739557,25,1,Adam,,,,,,,PRUNED
39,0.16269536715045524,2026-10-08 10:48:59.438699,2026-10-08 10:49:00.259848,0 days 00:00:00.821149,0.8917229214417534,0.9817711241232926,0.0001740541839532084,2.53712994114525e-06,200,64,"(5, 7)",16.0,"(3, 7)",8.0,"(3, 7)",16,5,0.4391819673729763,22,3,Adam,,,,,,,PRUNED
40,0.2963762263676506,2026-10-08 10:49:00.402211,2026-10-08 10:49:01.675222,0 days 00:00:01.273011,,,,,64,32,"(3, 5)",,,,,128,7,0.2167806125817466,30,1,SGD,0.0011199969805544665,0.8399590503714811,5.970029191154406e-06,,,,PRUNED
41,0.822478750869184,2026-10-08 10:49:01.816938,2026-10-08 10:49:08.146340,0 days 00:00:06.329402,0.8590018982699477,0.9923123285951284,0.0010130532846951376,2.0580237229760986e-06,64,64,"(3, 5)",,,,,128,3,0.4981821482299981,32,1,Adam,,,,49.0,0.8284023668639053,0.8165551348744626,COMPLETE
42,0.8217524689432996,2026-10-08 10:49:08.287352,2026-10-08 10:49:14.662342,0 days 00:00:06.374990,0.8573730095072581,0.9934620535616749,0.0009106088025421701,3.6174956179096212e-06,64,64,"(3, 5)",,,,,128,3,0.4954453679434772,32,1,Adam,,,,36.0,0.8284023668639053,0.8151025710226938,COMPLETE
43,0.7957590156005161,2026-10-08 10:49:14.803778,2026-10-08 10:49:21.137346,0 days 00:00:06.333568,0.8548769374525637,0.9930779711611831,0.0009612613260843761,1.201356009542845e-06,64,64,"(3, 5)",,,,,128,3,0.49435899548722684,31,1,Adam,,,,48.0,0.8047337278106509,0.7867843033903813,COMPLETE
44,0.8235781304351967,2026-10-08 10:49:21.278675,2026-10-08 10:49:27.949292,0 days 00:00:06.670617,0.8667959164439503,0.9924534845081076,0.0022647537513791932,3.2501175625700002e-06,64,64,"(5, 7)",,,,,128,3,0.47784975306513255,28,1,Adam,,,,42.0,0.8402366863905325,0.8069195744798608,COMPLETE
45,0.4644199709241635,2026-10-08 10:49:28.093186,2026-10-08 10:49:29.444609,0 days 00:00:01.351423,0.8696217397774961,0.9923506801424772,0.0024820458680529954,2.3798989312310595e-06,64,8,"(5, 7)",,,,,128,3,0.47161190924824137,27,1,Adam,,,,,,,PRUNED
46,0.1159598528072864,2026-10-08 10:49:29.588526,2026-10-08 10:49:30.110138,0 days 00:00:00.521612,,,,,256,64,"(5, 7)",,,,,16,3,0.44854324587318656,29,1,SGD,0.0006254325971200491,0.8626556297751614,0.008875569434889197,,,,PRUNED
47,0.8536577502838143,2026-10-08 10:49:30.251505,2026-10-08 10:49:36.208055,0 days 00:00:05.956550,0.8655186534258034,0.9997491153740538,0.0027637438420723423,8.36642209820673e-06,128,32,"(5, 7)",16.0,"(3, 5)",,,128,3,0.47761117492221217,23,2,Adam,,,,46.0,0.863905325443787,0.8434101751238415,COMPLETE
48,0.4700808106149664,2026-10-08 10:49:36.351017,2026-10-08 10:49:37.575388,0 days 00:00:01.224371,0.8772073697487728,0.9975084423017584,0.005170819184002492,8.75157245567333e-06,128,32,"(5, 7)",16.0,"(3, 5)",8.0,"(3, 7)",32,3,0.4709920464283311,22,3,Adam,,,,,,,PRUNED
49,0.8070378654231024,2026-10-08 10:49:37.733363,2026-10-08 10:49:43.708379,0 days 00:00:05.975016,0.8597061656152459,0.9998662705363525,0.0028421901727796613,3.527706176803339e-06,128,32,"(5, 7)",16.0,"(3, 5)",,,128,3,0.42484542584599727,16,2,Adam,,,,48.0,0.8284023668639053,0.7856733639822995,COMPLETE
50,0.8363140272196903,2026-10-08 10:49:43.849092,2026-10-08 10:49:48.178365,0 days 00:00:04.329273,0.8508298814017724,0.9674033552956349,0.004245619569556478,6.521227544297817e-06,128,32,"(5, 7)",16.0,"(3, 5)",,,64,3,0.4795163488413467,25,2,Adam,,,,43.0,0.8579881656804734,0.8146398887589071,COMPLETE
51,0.8328312574207855,2026-10-08 10:49:48.319679,2026-10-08 10:49:52.690146,0 days 00:00:04.370467,0.8553539939909834,0.9666120157537228,0.004532554339385266,6.832830180955106e-06,128,32,"(5, 7)",16.0,"(3, 5)",,,64,3,0.4752700036464211,23,2,Adam,,,,42.0,0.8402366863905325,0.8254258284510385,COMPLETE
52,0.8675974480740367,2026-10-08 10:49:52.832354,2026-10-08 10:49:57.194797,0 days 00:00:04.362443,0.8509871435335621,0.9650199271898193,0.004451007362605432,6.190982926423411e-06,128,32,"(5, 7)",16.0,"(3, 5)",,,64,3,0.47972392500164085,23,2,Adam,,,,47.0,0.8579881656804734,0.8772067304676001,COMPLETE
53,0.8101817923050263,2026-10-08 10:49:57.337263,2026-10-08 10:50:01.683484,0 days 00:00:04.346221,0.8541394906618788,0.9635432525599005,0.004298372225454243,6.705006135548717e-06,128,32,"(5, 7)",16.0,"(3, 5)",,,64,3,0.4822445439171794,24,2,Adam,,,,49.0,0.834319526627219,0.7860440579828335,COMPLETE
54,0.417107962616599,2026-10-08 10:50:01.824441,2026-10-08 10:50:02.779023,0 days 00:00:00.954582,0.9669475978473661,0.9505430184853041,0.005530987359782413,1.1691883145640445e-05,128,32,"(5, 7)",16.0,"(3, 5)",,,64,3,0.4340620810395984,22,2,Adam,,,,,,,PRUNED
55,0.4376235426096123,2026-10-08 10:50:02.920264,2026-10-08 10:50:03.827118,0 days 00:00:00.906854,0.8530590372693384,0.9679523349574554,0.008180009915777026,3.140236554228839e-05,128,32,"(5, 7)",16.0,"(3, 5)",,,64,3,0.47621757662447733,20,2,Adam,,,,,,,PRUNED
56,0.7976978063749782,2026-10-08 10:50:03.969458,2026-10-08 10:50:08.341064,0 days 00:00:04.371606,0.8501622829075014,0.9591305151483237,0.003584402449629777,6.302498698444496e-06,128,32,"(5, 7)",16.0,"(3, 5)",,,64,3,0.45521226865953524,25,2,Adam,,,,46.0,0.8106508875739645,0.784744725175992,COMPLETE
57,0.40694918633681654,2026-10-08 10:50:08.482876,2026-10-08 10:50:09.399437,0 days 00:00:00.916561,,,,,128,32,"(5, 7)",16.0,"(3, 5)",,,64,3,0.4244530978317951,23,2,SGD,0.02376153228768559,0.7949758381691812,0.0003021994082441819,,,,PRUNED
58,0.7075409528120751,2026-10-08 10:50:09.540512,2026-10-08 10:50:12.019446,0 days 00:00:02.478934,0.8638170112129796,0.9453313771218845,0.007067966681051101,1.1955485125781196e-05,128,32,"(5, 7)",16.0,"(3, 5)",,,64,3,0.10395877105121615,18,2,Adam,,,,,,,PRUNED
59,0.8399710732536231,2026-10-08 10:50:12.162563,2026-10-08 10:50:16.510019,0 days 00:00:04.347456,0.8696109296569297,0.9244094542313501,0.001895423551126855,4.2389595125836574e-06,128,32,"(5, 7)",16.0,"(3, 5)",,,64,3,0.4485993363518084,26,2,Adam,,,,48.0,0.8520710059171598,0.8278711405900864,COMPLETE
60,0.8381279035317043,2026-10-08 10:50:16.653830,2026-10-08 10:50:21.031252,0 days 00:00:04.377422,0.8719346830949296,0.9205843546294611,0.004460010113717895,5.212407712787364e-06,128,32,"(5, 7)",16.0,"(3, 5)",,,64,7,0.393251707487568,21,2,Adam,,,,48.0,0.8579881656804734,0.8182676413829352,COMPLETE
61,0.8543042808839512,2026-10-08 10:50:21.179755,2026-10-08 10:50:25.614410,0 days 00:00:04.434655,0.8711899518962181,0.919391175603332,0.004392691464255564,5.11504012061347e-06,128,32,"(5, 7)",16.0,"(3, 5)",,,64,7,0.3903162485035559,20,2,Adam,,,,48.0,0.8757396449704142,0.8328689167974882,COMPLETE
62,0.4776378814927221,2026-10-08 10:50:25.760983,2026-10-08 10:50:26.775679,0 days 00:00:01.014696,0.8709542278746361,0.9240921882810631,0.0043261008222134625,4.8631884691716486e-06,128,32,"(5, 7)",16.0,"(3, 5)",,,64,7,0.3854491825827661,21,2,Adam,,,,,,,PRUNED
63,0.834230533684784,2026-10-08 10:50:26.919251,2026-10-08 10:50:31.298370,0 days 00:00:04.379119,0.8587507439813963,0.9193511945378329,0.003080303179770596,1.0253930825963911e-05,128,32,"(5, 7)",16.0,"(3, 5)",,,64,7,0.4488974241583921,20,2,Adam,,,,50.0,0.834319526627219,0.8341415407423488,COMPLETE
64,0.5261730251440989,2026-10-08 10:50:31.444286,2026-10-08 10:50:32.450344,0 days 00:00:01.006058,0.8621062830969944,0.9130323724714237,0.0018846535172440842,1.1115613449118027e-05,128,32,"(5, 7)",16.0,"(3, 5)",,,64,7,0.36015854149834936,19,2,Adam,,,,,,,PRUNED
65,0.852471757492187,2026-10-08 10:50:32.591857,2026-10-08 10:50:36.961850,0 days 00:00:04.369993,0.8713183021154585,0.9265488587233847,0.0031041092690233104,5.04519612943916e-06,128,32,"(5, 7)",16.0,"(3, 5)",,,64,7,0.3918554373724401,14,2,Adam,,,,44.0,0.8579881656804734,0.8469553493039006,COMPLETE
66,0.513771653646065,2026-10-08 10:50:37.103527,2026-10-08 10:50:38.030292,0 days 00:00:00.926765,0.872201676602746,0.9305925886322584,0.0066120219974532355,5.20494298134869e-06,128,32,"(5, 7)",16.0,"(3, 5)",,,64,7,0.39847567290648994,14,2,Adam,,,,,,,PRUNED
67,0.6382947806964578,2026-10-08 10:50:38.172281,2026-10-08 10:50:39.862478,0 days 00:00:01.690197,0.8896087969881507,0.9112150975661141,0.009912012090544252,1.666654381351293e-05,128,32,"(5, 7)",16.0,"(3, 5)",,,64,7,0.3737856321694389,25,2,Adam,,,,,,,PRUNED
68,0.823378825578196,2026-10-08 10:50:40.004007,2026-10-08 10:50:44.366412,0 days 00:00:04.362405,0.8769818930918553,0.9357817359751418,0.0035189225584246033,3.313124887545377e-06,128,32,"(5, 7)",16.0,"(3, 5)",,,64,7,0.40848234728564004,16,2,Adam,,,,46.0,0.8461538461538461,0.8006038050025458,COMPLETE
69,0.7984146594788584,2026-10-08 10:50:44.509241,2026-10-08 10:50:48.934672,0 days 00:00:04.425431,0.8675964456296348,0.9265777197199966,0.00255640178368714,1.4407084644834727e-06,128,32,"(5, 7)",16.0,"(3, 5)",,,64,7,0.36623195065952563,11,2,Adam,,,,39.0,0.7810650887573964,0.8157642302003204,COMPLETE
70,0.8146547314898378,2026-10-08 10:50:49.077415,2026-10-08 10:50:53.459529,0 days 00:00:04.382114,0.8701765025546383,0.9170878881772466,0.0017864926046398837,4.225476972786298e-06,128,32,"(5, 7)",16.0,"(3, 5)",,,64,7,0.39193198166625565,26,2,Adam,,,,38.0,0.8106508875739645,0.818658575405711,COMPLETE
71,0.8221156219346264,2026-10-08 10:50:53.606436,2026-10-08 10:50:58.018555,0 days 00:00:04.412119,0.8601861887314157,0.9210162675777498,0.0028899650949522444,9.885183059549169e-06,128,32,"(5, 7)",16.0,"(3, 5)",,,64,7,0.442364071258013,20,2,Adam,,,,43.0,0.8284023668639053,0.8158288770053475,COMPLETE
72,0.44603433140615306,2026-10-08 10:50:58.160981,2026-10-08 10:50:59.100463,0 days 00:00:00.939482,0.8503067029580159,0.9077495018875048,0.0032804836670160156,6.960903680275173e-06,128,32,"(5, 7)",16.0,"(3, 5)",,,64,7,0.45766970661399714,21,2,Adam,,,,,,,PRUNED
73,0.8405294733995445,2026-10-08 10:50:59.243698,2026-10-08 10:51:03.658714,0 days 00:00:04.415016,0.8632793645136463,0.9186537909537014,0.0049765375366216304,2.816648544591869e-06,128,32,"(5, 7)",32.0,"(3, 5)",,,64,7,0.4261983370879705,18,2,Adam,,,,45.0,0.863905325443787,0.817153621355302,COMPLETE
