number,value,datetime_start,datetime_complete,duration,params_adam_beta1,params_adam_beta2,params_adam_lr,params_adam_wd,params_batch_size,params_block_0_filters,params_block_0_kernel_pair,params_block_1_filters,params_block_1_kernel_pair,params_block_2_filters,params_block_2_kernel_pair,params_lr_decay,params_lr_step_size,params_n_blocks,params_optimizer,params_sgd_lr,params_sgd_momentum,params_sgd_wd,user_attrs_best_epoch,user_attrs_validation_accuracy,user_attrs_validation_macro_f1,state
0,0.5659365630294405,2026-10-06 10:09:27.118082,2026-10-06 10:09:33.846003,0 days 00:00:06.727921,0.8907720796277259,0.9611241041827657,0.0011207606211860567,5.34293726127978e-05,200,8,"(5, 7)",64.0,"(3, 5)",,,0.1814650918408482,14,2,Adam,,,,41.0,0.5727272727272728,0.5591458533316083,COMPLETE
1,0.4995306702190006,2026-10-06 10:09:34.017598,2026-10-06 10:09:55.764652,0 days 00:00:21.747054,0.8936395506525175,0.9519547953156633,0.00032927591344236165,0.0004467752817973908,64,32,"(5, 7)",8.0,"(5, 7)",,,0.13318450498648718,26,2,Adam,,,,27.0,0.5136363636363637,0.48542497680163754,COMPLETE
2,0.20019176297686636,2026-10-06 10:09:55.943451,2026-10-06 10:10:14.817224,0 days 00:00:18.873773,,,,,64,8,"(3, 7)",8.0,"(3, 7)",,,0.3780532256184443,31,2,SGD,0.00039459088111000007,0.7016014139658446,0.0018274508859816032,8.0,0.275,0.12538352595373267,COMPLETE
3,0.7271286608875871,2026-10-06 10:10:14.988333,2026-10-06 10:10:23.203017,0 days 00:00:08.214684,0.9074536092249882,0.9754795587404506,0.006533305220227739,9.935023909063694e-06,200,8,"(3, 7)",8.0,"(5, 7)",16.0,"(5, 7)",0.08464095942295685,17,3,Adam,,,,44.0,0.7340909090909091,0.720166412684265,COMPLETE
4,0.22299798421972272,2026-10-06 10:10:23.374146,2026-10-06 10:10:29.655592,0 days 00:00:06.281446,,,,,256,64,"(5, 7)",64.0,"(3, 7)",,,0.19544131940933984,39,2,SGD,0.00046379219034580355,0.734760956526768,2.2410971619109514e-05,48.0,0.23863636363636365,0.20735960480308183,COMPLETE
5,0.25586411521797875,2026-10-06 10:10:29.830276,2026-10-06 10:10:32.646315,0 days 00:00:02.816039,,,,,128,16,"(3, 7)",32.0,"(5, 7)",32.0,"(3, 5)",0.06834881369964377,15,3,SGD,0.00018658181360124853,0.942237723720879,1.91920011015619e-05,,,,PRUNED
6,0.29991973828290575,2026-10-06 10:10:32.815316,2026-10-06 10:10:33.770971,0 days 00:00:00.955655,0.942397766444785,0.9816404978001014,0.005684322462212271,1.0758866306767913e-05,256,32,"(3, 5)",,,,,0.28834276026020295,27,1,Adam,,,,,,,PRUNED
7,0.7445792217176184,2026-10-06 10:10:33.943611,2026-10-06 10:10:40.172451,0 days 00:00:06.228840,0.941274576330364,0.92240450401511,0.0012516058337570376,0.0005855726588796257,256,64,"(3, 5)",32.0,"(5, 7)",,,0.15676208937356004,32,2,Adam,,,,46.0,0.7545454545454545,0.7346129888897822,COMPLETE
8,0.11754219747040809,2026-10-06 10:10:40.343859,2026-10-06 10:10:41.472463,0 days 00:00:01.128604,,,,,256,8,"(3, 7)",8.0,"(3, 5)",,,0.4792678596511643,39,2,SGD,0.00011828996391101285,0.8871869658130787,5.110256715654393e-06,,,,PRUNED
9,0.29034518462195713,2026-10-06 10:10:41.640743,2026-10-06 10:10:42.801377,0 days 00:00:01.160634,,,,,256,8,"(3, 7)",32.0,"(5, 7)",,,0.36611783779419915,31,2,SGD,0.003589128083678789,0.9544381908591071,0.0009184900818511545,,,,PRUNED
10,0.2598027764081229,2026-10-06 10:10:42.971910,2026-10-06 10:10:44.414286,0 days 00:00:01.442376,0.9843679044323588,0.9016745065369487,0.00011695680465873889,0.00427227481622679,128,64,"(3, 5)",,,,,0.4965631994571517,21,1,Adam,,,,,,,PRUNED
11,0.6722893868298372,2026-10-06 10:10:44.581502,2026-10-06 10:10:52.742705,0 days 00:00:08.161203,0.9291113036283782,0.9137520552784373,0.008062496199691363,2.45154926944879e-06,200,64,"(3, 5)",16.0,"(5, 7)",16.0,"(5, 7)",0.06571336538783236,11,3,Adam,,,,31.0,0.6818181818181818,0.6627605918414925,COMPLETE
12,0.8682953172483069,2026-10-06 10:10:52.909835,2026-10-06 10:11:01.196097,0 days 00:00:08.286262,0.9341753854815441,0.996437260811939,0.001953752689497112,0.0001577969683428895,200,16,"(3, 5)",32.0,"(5, 7)",64.0,"(3, 7)",0.14469324266240352,21,3,Adam,,,,44.0,0.8818181818181818,0.8547724526784319,COMPLETE
13,0.8614909218787219,2026-10-06 10:11:01.365066,2026-10-06 10:11:09.733278,0 days 00:00:08.368212,0.9576113426674147,0.9995711218480428,0.0014582660980585129,0.0005339335838902266,200,16,"(3, 5)",32.0,"(5, 7)",64.0,"(3, 7)",0.233599912387401,21,3,Adam,,,,50.0,0.8704545454545455,0.8525272983028984,COMPLETE
14,0.8506710233462348,2026-10-06 10:11:09.903800,2026-10-06 10:11:18.023981,0 days 00:00:08.120181,0.9770107597074579,0.9962636694646295,0.0016516444441349292,0.0003160492703491837,200,16,"(3, 5)",32.0,"(5, 7)",64.0,"(3, 7)",0.24195782446633818,21,3,Adam,,,,46.0,0.8613636363636363,0.8399784103288332,COMPLETE
15,0.8966440250164266,2026-10-06 10:11:18.193194,2026-10-06 10:11:26.447346,0 days 00:00:08.254152,0.9587245032859604,0.9990713089259737,0.0023061161472727946,0.004535171313210097,200,16,"(3, 5)",32.0,"(5, 7)",64.0,"(3, 7)",0.28765434835415277,20,3,Adam,,,,47.0,0.9090909090909091,0.8841971409419441,COMPLETE
16,0.8641808793020265,2026-10-06 10:11:26.613724,2026-10-06 10:11:34.832425,0 days 00:00:08.218701,0.9222968433018135,0.9820217051579608,0.0029504166818298387,0.006244559303503528,200,16,"(3, 5)",16.0,"(3, 7)",64.0,"(3, 7)",0.3334344039389118,25,3,Adam,,,,49.0,0.884090909090909,0.8442708495131439,COMPLETE
17,0.3536040136443047,2026-10-06 10:11:35.003125,2026-10-06 10:11:36.710073,0 days 00:00:01.706948,0.9600489645503315,0.9990935779739456,0.0003552402750139118,9.489905559505674e-05,200,16,"(3, 5)",32.0,"(3, 5)",8.0,"(3, 7)",0.41551915305705994,19,3,Adam,,,,,,,PRUNED
18,0.8673808372122773,2026-10-06 10:11:36.878118,2026-10-06 10:11:45.099571,0 days 00:00:08.221453,0.8532024120947369,0.9620085121886711,0.0030831315487685317,0.0022470007261889855,200,16,"(3, 5)",32.0,"(5, 7)",64.0,"(3, 7)",0.2895023299021141,11,3,Adam,,,,39.0,0.8795454545454545,0.8552162198791002,COMPLETE
19,0.7921199292723712,2026-10-06 10:11:45.271336,2026-10-06 10:11:59.564428,0 days 00:00:14.293092,0.9572542345350198,0.9856263705907579,0.0004976934584350561,0.009882747155377618,128,16,"(3, 5)",32.0,"(5, 7)",64.0,"(3, 5)",0.24330792087546194,24,3,Adam,,,,50.0,0.8090909090909091,0.7751489494538333,COMPLETE
20,0.5821768923808794,2026-10-06 10:11:59.733672,2026-10-06 10:12:08.824192,0 days 00:00:09.090520,0.9200265983899115,0.972729736217904,0.003064995921214616,0.0016332884052997659,64,16,"(5, 7)",64.0,"(3, 5)",8.0,"(3, 7)",0.12999970052247622,17,3,Adam,,,,,,,PRUNED
21,0.8770264852113596,2026-10-06 10:12:08.995619,2026-10-06 10:12:17.215568,0 days 00:00:08.219949,0.8510188949998716,0.9443158660983515,0.0029817852268138882,0.0018952158640666798,200,16,"(3, 5)",32.0,"(5, 7)",64.0,"(3, 7)",0.2887035626304869,11,3,Adam,,,,33.0,0.8886363636363637,0.8654166067863557,COMPLETE
22,0.8663514917773374,2026-10-06 10:12:17.383845,2026-10-06 10:12:25.630816,0 days 00:00:08.246971,0.8510917575990583,0.9371578392969315,0.0023823379047042985,0.001426220869095798,200,16,"(3, 5)",32.0,"(5, 7)",64.0,"(3, 7)",0.30803169503527134,15,3,Adam,,,,50.0,0.8818181818181818,0.850884801736493,COMPLETE
23,0.7259038742919998,2026-10-06 10:12:25.799360,2026-10-06 10:12:29.951600,0 days 00:00:04.152240,0.8782395019805128,0.9446299877134474,0.0006334779301695644,0.00010093023973536547,200,16,"(3, 5)",32.0,"(5, 7)",64.0,"(3, 7)",0.4264281619417142,12,3,Adam,,,,,,,PRUNED
24,0.5966653388830752,2026-10-06 10:12:30.130619,2026-10-06 10:12:32.418076,0 days 00:00:02.287457,0.8733054548109525,0.9896007003060102,0.004222412516105013,0.0027696843328812964,200,32,"(3, 5)",16.0,"(5, 7)",32.0,"(3, 7)",0.21371252886733286,23,3,Adam,,,,,,,PRUNED
25,0.838961850649125,2026-10-06 10:12:32.590284,2026-10-06 10:12:40.732287,0 days 00:00:08.142003,0.9717634720452,0.9330654571520809,0.0020220447278669995,0.00017395514551444408,200,16,"(3, 5)",32.0,"(3, 7)",64.0,"(3, 7)",0.26436308908373246,18,3,Adam,,,,46.0,0.8522727272727273,0.8256509740255226,COMPLETE
26,0.3140458793398396,2026-10-06 10:12:40.900440,2026-10-06 10:12:42.574154,0 days 00:00:01.673714,,,,,200,16,"(3, 5)",32.0,"(5, 7)",64.0,"(5, 7)",0.35745778648199633,10,3,SGD,0.08934102051406673,0.8157442521220594,0.00836060330143636,,,,PRUNED
27,0.6708061538421873,2026-10-06 10:12:42.742645,2026-10-06 10:12:45.418070,0 days 00:00:02.675425,0.9423190638902206,0.9716748601351343,0.0009241389598616845,2.629919061159647e-05,200,16,"(3, 5)",32.0,"(5, 7)",64.0,"(3, 5)",0.32343533871060814,28,3,Adam,,,,,,,PRUNED
28,0.507513318512939,2026-10-06 10:12:45.588845,2026-10-06 10:12:49.579426,0 days 00:00:03.990581,0.8671381525481507,0.9636648040908535,0.004612912035679678,0.0011626868517748252,64,16,"(5, 7)",32.0,"(5, 7)",,,0.10869642889557327,35,2,Adam,,,,,,,PRUNED
29,0.4392011749209607,2026-10-06 10:12:49.751509,2026-10-06 10:12:51.235838,0 days 00:00:01.484329,0.9114203472227348,0.9888380016613609,0.0008254538013658519,0.00946379907504773,200,32,"(3, 5)",64.0,"(5, 7)",,,0.15740664076126387,13,2,Adam,,,,,,,PRUNED
30,0.4156451616236239,2026-10-06 10:12:51.405074,2026-10-06 10:12:53.873536,0 days 00:00:02.468462,0.9664933422612931,0.9514130132383583,0.0019029252412458761,1.233672619886642e-06,128,16,"(5, 7)",16.0,"(3, 5)",8.0,"(3, 7)",0.17992998193504656,14,3,Adam,,,,,,,PRUNED
31,0.8670996166378819,2026-10-06 10:12:54.048782,2026-10-06 10:13:02.206827,0 days 00:00:08.158045,0.8526805409340338,0.9605317261137377,0.003459041352159792,0.002942582742597757,200,16,"(3, 5)",32.0,"(5, 7)",64.0,"(3, 7)",0.27007458799395256,10,3,Adam,,,,37.0,0.8863636363636364,0.8478355969121275,COMPLETE
32,0.8629236044431624,2026-10-06 10:13:02.384128,2026-10-06 10:13:10.657588,0 days 00:00:08.273460,0.8655453043768644,0.9272516526172083,0.002798213225153397,0.0009584244387246849,200,16,"(3, 5)",32.0,"(5, 7)",64.0,"(3, 7)",0.276212499545446,16,3,Adam,,,,48.0,0.8818181818181818,0.844029027068143,COMPLETE
33,0.35291525922260486,2026-10-06 10:13:10.822813,2026-10-06 10:13:12.518928,0 days 00:00:01.696115,0.8591658541597795,0.943620529897921,0.009602036597814351,0.0020663111853299987,200,16,"(3, 5)",32.0,"(5, 7)",64.0,"(3, 7)",0.30511359496636986,12,3,Adam,,,,,,,PRUNED
34,0.5042787117857438,2026-10-06 10:13:12.689271,2026-10-06 10:13:18.896099,0 days 00:00:06.206828,0.8833302594916265,0.9913707428328313,0.004539381234351097,0.004437598719305983,64,16,"(3, 5)",32.0,"(5, 7)",64.0,"(3, 7)",0.3933654075130336,19,3,Adam,,,,,,,PRUNED
35,0.46353754743652087,2026-10-06 10:13:19.069498,2026-10-06 10:13:20.871619,0 days 00:00:01.802121,0.9001539411282814,0.9673340396795969,0.0020947749674806006,0.0003050929471242405,200,8,"(3, 7)",8.0,"(3, 7)",16.0,"(3, 7)",0.3376175509230625,13,3,Adam,,,,,,,PRUNED
36,0.5752580600788703,2026-10-06 10:13:21.046985,2026-10-06 10:13:22.435086,0 days 00:00:01.388101,,,,,200,32,"(5, 7)",64.0,"(5, 7)",,,0.19955954547908517,22,2,SGD,0.06003140711038473,0.817523605986741,1.1781293566108088e-06,,,,PRUNED
37,0.6938309069281567,2026-10-06 10:13:22.604014,2026-10-06 10:13:25.239842,0 days 00:00:02.635828,0.9500516299002172,0.9545762783487054,0.0011172982229126914,3.7829404650690546e-05,200,16,"(3, 5)",32.0,"(5, 7)",32.0,"(3, 7)",0.449988225468399,19,3,Adam,,,,,,,PRUNED
38,0.4661750642728969,2026-10-06 10:13:25.412787,2026-10-06 10:13:32.184408,0 days 00:00:06.771621,,,,,64,64,"(3, 5)",8.0,"(3, 5)",64.0,"(5, 7)",0.2928588877366294,28,3,SGD,0.009378135290855105,0.7928619824544579,0.00019755716616159228,,,,PRUNED
39,0.2932716608431257,2026-10-06 10:13:32.359746,2026-10-06 10:13:33.516167,0 days 00:00:01.156421,0.8881138469863288,0.9798336423500555,0.003581917670378948,0.0008404049062643512,200,8,"(3, 7)",,,,,0.10210608485900186,15,1,Adam,,,,,,,PRUNED
40,0.3662597685441703,2026-10-06 10:13:33.695983,2026-10-06 10:13:34.930325,0 days 00:00:01.234342,0.8634756014746795,0.9449222473034836,0.0024464965746007284,0.004361334400558916,256,16,"(3, 5)",32.0,"(3, 7)",,,0.16856781377653315,35,2,Adam,,,,,,,PRUNED
41,0.8829125410546881,2026-10-06 10:13:35.101582,2026-10-06 10:13:43.336117,0 days 00:00:08.234535,0.8500293290405265,0.9585429505979866,0.003757129395821988,0.0026432160538441816,200,16,"(3, 5)",32.0,"(5, 7)",64.0,"(3, 7)",0.2607529051806206,10,3,Adam,,,,47.0,0.8909090909090909,0.8749159912002854,COMPLETE
42,0.8630545278772991,2026-10-06 10:13:43.503699,2026-10-06 10:13:51.863930,0 days 00:00:08.360231,0.8555468921711328,0.9568815135067771,0.005899918365958391,0.00228790380441703,200,16,"(3, 5)",32.0,"(5, 7)",64.0,"(3, 7)",0.21661121751512302,10,3,Adam,,,,27.0,0.8795454545454545,0.8465636012091436,COMPLETE
43,0.8444727771174769,2026-10-06 10:13:52.039171,2026-10-06 10:13:59.617483,0 days 00:00:07.578312,0.8717027214833241,0.9484135945412752,0.0016400838607419205,0.0061954198520393034,200,16,"(3, 5)",32.0,"(5, 7)",64.0,"(3, 7)",0.26264466618043963,13,3,Adam,,,,,,,PRUNED
44,0.8896851258319931,2026-10-06 10:13:59.787778,2026-10-06 10:14:13.770800,0 days 00:00:13.983022,0.8508847417550648,0.9369944145323662,0.0038415466890001633,0.0008737687730775289,128,16,"(3, 5)",32.0,"(5, 7)",64.0,"(3, 7)",0.3482324650496107,11,3,Adam,,,,36.0,0.9068181818181819,0.8725520698458045,COMPLETE
45,0.37128192677086,2026-10-06 10:14:13.944406,2026-10-06 10:14:16.637365,0 days 00:00:02.692959,,,,,128,64,"(3, 7)",32.0,"(5, 7)",16.0,"(3, 7)",0.3455497535449464,17,3,SGD,0.002251144979982607,0.8846182393404719,0.00014609470728009182,,,,PRUNED
46,0.5753199021663329,2026-10-06 10:14:16.810158,2026-10-06 10:14:19.845037,0 days 00:00:03.034879,0.8959794785926314,0.9333689289335,0.006769617056277471,0.0007155129065570669,128,32,"(3, 5)",8.0,"(5, 7)",64.0,"(3, 5)",0.38151284175967964,26,3,Adam,,,,,,,PRUNED
47,0.8771376566035165,2026-10-06 10:14:20.018202,2026-10-06 10:14:34.410127,0 days 00:00:14.391925,0.9303880581764099,0.9191605186791296,0.004248881748994722,0.0003333655902672529,128,8,"(3, 5)",64.0,"(5, 7)",32.0,"(5, 7)",0.3181041176970134,14,3,Adam,,,,26.0,0.884090909090909,0.8701844041161239,COMPLETE
48,0.922394367572131,2026-10-06 10:14:34.583475,2026-10-06 10:14:49.707818,0 days 00:00:15.124343,0.8624284576632056,0.912068981964063,0.004195440349678159,0.00043828955381086145,128,8,"(5, 7)",64.0,"(5, 7)",32.0,"(5, 7)",0.31638921962051036,12,3,Adam,,,,50.0,0.9318181818181818,0.9129705533260802,COMPLETE
49,0.4902094070346057,2026-10-06 10:14:49.877914,2026-10-06 10:14:52.641392,0 days 00:00:02.763478,,,,,128,8,"(5, 7)",64.0,"(5, 7)",32.0,"(5, 7)",0.3234894958611283,14,3,SGD,0.013717140438367095,0.9883028428772258,1.0970231929290197e-06,,,,PRUNED
50,0.48804589851397545,2026-10-06 10:14:52.807715,2026-10-06 10:14:54.743480,0 days 00:00:01.935765,0.8613665122804988,0.912255525069643,0.005028048330077321,0.0003300808183016297,128,8,"(5, 7)",64.0,"(3, 7)",,,0.3692407238899275,12,2,Adam,,,,,,,PRUNED
51,0.572311145075068,2026-10-06 10:14:54.912706,2026-10-06 10:14:57.620433,0 days 00:00:02.707727,0.8501873030948716,0.9172501271907393,0.004112017070584374,0.0004888816673518586,128,8,"(5, 7)",64.0,"(5, 7)",32.0,"(5, 7)",0.31207559202544444,11,3,Adam,,,,,,,PRUNED
52,0.5416316523100673,2026-10-06 10:14:57.795595,2026-10-06 10:15:01.066015,0 days 00:00:03.270420,0.8594649657400405,0.9083828225699122,0.007022180808438712,0.0002351759416864236,128,8,"(5, 7)",64.0,"(5, 7)",32.0,"(5, 7)",0.2527606610933634,15,3,Adam,,,,,,,PRUNED
53,0.9046236574336297,2026-10-06 10:15:01.235854,2026-10-06 10:15:15.549927,0 days 00:00:14.314073,0.8714734991579275,0.9032839878060922,0.005362322437932056,0.0012601802919389605,128,8,"(3, 5)",64.0,"(5, 7)",32.0,"(5, 7)",0.2845950560141989,10,3,Adam,,,,49.0,0.9113636363636364,0.8978836785036232,COMPLETE
54,0.37843016467577106,2026-10-06 10:15:15.724884,2026-10-06 10:15:18.506798,0 days 00:00:02.781914,0.9841617903251106,0.90049444113696,0.00014495504499886908,0.0006452672661246384,128,8,"(5, 7)",64.0,"(5, 7)",32.0,"(5, 7)",0.34334009841986723,10,3,Adam,,,,,,,PRUNED
55,0.44966585959784433,2026-10-06 10:15:18.686769,2026-10-06 10:15:22.026589,0 days 00:00:03.339820,0.8773416263764184,0.9052084678237744,0.00939029729961538,0.0012403819566952708,128,8,"(3, 5)",64.0,"(3, 5)",32.0,"(5, 7)",0.2994684959867213,14,3,Adam,,,,,,,PRUNED
56,0.48540881089882204,2026-10-06 10:15:22.209087,2026-10-06 10:15:25.462661,0 days 00:00:03.253574,0.936179822113966,0.921626685265617,0.0057685196426646365,0.003419137210854903,128,8,"(3, 7)",64.0,"(5, 7)",32.0,"(5, 7)",0.40058155856543554,12,3,Adam,,,,,,,PRUNED
57,0.8940057250160196,2026-10-06 10:15:25.633408,2026-10-06 10:15:40.152693,0 days 00:00:14.519285,0.8670266073755184,0.916751764256126,0.0036763037859256697,0.00037950240048328877,128,8,"(3, 5)",64.0,"(5, 7)",32.0,"(5, 7)",0.22784274985987485,16,3,Adam,,,,48.0,0.9113636363636364,0.8766478136684027,COMPLETE
58,0.9116276838604294,2026-10-06 10:15:40.326025,2026-10-06 10:15:54.715845,0 days 00:00:14.389820,0.8845535833039212,0.9114652860966241,0.003542178462550303,0.0004661164112913955,128,8,"(3, 5)",64.0,"(5, 7)",32.0,"(5, 7)",0.23476077376773097,16,3,Adam,,,,40.0,0.9204545454545454,0.9028008222663134,COMPLETE
59,0.2612177523942856,2026-10-06 10:15:54.884994,2026-10-06 10:15:56.305455,0 days 00:00:01.420461,0.8712201030628933,0.9101526168140704,0.0025475059557657142,0.00012438518129414343,128,8,"(3, 5)",,,,,0.21503740635176596,16,1,Adam,,,,,,,PRUNED
60,0.5769288041094046,2026-10-06 10:15:56.474935,2026-10-06 10:15:59.482632,0 days 00:00:03.007697,0.8837519821376176,0.9043168038500473,0.005416373570629373,0.000473325943764117,128,8,"(3, 5)",64.0,"(5, 7)",32.0,"(5, 7)",0.2288345757759932,18,3,Adam,,,,,,,PRUNED
61,0.8824783085458434,2026-10-06 10:15:59.651437,2026-10-06 10:16:14.426211,0 days 00:00:14.774774,0.8667112717719494,0.9155300643694362,0.003861800989281162,0.0008693773654319247,128,8,"(3, 5)",64.0,"(5, 7)",32.0,"(5, 7)",0.25384918650364424,11,3,Adam,,,,23.0,0.9,0.8649566170916867,COMPLETE
62,0.5752426808118646,2026-10-06 10:16:14.593831,2026-10-06 10:16:16.227643,0 days 00:00:01.633812,0.8583775449302716,0.9060448478871188,0.003350141576396072,0.0001975351559001096,256,8,"(3, 5)",64.0,"(5, 7)",32.0,"(5, 7)",0.27873154897960756,13,3,Adam,,,,,,,PRUNED
63,0.5634187708345588,2026-10-06 10:16:16.402858,2026-10-06 10:16:19.599264,0 days 00:00:03.196406,0.8791318641451802,0.9264066790423655,0.008088476393519816,0.0013591687173825087,128,8,"(3, 5)",64.0,"(5, 7)",32.0,"(5, 7)",0.23712917096778385,20,3,Adam,,,,,,,PRUNED
64,0.4829387130848993,2026-10-06 10:16:19.766239,2026-10-06 10:16:22.327044,0 days 00:00:02.560805,0.8698624550873779,0.9139767916355183,0.005183809855009168,6.307839250370233e-05,128,8,"(3, 5)",16.0,"(5, 7)",8.0,"(5, 7)",0.1984447648021152,16,3,Adam,,,,,,,PRUNED
65,0.5837285413092048,2026-10-06 10:16:22.496166,2026-10-06 10:16:25.711661,0 days 00:00:03.215495,0.856997703042065,0.9251849471215091,0.0035344435523889956,0.0006355860237080106,128,64,"(3, 5)",64.0,"(5, 7)",16.0,"(3, 5)",0.27938606097863994,18,3,Adam,,,,,,,PRUNED
66,0.9034130106000107,2026-10-06 10:16:25.884725,2026-10-06 10:16:40.618306,0 days 00:00:14.733581,0.8752305658665452,0.9092590419419203,0.0026485853384125716,0.0059793948919308225,128,8,"(3, 5)",64.0,"(5, 7)",32.0,"(5, 7)",0.25426877224657884,11,3,Adam,,,,44.0,0.9204545454545454,0.8863714757454758,COMPLETE
67,0.6425747581030703,2026-10-06 10:16:40.785030,2026-10-06 10:16:44.633443,0 days 00:00:03.848413,0.8914580747923785,0.9100246161220547,0.0023255646353128466,0.007495662241418304,128,8,"(5, 7)",64.0,"(3, 5)",32.0,"(5, 7)",0.35666170192197166,17,3,Adam,,,,,,,PRUNED
68,0.34921541661511973,2026-10-06 10:16:44.809915,2026-10-06 10:16:47.805878,0 days 00:00:02.995963,,,,,128,8,"(3, 5)",64.0,"(5, 7)",32.0,"(5, 7)",0.22518471182451272,12,3,SGD,0.0015487732051533054,0.8848924093676095,0.00011070823918422143,,,,PRUNED
69,0.8805162388147155,2026-10-06 10:16:47.974643,2026-10-06 10:17:03.050410,0 days 00:00:15.075767,0.875927959086403,0.901886566792624,0.002777801304110917,0.0004270985210745605,128,8,"(3, 5)",64.0,"(5, 7)",32.0,"(5, 7)",0.24498813096141261,15,3,Adam,,,,46.0,0.9,0.861032477629431,COMPLETE
70,0.75977631984164,2026-10-06 10:17:03.217808,2026-10-06 10:17:09.071762,0 days 00:00:05.853954,0.9086031536010047,0.921214454244195,0.001343885214667078,0.005960416394203776,128,8,"(3, 5)",64.0,"(5, 7)",32.0,"(5, 7)",0.2900876465243903,23,3,Adam,,,,,,,PRUNED
71,0.8925883392604641,2026-10-06 10:17:09.248256,2026-10-06 10:17:24.385017,0 days 00:00:15.136761,0.8629418345335365,0.9084689896790311,0.0030835539862065983,0.001679687241451808,128,8,"(3, 5)",64.0,"(5, 7)",32.0,"(5, 7)",0.25834513192314446,10,3,Adam,,,,47.0,0.9090909090909091,0.876085769430019,COMPLETE
72,0.8772013633868296,2026-10-06 10:17:24.560753,2026-10-06 10:17:39.117892,0 days 00:00:14.557139,0.864669414979182,0.9076345439139925,0.0017747449065581972,0.0010540858436846282,128,8,"(3, 5)",64.0,"(5, 7)",32.0,"(5, 7)",0.2722612525923326,11,3,Adam,,,,48.0,0.8886363636363637,0.8657663631372957,COMPLETE
73,0.6831549329651301,2026-10-06 10:17:39.293745,2026-10-06 10:17:42.844874,0 days 00:00:03.551129,0.8823376549811074,0.9120361541445582,0.003100782877673339,0.0017108053724126313,128,8,"(3, 5)",64.0,"(5, 7)",32.0,"(5, 7)",0.3262976948626568,13,3,Adam,,,,,,,PRUNED
74,0.6522439918338395,2026-10-06 10:17:43.014341,2026-10-06 10:17:45.889248,0 days 00:00:02.874907,0.8683343052148439,0.9161928610190144,0.002089048751325251,0.004434012574014132,128,8,"(3, 5)",64.0,"(3, 7)",32.0,"(5, 7)",0.30180569214096714,11,3,Adam,,,,,,,PRUNED
