number,value,datetime_start,datetime_complete,duration,params_adam_beta1,params_adam_beta2,params_adam_lr,params_adam_wd,params_batch_size,params_block_0_filters,params_block_0_kernel_pair,params_block_1_filters,params_block_1_kernel_pair,params_block_2_filters,params_block_2_kernel_pair,params_lr_decay,params_lr_step_size,params_n_blocks,params_optimizer,params_sgd_lr,params_sgd_momentum,params_sgd_wd,user_attrs_best_epoch,user_attrs_validation_accuracy,user_attrs_validation_macro_f1,state
75,0.4733235871239717,2026-10-06 10:17:46.070184,2026-10-06 10:17:47.448441,0 days 00:00:01.378257,0.8876959007199353,0.9038403684335855,0.0027579853415057682,0.0034667665435015173,256,8,"(3, 5)",16.0,"(5, 7)",8.0,"(5, 7)",0.1912127637011406,12,3,Adam,,,,,,,PRUNED
76,0.8880735910406284,2026-10-06 10:17:47.619986,2026-10-06 10:18:23.778844,0 days 00:00:36.158858,0.872844593786521,0.9314899628121734,0.004928369348960396,0.0002438245215759118,64,32,"(3, 7)",64.0,"(5, 7)",32.0,"(5, 7)",0.24892934017392432,10,3,Adam,,,,41.0,0.9022727272727272,0.8738744548085297,COMPLETE
77,0.6032594081932037,2026-10-06 10:18:23.959225,2026-10-06 10:18:26.814840,0 days 00:00:02.855615,0.9160520584839549,0.9003803641807269,0.004375458845310061,7.305391350457873e-06,128,8,"(3, 5)",8.0,"(5, 7)",32.0,"(3, 5)",0.22320051520056836,13,3,Adam,,,,,,,PRUNED
78,0.9209418891740097,2026-10-06 10:18:26.991270,2026-10-06 10:18:42.537214,0 days 00:00:15.545944,0.8555549224205887,0.910624122069003,0.0023086390854522875,0.0017270774661931733,128,8,"(5, 7)",64.0,"(5, 7)",32.0,"(5, 7)",0.20851091696047783,20,3,Adam,,,,43.0,0.9340909090909091,0.9077928692571102,COMPLETE
79,0.5358804186008519,2026-10-06 10:18:42.706998,2026-10-06 10:18:45.793074,0 days 00:00:03.086076,0.8629147123754435,0.9114544227642821,0.0016084318987905476,0.0015651453633769982,128,8,"(5, 7)",64.0,"(5, 7)",32.0,"(5, 7)",0.20654264140829576,21,3,Adam,,,,,,,PRUNED
80,0.4390123447617727,2026-10-06 10:18:45.966368,2026-10-06 10:18:49.208849,0 days 00:00:03.242481,,,,,128,8,"(5, 7)",64.0,"(3, 5)",32.0,"(5, 7)",0.1850593547935218,20,3,SGD,0.022251533274289196,0.7577091387840094,0.006909975749971827,,,,PRUNED
81,0.798000761213553,2026-10-06 10:18:49.382289,2026-10-06 10:18:55.690376,0 days 00:00:06.308087,0.8552048545294216,0.9179920457696247,0.002283393365828695,0.0007855538221067963,128,8,"(5, 7)",64.0,"(5, 7)",32.0,"(5, 7)",0.2378279484991828,40,3,Adam,,,,,,,PRUNED
82,0.5322492444610738,2026-10-06 10:18:55.861830,2026-10-06 10:18:58.901914,0 days 00:00:03.040084,0.8633493292823053,0.9142677707788222,0.002971709712490485,0.00196714865989809,128,64,"(5, 7)",64.0,"(5, 7)",32.0,"(5, 7)",0.2611306193289649,20,3,Adam,,,,,,,PRUNED
83,0.8782239504832023,2026-10-06 10:18:59.071363,2026-10-06 10:19:12.996952,0 days 00:00:13.925589,0.8749081048935851,0.908359921018817,0.0036110952325628036,0.000411896925646151,128,8,"(3, 5)",64.0,"(5, 7)",16.0,"(5, 7)",0.2829384143881779,10,3,Adam,,,,44.0,0.8954545454545455,0.8609933555118593,COMPLETE
84,0.7257323222051972,2026-10-06 10:19:13.169496,2026-10-06 10:19:17.043247,0 days 00:00:03.873751,0.8561517125798567,0.9034776004381755,0.002622463617988857,0.0010241131977114385,128,8,"(5, 7)",64.0,"(5, 7)",32.0,"(5, 7)",0.17385238161282884,22,3,Adam,,,,,,,PRUNED
85,0.5673299681359446,2026-10-06 10:19:17.209879,2026-10-06 10:19:19.951955,0 days 00:00:02.742076,0.9012021908220665,0.9068669251579531,0.0064542140381027464,0.0005581531116886835,128,8,"(3, 5)",64.0,"(5, 7)",8.0,"(5, 7)",0.33192541174628826,12,3,Adam,,,,,,,PRUNED
86,0.5379127809686532,2026-10-06 10:19:20.125067,2026-10-06 10:19:26.236301,0 days 00:00:06.111234,0.8691054505299777,0.9195974853053765,0.0033231891810277976,0.0033109796295456967,64,32,"(3, 5)",8.0,"(5, 7)",32.0,"(3, 7)",0.2066247505538215,16,3,Adam,,,,,,,PRUNED
87,0.6220516335979687,2026-10-06 10:19:26.411326,2026-10-06 10:19:29.470115,0 days 00:00:03.058789,0.860574827622973,0.9405730198348754,0.0021897757177517067,0.005325274518588908,128,8,"(5, 7)",16.0,"(5, 7)",64.0,"(3, 5)",0.27018463036741774,24,3,Adam,,,,,,,PRUNED
88,0.5146295706952809,2026-10-06 10:19:29.643202,2026-10-06 10:19:31.066295,0 days 00:00:01.423093,0.9479963757770263,0.9240324238504909,0.004062253739462989,0.007951676287478136,256,8,"(3, 5)",64.0,"(3, 7)",32.0,"(5, 7)",0.30916249655352934,19,3,Adam,,,,,,,PRUNED
89,0.8902556492174831,2026-10-06 10:19:31.240478,2026-10-06 10:19:45.335485,0 days 00:00:14.095007,0.8807644881298133,0.9291747960632863,0.0017937303112843586,0.002715873174172255,128,8,"(3, 7)",64.0,"(5, 7)",64.0,"(3, 7)",0.23326291408076483,11,3,Adam,,,,28.0,0.9022727272727272,0.8782385711622391,COMPLETE
90,0.6543364352651504,2026-10-06 10:19:45.504354,2026-10-06 10:19:48.437046,0 days 00:00:02.932692,0.8791706249246815,0.9094586671102167,0.0010711106420078274,0.0024092880970431043,128,8,"(3, 7)",64.0,"(5, 7)",32.0,"(5, 7)",0.22640993785545552,14,3,Adam,,,,,,,PRUNED
91,0.9031620834534704,2026-10-06 10:19:48.604663,2026-10-06 10:20:02.328800,0 days 00:00:13.724137,0.8823571123140865,0.9290522921704583,0.0018052979345691222,0.00135576941564699,128,8,"(3, 7)",64.0,"(5, 7)",64.0,"(3, 7)",0.2516774122220965,11,3,Adam,,,,43.0,0.9159090909090909,0.8904150759978497,COMPLETE
92,0.8547963621858763,2026-10-06 10:20:02.499740,2026-10-06 10:20:14.536965,0 days 00:00:12.037225,0.8739467387984052,0.9310173011591837,0.0015280574554708392,0.0017066601462165448,128,8,"(3, 7)",64.0,"(5, 7)",64.0,"(3, 7)",0.25395839988990215,10,3,Adam,,,,,,,PRUNED
93,0.8900744189094418,2026-10-06 10:20:14.713174,2026-10-06 10:20:29.359785,0 days 00:00:14.646611,0.8868116770925102,0.913048166346612,0.001864738473457251,0.002768474530529448,128,8,"(3, 7)",64.0,"(5, 7)",64.0,"(3, 7)",0.23830390258360812,11,3,Adam,,,,44.0,0.9068181818181819,0.8733306560007018,COMPLETE
94,0.8754587285915607,2026-10-06 10:20:29.532557,2026-10-06 10:20:44.014235,0 days 00:00:14.481678,0.8968265608802289,0.9158908142595972,0.0013221803226111874,0.001220904862085526,128,8,"(3, 7)",64.0,"(5, 7)",64.0,"(3, 7)",0.294687012532148,13,3,Adam,,,,49.0,0.8886363636363637,0.8622810935467576,COMPLETE
95,0.7143695621409664,2026-10-06 10:20:44.188211,2026-10-06 10:20:47.997354,0 days 00:00:03.809143,0.8806728721825618,0.9285202962105937,0.001901480322005746,0.0038731164253734303,128,8,"(3, 7)",64.0,"(5, 7)",64.0,"(3, 7)",0.05128978207468571,18,3,Adam,,,,,,,PRUNED
96,0.5915329102208241,2026-10-06 10:20:48.167485,2026-10-06 10:20:50.900348,0 days 00:00:02.732863,0.8835536259440873,0.9227359485782477,0.002543816415972887,0.002280020494288971,128,8,"(3, 7)",64.0,"(5, 7)",16.0,"(3, 7)",0.20956165643722655,12,3,Adam,,,,,,,PRUNED
97,0.6025122609800029,2026-10-06 10:20:51.068195,2026-10-06 10:20:54.224638,0 days 00:00:03.156443,0.8681263993586108,0.9055879175833373,0.003228211093442551,0.004623299871258527,128,8,"(3, 7)",64.0,"(5, 7)",64.0,"(5, 7)",0.26607731921548833,11,3,Adam,,,,,,,PRUNED
98,0.1805960369576608,2026-10-06 10:20:54.397846,2026-10-06 10:20:57.269639,0 days 00:00:02.871793,,,,,128,8,"(3, 7)",64.0,"(5, 7)",32.0,"(3, 7)",0.1617277533464679,10,3,SGD,0.0009724956469450141,0.8500083955556866,0.0007169095168933433,,,,PRUNED
99,0.6422454066772046,2026-10-06 10:20:57.442079,2026-10-06 10:21:04.325056,0 days 00:00:06.882977,0.9618508810016274,0.9030795107531314,0.0017585184163592378,0.0014898975476315415,64,64,"(3, 7)",64.0,"(3, 5)",32.0,"(5, 7)",0.25353299636997845,15,3,Adam,,,,,,,PRUNED
