number,value,datetime_start,datetime_complete,duration,params_adam_beta1,params_adam_beta2,params_adam_lr,params_adam_wd,params_batch_size,params_block_0_filters,params_block_0_kernel_pair,params_block_1_filters,params_block_1_kernel_pair,params_block_2_filters,params_block_2_kernel_pair,params_lr_decay,params_lr_step_size,params_n_blocks,params_optimizer,params_sgd_lr,params_sgd_momentum,params_sgd_wd,user_attrs_best_epoch,user_attrs_validation_accuracy,user_attrs_validation_macro_f1,state
76,0.3582528473129956,2026-10-05 18:17:01.919520,2026-10-05 18:17:04.013102,0 days 00:00:02.093582,0.8566090363695108,0.9072216234716324,0.0058944510117449654,0.0027889525066487775,200,64,"(3, 5)",64.0,"(3, 5)",16.0,"(5, 7)",0.3962725608871913,12,3,Adam,,,,,,,PRUNED
77,0.3590257214401479,2026-10-05 18:17:04.159357,2026-10-05 18:17:06.350723,0 days 00:00:02.191366,,,,,200,16,"(3, 5)",64.0,"(3, 7)",16.0,"(3, 5)",0.28305148104538597,11,3,SGD,0.010927020508029723,0.8344879045053284,9.545076113550844e-06,,,,PRUNED
78,0.267073362441668,2026-10-05 18:17:06.501136,2026-10-05 18:17:08.620430,0 days 00:00:02.119294,0.8750367921283025,0.9093612758105215,0.0045586705123457335,0.005970254945605665,200,64,"(3, 5)",8.0,"(5, 7)",16.0,"(3, 5)",0.387223451888982,14,3,Adam,,,,,,,PRUNED
79,0.44638305168609016,2026-10-05 18:17:08.768273,2026-10-05 18:17:10.927953,0 days 00:00:02.159680,,,,,200,8,"(3, 5)",64.0,"(5, 7)",8.0,"(3, 5)",0.4098053020931808,17,3,SGD,0.024224682004020164,0.9234935312749478,0.00272917544783395,,,,PRUNED
80,0.5436467044150399,2026-10-05 18:17:11.078118,2026-10-05 18:17:14.546517,0 days 00:00:03.468399,0.8632248702705735,0.9178944123467042,0.002059285708221014,0.003443789170104936,128,64,"(3, 5)",32.0,"(3, 7)",32.0,"(3, 5)",0.484432702353368,12,3,Adam,,,,,,,PRUNED
81,0.8358044675603438,2026-10-05 18:17:14.698538,2026-10-05 18:17:24.010718,0 days 00:00:09.312180,0.8750289327710283,0.9049931694935971,0.001451253366831611,0.0010180402780005466,200,64,"(3, 5)",64.0,"(5, 7)",32.0,"(3, 5)",0.44265895119275667,13,3,Adam,,,,48.0,0.8464285714285714,0.825180363692116,COMPLETE
82,0.8373562461965869,2026-10-05 18:17:24.159184,2026-10-05 18:17:33.436151,0 days 00:00:09.276967,0.872360140749896,0.9041960228957362,0.0015246348446844831,0.001101360565527809,200,64,"(3, 5)",64.0,"(5, 7)",32.0,"(3, 5)",0.4503206484150007,13,3,Adam,,,,49.0,0.8446428571428571,0.8300696352503165,COMPLETE
83,0.8238124362185089,2026-10-05 18:17:33.581069,2026-10-05 18:17:42.850977,0 days 00:00:09.269908,0.8733935435188253,0.9039368362088226,0.0015061223713020995,0.0014331728464185508,200,64,"(3, 5)",64.0,"(5, 7)",32.0,"(3, 5)",0.4220316660080601,14,3,Adam,,,,39.0,0.8285714285714286,0.8190534438655891,COMPLETE
84,0.5274589153492042,2026-10-05 18:17:43.001924,2026-10-05 18:17:44.873645,0 days 00:00:01.871721,0.8745297533495469,0.9054097047145858,0.0009812118749144394,0.0013505425167407387,200,64,"(3, 5)",64.0,"(5, 7)",8.0,"(3, 5)",0.42310125816060806,15,3,Adam,,,,,,,PRUNED
85,0.7890803216023814,2026-10-05 18:17:45.022665,2026-10-05 18:17:52.928787,0 days 00:00:07.906122,0.8584066395287422,0.9037251844221827,0.0007984367596012956,0.002084615414366109,256,16,"(3, 7)",64.0,"(5, 7)",16.0,"(3, 5)",0.40381349544917977,14,3,Adam,,,,41.0,0.8071428571428572,0.7710177860619056,COMPLETE
86,0.40873155139740486,2026-10-05 18:17:53.077249,2026-10-05 18:17:55.032891,0 days 00:00:01.955642,,,,,200,64,"(3, 5)",64.0,"(5, 7)",32.0,"(5, 7)",0.4399415293005798,19,3,SGD,0.05669052437281443,0.7490482623379036,1.4895189011670005e-06,,,,PRUNED
87,0.8145127025737104,2026-10-05 18:17:55.180253,2026-10-05 18:18:04.441928,0 days 00:00:09.261675,0.866158990070232,0.9005388840612395,0.0012732630337359049,0.006315081395210525,200,64,"(3, 5)",64.0,"(5, 7)",32.0,"(3, 7)",0.3562450703662082,10,3,Adam,,,,40.0,0.8232142857142857,0.8058111194331353,COMPLETE
88,0.7942940718279499,2026-10-05 18:18:04.589403,2026-10-05 18:18:14.806523,0 days 00:00:10.217120,0.8670495989088929,0.9124151003304074,0.0015403300173834399,0.007721851633425294,200,64,"(3, 5)",64.0,"(3, 7)",32.0,"(3, 7)",0.31900320606536114,10,3,Adam,,,,33.0,0.8035714285714286,0.7850167150844711,COMPLETE
89,0.3655935836011567,2026-10-05 18:18:14.954085,2026-10-05 18:18:17.074226,0 days 00:00:02.120141,,,,,200,16,"(3, 5)",64.0,"(5, 7)",32.0,"(3, 7)",0.3547606805419886,35,3,SGD,0.029675558325088284,0.7818911689496897,0.007312667856770455,,,,PRUNED
90,0.5555290349946078,2026-10-05 18:18:17.221539,2026-10-05 18:18:21.522709,0 days 00:00:04.301170,0.8717488331515384,0.9005644862216449,0.001101997657423724,0.004769314950255947,128,64,"(3, 5)",64.0,"(3, 5)",16.0,"(3, 7)",0.37106782330356614,11,3,Adam,,,,,,,PRUNED
91,0.5319177503695666,2026-10-05 18:18:21.673371,2026-10-05 18:18:23.952724,0 days 00:00:02.279353,0.8644312758851365,0.9039392910355474,0.001288327432492748,0.006731974523548593,200,64,"(3, 5)",64.0,"(5, 7)",32.0,"(3, 7)",0.42768142639928997,15,3,Adam,,,,,,,PRUNED
92,0.7971890369547368,2026-10-05 18:18:24.102934,2026-10-05 18:18:33.329174,0 days 00:00:09.226240,0.8508522755881063,0.9082077315640371,0.0009059191526546837,0.0005954383737608071,200,64,"(3, 5)",64.0,"(5, 7)",32.0,"(3, 7)",0.38333051762574755,13,3,Adam,,,,44.0,0.8053571428571429,0.7890209310523305,COMPLETE
93,0.7827712765529772,2026-10-05 18:18:33.478130,2026-10-05 18:18:42.731257,0 days 00:00:09.253127,0.8790018140119307,0.9178195547588476,0.001474381389877261,0.002600928306914624,200,64,"(3, 5)",64.0,"(5, 7)",32.0,"(3, 5)",0.25608217385610876,11,3,Adam,,,,31.0,0.7928571428571428,0.7726854102488115,COMPLETE
94,0.4678385319123676,2026-10-05 18:18:42.878310,2026-10-05 18:18:44.803718,0 days 00:00:01.925408,0.8564509475695111,0.9118037538077801,0.002709792443123514,0.004313168526454067,200,64,"(3, 5)",64.0,"(5, 7)",32.0,"(3, 7)",0.4155000484707143,14,3,Adam,,,,,,,PRUNED
95,0.8080181524502734,2026-10-05 18:18:44.953577,2026-10-05 18:18:54.985261,0 days 00:00:10.031684,0.8600874251115,0.9027820292481727,0.0012085937789785804,0.001721743318119319,200,8,"(3, 7)",64.0,"(5, 7)",32.0,"(3, 5)",0.33433109589103754,17,3,Adam,,,,43.0,0.8125,0.8035363049005467,COMPLETE
96,0.37303932132108764,2026-10-05 18:18:55.132333,2026-10-05 18:18:57.063707,0 days 00:00:01.931374,0.8697158761846664,0.9256856415156669,0.002358368874113002,0.009409542438430785,200,64,"(3, 5)",64.0,"(5, 7)",32.0,"(3, 5)",0.4010824540472906,10,3,Adam,,,,,,,PRUNED
97,0.35512126685408374,2026-10-05 18:18:57.214952,2026-10-05 18:18:58.886423,0 days 00:00:01.671471,,,,,256,64,"(3, 5)",8.0,"(5, 7)",8.0,"(3, 7)",0.2955453484371688,40,3,SGD,0.09470110736003294,0.7091676891369788,0.0005101663588765107,,,,PRUNED
98,0.30937008091169005,2026-10-05 18:18:59.034106,2026-10-05 18:19:00.083765,0 days 00:00:01.049659,0.9459635166575938,0.9055563200242883,0.001036134326034135,0.0012125961992108074,200,16,"(3, 5)",,,,,0.47006395645809185,36,1,Adam,,,,,,,PRUNED
99,0.5079436386917363,2026-10-05 18:19:00.231820,2026-10-05 18:19:02.257555,0 days 00:00:02.025735,0.8791717679510911,0.9141406573711305,0.001856860457878912,2.7288000043697003e-06,200,64,"(3, 5)",16.0,"(5, 7)",32.0,"(3, 5)",0.3764870096676846,38,3,Adam,,,,,,,PRUNED
