number,value,datetime_start,datetime_complete,duration,params_adam_beta1,params_adam_beta2,params_adam_lr,params_adam_wd,params_batch_size,params_block_0_filters,params_block_0_kernel_pair,params_block_1_filters,params_block_1_kernel_pair,params_block_2_filters,params_block_2_kernel_pair,params_lr_decay,params_lr_step_size,params_n_blocks,params_optimizer,params_sgd_lr,params_sgd_momentum,params_sgd_wd,user_attrs_best_epoch,user_attrs_validation_accuracy,user_attrs_validation_macro_f1,state
0,0.5151583270385838,2026-10-05 18:04:03.090859,2026-10-05 18:04:09.894890,0 days 00:00:06.804031,0.8907720796277259,0.9611241041827657,0.0011207606211860567,5.34293726127978e-05,200,8,"(5, 7)",64.0,"(3, 5)",,,0.1814650918408482,14,2,Adam,,,,40.0,0.5339285714285714,0.4963880826485961,COMPLETE
1,0.5156197120492094,2026-10-05 18:04:10.041183,2026-10-05 18:04:40.100650,0 days 00:00:30.059467,0.8936395506525175,0.9519547953156633,0.00032927591344236165,0.0004467752817973908,64,32,"(5, 7)",8.0,"(5, 7)",,,0.13318450498648718,26,2,Adam,,,,34.0,0.5142857142857142,0.5169537098127046,COMPLETE
2,0.20717016443185818,2026-10-05 18:04:40.255509,2026-10-05 18:05:06.995368,0 days 00:00:26.739859,,,,,64,8,"(3, 7)",8.0,"(3, 7)",,,0.3780532256184443,31,2,SGD,0.00039459088111000007,0.7016014139658446,0.0018274508859816032,42.0,0.23035714285714284,0.1839831860065735,COMPLETE
3,0.565167160423756,2026-10-05 18:05:07.151714,2026-10-05 18:05:17.163639,0 days 00:00:10.011925,0.9074536092249882,0.9754795587404506,0.006533305220227739,9.935023909063694e-06,200,8,"(3, 7)",8.0,"(5, 7)",16.0,"(5, 7)",0.08464095942295685,17,3,Adam,,,,38.0,0.5678571428571428,0.5624771779903693,COMPLETE
4,0.2986977480804796,2026-10-05 18:05:17.311623,2026-10-05 18:05:23.893753,0 days 00:00:06.582130,,,,,256,64,"(5, 7)",64.0,"(3, 7)",,,0.19544131940933984,39,2,SGD,0.00046379219034580355,0.734760956526768,2.2410971619109514e-05,40.0,0.3107142857142857,0.2866812104466735,COMPLETE
5,0.2613267096765567,2026-10-05 18:05:24.039574,2026-10-05 18:05:28.421576,0 days 00:00:04.382002,,,,,128,16,"(3, 7)",32.0,"(5, 7)",32.0,"(3, 5)",0.06834881369964377,15,3,SGD,0.00018658181360124853,0.942237723720879,1.91920011015619e-05,,,,PRUNED
6,0.2709524098916024,2026-10-05 18:05:28.568418,2026-10-05 18:05:29.506082,0 days 00:00:00.937664,0.942397766444785,0.9816404978001014,0.005684322462212271,1.0758866306767913e-05,256,32,"(3, 5)",,,,,0.28834276026020295,27,1,Adam,,,,,,,PRUNED
7,0.7261621754342755,2026-10-05 18:05:29.650628,2026-10-05 18:05:36.124430,0 days 00:00:06.473802,0.941274576330364,0.92240450401511,0.0012516058337570376,0.0005855726588796257,256,64,"(3, 5)",32.0,"(5, 7)",,,0.15676208937356004,32,2,Adam,,,,47.0,0.7464285714285714,0.7058957794399795,COMPLETE
8,0.20616183024185813,2026-10-05 18:05:36.269935,2026-10-05 18:05:37.415660,0 days 00:00:01.145725,,,,,256,8,"(3, 7)",8.0,"(3, 5)",,,0.4792678596511643,39,2,SGD,0.00011828996391101285,0.8871869658130787,5.110256715654393e-06,,,,PRUNED
9,0.2727011041347542,2026-10-05 18:05:37.564021,2026-10-05 18:05:38.784599,0 days 00:00:01.220578,,,,,256,8,"(3, 7)",32.0,"(5, 7)",,,0.36611783779419915,31,2,SGD,0.003589128083678789,0.9544381908591071,0.0009184900818511545,,,,PRUNED
10,0.320497102104245,2026-10-05 18:05:38.930858,2026-10-05 18:05:40.418461,0 days 00:00:01.487603,0.9843679044323588,0.9016745065369487,0.00011695680465873889,0.00427227481622679,128,64,"(3, 5)",,,,,0.4965631994571517,21,1,Adam,,,,,,,PRUNED
11,0.6182747706349365,2026-10-05 18:05:40.563925,2026-10-05 18:05:51.079213,0 days 00:00:10.515288,0.9291113036283782,0.9137520552784373,0.008062496199691363,2.45154926944879e-06,200,64,"(3, 5)",16.0,"(5, 7)",16.0,"(5, 7)",0.06571336538783236,11,3,Adam,,,,50.0,0.6071428571428571,0.6294066841270158,COMPLETE
12,0.7344034848287901,2026-10-05 18:05:51.225514,2026-10-05 18:06:01.443882,0 days 00:00:10.218368,0.9359375284814061,0.9161185539332128,0.0019805966500953624,1.4922793084343676e-06,200,64,"(3, 5)",16.0,"(5, 7)",64.0,"(3, 7)",0.21780567851349186,11,3,Adam,,,,40.0,0.7428571428571429,0.7259498268004373,COMPLETE
13,0.7687073945569554,2026-10-05 18:06:01.592193,2026-10-05 18:06:12.187355,0 days 00:00:10.595162,0.9588435823568012,0.9285734785659082,0.0014745800867614523,0.008525986234166632,200,64,"(3, 5)",16.0,"(5, 7)",64.0,"(3, 7)",0.23398832820347587,20,3,Adam,,,,41.0,0.7803571428571429,0.7570576462567679,COMPLETE
14,0.7835880372972919,2026-10-05 18:06:12.336986,2026-10-05 18:06:22.942372,0 days 00:00:10.605386,0.9777565471619074,0.9347077062675608,0.0016516444441349292,0.005663330360145495,200,64,"(3, 5)",16.0,"(5, 7)",64.0,"(3, 7)",0.2524346645276019,20,3,Adam,,,,45.0,0.7928571428571428,0.7743189317374409,COMPLETE
15,0.4939826320172366,2026-10-05 18:06:23.087569,2026-10-05 18:06:26.386536,0 days 00:00:03.298967,0.9864088573678576,0.9397023632102846,0.0025416230168496166,0.008625921594816267,200,16,"(3, 5)",16.0,"(5, 7)",64.0,"(3, 7)",0.2677456823024902,22,3,Adam,,,,,,,PRUNED
16,0.7169851038908959,2026-10-05 18:06:26.539537,2026-10-05 18:06:36.830144,0 days 00:00:10.290607,0.9633748451379271,0.9362131405678464,0.0005452479651235387,0.0020245245796914825,200,64,"(3, 5)",16.0,"(3, 7)",64.0,"(3, 7)",0.2705109674290793,20,3,Adam,,,,44.0,0.7321428571428571,0.7018273506389345,COMPLETE
17,0.39322556401623016,2026-10-05 18:06:36.975418,2026-10-05 18:06:38.910072,0 days 00:00:01.934654,0.9646175176924592,0.9358530380323666,0.00341238984344947,0.0011305193846066774,200,64,"(3, 5)",16.0,"(3, 5)",8.0,"(3, 7)",0.3485917304107228,25,3,Adam,,,,,,,PRUNED
18,0.6844651530653758,2026-10-05 18:06:39.057047,2026-10-05 18:06:49.645883,0 days 00:00:10.588836,0.8532024120947369,0.9998414080593598,0.0008362834679684716,0.00020867372120342439,200,64,"(3, 5)",16.0,"(5, 7)",64.0,"(3, 7)",0.3227014924540389,18,3,Adam,,,,49.0,0.6857142857142857,0.683216020416466,COMPLETE
19,0.4228321882395057,2026-10-05 18:06:49.794536,2026-10-05 18:06:53.157496,0 days 00:00:03.362960,0.9572542345350198,0.9282231283731439,0.0003763072641141169,0.009975834759411994,128,16,"(3, 5)",16.0,"(5, 7)",64.0,"(3, 5)",0.4315189900386721,23,3,Adam,,,,,,,PRUNED
20,0.3897822131863037,2026-10-05 18:06:53.309933,2026-10-05 18:07:01.028614,0 days 00:00:07.718681,0.9696016225536224,0.9508024485684475,0.002207099048728947,0.0025899463901557225,64,32,"(5, 7)",16.0,"(3, 5)",8.0,"(3, 7)",0.24000120310387785,18,3,Adam,,,,,,,PRUNED
21,0.7187215450903437,2026-10-05 18:07:01.174327,2026-10-05 18:07:11.405441,0 days 00:00:10.231114,0.9264553704650922,0.9101099658053613,0.0015790778941155248,7.906968712114365e-05,200,64,"(3, 5)",16.0,"(5, 7)",64.0,"(3, 7)",0.21936673332542175,11,3,Adam,,,,42.0,0.7339285714285714,0.703514518752116,COMPLETE
22,0.7280192787318783,2026-10-05 18:07:11.553217,2026-10-05 18:07:21.509389,0 days 00:00:09.956172,0.9497392610788702,0.920823900451477,0.0035466289094192335,1.655199939077786e-06,200,64,"(3, 5)",16.0,"(5, 7)",64.0,"(3, 7)",0.13563575236045183,15,3,Adam,,,,27.0,0.7357142857142858,0.7203242717494709,COMPLETE
23,0.47687621640995537,2026-10-05 18:07:21.656883,2026-10-05 18:07:23.864385,0 days 00:00:02.207502,0.9758033964927972,0.9005068169667021,0.0007663566718989729,2.1192378750706467e-05,200,64,"(3, 5)",16.0,"(5, 7)",64.0,"(3, 7)",0.23319507062916675,10,3,Adam,,,,,,,PRUNED
24,0.8188793447811846,2026-10-05 18:07:24.009450,2026-10-05 18:07:33.239166,0 days 00:00:09.229716,0.9203547348942313,0.9306220807027944,0.0020336021581969558,1.0168252854921718e-06,200,64,"(3, 5)",64.0,"(5, 7)",32.0,"(3, 7)",0.3077344904518059,14,3,Adam,,,,46.0,0.8232142857142857,0.8145444038480836,COMPLETE
25,0.46844353309599984,2026-10-05 18:07:33.391263,2026-10-05 18:07:36.217803,0 days 00:00:02.826540,0.9142997378661454,0.9469048256346458,0.003961134872928458,0.003944987817143686,200,64,"(3, 5)",64.0,"(3, 7)",32.0,"(3, 7)",0.3200998395267282,14,3,Adam,,,,,,,PRUNED
26,0.2163802128628211,2026-10-05 18:07:36.366044,2026-10-05 18:07:38.306356,0 days 00:00:01.940312,,,,,200,64,"(3, 5)",64.0,"(5, 7)",32.0,"(5, 7)",0.29855547814897887,19,3,SGD,0.08934102051406673,0.8157442521220594,0.00836060330143636,,,,PRUNED
27,0.8150142195721013,2026-10-05 18:07:38.456611,2026-10-05 18:07:47.768807,0 days 00:00:09.312196,0.8674307948162976,0.9336516967375155,0.001381971903597834,0.0009222598413789368,200,64,"(3, 5)",64.0,"(5, 7)",32.0,"(3, 5)",0.42270657470032447,24,3,Adam,,,,48.0,0.8232142857142857,0.8068141534299169,COMPLETE
28,0.788182610093178,2026-10-05 18:07:47.916127,2026-10-05 18:08:20.240350,0 days 00:00:32.324223,0.8538761061655007,0.9650316598553094,0.0007262403728100837,0.00022294713748965113,64,32,"(5, 7)",64.0,"(5, 7)",,,0.4110193629507534,29,2,Adam,,,,49.0,0.8089285714285714,0.7674366487577846,COMPLETE
29,0.3059381935571046,2026-10-05 18:08:20.388408,2026-10-05 18:08:23.647843,0 days 00:00:03.259435,0.8510187436535529,0.9624826151648719,0.0001908509454057947,0.0001660665009421049,64,32,"(5, 7)",,,,,0.4168489404457174,35,1,Adam,,,,,,,PRUNED
30,0.7787768177187051,2026-10-05 18:08:23.805574,2026-10-05 18:08:57.225938,0 days 00:00:33.420364,0.8625398459743207,0.9753303513468117,0.0006719476607024371,0.0007663108860656916,64,32,"(5, 7)",64.0,"(5, 7)",,,0.4182445471593724,28,2,Adam,,,,44.0,0.7964285714285714,0.761125064008839,COMPLETE
31,0.7853668752597693,2026-10-05 18:08:57.380420,2026-10-05 18:09:30.819308,0 days 00:00:33.438888,0.8714569730214928,0.942836262747265,0.0010345483171807135,0.0002832676223083207,64,32,"(5, 7)",64.0,"(5, 7)",,,0.4439369051138006,24,2,Adam,,,,46.0,0.8,0.7707337505195386,COMPLETE
32,0.7841109366898487,2026-10-05 18:09:30.974555,2026-10-05 18:10:02.635105,0 days 00:00:31.660550,0.8705373410078656,0.9456421466740621,0.0009308481675403109,0.0002557469183837291,64,32,"(5, 7)",64.0,"(5, 7)",,,0.4539918612583068,24,2,Adam,,,,41.0,0.8053571428571429,0.7628647305225543,COMPLETE
33,0.749576130215555,2026-10-05 18:10:02.788568,2026-10-05 18:10:34.580402,0 days 00:00:31.791834,0.8689458341518098,0.9636025126348023,0.0005001555723315415,5.489655542761226e-05,64,32,"(5, 7)",64.0,"(3, 5)",,,0.39433149846719207,28,2,Adam,,,,45.0,0.7571428571428571,0.742009403288253,COMPLETE
34,0.6806102214635141,2026-10-05 18:10:34.733845,2026-10-05 18:10:55.840828,0 days 00:00:21.106983,0.8846330538485027,0.9561768343052293,0.001180173771983269,0.0013950279376422085,64,32,"(5, 7)",64.0,"(5, 7)",,,0.3888621530722207,33,2,Adam,,,,,,,PRUNED
35,0.3074315229381198,2026-10-05 18:10:55.994757,2026-10-05 18:10:59.318027,0 days 00:00:03.323270,0.8788351641789689,0.926968691171743,0.0025955282698230365,4.2118960519897026e-06,64,32,"(5, 7)",,,,,0.43845815213921835,29,1,Adam,,,,,,,PRUNED
36,0.8713605204293354,2026-10-05 18:10:59.466083,2026-10-05 18:11:31.550673,0 days 00:00:32.084590,,,,,64,32,"(5, 7)",64.0,"(5, 7)",,,0.462198490499664,35,2,SGD,0.09745194331584835,0.8117426077747023,0.00018931606899562868,45.0,0.8785714285714286,0.8641496122872423,COMPLETE
37,0.8350177786071746,2026-10-05 18:11:31.717890,2026-10-05 18:12:01.455613,0 days 00:00:29.737723,,,,,64,16,"(5, 7)",64.0,"(3, 7)",,,0.487601766637489,36,2,SGD,0.0886125123732829,0.8094981708124449,0.0001778073063449008,48.0,0.8535714285714285,0.8164641286429208,COMPLETE
38,0.39017335817222065,2026-10-05 18:12:01.612599,2026-10-05 18:12:03.848234,0 days 00:00:02.235635,,,,,128,16,"(5, 7)",64.0,"(3, 7)",,,0.4695389464988091,36,2,SGD,0.07924516553481945,0.8173046196285287,0.0002640464817257266,,,,PRUNED
39,0.30372495037934494,2026-10-05 18:12:03.994565,2026-10-05 18:12:07.277065,0 days 00:00:03.282500,,,,,64,16,"(3, 7)",,,,,0.4950170307227379,37,1,SGD,0.019078067273436094,0.8014242956778237,0.0001485845613731394,,,,PRUNED
40,0.39748121130215086,2026-10-05 18:12:07.424519,2026-10-05 18:12:12.735954,0 days 00:00:05.311435,,,,,64,16,"(5, 7)",64.0,"(3, 7)",,,0.4693249428993299,34,2,SGD,0.017340452027858465,0.859939176694211,6.946791944533758e-05,,,,PRUNED
41,0.42507275863811655,2026-10-05 18:12:12.881426,2026-10-05 18:12:18.290789,0 days 00:00:05.409363,,,,,64,8,"(5, 7)",64.0,"(3, 7)",,,0.4123376402347873,40,2,SGD,0.025879369271037858,0.7769149696617731,1.4615390634862368e-06,,,,PRUNED
42,0.4657243460466133,2026-10-05 18:12:18.441024,2026-10-05 18:12:24.031604,0 days 00:00:05.590580,,,,,64,16,"(5, 7)",64.0,"(3, 7)",,,0.36141314770481225,30,2,SGD,0.04117271490922766,0.8699221429274925,0.0010121631254262874,,,,PRUNED
43,0.4550145365277587,2026-10-05 18:12:24.183695,2026-10-05 18:12:29.441500,0 days 00:00:05.257805,,,,,64,32,"(5, 7)",64.0,"(3, 7)",,,0.461064424595543,38,2,SGD,0.009342671043588838,0.7717618576974484,0.00027995569445774296,,,,PRUNED
44,0.3130544649406476,2026-10-05 18:12:29.592545,2026-10-05 18:12:30.806481,0 days 00:00:01.213936,,,,,256,8,"(3, 7)",64.0,"(5, 7)",,,0.4862077505544204,32,2,SGD,0.0051525153208251805,0.8430762301249815,4.6668808505473564e-05,,,,PRUNED
45,0.2624506810770008,2026-10-05 18:12:30.955018,2026-10-05 18:12:32.400799,0 days 00:00:01.445781,,,,,128,32,"(5, 7)",,,,,0.34280882514679584,26,1,SGD,0.09376019685786002,0.9092559613317787,0.003614988674639382,,,,PRUNED
46,0.3558052186721726,2026-10-05 18:12:32.544844,2026-10-05 18:12:37.710138,0 days 00:00:05.165294,,,,,64,16,"(5, 7)",8.0,"(5, 7)",,,0.40794104447416996,36,2,SGD,0.04483504578849575,0.7550811510236566,0.0005572179221054206,,,,PRUNED
47,0.29139872189259985,2026-10-05 18:12:37.859891,2026-10-05 18:12:39.085725,0 days 00:00:01.225834,,,,,256,32,"(3, 7)",64.0,"(3, 5)",,,0.454077826889007,34,2,SGD,0.04146272194180066,0.9836258469519464,9.665665422951596e-05,,,,PRUNED
48,0.2898449508251797,2026-10-05 18:12:39.230555,2026-10-05 18:12:42.674106,0 days 00:00:03.443551,,,,,64,8,"(5, 7)",,,,,0.1837829491520961,31,1,SGD,0.009483744295241327,0.7938472512653627,8.405256779296173e-06,,,,PRUNED
49,0.3133642036942673,2026-10-05 18:12:42.821505,2026-10-05 18:12:48.204946,0 days 00:00:05.383441,,,,,64,16,"(5, 7)",32.0,"(3, 7)",,,0.09545576826228844,38,2,SGD,0.0033506902399391297,0.8356398417079406,0.0003296671774897275,,,,PRUNED
50,0.2718490037909812,2026-10-05 18:12:48.353665,2026-10-05 18:12:49.750438,0 days 00:00:01.396773,,,,,200,32,"(3, 7)",64.0,"(5, 7)",,,0.3774704843605199,16,2,SGD,0.0016044463207697517,0.7318390272384522,3.25125752585146e-05,,,,PRUNED
51,0.7858675220106124,2026-10-05 18:12:49.896322,2026-10-05 18:13:22.557802,0 days 00:00:32.661480,0.899001900053593,0.9412392219689986,0.0009439141454314723,9.197197104703415e-05,64,32,"(5, 7)",64.0,"(5, 7)",,,0.43464690897456754,26,2,Adam,,,,45.0,0.8035714285714286,0.7681636154497962,COMPLETE
52,0.7393282821642233,2026-10-05 18:13:22.709145,2026-10-05 18:13:55.695655,0 days 00:00:32.986510,0.9019142427320336,0.9691758027883178,0.00035199453619463357,2.4339489591749993e-05,64,32,"(5, 7)",64.0,"(5, 7)",,,0.4334334261237136,26,2,Adam,,,,45.0,0.7464285714285714,0.7322279928998752,COMPLETE
53,0.7619775376959366,2026-10-05 18:13:55.849656,2026-10-05 18:14:27.928897,0 days 00:00:32.079241,0.8935449733624893,0.9861870149322707,0.0006118322950108881,0.00012115583911699163,64,32,"(5, 7)",64.0,"(5, 7)",,,0.39762262989358443,22,2,Adam,,,,46.0,0.7660714285714286,0.7578836468204446,COMPLETE
54,0.7519337345047167,2026-10-05 18:14:28.085122,2026-10-05 18:15:02.133659,0 days 00:00:34.048537,0.907085378636893,0.9572725433866468,0.00025587898640595737,0.00042161367991685913,64,64,"(5, 7)",64.0,"(5, 7)",,,0.4791500071379781,30,2,Adam,,,,49.0,0.7732142857142857,0.7306531832951476,COMPLETE
55,0.47473774657234147,2026-10-05 18:15:02.294324,2026-10-05 18:15:05.424725,0 days 00:00:03.130401,0.9158457783143082,0.9319792274954448,0.001116921315866657,3.125220608299712e-05,128,32,"(3, 5)",8.0,"(5, 7)",32.0,"(3, 5)",0.425845814750406,27,3,Adam,,,,,,,PRUNED
56,0.4759246064096439,2026-10-05 18:15:05.576309,2026-10-05 18:15:06.995706,0 days 00:00:01.419397,0.8992134286917026,0.9503876981444709,0.00046186167186093856,1.1210323882234452e-05,256,64,"(5, 7)",32.0,"(5, 7)",,,0.3689229903995035,32,2,Adam,,,,,,,PRUNED
57,0.5198801829615769,2026-10-05 18:15:07.144502,2026-10-05 18:15:09.150031,0 days 00:00:02.005529,0.8591027052621187,0.9211296788806739,0.004747262435969267,6.293714834035547e-06,200,32,"(3, 5)",64.0,"(5, 7)",32.0,"(3, 5)",0.4970978058421912,25,3,Adam,,,,,,,PRUNED
58,0.8037725396503947,2026-10-05 18:15:09.296813,2026-10-05 18:15:18.588496,0 days 00:00:09.291683,0.8842300162290129,0.9896861211096369,0.001853589915724768,0.00042253824122095133,200,64,"(3, 5)",64.0,"(5, 7)",32.0,"(3, 5)",0.449428510310635,13,3,Adam,,,,45.0,0.8089285714285714,0.798616507872218,COMPLETE
59,0.775450645036838,2026-10-05 18:15:18.735551,2026-10-05 18:15:29.337554,0 days 00:00:10.602003,0.8751416463618457,0.9939711667192027,0.001964814064487829,0.0004953845497010149,200,64,"(3, 5)",64.0,"(3, 5)",32.0,"(3, 5)",0.4743456799095318,13,3,Adam,,,,49.0,0.7892857142857143,0.7616155757879618,COMPLETE
60,0.3214394903335416,2026-10-05 18:15:29.486781,2026-10-05 18:15:31.658101,0 days 00:00:02.171320,,,,,200,64,"(3, 5)",8.0,"(5, 7)",32.0,"(3, 5)",0.44595676631007,13,3,SGD,0.050435680358126275,0.8970746934265295,0.0001447123344793721,,,,PRUNED
61,0.7965368875189314,2026-10-05 18:15:31.806501,2026-10-05 18:15:41.203647,0 days 00:00:09.397146,0.8845412467357392,0.9847089140330834,0.0013802356351777416,0.0008958298249169024,200,64,"(3, 5)",64.0,"(5, 7)",32.0,"(3, 5)",0.45880088479672854,16,3,Adam,,,,48.0,0.8071428571428572,0.7859309178950057,COMPLETE
62,0.7942720407300452,2026-10-05 18:15:41.348940,2026-10-05 18:15:50.575535,0 days 00:00:09.226595,0.8857980158688249,0.9872344936406543,0.0013717525874472269,0.0010797544639059233,200,64,"(3, 5)",64.0,"(5, 7)",32.0,"(3, 5)",0.4595193084546832,12,3,Adam,,,,41.0,0.8017857142857143,0.7867583671743761,COMPLETE
63,0.8065596641494936,2026-10-05 18:15:50.724885,2026-10-05 18:15:59.962075,0 days 00:00:09.237190,0.8855532326705019,0.9858302521445662,0.0017065754928390592,0.001016166557181248,200,64,"(3, 5)",64.0,"(5, 7)",32.0,"(3, 5)",0.4631689562601485,12,3,Adam,,,,47.0,0.8089285714285714,0.804190756870416,COMPLETE
64,0.4745292327549314,2026-10-05 18:16:00.108869,2026-10-05 18:16:01.982561,0 days 00:00:01.873692,0.8852744669991045,0.981860446188683,0.002773127675330895,0.001956918020367759,200,64,"(3, 5)",64.0,"(5, 7)",32.0,"(3, 5)",0.4876047198930285,16,3,Adam,,,,,,,PRUNED
65,0.7905344144172899,2026-10-05 18:16:02.127691,2026-10-05 18:16:11.354817,0 days 00:00:09.227126,0.8893911177056059,0.9740341239394901,0.001849545892429739,0.0007639936000312338,200,64,"(3, 5)",64.0,"(5, 7)",32.0,"(3, 5)",0.4665697136623686,14,3,Adam,,,,27.0,0.8053571428571429,0.7757116859774369,COMPLETE
66,0.7273343383264878,2026-10-05 18:16:11.502674,2026-10-05 18:16:20.846615,0 days 00:00:09.343941,0.8626217316693554,0.9933954554364263,0.0013447051851839043,0.00038364402284743563,200,64,"(3, 5)",32.0,"(3, 7)",32.0,"(3, 5)",0.44981103800381533,12,3,Adam,,,,,,,PRUNED
67,0.48111066859581353,2026-10-05 18:16:20.998864,2026-10-05 18:16:22.932462,0 days 00:00:01.933598,0.8783172324276862,0.9832548845923268,0.0030929128193015543,0.003017093294141512,200,64,"(3, 5)",64.0,"(5, 7)",32.0,"(3, 5)",0.48020530303957953,16,3,Adam,,,,,,,PRUNED
68,0.5322416229541048,2026-10-05 18:16:23.083897,2026-10-05 18:16:25.202447,0 days 00:00:02.118550,0.9245865517936647,0.9921290756956777,0.0022604134931746484,0.001490924482571371,200,64,"(3, 5)",64.0,"(5, 7)",16.0,"(3, 5)",0.498633746212796,10,3,Adam,,,,,,,PRUNED
69,0.33909796019921473,2026-10-05 18:16:25.351745,2026-10-05 18:16:27.275013,0 days 00:00:01.923268,0.9135547509263326,0.9977566520320565,0.008807987421550645,0.0008528366275600215,200,64,"(3, 5)",64.0,"(5, 7)",32.0,"(3, 5)",0.424525437331529,15,3,Adam,,,,,,,PRUNED
70,0.5159002668155982,2026-10-05 18:16:27.423268,2026-10-05 18:16:29.353580,0 days 00:00:01.930312,0.9362841268733479,0.977267777393265,0.0016963364051760428,1.0882330249944238e-06,200,64,"(3, 5)",64.0,"(5, 7)",32.0,"(5, 7)",0.3087538145368648,18,3,Adam,,,,,,,PRUNED
71,0.8101218908238612,2026-10-05 18:16:29.500409,2026-10-05 18:16:38.820011,0 days 00:00:09.319602,0.8828847301565725,0.9859000430477532,0.0013786341478593857,0.0010627333647641032,200,64,"(3, 5)",64.0,"(5, 7)",32.0,"(3, 5)",0.4600071634741442,12,3,Adam,,,,41.0,0.8107142857142857,0.8095294959334368,COMPLETE
72,0.7885419615885034,2026-10-05 18:16:38.965263,2026-10-05 18:16:48.151801,0 days 00:00:09.186538,0.8820835950835969,0.9862440114759449,0.0016374550343102978,0.0006491062968445112,200,64,"(3, 5)",64.0,"(5, 7)",32.0,"(3, 5)",0.44040036696811524,13,3,Adam,,,,40.0,0.8053571428571429,0.7717267803198639,COMPLETE
73,0.5174484252556255,2026-10-05 18:16:48.299213,2026-10-05 18:16:50.365786,0 days 00:00:02.066573,0.8937443547926329,0.9903034209426607,0.0022246304872081376,0.0018286002132039908,200,64,"(3, 5)",64.0,"(5, 7)",32.0,"(3, 5)",0.46139401488393106,11,3,Adam,,,,,,,PRUNED
74,0.8249472321672768,2026-10-05 18:16:50.513728,2026-10-05 18:16:59.676847,0 days 00:00:09.163119,0.864641754471889,0.9094370043145543,0.0012984748037913098,0.004292627973810321,200,64,"(3, 5)",64.0,"(5, 7)",16.0,"(3, 5)",0.3988554576797684,12,3,Adam,,,,42.0,0.8392857142857143,0.8106087500488395,COMPLETE
75,0.5086100894198087,2026-10-05 18:16:59.822219,2026-10-05 18:17:01.770356,0 days 00:00:01.948137,0.8664388502285647,0.9138887637114208,0.0011895750710308717,0.005402648949186217,200,64,"(3, 5)",64.0,"(5, 7)",16.0,"(3, 5)",0.3422218127100516,10,3,Adam,,,,,,,PRUNED
