number,value,datetime_start,datetime_complete,duration,params_adam_beta1,params_adam_beta2,params_adam_lr,params_adam_wd,params_batch_size,params_block_0_filters,params_block_0_kernel_pair,params_block_1_filters,params_block_1_kernel_pair,params_block_2_filters,params_block_2_kernel_pair,params_first_conv_filters,params_first_conv_kernel_width,params_lr_decay,params_lr_step_size,params_n_blocks,params_optimizer,params_sgd_lr,params_sgd_momentum,params_sgd_wd,user_attrs_best_epoch,user_attrs_validation_accuracy,user_attrs_validation_macro_f1,system_attrs_tpe:relative_params:0,state
0,0.7364885164749956,2026-09-16 22:42:43.261181,2026-09-16 22:42:57.951453,0 days 00:00:14.690272,0.9828439752154666,0.9964666401041485,0.00021930485556643703,1.8205657658407268e-06,128,64,"(3, 5)",32.0,"(3, 7)",64.0,"(5, 7)",32,3,0.1870761961280168,35,3,Adam,,,,49.0,0.7419354838709677,0.7310415490790234,,COMPLETE
1,0.3369282588190171,2026-09-16 22:42:58.071592,2026-09-16 22:43:14.740500,0 days 00:00:16.668908,,,,,256,16,"(5, 7)",64.0,"(5, 7)",,,64,3,0.49409912147023277,12,2,SGD,0.004247058562261873,0.7408680252426811,0.0016172900811143157,46.0,0.33548387096774196,0.33837264667029227,,COMPLETE
2,0.23258229208529058,2026-09-16 22:43:14.850389,2026-09-16 22:43:30.918346,0 days 00:00:16.067957,,,,,128,8,"(5, 7)",64.0,"(3, 7)",,,64,7,0.191460191484347,29,2,SGD,0.00011919481947918739,0.7312885138280583,1.3357240411974112e-06,34.0,0.25806451612903225,0.20710006804154893,,COMPLETE
3,0.24968859983584973,2026-09-16 22:43:31.020806,2026-09-16 22:43:42.076733,0 days 00:00:11.055927,,,,,256,64,"(5, 7)",64.0,"(3, 7)",,,16,5,0.19544131940933984,39,2,SGD,0.00046379219034580355,0.734760956526768,2.2410971619109514e-05,37.0,0.267741935483871,0.23163526418782845,,COMPLETE
4,0.2725851840473963,2026-09-16 22:43:42.197466,2026-09-16 22:43:52.182704,0 days 00:00:09.985238,,,,,128,32,"(5, 7)",32.0,"(3, 5)",,,16,7,0.06834881369964377,15,2,SGD,0.00018658181360124853,0.942237723720879,1.91920011015619e-05,19.0,0.29354838709677417,0.25162198099801836,,COMPLETE
5,0.6491920697390943,2026-09-16 22:43:52.304134,2026-09-16 22:44:20.475078,0 days 00:00:28.170944,0.9591825764200673,0.9641389614508133,0.0062261634823634615,0.0035346441441965848,64,16,"(3, 7)",64.0,"(3, 5)",,,128,5,0.1227329213425762,12,2,Adam,,,,49.0,0.6548387096774193,0.6435454298007691,,COMPLETE
6,0.5552840769039226,2026-09-16 22:44:20.583376,2026-09-16 22:44:29.475616,0 days 00:00:08.892240,,,,,200,32,"(3, 5)",16.0,"(3, 5)",16.0,"(5, 7)",16,3,0.46168897559920186,39,3,SGD,0.008638073353835195,0.7513620970280441,0.005778755734457461,46.0,0.5483870967741935,0.5621810570336516,,COMPLETE
7,0.509392762990437,2026-09-16 22:44:29.584673,2026-09-16 22:44:35.925611,0 days 00:00:06.340938,0.9475822037393375,0.9701781599903122,0.0056852051903320934,0.0009184900818511545,256,16,"(5, 7)",,,,,16,5,0.18211632991902205,21,1,Adam,,,,29.0,0.5193548387096775,0.4994306872711966,,COMPLETE
8,0.5907633487177555,2026-09-16 22:44:36.049497,2026-09-16 22:44:54.783241,0 days 00:00:18.733744,,,,,200,32,"(3, 7)",64.0,"(5, 7)",,,64,7,0.29328580472454796,26,2,SGD,0.007390459262954656,0.7247507648481927,1.6096330648219384e-06,50.0,0.5838709677419355,0.5976557296935756,,COMPLETE
9,0.22537674435307098,2026-09-16 22:44:54.899867,2026-09-16 22:44:57.021390,0 days 00:00:02.121523,,,,,256,8,"(5, 7)",32.0,"(3, 7)",32.0,"(3, 5)",32,7,0.12794084145950685,24,3,SGD,0.0026455835850385506,0.7283719065887904,9.25685584198963e-05,,,,,PRUNED
10,0.3029872600386443,2026-09-16 22:44:57.128155,2026-09-16 22:44:59.611378,0 days 00:00:02.483223,0.8535814031287132,0.9078403310332085,0.00011952270129143879,1.1544608204846162e-06,128,64,"(3, 5)",,,,,32,3,0.1510577183987674,18,1,Adam,,,,,,,"{""batch_size"": 128, ""block_0_filters"": 64, ""block_0_kernel_pair"": ""(3, 5)"", ""first_conv_filters"": 32, ""first_conv_kernel_width"": 3, ""lr_decay"": 0.1510577183987674, ""lr_step_size"": 18, ""n_blocks"": 1, ""optimizer"": ""Adam""}",PRUNED
11,0.5668318362237312,2026-09-16 22:44:59.725910,2026-09-16 22:45:27.183978,0 days 00:00:27.458068,0.9828371641033109,0.9995093532845819,0.0040520351707828755,0.005523921577573463,64,16,"(5, 7)",,,,,128,5,0.0929582996120053,13,1,Adam,,,,33.0,0.5645161290322581,0.5691475434152042,"{""batch_size"": 64, ""block_0_filters"": 16, ""block_0_kernel_pair"": ""(5, 7)"", ""first_conv_filters"": 128, ""first_conv_kernel_width"": 5, ""lr_decay"": 0.0929582996120053, ""lr_step_size"": 13, ""n_blocks"": 1, ""optimizer"": ""Adam""}",COMPLETE
12,0.6752542017559597,2026-09-16 22:45:27.295969,2026-09-16 22:45:44.358645,0 days 00:00:17.062676,0.9639584163311221,0.9710312176976565,0.0003630116705113939,1.2343736055046613e-05,64,64,"(3, 5)",8.0,"(3, 5)",64.0,"(5, 7)",32,3,0.1567850179278029,19,3,Adam,,,,39.0,0.6806451612903226,0.669863242221597,"{""batch_size"": 64, ""block_0_filters"": 64, ""block_0_kernel_pair"": ""(3, 5)"", ""first_conv_filters"": 32, ""first_conv_kernel_width"": 3, ""lr_decay"": 0.1567850179278029, ""lr_step_size"": 19, ""n_blocks"": 3, ""optimizer"": ""Adam""}",COMPLETE
13,0.3132766168741814,2026-09-16 22:45:44.460328,2026-09-16 22:45:47.719679,0 days 00:00:03.259351,0.9898528054459764,0.9915856982815874,0.00023470345283947298,3.1546221073512405e-06,64,64,"(3, 5)",8.0,"(3, 7)",,,32,3,0.1684704591824577,32,2,Adam,,,,,,,"{""batch_size"": 64, ""block_0_filters"": 64, ""block_0_kernel_pair"": ""(3, 5)"", ""first_conv_filters"": 32, ""first_conv_kernel_width"": 3, ""lr_decay"": 0.1684704591824577, ""lr_step_size"": 32, ""n_blocks"": 2, ""optimizer"": ""Adam""}",PRUNED
14,0.7641876773182936,2026-09-16 22:45:47.825453,2026-09-16 22:46:04.802347,0 days 00:00:16.976894,0.9328558346698058,0.9627518719781977,0.0005511728222538503,1.831264727463728e-05,64,64,"(3, 5)",8.0,"(3, 5)",64.0,"(5, 7)",32,3,0.2690558947511455,23,3,Adam,,,,46.0,0.7967741935483871,0.7316011610882003,"{""batch_size"": 64, ""block_0_filters"": 64, ""block_0_kernel_pair"": ""(3, 5)"", ""first_conv_filters"": 32, ""first_conv_kernel_width"": 3, ""lr_decay"": 0.2690558947511455, ""lr_step_size"": 23, ""n_blocks"": 3, ""optimizer"": ""Adam""}",COMPLETE
15,0.8639689787690736,2026-09-16 22:46:04.918324,2026-09-16 22:46:19.103399,0 days 00:00:14.185075,0.9123793065621085,0.9454768997897379,0.0007481534382760826,3.261169837252831e-05,128,64,"(3, 5)",32.0,"(3, 5)",64.0,"(3, 7)",32,3,0.197593394660808,27,3,Adam,,,,47.0,0.864516129032258,0.8634218285058892,"{""batch_size"": 128, ""block_0_filters"": 64, ""block_0_kernel_pair"": ""(3, 5)"", ""first_conv_filters"": 32, ""first_conv_kernel_width"": 3, ""lr_decay"": 0.197593394660808, ""lr_step_size"": 27, ""n_blocks"": 3, ""optimizer"": ""Adam""}",COMPLETE
16,0.8164466294466859,2026-09-16 22:46:19.229105,2026-09-16 22:46:31.530239,0 days 00:00:12.301134,0.9115484582736232,0.9398895353670488,0.001006732365150466,5.867917718192668e-05,256,64,"(3, 5)",8.0,"(3, 5)",64.0,"(3, 7)",32,3,0.4208854946921412,26,3,Adam,,,,50.0,0.832258064516129,0.8006351943772428,"{""batch_size"": 256, ""block_0_filters"": 64, ""block_0_kernel_pair"": ""(3, 5)"", ""first_conv_filters"": 32, ""first_conv_kernel_width"": 3, ""lr_decay"": 0.4208854946921412, ""lr_step_size"": 26, ""n_blocks"": 3, ""optimizer"": ""Adam""}",COMPLETE
17,0.7572264336940095,2026-09-16 22:46:31.642572,2026-09-16 22:46:44.313378,0 days 00:00:12.670806,0.905874468616249,0.9311190865434478,0.0012263099962068979,0.00011783370972388094,128,64,"(3, 5)",16.0,"(3, 5)",8.0,"(3, 7)",32,3,0.27336475559484796,13,3,Adam,,,,36.0,0.7483870967741936,0.7660657706138255,"{""batch_size"": 128, ""block_0_filters"": 64, ""block_0_kernel_pair"": ""(3, 5)"", ""first_conv_filters"": 32, ""first_conv_kernel_width"": 3, ""lr_decay"": 0.27336475559484796, ""lr_step_size"": 13, ""n_blocks"": 3, ""optimizer"": ""Adam""}",COMPLETE
18,0.8497417469336334,2026-09-16 22:46:44.424273,2026-09-16 22:46:56.913088,0 days 00:00:12.488815,0.8979140224093701,0.9381267762186216,0.001384640548329766,0.00012148531948872178,256,64,"(3, 5)",8.0,"(3, 5)",64.0,"(3, 7)",32,3,0.364128286522986,33,3,Adam,,,,41.0,0.8580645161290322,0.8414189777382345,"{""batch_size"": 256, ""block_0_filters"": 64, ""block_0_kernel_pair"": ""(3, 5)"", ""first_conv_filters"": 32, ""first_conv_kernel_width"": 3, ""lr_decay"": 0.364128286522986, ""lr_step_size"": 33, ""n_blocks"": 3, ""optimizer"": ""Adam""}",COMPLETE
19,0.8680580784135169,2026-09-16 22:46:57.054567,2026-09-16 22:47:09.679289,0 days 00:00:12.624722,0.8803803324855656,0.9371577778238239,0.001969683143746822,0.00030560581576859924,128,64,"(3, 5)",32.0,"(3, 5)",,,32,3,0.45473800176540247,22,2,Adam,,,,49.0,0.8612903225806452,0.8748258342463886,"{""batch_size"": 128, ""block_0_filters"": 64, ""block_0_kernel_pair"": ""(3, 5)"", ""first_conv_filters"": 32, ""first_conv_kernel_width"": 3, ""lr_decay"": 0.45473800176540247, ""lr_step_size"": 22, ""n_blocks"": 2, ""optimizer"": ""Adam""}",COMPLETE
20,0.6964508407295326,2026-09-16 22:47:09.790797,2026-09-16 22:47:20.909979,0 days 00:00:11.119182,0.8656957570409558,0.921018123141278,0.0022724580768072175,0.0006360618714665344,128,64,"(3, 5)",,,,,32,3,0.2940819140859784,21,1,Adam,,,,46.0,0.7,0.6929016814590652,"{""batch_size"": 128, ""block_0_filters"": 64, ""block_0_kernel_pair"": ""(3, 5)"", ""first_conv_filters"": 32, ""first_conv_kernel_width"": 3, ""lr_decay"": 0.2940819140859784, ""lr_step_size"": 21, ""n_blocks"": 1, ""optimizer"": ""Adam""}",COMPLETE
21,0.8260238792825536,2026-09-16 22:47:21.028494,2026-09-16 22:47:34.418990,0 days 00:00:13.390496,0.8853375829818722,0.946033301378158,0.0015623598939129041,0.00018763524467734768,256,64,"(3, 5)",32.0,"(3, 5)",64.0,"(3, 7)",32,3,0.2752197885991335,38,3,Adam,,,,42.0,0.8419354838709677,0.8101122746941396,"{""batch_size"": 256, ""block_0_filters"": 64, ""block_0_kernel_pair"": ""(3, 5)"", ""first_conv_filters"": 32, ""first_conv_kernel_width"": 3, ""lr_decay"": 0.2752197885991335, ""lr_step_size"": 38, ""n_blocks"": 3, ""optimizer"": ""Adam""}",COMPLETE
22,0.7894484925907355,2026-09-16 22:47:34.530089,2026-09-16 22:47:46.699456,0 days 00:00:12.169367,0.8933352268102146,0.9444121545044506,0.0007427509091188612,2.9217554663983503e-05,256,64,"(3, 5)",32.0,"(3, 5)",,,32,7,0.40396748027496,32,2,Adam,,,,49.0,0.7903225806451613,0.7885744045363096,"{""batch_size"": 256, ""block_0_filters"": 64, ""block_0_kernel_pair"": ""(3, 5)"", ""first_conv_filters"": 32, ""first_conv_kernel_width"": 7, ""lr_decay"": 0.40396748027496, ""lr_step_size"": 32, ""n_blocks"": 2, ""optimizer"": ""Adam""}",COMPLETE
23,0.8826197313443477,2026-09-16 22:47:46.797868,2026-09-16 22:48:18.173871,0 days 00:00:31.376003,0.8792340391406704,0.9244050420929214,0.0025802751854956956,0.0003254494647251681,128,64,"(5, 7)",32.0,"(3, 5)",32.0,"(3, 7)",128,3,0.37922491481678294,29,3,Adam,,,,46.0,0.8838709677419355,0.8813684949467598,"{""batch_size"": 128, ""block_0_filters"": 64, ""block_0_kernel_pair"": ""(5, 7)"", ""first_conv_filters"": 128, ""first_conv_kernel_width"": 3, ""lr_decay"": 0.37922491481678294, ""lr_step_size"": 29, ""n_blocks"": 3, ""optimizer"": ""Adam""}",COMPLETE
24,0.8124655940781327,2026-09-16 22:48:18.296165,2026-09-16 22:48:50.629228,0 days 00:00:32.333063,0.874484082387778,0.9208243410185282,0.00267367175557203,0.0004646788751895094,128,64,"(5, 7)",32.0,"(5, 7)",32.0,"(3, 7)",128,7,0.39687691125597296,28,3,Adam,,,,50.0,0.8258064516129032,0.799124736543362,"{""batch_size"": 128, ""block_0_filters"": 64, ""block_0_kernel_pair"": ""(5, 7)"", ""first_conv_filters"": 128, ""first_conv_kernel_width"": 7, ""lr_decay"": 0.39687691125597296, ""lr_step_size"": 28, ""n_blocks"": 3, ""optimizer"": ""Adam""}",COMPLETE
25,0.8228919159839598,2026-09-16 22:48:50.747253,2026-09-16 22:49:18.064920,0 days 00:00:27.317667,0.9224569110130996,0.9526133664614659,0.002867785819205751,0.0015450191369553742,128,16,"(5, 7)",32.0,"(3, 5)",32.0,"(3, 5)",128,3,0.06441497650486383,25,3,Adam,,,,49.0,0.832258064516129,0.8135257674517905,"{""batch_size"": 128, ""block_0_filters"": 16, ""block_0_kernel_pair"": ""(5, 7)"", ""first_conv_filters"": 128, ""first_conv_kernel_width"": 3, ""lr_decay"": 0.06441497650486383, ""lr_step_size"": 25, ""n_blocks"": 3, ""optimizer"": ""Adam""}",COMPLETE
26,0.45984982398207186,2026-09-16 22:49:18.192367,2026-09-16 22:49:23.435445,0 days 00:00:05.243078,0.8780586914296928,0.9255048315294612,0.0019378897414187837,0.00028174654780982244,128,8,"(5, 7)",32.0,"(3, 5)",8.0,"(3, 7)",128,3,0.2755413351022482,24,3,Adam,,,,,,,"{""batch_size"": 128, ""block_0_filters"": 8, ""block_0_kernel_pair"": ""(5, 7)"", ""first_conv_filters"": 128, ""first_conv_kernel_width"": 3, ""lr_decay"": 0.2755413351022482, ""lr_step_size"": 24, ""n_blocks"": 3, ""optimizer"": ""Adam""}",PRUNED
27,0.4332837146528019,2026-09-16 22:49:23.555116,2026-09-16 22:49:26.135042,0 days 00:00:02.579926,,,,,128,64,"(3, 5)",32.0,"(3, 5)",,,32,3,0.4893869302182304,26,2,SGD,0.044945890816303326,0.9638995464242275,0.0004902943357418824,,,,"{""batch_size"": 128, ""block_0_filters"": 64, ""block_0_kernel_pair"": ""(3, 5)"", ""first_conv_filters"": 32, ""first_conv_kernel_width"": 3, ""lr_decay"": 0.4893869302182304, ""lr_step_size"": 26, ""n_blocks"": 2, ""optimizer"": ""SGD""}",PRUNED
28,0.3750885843699074,2026-09-16 22:49:26.252788,2026-09-16 22:49:32.243518,0 days 00:00:05.990730,0.8540421482650101,0.9097000854603763,0.008613098940602606,6.820979571139871e-06,128,64,"(3, 5)",32.0,"(5, 7)",16.0,"(3, 7)",128,3,0.11306271934595552,28,3,Adam,,,,,,,"{""batch_size"": 128, ""block_0_filters"": 64, ""block_0_kernel_pair"": ""(3, 5)"", ""first_conv_filters"": 128, ""first_conv_kernel_width"": 3, ""lr_decay"": 0.11306271934595552, ""lr_step_size"": 28, ""n_blocks"": 3, ""optimizer"": ""Adam""}",PRUNED
29,0.8325086458794753,2026-09-16 22:49:32.364921,2026-09-16 22:50:00.940217,0 days 00:00:28.575296,0.9219733379512149,0.9328529682864859,0.0005383968033986833,5.5318342469879313e-05,128,32,"(5, 7)",16.0,"(3, 5)",32.0,"(3, 7)",128,3,0.4191443964614886,34,3,Adam,,,,50.0,0.8419354838709677,0.8230818078879827,"{""batch_size"": 128, ""block_0_filters"": 32, ""block_0_kernel_pair"": ""(5, 7)"", ""first_conv_filters"": 128, ""first_conv_kernel_width"": 3, ""lr_decay"": 0.4191443964614886, ""lr_step_size"": 34, ""n_blocks"": 3, ""optimizer"": ""Adam""}",COMPLETE
30,0.8324466985063985,2026-09-16 22:50:01.054416,2026-09-16 22:50:13.288717,0 days 00:00:12.234301,0.8682759291587581,0.9545419034090268,0.0009331295103551897,0.0024175897687039186,128,64,"(5, 7)",32.0,"(3, 5)",32.0,"(3, 5)",16,3,0.24315220608689114,32,3,Adam,,,,40.0,0.8419354838709677,0.8229579131418292,"{""batch_size"": 128, ""block_0_filters"": 64, ""block_0_kernel_pair"": ""(5, 7)"", ""first_conv_filters"": 16, ""first_conv_kernel_width"": 3, ""lr_decay"": 0.24315220608689114, ""lr_step_size"": 32, ""n_blocks"": 3, ""optimizer"": ""Adam""}",COMPLETE
31,0.43194759129014415,2026-09-16 22:50:13.413230,2026-09-16 22:50:15.478270,0 days 00:00:02.065040,0.8956240944174709,0.9356491921524384,0.0014970423073788438,0.00010834249870965334,256,16,"(3, 5)",8.0,"(3, 5)",64.0,"(3, 7)",32,5,0.47091039745568186,32,3,Adam,,,,,,,"{""batch_size"": 256, ""block_0_filters"": 16, ""block_0_kernel_pair"": ""(3, 5)"", ""first_conv_filters"": 32, ""first_conv_kernel_width"": 5, ""lr_decay"": 0.47091039745568186, ""lr_step_size"": 32, ""n_blocks"": 3, ""optimizer"": ""Adam""}",PRUNED
32,0.6408667664185446,2026-09-16 22:50:15.598190,2026-09-16 22:50:21.239814,0 days 00:00:05.641624,0.9007695898442979,0.918403300738511,0.0041548322543748396,0.00027277124590857973,256,64,"(3, 5)",8.0,"(3, 5)",64.0,"(3, 7)",16,3,0.06862737286747794,39,3,Adam,,,,,,,"{""batch_size"": 256, ""block_0_filters"": 64, ""block_0_kernel_pair"": ""(3, 5)"", ""first_conv_filters"": 16, ""first_conv_kernel_width"": 3, ""lr_decay"": 0.06862737286747794, ""lr_step_size"": 39, ""n_blocks"": 3, ""optimizer"": ""Adam""}",PRUNED
33,0.8861857426566853,2026-09-16 22:50:21.354878,2026-09-16 22:50:51.937653,0 days 00:00:30.582775,0.8861436693960967,0.949026659775379,0.0017334348981840194,4.002354418967982e-05,128,64,"(5, 7)",32.0,"(3, 5)",,,128,3,0.44562122830788187,30,2,Adam,,,,50.0,0.8903225806451613,0.8820489046682091,"{""batch_size"": 128, ""block_0_filters"": 64, ""block_0_kernel_pair"": ""(5, 7)"", ""first_conv_filters"": 128, ""first_conv_kernel_width"": 3, ""lr_decay"": 0.44562122830788187, ""lr_step_size"": 30, ""n_blocks"": 2, ""optimizer"": ""Adam""}",COMPLETE
34,0.560438697194535,2026-09-16 22:50:52.063468,2026-09-16 22:50:55.237245,0 days 00:00:03.173777,0.8846623892908042,0.9503407438132518,0.0030130596026079265,3.349838197829896e-05,128,16,"(3, 5)",32.0,"(3, 5)",,,32,3,0.37702072567380485,28,2,Adam,,,,,,,"{""batch_size"": 128, ""block_0_filters"": 16, ""block_0_kernel_pair"": ""(3, 5)"", ""first_conv_filters"": 32, ""first_conv_kernel_width"": 3, ""lr_decay"": 0.37702072567380485, ""lr_step_size"": 28, ""n_blocks"": 2, ""optimizer"": ""Adam""}",PRUNED
35,0.5245312932941293,2026-09-16 22:50:55.348176,2026-09-16 22:51:02.250259,0 days 00:00:06.902083,0.91645966074767,0.9571942945092857,0.001988855567096803,5.23188169364712e-05,128,64,"(5, 7)",32.0,"(3, 5)",8.0,"(3, 5)",128,3,0.33975601646487297,36,3,Adam,,,,,,,"{""batch_size"": 128, ""block_0_filters"": 64, ""block_0_kernel_pair"": ""(5, 7)"", ""first_conv_filters"": 128, ""first_conv_kernel_width"": 3, ""lr_decay"": 0.33975601646487297, ""lr_step_size"": 36, ""n_blocks"": 3, ""optimizer"": ""Adam""}",PRUNED
36,0.8674145143445298,2026-09-16 22:51:02.364812,2026-09-16 22:51:33.425319,0 days 00:00:31.060507,0.8833392306204013,0.9288517652320354,0.0007265129733758496,7.85377244229279e-06,128,64,"(5, 7)",32.0,"(5, 7)",,,128,3,0.42857207841575573,29,2,Adam,,,,48.0,0.8741935483870967,0.8606354803019629,"{""batch_size"": 128, ""block_0_filters"": 64, ""block_0_kernel_pair"": ""(5, 7)"", ""first_conv_filters"": 128, ""first_conv_kernel_width"": 3, ""lr_decay"": 0.42857207841575573, ""lr_step_size"": 29, ""n_blocks"": 2, ""optimizer"": ""Adam""}",COMPLETE
37,0.8439855036200403,2026-09-16 22:51:33.556895,2026-09-16 22:52:04.637528,0 days 00:00:31.080633,0.8857110306703675,0.9274921953087102,0.003999901710406085,4.646736197967256e-06,128,64,"(5, 7)",32.0,"(5, 7)",,,128,3,0.44761324557251986,31,2,Adam,,,,43.0,0.8548387096774194,0.8331322975626614,"{""batch_size"": 128, ""block_0_filters"": 64, ""block_0_kernel_pair"": ""(5, 7)"", ""first_conv_filters"": 128, ""first_conv_kernel_width"": 3, ""lr_decay"": 0.44761324557251986, ""lr_step_size"": 31, ""n_blocks"": 2, ""optimizer"": ""Adam""}",COMPLETE
38,0.6982404182814692,2026-09-16 22:52:04.755812,2026-09-16 22:52:11.921851,0 days 00:00:07.166039,0.8636734566724217,0.9147018387134352,0.0004184527518510511,2.0803333994955256e-06,128,64,"(3, 5)",32.0,"(5, 7)",,,32,3,0.4611428506585236,19,2,Adam,,,,,,,"{""batch_size"": 128, ""block_0_filters"": 64, ""block_0_kernel_pair"": ""(3, 5)"", ""first_conv_filters"": 32, ""first_conv_kernel_width"": 3, ""lr_decay"": 0.4611428506585236, ""lr_step_size"": 19, ""n_blocks"": 2, ""optimizer"": ""Adam""}",PRUNED
39,0.8735427349163025,2026-09-16 22:52:12.029489,2026-09-16 22:52:43.647897,0 days 00:00:31.618408,0.8752975260248959,0.9269501743473187,0.0018838366897783343,1.0112413321573755e-05,128,64,"(5, 7)",32.0,"(5, 7)",16.0,"(3, 5)",128,3,0.4532561194041141,22,3,Adam,,,,50.0,0.8870967741935484,0.8599886956390568,"{""batch_size"": 128, ""block_0_filters"": 64, ""block_0_kernel_pair"": ""(5, 7)"", ""first_conv_filters"": 128, ""first_conv_kernel_width"": 3, ""lr_decay"": 0.4532561194041141, ""lr_step_size"": 22, ""n_blocks"": 3, ""optimizer"": ""Adam""}",COMPLETE
40,0.8276753965963848,2026-09-16 22:52:43.767767,2026-09-16 22:53:14.667101,0 days 00:00:30.899334,0.8708683572430201,0.9010775037716401,0.003348685870588082,1.5158981747684729e-05,128,64,"(5, 7)",32.0,"(3, 7)",16.0,"(3, 5)",128,3,0.48624385560534833,26,3,Adam,,,,45.0,0.8290322580645161,0.8263185351282535,"{""batch_size"": 128, ""block_0_filters"": 64, ""block_0_kernel_pair"": ""(5, 7)"", ""first_conv_filters"": 128, ""first_conv_kernel_width"": 3, ""lr_decay"": 0.48624385560534833, ""lr_step_size"": 26, ""n_blocks"": 3, ""optimizer"": ""Adam""}",COMPLETE
41,0.8841406733362398,2026-09-16 22:53:14.780242,2026-09-16 22:53:45.855191,0 days 00:00:31.074949,0.8794573502046052,0.9273598410582662,0.0018780482348346545,7.0904829609468805e-06,256,64,"(5, 7)",32.0,"(5, 7)",16.0,"(3, 5)",128,3,0.41282410007227766,19,3,Adam,,,,47.0,0.8935483870967742,0.8747329595757055,"{""batch_size"": 256, ""block_0_filters"": 64, ""block_0_kernel_pair"": ""(5, 7)"", ""first_conv_filters"": 128, ""first_conv_kernel_width"": 3, ""lr_decay"": 0.41282410007227766, ""lr_step_size"": 19, ""n_blocks"": 3, ""optimizer"": ""Adam""}",COMPLETE
42,0.849110080037585,2026-09-16 22:53:45.969990,2026-09-16 22:54:14.770284,0 days 00:00:28.800294,0.8765821462381979,0.9400706531382298,0.0017294653823861396,7.525140875959215e-06,256,32,"(5, 7)",32.0,"(5, 7)",16.0,"(3, 5)",128,3,0.36697139657715455,19,3,Adam,,,,47.0,0.8516129032258064,0.8466072568493638,"{""batch_size"": 256, ""block_0_filters"": 32, ""block_0_kernel_pair"": ""(5, 7)"", ""first_conv_filters"": 128, ""first_conv_kernel_width"": 3, ""lr_decay"": 0.36697139657715455, ""lr_step_size"": 19, ""n_blocks"": 3, ""optimizer"": ""Adam""}",COMPLETE
