number,value,datetime_start,datetime_complete,duration,params_adam_beta1,params_adam_beta2,params_adam_lr,params_adam_wd,params_batch_size,params_block_0_filters,params_block_0_kernel_pair,params_block_1_filters,params_block_1_kernel_pair,params_block_2_filters,params_block_2_kernel_pair,params_first_conv_filters,params_first_conv_kernel_width,params_lr_decay,params_lr_step_size,params_n_blocks,params_optimizer,params_sgd_lr,params_sgd_momentum,params_sgd_wd,user_attrs_best_epoch,user_attrs_validation_accuracy,user_attrs_validation_macro_f1,system_attrs_tpe:relative_params:0,state
43,0.6888665171992661,2026-09-16 22:54:14.889833,2026-09-16 22:54:29.440189,0 days 00:00:14.550356,0.86120308155242,0.923906506139874,0.0021581297334492206,0.0009235222418735747,128,16,"(5, 7)",64.0,"(5, 7)",,,128,3,0.3364201471420526,39,2,Adam,,,,,,,"{""batch_size"": 128, ""block_0_filters"": 16, ""block_0_kernel_pair"": ""(5, 7)"", ""first_conv_filters"": 128, ""first_conv_kernel_width"": 3, ""lr_decay"": 0.3364201471420526, ""lr_step_size"": 39, ""n_blocks"": 2, ""optimizer"": ""Adam""}",PRUNED
44,0.5206581143937747,2026-09-16 22:54:29.581608,2026-09-16 22:54:36.068263,0 days 00:00:06.486655,0.8934631307718667,0.9133959922442774,0.005979764013318104,2.9085753385818e-06,128,64,"(5, 7)",,,,,128,3,0.3938580543131865,29,1,Adam,,,,,,,"{""batch_size"": 128, ""block_0_filters"": 64, ""block_0_kernel_pair"": ""(5, 7)"", ""first_conv_filters"": 128, ""first_conv_kernel_width"": 3, ""lr_decay"": 0.3938580543131865, ""lr_step_size"": 29, ""n_blocks"": 1, ""optimizer"": ""Adam""}",PRUNED
45,0.8669743080750161,2026-09-16 22:54:36.181568,2026-09-16 22:55:08.057287,0 days 00:00:31.875719,0.8597875523622649,0.935814299539212,0.0011954793210143442,1.1388592526884982e-06,128,64,"(5, 7)",32.0,"(5, 7)",16.0,"(3, 5)",128,3,0.4109949989741716,19,3,Adam,,,,48.0,0.8741935483870967,0.8597550677629353,"{""batch_size"": 128, ""block_0_filters"": 64, ""block_0_kernel_pair"": ""(5, 7)"", ""first_conv_filters"": 128, ""first_conv_kernel_width"": 3, ""lr_decay"": 0.4109949989741716, ""lr_step_size"": 19, ""n_blocks"": 3, ""optimizer"": ""Adam""}",COMPLETE
46,0.5366326498910413,2026-09-16 22:55:08.157557,2026-09-16 22:55:15.784440,0 days 00:00:07.626883,0.8796581683961299,0.931012918810351,0.004760881466458777,1.1865505273365996e-05,128,64,"(5, 7)",,,,,128,3,0.33435475161981487,32,1,Adam,,,,,,,"{""batch_size"": 128, ""block_0_filters"": 64, ""block_0_kernel_pair"": ""(5, 7)"", ""first_conv_filters"": 128, ""first_conv_kernel_width"": 3, ""lr_decay"": 0.33435475161981487, ""lr_step_size"": 32, ""n_blocks"": 1, ""optimizer"": ""Adam""}",PRUNED
47,0.8775802341315373,2026-09-16 22:55:15.907422,2026-09-16 22:55:47.153528,0 days 00:00:31.246106,0.8894013739150382,0.9759861805674668,0.002511594817942263,0.00044317056420366773,256,64,"(5, 7)",32.0,"(5, 7)",16.0,"(3, 5)",128,3,0.48370219165941286,16,3,Adam,,,,50.0,0.8806451612903226,0.8745153069727519,"{""batch_size"": 256, ""block_0_filters"": 64, ""block_0_kernel_pair"": ""(5, 7)"", ""first_conv_filters"": 128, ""first_conv_kernel_width"": 3, ""lr_decay"": 0.48370219165941286, ""lr_step_size"": 16, ""n_blocks"": 3, ""optimizer"": ""Adam""}",COMPLETE
48,0.47977939092481137,2026-09-16 22:55:47.287059,2026-09-16 22:55:54.082657,0 days 00:00:06.795598,0.8894658805452671,0.9829236343029252,0.002562025514906555,0.005487915069559659,128,64,"(5, 7)",64.0,"(5, 7)",16.0,"(3, 5)",128,3,0.4875906444802819,34,3,Adam,,,,,,,"{""batch_size"": 128, ""block_0_filters"": 64, ""block_0_kernel_pair"": ""(5, 7)"", ""first_conv_filters"": 128, ""first_conv_kernel_width"": 3, ""lr_decay"": 0.4875906444802819, ""lr_step_size"": 34, ""n_blocks"": 3, ""optimizer"": ""Adam""}",PRUNED
49,0.36016535175187436,2026-09-16 22:55:54.199047,2026-09-16 22:55:59.246821,0 days 00:00:05.047774,0.8718161177301351,0.9741236993880976,0.003659724256314143,2.008181372683039e-05,256,8,"(5, 7)",16.0,"(5, 7)",16.0,"(3, 5)",128,3,0.4547381234266644,19,3,Adam,,,,,,,"{""batch_size"": 256, ""block_0_filters"": 8, ""block_0_kernel_pair"": ""(5, 7)"", ""first_conv_filters"": 128, ""first_conv_kernel_width"": 3, ""lr_decay"": 0.4547381234266644, ""lr_step_size"": 19, ""n_blocks"": 3, ""optimizer"": ""Adam""}",PRUNED
