number,value,datetime_start,datetime_complete,duration,params_adam_beta1,params_adam_beta2,params_adam_lr,params_adam_wd,params_batch_size,params_block_0_filters,params_block_0_kernel_pair,params_block_1_filters,params_block_1_kernel_pair,params_block_2_filters,params_block_2_kernel_pair,params_lr_decay,params_lr_step_size,params_n_blocks,params_optimizer,params_sgd_lr,params_sgd_momentum,params_sgd_wd,user_attrs_best_epoch,user_attrs_validation_accuracy,user_attrs_validation_macro_f1,system_attrs_tpe:relative_params:0,state
48,0.8523894671071797,2026-10-04 17:12:53.631547,2026-10-04 17:13:06.989580,0 days 00:00:13.358033,0.9513633421618957,0.9906045793964896,0.0006981751133589572,3.7011872670091085e-06,64,64,"(3, 5)",64.0,"(3, 7)",64.0,"(5, 7)",0.21820925594964052,35,3,Adam,,,,,,,"{""batch_size"": 64, ""block_0_filters"": 64, ""block_0_kernel_pair"": ""(3, 5)"", ""lr_decay"": 0.21820925594964052, ""lr_step_size"": 35, ""n_blocks"": 3, ""optimizer"": ""Adam""}",PRUNED
49,0.6217781013989192,2026-10-04 17:13:07.059892,2026-10-04 17:13:11.214808,0 days 00:00:04.154916,0.9373742717015703,0.9144880896746103,0.00025880111352406213,1.6884463602661056e-06,64,64,"(3, 5)",64.0,"(3, 7)",64.0,"(3, 7)",0.40478466174105027,11,3,Adam,,,,,,,"{""batch_size"": 64, ""block_0_filters"": 64, ""block_0_kernel_pair"": ""(3, 5)"", ""lr_decay"": 0.40478466174105027, ""lr_step_size"": 11, ""n_blocks"": 3, ""optimizer"": ""Adam""}",PRUNED
50,0.5822939135625143,2026-10-04 17:13:11.308593,2026-10-04 17:13:15.520123,0 days 00:00:04.211530,0.9540456305410302,0.9102146253980881,0.00817210278354768,8.289428475715677e-06,64,64,"(3, 5)",64.0,"(3, 5)",32.0,"(5, 7)",0.4810683102474914,27,3,Adam,,,,,,,"{""batch_size"": 64, ""block_0_filters"": 64, ""block_0_kernel_pair"": ""(3, 5)"", ""lr_decay"": 0.4810683102474914, ""lr_step_size"": 27, ""n_blocks"": 3, ""optimizer"": ""Adam""}",PRUNED
51,0.5827654052913165,2026-10-04 17:13:15.578920,2026-10-04 17:13:18.581212,0 days 00:00:03.002292,0.8545233061105889,0.9670352771395659,0.0015082289628836293,2.949810381389336e-05,128,64,"(3, 5)",8.0,"(3, 7)",64.0,"(5, 7)",0.4115432896078357,28,3,Adam,,,,,,,"{""batch_size"": 128, ""block_0_filters"": 64, ""block_0_kernel_pair"": ""(3, 5)"", ""lr_decay"": 0.4115432896078357, ""lr_step_size"": 28, ""n_blocks"": 3, ""optimizer"": ""Adam""}",PRUNED
52,0.5967960433877926,2026-10-04 17:13:18.643168,2026-10-04 17:13:21.997634,0 days 00:00:03.354466,0.9119612001976019,0.9479736303589291,0.003921570335397076,1.379911004242834e-05,128,64,"(5, 7)",64.0,"(3, 7)",64.0,"(5, 7)",0.24185576033586925,31,3,Adam,,,,,,,"{""batch_size"": 128, ""block_0_filters"": 64, ""block_0_kernel_pair"": ""(5, 7)"", ""lr_decay"": 0.24185576033586925, ""lr_step_size"": 31, ""n_blocks"": 3, ""optimizer"": ""Adam""}",PRUNED
53,0.8972909743303907,2026-10-04 17:13:22.059493,2026-10-04 17:13:44.858328,0 days 00:00:22.798835,0.8874662058596346,0.9385593736761894,0.0023504907797191298,3.6960627665551626e-05,64,64,"(3, 5)",64.0,"(3, 7)",64.0,"(5, 7)",0.3225922603485727,27,3,Adam,,,,46.0,0.9096045197740112,0.8849774288867701,"{""batch_size"": 64, ""block_0_filters"": 64, ""block_0_kernel_pair"": ""(3, 5)"", ""lr_decay"": 0.3225922603485727, ""lr_step_size"": 27, ""n_blocks"": 3, ""optimizer"": ""Adam""}",COMPLETE
54,0.4744729599463212,2026-10-04 17:13:44.963648,2026-10-04 17:13:49.347385,0 days 00:00:04.383737,0.9354722107886689,0.921141141854788,0.001213771633237811,3.5727840197980385e-06,64,64,"(3, 5)",32.0,"(5, 7)",,,0.4067990917450494,33,2,Adam,,,,,,,"{""batch_size"": 64, ""block_0_filters"": 64, ""block_0_kernel_pair"": ""(3, 5)"", ""lr_decay"": 0.4067990917450494, ""lr_step_size"": 33, ""n_blocks"": 2, ""optimizer"": ""Adam""}",PRUNED
55,0.4989734127608446,2026-10-04 17:13:49.468584,2026-10-04 17:13:53.909634,0 days 00:00:04.441050,0.9231014935859398,0.9552256815353566,0.007503758362264352,1.0032136587815945e-06,64,64,"(3, 5)",64.0,"(3, 7)",8.0,"(5, 7)",0.48744658018687925,24,3,Adam,,,,,,,"{""batch_size"": 64, ""block_0_filters"": 64, ""block_0_kernel_pair"": ""(3, 5)"", ""lr_decay"": 0.48744658018687925, ""lr_step_size"": 24, ""n_blocks"": 3, ""optimizer"": ""Adam""}",PRUNED
56,0.8828954977664587,2026-10-04 17:13:53.974523,2026-10-04 17:14:13.517442,0 days 00:00:19.542919,0.8931650786005174,0.9759176242090771,0.00348580220481399,5.747116456897725e-06,64,16,"(3, 5)",16.0,"(3, 7)",64.0,"(5, 7)",0.3456311792986331,13,3,Adam,,,,43.0,0.8968926553672316,0.8688983401656859,"{""batch_size"": 64, ""block_0_filters"": 16, ""block_0_kernel_pair"": ""(3, 5)"", ""lr_decay"": 0.3456311792986331, ""lr_step_size"": 13, ""n_blocks"": 3, ""optimizer"": ""Adam""}",COMPLETE
57,0.43386746163566337,2026-10-04 17:14:13.622605,2026-10-04 17:14:15.938793,0 days 00:00:02.316188,0.8566671917084474,0.9290237676947668,0.0052030832009571475,7.455622329340228e-05,128,64,"(5, 7)",8.0,"(3, 7)",16.0,"(3, 5)",0.28271174138142485,25,3,Adam,,,,,,,"{""batch_size"": 128, ""block_0_filters"": 64, ""block_0_kernel_pair"": ""(5, 7)"", ""lr_decay"": 0.28271174138142485, ""lr_step_size"": 25, ""n_blocks"": 3, ""optimizer"": ""Adam""}",PRUNED
58,0.8971895247005799,2026-10-04 17:14:16.002695,2026-10-04 17:14:36.187733,0 days 00:00:20.185038,0.8793635410400567,0.9629470213536222,0.0027599212153260433,1.7352714444525448e-05,64,16,"(3, 5)",16.0,"(5, 7)",64.0,"(3, 7)",0.39599603463323974,29,3,Adam,,,,36.0,0.902542372881356,0.8918366765198037,"{""batch_size"": 64, ""block_0_filters"": 16, ""block_0_kernel_pair"": ""(3, 5)"", ""lr_decay"": 0.39599603463323974, ""lr_step_size"": 29, ""n_blocks"": 3, ""optimizer"": ""Adam""}",COMPLETE
59,0.9032313309438811,2026-10-04 17:14:36.281048,2026-10-04 17:14:58.265339,0 days 00:00:21.984291,0.8680723021796884,0.9410388387149445,0.0017199422828187276,9.227083508765429e-06,64,64,"(3, 5)",32.0,"(3, 7)",64.0,"(5, 7)",0.3102090242890982,19,3,Adam,,,,39.0,0.913135593220339,0.8933270686674232,"{""batch_size"": 64, ""block_0_filters"": 64, ""block_0_kernel_pair"": ""(3, 5)"", ""lr_decay"": 0.3102090242890982, ""lr_step_size"": 19, ""n_blocks"": 3, ""optimizer"": ""Adam""}",COMPLETE
60,0.5728835981145386,2026-10-04 17:14:58.336565,2026-10-04 17:15:03.023056,0 days 00:00:04.686491,0.9098423182176314,0.9387382161174346,0.0017614995879286566,9.939178069768978e-06,64,8,"(3, 5)",32.0,"(3, 7)",16.0,"(5, 7)",0.3153214829164398,23,3,Adam,,,,,,,"{""batch_size"": 64, ""block_0_filters"": 8, ""block_0_kernel_pair"": ""(3, 5)"", ""lr_decay"": 0.3153214829164398, ""lr_step_size"": 23, ""n_blocks"": 3, ""optimizer"": ""Adam""}",PRUNED
61,0.9106596144938797,2026-10-04 17:15:03.083899,2026-10-04 17:15:25.929429,0 days 00:00:22.845530,0.8665465143765205,0.9420024501378225,0.0013229589714855877,3.054030021630773e-05,64,64,"(5, 7)",32.0,"(3, 7)",64.0,"(5, 7)",0.4326049810496879,30,3,Adam,,,,37.0,0.9187853107344632,0.902533918253296,"{""batch_size"": 64, ""block_0_filters"": 64, ""block_0_kernel_pair"": ""(5, 7)"", ""lr_decay"": 0.4326049810496879, ""lr_step_size"": 30, ""n_blocks"": 3, ""optimizer"": ""Adam""}",COMPLETE
62,0.8943914652073212,2026-10-04 17:15:26.010189,2026-10-04 17:15:45.628691,0 days 00:00:19.618502,0.8684711006601482,0.9426402282603253,0.0013790444691113072,1.7233019767037229e-06,64,64,"(3, 5)",32.0,"(3, 7)",64.0,"(5, 7)",0.3505133456559581,30,3,Adam,,,,41.0,0.9046610169491526,0.8841219134654897,"{""batch_size"": 64, ""block_0_filters"": 64, ""block_0_kernel_pair"": ""(3, 5)"", ""lr_decay"": 0.3505133456559581, ""lr_step_size"": 30, ""n_blocks"": 3, ""optimizer"": ""Adam""}",COMPLETE
63,0.8532608917174727,2026-10-04 17:15:45.754053,2026-10-04 17:15:57.575365,0 days 00:00:11.821312,0.8581828934206804,0.9492771302507921,0.0008608937794675065,5.0328700918581474e-06,64,64,"(5, 7)",32.0,"(3, 7)",64.0,"(5, 7)",0.46535227189707706,31,3,Adam,,,,,,,"{""batch_size"": 64, ""block_0_filters"": 64, ""block_0_kernel_pair"": ""(5, 7)"", ""lr_decay"": 0.46535227189707706, ""lr_step_size"": 31, ""n_blocks"": 3, ""optimizer"": ""Adam""}",PRUNED
64,0.9019632171063034,2026-10-04 17:15:57.680485,2026-10-04 17:16:18.509144,0 days 00:00:20.828659,0.8663648890767467,0.9332826339408962,0.0016833307470507687,1.0429447690975848e-05,64,64,"(3, 5)",32.0,"(3, 7)",64.0,"(5, 7)",0.2776501685878042,27,3,Adam,,,,36.0,0.9096045197740112,0.8943219144385957,"{""batch_size"": 64, ""block_0_filters"": 64, ""block_0_kernel_pair"": ""(3, 5)"", ""lr_decay"": 0.2776501685878042, ""lr_step_size"": 27, ""n_blocks"": 3, ""optimizer"": ""Adam""}",COMPLETE
65,0.44610079843434003,2026-10-04 17:16:18.576768,2026-10-04 17:16:21.585976,0 days 00:00:03.009208,0.8659934133752356,0.9229393509921747,0.0018278968958155017,3.661082005853854e-06,64,64,"(3, 5)",32.0,"(3, 7)",,,0.263528642415357,28,2,Adam,,,,,,,"{""batch_size"": 64, ""block_0_filters"": 64, ""block_0_kernel_pair"": ""(3, 5)"", ""lr_decay"": 0.263528642415357, ""lr_step_size"": 28, ""n_blocks"": 2, ""optimizer"": ""Adam""}",PRUNED
66,0.905818710627837,2026-10-04 17:16:21.666008,2026-10-04 17:16:42.107109,0 days 00:00:20.441101,0.850919498566913,0.9350896270467262,0.0021686751406020982,2.049852304408666e-05,64,64,"(5, 7)",32.0,"(3, 7)",64.0,"(5, 7)",0.4539054555072379,25,3,Adam,,,,40.0,0.9110169491525424,0.9006204721031318,"{""batch_size"": 64, ""block_0_filters"": 64, ""block_0_kernel_pair"": ""(5, 7)"", ""lr_decay"": 0.4539054555072379, ""lr_step_size"": 25, ""n_blocks"": 3, ""optimizer"": ""Adam""}",COMPLETE
67,0.606128474256961,2026-10-04 17:16:42.172745,2026-10-04 17:16:45.944828,0 days 00:00:03.772083,,,,,64,64,"(5, 7)",32.0,"(3, 7)",64.0,"(5, 7)",0.4365448401724082,26,3,SGD,0.07373404074785418,0.7978853816404639,0.00015009195677865916,,,,"{""batch_size"": 64, ""block_0_filters"": 64, ""block_0_kernel_pair"": ""(5, 7)"", ""lr_decay"": 0.4365448401724082, ""lr_step_size"": 26, ""n_blocks"": 3, ""optimizer"": ""SGD""}",PRUNED
68,0.8972112570904008,2026-10-04 17:16:46.005989,2026-10-04 17:17:05.623078,0 days 00:00:19.617089,0.8504770166985726,0.9335464045926096,0.002149729171925765,2.2371404006899674e-05,64,64,"(3, 5)",32.0,"(5, 7)",64.0,"(3, 5)",0.2826241317621186,18,3,Adam,,,,40.0,0.9088983050847458,0.8855242090960559,"{""batch_size"": 64, ""block_0_filters"": 64, ""block_0_kernel_pair"": ""(3, 5)"", ""lr_decay"": 0.2826241317621186, ""lr_step_size"": 18, ""n_blocks"": 3, ""optimizer"": ""Adam""}",COMPLETE
69,0.6432216687645437,2026-10-04 17:17:05.686066,2026-10-04 17:17:09.614563,0 days 00:00:03.928497,0.8607881369928101,0.9307022844810613,0.0029327928369776235,5.600517061083279e-05,64,8,"(5, 7)",32.0,"(3, 7)",32.0,"(5, 7)",0.44250794532277943,21,3,Adam,,,,,,,"{""batch_size"": 64, ""block_0_filters"": 8, ""block_0_kernel_pair"": ""(5, 7)"", ""lr_decay"": 0.44250794532277943, ""lr_step_size"": 21, ""n_blocks"": 3, ""optimizer"": ""Adam""}",PRUNED
70,0.6998318266716388,2026-10-04 17:17:09.674914,2026-10-04 17:17:14.834642,0 days 00:00:05.159728,0.8796171714302079,0.9184410294387296,0.0038778342072204974,3.060575448464968e-05,64,64,"(3, 5)",32.0,"(3, 5)",64.0,"(3, 7)",0.3743182342263877,17,3,Adam,,,,,,,"{""batch_size"": 64, ""block_0_filters"": 64, ""block_0_kernel_pair"": ""(3, 5)"", ""lr_decay"": 0.3743182342263877, ""lr_step_size"": 17, ""n_blocks"": 3, ""optimizer"": ""Adam""}",PRUNED
71,0.9093844137196843,2026-10-04 17:17:14.899618,2026-10-04 17:17:34.464170,0 days 00:00:19.564552,0.8556781647596943,0.9359557400954696,0.0016315949583351828,9.219791151622473e-06,64,32,"(5, 7)",32.0,"(3, 7)",64.0,"(5, 7)",0.4015791383501297,19,3,Adam,,,,34.0,0.91454802259887,0.9042208048404986,"{""batch_size"": 64, ""block_0_filters"": 32, ""block_0_kernel_pair"": ""(5, 7)"", ""lr_decay"": 0.4015791383501297, ""lr_step_size"": 19, ""n_blocks"": 3, ""optimizer"": ""Adam""}",COMPLETE
72,0.89779648909284,2026-10-04 17:17:34.536693,2026-10-04 17:17:54.554268,0 days 00:00:20.017575,0.8539493605345152,0.9348167433614877,0.002376807971921543,1.833046250228327e-05,64,16,"(3, 5)",32.0,"(3, 7)",64.0,"(5, 7)",0.40292653575794174,19,3,Adam,,,,26.0,0.905367231638418,0.890225746547262,"{""batch_size"": 64, ""block_0_filters"": 16, ""block_0_kernel_pair"": ""(3, 5)"", ""lr_decay"": 0.40292653575794174, ""lr_step_size"": 19, ""n_blocks"": 3, ""optimizer"": ""Adam""}",COMPLETE
73,0.903286959079481,2026-10-04 17:17:54.614744,2026-10-04 17:18:15.810360,0 days 00:00:21.195616,0.8654357304689174,0.94549259618028,0.0011526256159290539,7.791725024495165e-06,64,32,"(5, 7)",32.0,"(3, 7)",64.0,"(5, 7)",0.41781290546111327,23,3,Adam,,,,47.0,0.9138418079096046,0.8927321102493574,"{""batch_size"": 64, ""block_0_filters"": 32, ""block_0_kernel_pair"": ""(5, 7)"", ""lr_decay"": 0.41781290546111327, ""lr_step_size"": 23, ""n_blocks"": 3, ""optimizer"": ""Adam""}",COMPLETE
74,0.8238983667098704,2026-10-04 17:18:15.878596,2026-10-04 17:18:28.341669,0 days 00:00:12.463073,0.8681257452314082,0.9465284533529829,0.0011326634916057287,9.80848226132865e-06,64,32,"(5, 7)",32.0,"(3, 7)",64.0,"(5, 7)",0.36773544028765387,27,3,Adam,,,,,,,"{""batch_size"": 64, ""block_0_filters"": 32, ""block_0_kernel_pair"": ""(5, 7)"", ""lr_decay"": 0.36773544028765387, ""lr_step_size"": 27, ""n_blocks"": 3, ""optimizer"": ""Adam""}",PRUNED
75,0.5345665455343456,2026-10-04 17:18:28.417464,2026-10-04 17:18:32.363022,0 days 00:00:03.945558,0.8623555652647376,0.9254530038992747,0.0007819219443922647,0.00010434307571171047,64,64,"(3, 5)",32.0,"(3, 7)",8.0,"(5, 7)",0.29061424237787004,21,3,Adam,,,,,,,"{""batch_size"": 64, ""block_0_filters"": 64, ""block_0_kernel_pair"": ""(3, 5)"", ""lr_decay"": 0.29061424237787004, ""lr_step_size"": 21, ""n_blocks"": 3, ""optimizer"": ""Adam""}",PRUNED
76,0.8810397588458845,2026-10-04 17:18:32.458053,2026-10-04 17:18:47.302764,0 days 00:00:14.844711,0.8742767710137936,0.944281183803057,0.0009566113230868774,7.660634732631333e-06,64,32,"(5, 7)",32.0,"(3, 7)",64.0,"(5, 7)",0.42202162077133837,19,3,Adam,,,,,,,"{""batch_size"": 64, ""block_0_filters"": 32, ""block_0_kernel_pair"": ""(5, 7)"", ""lr_decay"": 0.42202162077133837, ""lr_step_size"": 19, ""n_blocks"": 3, ""optimizer"": ""Adam""}",PRUNED
77,0.5884759466682775,2026-10-04 17:18:47.366381,2026-10-04 17:18:51.350846,0 days 00:00:03.984465,0.8578554631649875,0.9311877211418816,0.001370615062736174,2.6069392743089207e-05,64,64,"(3, 5)",32.0,"(3, 7)",16.0,"(5, 7)",0.2045691960451208,22,3,Adam,,,,,,,"{""batch_size"": 64, ""block_0_filters"": 64, ""block_0_kernel_pair"": ""(3, 5)"", ""lr_decay"": 0.2045691960451208, ""lr_step_size"": 22, ""n_blocks"": 3, ""optimizer"": ""Adam""}",PRUNED
78,0.6987540230252305,2026-10-04 17:18:51.441621,2026-10-04 17:18:57.332029,0 days 00:00:05.890408,0.8682161930520046,0.935444035775646,0.00044698495334156155,1.2656664013662349e-05,64,32,"(5, 7)",32.0,"(3, 7)",64.0,"(5, 7)",0.34079415876794916,20,3,Adam,,,,,,,"{""batch_size"": 64, ""block_0_filters"": 32, ""block_0_kernel_pair"": ""(5, 7)"", ""lr_decay"": 0.34079415876794916, ""lr_step_size"": 20, ""n_blocks"": 3, ""optimizer"": ""Adam""}",PRUNED
79,0.9125723580815237,2026-10-04 17:18:57.401027,2026-10-04 17:19:17.798443,0 days 00:00:20.397416,0.8823013621230426,0.9414933394148143,0.002078728329458374,4.4990539240072145e-05,64,64,"(3, 5)",32.0,"(3, 7)",64.0,"(5, 7)",0.4212256558141576,25,3,Adam,,,,44.0,0.9201977401129944,0.9049469760500531,"{""batch_size"": 64, ""block_0_filters"": 64, ""block_0_kernel_pair"": ""(3, 5)"", ""lr_decay"": 0.4212256558141576, ""lr_step_size"": 25, ""n_blocks"": 3, ""optimizer"": ""Adam""}",COMPLETE
80,0.6376419966577096,2026-10-04 17:19:17.862874,2026-10-04 17:19:21.988442,0 days 00:00:04.125568,0.8842980938043274,0.9510216550001996,0.0020237252541351444,0.00023399649730246702,64,64,"(5, 7)",32.0,"(3, 7)",64.0,"(5, 7)",0.42317165576576615,24,3,Adam,,,,,,,"{""batch_size"": 64, ""block_0_filters"": 64, ""block_0_kernel_pair"": ""(5, 7)"", ""lr_decay"": 0.42317165576576615, ""lr_step_size"": 24, ""n_blocks"": 3, ""optimizer"": ""Adam""}",PRUNED
81,0.828283098491976,2026-10-04 17:19:22.060146,2026-10-04 17:19:35.440737,0 days 00:00:13.380591,0.8646596254306215,0.9449717200152753,0.001628790656882679,4.5072239005645886e-05,64,64,"(5, 7)",32.0,"(3, 7)",64.0,"(5, 7)",0.41295405868880974,29,3,Adam,,,,,,,"{""batch_size"": 64, ""block_0_filters"": 64, ""block_0_kernel_pair"": ""(5, 7)"", ""lr_decay"": 0.41295405868880974, ""lr_step_size"": 29, ""n_blocks"": 3, ""optimizer"": ""Adam""}",PRUNED
82,0.5801636492632977,2026-10-04 17:19:35.538131,2026-10-04 17:19:36.919285,0 days 00:00:01.381154,0.8764287197301611,0.9413008578919232,0.0011471188117558977,1.941988685858883e-05,256,64,"(3, 5)",32.0,"(3, 7)",64.0,"(5, 7)",0.42550295119866954,20,3,Adam,,,,,,,"{""batch_size"": 256, ""block_0_filters"": 64, ""block_0_kernel_pair"": ""(3, 5)"", ""lr_decay"": 0.42550295119866954, ""lr_step_size"": 20, ""n_blocks"": 3, ""optimizer"": ""Adam""}",PRUNED
83,0.8755655498529362,2026-10-04 17:19:36.983169,2026-10-04 17:19:49.695800,0 days 00:00:12.712631,0.8539664383592611,0.9409504493831411,0.0013462425657418122,6.148512888366456e-05,64,32,"(5, 7)",32.0,"(3, 7)",64.0,"(5, 7)",0.48581318464957024,19,3,Adam,,,,,,,"{""batch_size"": 64, ""block_0_filters"": 32, ""block_0_kernel_pair"": ""(5, 7)"", ""lr_decay"": 0.48581318464957024, ""lr_step_size"": 19, ""n_blocks"": 3, ""optimizer"": ""Adam""}",PRUNED
84,0.9015888345017413,2026-10-04 17:19:49.759862,2026-10-04 17:19:58.071196,0 days 00:00:08.311334,0.860178883179871,0.9354010849654797,0.0025141171463880963,6.124470490086326e-06,200,32,"(5, 7)",32.0,"(3, 7)",64.0,"(5, 7)",0.3791351384640728,18,3,Adam,,,,46.0,0.9088983050847458,0.8942793639187369,"{""batch_size"": 200, ""block_0_filters"": 32, ""block_0_kernel_pair"": ""(5, 7)"", ""lr_decay"": 0.3791351384640728, ""lr_step_size"": 18, ""n_blocks"": 3, ""optimizer"": ""Adam""}",COMPLETE
85,0.5752719596019562,2026-10-04 17:19:58.140792,2026-10-04 17:19:59.928163,0 days 00:00:01.787371,0.8716782689828277,0.9295684880149286,0.0021578780650079576,3.6967228828089486e-05,200,64,"(5, 7)",32.0,"(3, 7)",64.0,"(5, 7)",0.4615037358732798,29,3,Adam,,,,,,,"{""batch_size"": 200, ""block_0_filters"": 64, ""block_0_kernel_pair"": ""(5, 7)"", ""lr_decay"": 0.4615037358732798, ""lr_step_size"": 29, ""n_blocks"": 3, ""optimizer"": ""Adam""}",PRUNED
86,0.6472110395581676,2026-10-04 17:20:00.036762,2026-10-04 17:20:03.702784,0 days 00:00:03.666022,0.8500646926812316,0.925688403192959,0.0015971774501098686,0.0011855164501429604,64,32,"(5, 7)",32.0,"(3, 7)",64.0,"(3, 5)",0.4098475408968682,16,3,Adam,,,,,,,"{""batch_size"": 64, ""block_0_filters"": 32, ""block_0_kernel_pair"": ""(5, 7)"", ""lr_decay"": 0.4098475408968682, ""lr_step_size"": 16, ""n_blocks"": 3, ""optimizer"": ""Adam""}",PRUNED
87,0.9049405375086148,2026-10-04 17:20:03.778758,2026-10-04 17:20:27.396394,0 days 00:00:23.617636,0.8651946077540053,0.9379368980117524,0.0018641847583388267,8.78227304554149e-06,64,64,"(3, 5)",32.0,"(3, 7)",64.0,"(5, 7)",0.4635722597454788,14,3,Adam,,,,50.0,0.913135593220339,0.8967454817968906,"{""batch_size"": 64, ""block_0_filters"": 64, ""block_0_kernel_pair"": ""(3, 5)"", ""lr_decay"": 0.4635722597454788, ""lr_step_size"": 14, ""n_blocks"": 3, ""optimizer"": ""Adam""}",COMPLETE
88,0.9014899441192137,2026-10-04 17:20:27.489795,2026-10-04 17:20:50.135475,0 days 00:00:22.645680,0.8558777298315692,0.9373693067824478,0.0019535832777506307,1.5074174229873027e-05,64,32,"(5, 7)",32.0,"(3, 5)",64.0,"(5, 7)",0.4025343588596704,25,3,Adam,,,,33.0,0.911723163841808,0.8912567243966194,"{""batch_size"": 64, ""block_0_filters"": 32, ""block_0_kernel_pair"": ""(5, 7)"", ""lr_decay"": 0.4025343588596704, ""lr_step_size"": 25, ""n_blocks"": 3, ""optimizer"": ""Adam""}",COMPLETE
89,0.7061332749670595,2026-10-04 17:20:50.203264,2026-10-04 17:20:55.025501,0 days 00:00:04.822237,0.8818521118399654,0.9418120633780824,0.0031569564290970156,5.012804924118078e-06,64,64,"(5, 7)",32.0,"(5, 7)",32.0,"(3, 7)",0.4983778427485992,34,3,Adam,,,,,,,"{""batch_size"": 64, ""block_0_filters"": 64, ""block_0_kernel_pair"": ""(5, 7)"", ""lr_decay"": 0.4983778427485992, ""lr_step_size"": 34, ""n_blocks"": 3, ""optimizer"": ""Adam""}",PRUNED
90,0.5841646809060062,2026-10-04 17:20:55.096712,2026-10-04 17:20:59.070254,0 days 00:00:03.973542,0.8620616881520191,0.947000557482943,0.002705005568422321,7.914932646096981e-06,64,64,"(3, 5)",32.0,"(3, 7)",8.0,"(5, 7)",0.33107504838589286,18,3,Adam,,,,,,,"{""batch_size"": 64, ""block_0_filters"": 64, ""block_0_kernel_pair"": ""(3, 5)"", ""lr_decay"": 0.33107504838589286, ""lr_step_size"": 18, ""n_blocks"": 3, ""optimizer"": ""Adam""}",PRUNED
91,0.8965125347559041,2026-10-04 17:20:59.141002,2026-10-04 17:21:20.152619,0 days 00:00:21.011617,0.8645644779415054,0.9392443722685281,0.0010504671075817647,1.1266203305634677e-05,64,64,"(3, 5)",32.0,"(3, 7)",64.0,"(5, 7)",0.37731746336240607,23,3,Adam,,,,49.0,0.9110169491525424,0.8820081203592658,"{""batch_size"": 64, ""block_0_filters"": 64, ""block_0_kernel_pair"": ""(3, 5)"", ""lr_decay"": 0.37731746336240607, ""lr_step_size"": 23, ""n_blocks"": 3, ""optimizer"": ""Adam""}",COMPLETE
92,0.9031499381566448,2026-10-04 17:21:20.224611,2026-10-04 17:21:41.361735,0 days 00:00:21.137124,0.8703338069580497,0.9324593846419648,0.0018740513731239467,2.3313126240922997e-05,64,64,"(5, 7)",32.0,"(3, 7)",64.0,"(5, 7)",0.45766325247131395,13,3,Adam,,,,43.0,0.9110169491525424,0.8952829271607473,"{""batch_size"": 64, ""block_0_filters"": 64, ""block_0_kernel_pair"": ""(5, 7)"", ""lr_decay"": 0.45766325247131395, ""lr_step_size"": 13, ""n_blocks"": 3, ""optimizer"": ""Adam""}",COMPLETE
93,0.8945724827063329,2026-10-04 17:21:41.449574,2026-10-04 17:22:04.431784,0 days 00:00:22.982210,0.8720097016324966,0.937020727146994,0.0021525063892454425,2.9300678582520125e-05,64,64,"(5, 7)",32.0,"(3, 7)",64.0,"(5, 7)",0.4821133896934644,12,3,Adam,,,,38.0,0.905367231638418,0.8837777337742478,"{""batch_size"": 64, ""block_0_filters"": 64, ""block_0_kernel_pair"": ""(5, 7)"", ""lr_decay"": 0.4821133896934644, ""lr_step_size"": 12, ""n_blocks"": 3, ""optimizer"": ""Adam""}",COMPLETE
