number,value,datetime_start,datetime_complete,duration,params_adam_beta1,params_adam_beta2,params_adam_lr,params_adam_wd,params_batch_size,params_block_0_filters,params_block_0_kernel_pair,params_block_1_filters,params_block_1_kernel_pair,params_block_2_filters,params_block_2_kernel_pair,params_lr_decay,params_lr_step_size,params_n_blocks,params_optimizer,params_sgd_lr,params_sgd_momentum,params_sgd_wd,user_attrs_best_epoch,user_attrs_validation_accuracy,user_attrs_validation_macro_f1,system_attrs_tpe:relative_params:0,state
0,0.5410657704087423,2026-10-04 17:05:07.348141,2026-10-04 17:05:14.048496,0 days 00:00:06.700355,0.8907720796277259,0.9611241041827657,0.0011207606211860567,5.34293726127978e-05,200,8,"(5, 7)",64.0,"(3, 5)",,,0.1814650918408482,14,2,Adam,,,,49.0,0.5501412429378532,0.5319902978796313,,COMPLETE
1,0.45577167218613124,2026-10-04 17:05:14.114299,2026-10-04 17:05:29.707656,0 days 00:00:15.593357,0.8936395506525175,0.9519547953156633,0.00032927591344236165,0.0004467752817973908,64,32,"(5, 7)",8.0,"(5, 7)",,,0.13318450498648718,26,2,Adam,,,,50.0,0.4590395480225989,0.45250379634966353,,COMPLETE
2,0.21839149550889703,2026-10-04 17:05:29.766050,2026-10-04 17:05:45.963157,0 days 00:00:16.197107,,,,,64,8,"(3, 7)",8.0,"(3, 7)",,,0.3780532256184443,31,2,SGD,0.00039459088111000007,0.7016014139658446,0.0018274508859816032,1.0,0.2747175141242938,0.1620654768935003,,COMPLETE
3,0.6516612633225974,2026-10-04 17:05:46.025522,2026-10-04 17:05:53.952678,0 days 00:00:07.927156,0.9074536092249882,0.9754795587404506,0.006533305220227739,9.935023909063694e-06,200,8,"(3, 7)",8.0,"(5, 7)",16.0,"(5, 7)",0.08464095942295685,17,3,Adam,,,,47.0,0.6596045197740112,0.6437180068711836,,COMPLETE
4,0.2711815516632934,2026-10-04 17:05:54.017358,2026-10-04 17:06:00.661833,0 days 00:00:06.644475,,,,,256,64,"(5, 7)",64.0,"(3, 7)",,,0.19544131940933984,39,2,SGD,0.00046379219034580355,0.734760956526768,2.2410971619109514e-05,39.0,0.2803672316384181,0.2619958716881687,,COMPLETE
5,0.20672012458314548,2026-10-04 17:06:00.728116,2026-10-04 17:06:03.017229,0 days 00:00:02.289113,,,,,128,16,"(3, 7)",32.0,"(5, 7)",32.0,"(3, 5)",0.06834881369964377,15,3,SGD,0.00018658181360124853,0.942237723720879,1.91920011015619e-05,,,,,PRUNED
6,0.24769842149077165,2026-10-04 17:06:03.077091,2026-10-04 17:06:04.013877,0 days 00:00:00.936786,0.942397766444785,0.9816404978001014,0.005684322462212271,1.0758866306767913e-05,256,32,"(3, 5)",,,,,0.28834276026020295,27,1,Adam,,,,,,,,PRUNED
7,0.7182763069254574,2026-10-04 17:06:04.073857,2026-10-04 17:06:10.376181,0 days 00:00:06.302324,0.941274576330364,0.92240450401511,0.0012516058337570376,0.0005855726588796257,256,64,"(3, 5)",32.0,"(5, 7)",,,0.15676208937356004,32,2,Adam,,,,47.0,0.7295197740112994,0.7070328398396153,,COMPLETE
8,0.1645465965849827,2026-10-04 17:06:10.440083,2026-10-04 17:06:11.870654,0 days 00:00:01.430571,,,,,256,8,"(3, 7)",8.0,"(3, 5)",,,0.4792678596511643,39,2,SGD,0.00011828996391101285,0.8871869658130787,5.110256715654393e-06,,,,,PRUNED
9,0.28344155851663466,2026-10-04 17:06:11.931419,2026-10-04 17:06:13.035758,0 days 00:00:01.104339,,,,,256,8,"(3, 7)",32.0,"(5, 7)",,,0.36611783779419915,31,2,SGD,0.003589128083678789,0.9544381908591071,0.0009184900818511545,,,,,PRUNED
10,0.2556555321019429,2026-10-04 17:06:13.097243,2026-10-04 17:06:14.525995,0 days 00:00:01.428752,0.9881813506773844,0.9013373952876331,0.00014291920214791584,0.009320745757067903,256,8,"(3, 5)",16.0,"(5, 7)",8.0,"(3, 7)",0.2184694173001437,40,3,Adam,,,,,,,"{""batch_size"": 256, ""block_0_filters"": 8, ""block_0_kernel_pair"": ""(3, 5)"", ""lr_decay"": 0.2184694173001437, ""lr_step_size"": 40, ""n_blocks"": 3, ""optimizer"": ""Adam""}",PRUNED
11,0.8316226685636131,2026-10-04 17:06:14.591876,2026-10-04 17:06:22.528527,0 days 00:00:07.936651,0.93113467430562,0.9139469954311238,0.008817388118859881,1.274888893339558e-06,200,8,"(3, 7)",32.0,"(5, 7)",16.0,"(5, 7)",0.09513426833797826,26,3,Adam,,,,49.0,0.8425141242937854,0.8207312128334409,"{""batch_size"": 200, ""block_0_filters"": 8, ""block_0_kernel_pair"": ""(3, 7)"", ""lr_decay"": 0.09513426833797826, ""lr_step_size"": 26, ""n_blocks"": 3, ""optimizer"": ""Adam""}",COMPLETE
12,0.8279060691025563,2026-10-04 17:06:22.592071,2026-10-04 17:06:29.012467,0 days 00:00:06.420396,0.9463521316730279,0.9159371367408541,0.0015192022573669321,2.1962207092537244e-06,256,64,"(3, 5)",32.0,"(5, 7)",16.0,"(5, 7)",0.18067520552738012,31,3,Adam,,,,48.0,0.8389830508474576,0.8168290873576549,"{""batch_size"": 256, ""block_0_filters"": 64, ""block_0_kernel_pair"": ""(3, 5)"", ""lr_decay"": 0.18067520552738012, ""lr_step_size"": 31, ""n_blocks"": 3, ""optimizer"": ""Adam""}",COMPLETE
13,0.8671313162933953,2026-10-04 17:06:29.079526,2026-10-04 17:06:48.796234,0 days 00:00:19.716708,0.9434967983288177,0.9233963217362124,0.002569532796402451,1.174810323158372e-06,64,64,"(3, 5)",32.0,"(5, 7)",16.0,"(5, 7)",0.3019476079660363,32,3,Adam,,,,48.0,0.8778248587570622,0.8564377738297286,"{""batch_size"": 64, ""block_0_filters"": 64, ""block_0_kernel_pair"": ""(3, 5)"", ""lr_decay"": 0.3019476079660363, ""lr_step_size"": 32, ""n_blocks"": 3, ""optimizer"": ""Adam""}",COMPLETE
14,0.8536769903286701,2026-10-04 17:06:48.888434,2026-10-04 17:07:14.115136,0 days 00:00:25.226702,0.8544075846729057,0.9332875754409445,0.009317283865085214,1.024229275300472e-06,64,8,"(3, 5)",32.0,"(5, 7)",16.0,"(5, 7)",0.30246971657198307,33,3,Adam,,,,49.0,0.8629943502824858,0.8443596303748543,"{""batch_size"": 64, ""block_0_filters"": 8, ""block_0_kernel_pair"": ""(3, 5)"", ""lr_decay"": 0.30246971657198307, ""lr_step_size"": 33, ""n_blocks"": 3, ""optimizer"": ""Adam""}",COMPLETE
15,0.9038427079165646,2026-10-04 17:07:14.174758,2026-10-04 17:07:36.780925,0 days 00:00:22.606167,0.8550826738524966,0.9376148994359442,0.003050312450926751,1.7355969044171037e-06,64,64,"(3, 5)",16.0,"(3, 7)",64.0,"(5, 7)",0.37988687938453447,29,3,Adam,,,,49.0,0.9124293785310734,0.8952560373020558,"{""batch_size"": 64, ""block_0_filters"": 64, ""block_0_kernel_pair"": ""(3, 5)"", ""lr_decay"": 0.37988687938453447, ""lr_step_size"": 29, ""n_blocks"": 3, ""optimizer"": ""Adam""}",COMPLETE
16,0.9003746249061986,2026-10-04 17:07:36.844069,2026-10-04 17:07:48.053945,0 days 00:00:11.209876,0.8517158284910924,0.9400565271414598,0.002825411331488788,5.9987673682943866e-06,128,64,"(3, 5)",16.0,"(3, 7)",64.0,"(5, 7)",0.2936915213693014,25,3,Adam,,,,49.0,0.9096045197740112,0.8911447300383858,"{""batch_size"": 128, ""block_0_filters"": 64, ""block_0_kernel_pair"": ""(3, 5)"", ""lr_decay"": 0.2936915213693014, ""lr_step_size"": 25, ""n_blocks"": 3, ""optimizer"": ""Adam""}",COMPLETE
17,0.21241425299466213,2026-10-04 17:07:48.176236,2026-10-04 17:07:50.261720,0 days 00:00:02.085484,,,,,128,64,"(3, 5)",16.0,"(3, 7)",64.0,"(3, 5)",0.30881331421884856,21,3,SGD,0.0974262873788047,0.8224581228671236,0.009699270487089363,,,,"{""batch_size"": 128, ""block_0_filters"": 64, ""block_0_kernel_pair"": ""(3, 5)"", ""lr_decay"": 0.30881331421884856, ""lr_step_size"": 21, ""n_blocks"": 3, ""optimizer"": ""SGD""}",PRUNED
18,0.8899724380950207,2026-10-04 17:07:50.376206,2026-10-04 17:08:10.264338,0 days 00:00:19.888132,0.8505475407589363,0.9442418336376913,0.002640255955883502,1.163901049035829e-05,64,64,"(3, 5)",16.0,"(3, 7)",64.0,"(3, 7)",0.4573444547029853,37,3,Adam,,,,48.0,0.9018361581920904,0.878108717997951,"{""batch_size"": 64, ""block_0_filters"": 64, ""block_0_kernel_pair"": ""(3, 5)"", ""lr_decay"": 0.4573444547029853, ""lr_step_size"": 37, ""n_blocks"": 3, ""optimizer"": ""Adam""}",COMPLETE
19,0.4517401824264459,2026-10-04 17:08:10.328976,2026-10-04 17:08:13.645670,0 days 00:00:03.316694,0.8692333170196724,0.9969409425096903,0.0005538099629489127,6.482637856094125e-05,64,64,"(3, 5)",16.0,"(3, 7)",,,0.4441803841787873,30,2,Adam,,,,,,,"{""batch_size"": 64, ""block_0_filters"": 64, ""block_0_kernel_pair"": ""(3, 5)"", ""lr_decay"": 0.4441803841787873, ""lr_step_size"": 30, ""n_blocks"": 2, ""optimizer"": ""Adam""}",PRUNED
20,0.8958624181726165,2026-10-04 17:08:13.709883,2026-10-04 17:08:34.129608,0 days 00:00:20.419725,0.8724005251629909,0.9422023361158417,0.0031781654489576442,5.01498892260771e-06,64,64,"(3, 5)",16.0,"(3, 7)",64.0,"(5, 7)",0.34887731877688805,22,3,Adam,,,,41.0,0.905367231638418,0.8863576047068148,"{""batch_size"": 64, ""block_0_filters"": 64, ""block_0_kernel_pair"": ""(3, 5)"", ""lr_decay"": 0.34887731877688805, ""lr_step_size"": 22, ""n_blocks"": 3, ""optimizer"": ""Adam""}",COMPLETE
21,0.8954836395234487,2026-10-04 17:08:34.195403,2026-10-04 17:09:00.995825,0 days 00:00:26.800422,0.871621046313576,0.9411682985488086,0.003141018733995655,4.595009606527025e-06,64,64,"(3, 5)",16.0,"(3, 7)",64.0,"(5, 7)",0.36923924595251406,21,3,Adam,,,,49.0,0.9074858757062146,0.8834814033406827,"{""batch_size"": 64, ""block_0_filters"": 64, ""block_0_kernel_pair"": ""(3, 5)"", ""lr_decay"": 0.36923924595251406, ""lr_step_size"": 21, ""n_blocks"": 3, ""optimizer"": ""Adam""}",COMPLETE
22,0.8982236264925954,2026-10-04 17:09:01.068998,2026-10-04 17:09:13.576560,0 days 00:00:12.507562,0.8710968436808564,0.9570029106796502,0.003401645419220423,3.4892382500454274e-05,128,64,"(5, 7)",16.0,"(3, 7)",64.0,"(5, 7)",0.22713952575429197,27,3,Adam,,,,39.0,0.9046610169491526,0.8917862360360382,"{""batch_size"": 128, ""block_0_filters"": 64, ""block_0_kernel_pair"": ""(5, 7)"", ""lr_decay"": 0.22713952575429197, ""lr_step_size"": 27, ""n_blocks"": 3, ""optimizer"": ""Adam""}",COMPLETE
23,0.431965574999502,2026-10-04 17:09:13.639550,2026-10-04 17:09:16.041840,0 days 00:00:02.402290,0.8623749492167793,0.9590329108469198,0.004637637801433843,4.729831887437259e-05,128,64,"(5, 7)",16.0,"(3, 7)",,,0.2016146517372763,28,2,Adam,,,,,,,"{""batch_size"": 128, ""block_0_filters"": 64, ""block_0_kernel_pair"": ""(5, 7)"", ""lr_decay"": 0.2016146517372763, ""lr_step_size"": 28, ""n_blocks"": 2, ""optimizer"": ""Adam""}",PRUNED
24,0.8893113090975004,2026-10-04 17:09:16.109572,2026-10-04 17:09:27.470128,0 days 00:00:11.360556,0.885657790254238,0.9613677109842667,0.0014950946855205906,2.19764572435577e-05,128,64,"(3, 7)",16.0,"(3, 7)",64.0,"(5, 7)",0.2994716365441377,28,3,Adam,,,,46.0,0.8912429378531074,0.8873796803418934,"{""batch_size"": 128, ""block_0_filters"": 64, ""block_0_kernel_pair"": ""(3, 7)"", ""lr_decay"": 0.2994716365441377, ""lr_step_size"": 28, ""n_blocks"": 3, ""optimizer"": ""Adam""}",COMPLETE
25,0.8930184795015375,2026-10-04 17:09:27.544804,2026-10-04 17:09:38.141872,0 days 00:00:10.597068,0.8779482572506235,0.9325516499129314,0.0019857501123386185,0.00018990813948755722,128,32,"(5, 7)",16.0,"(3, 7)",64.0,"(5, 7)",0.2488464986874328,27,3,Adam,,,,31.0,0.8997175141242938,0.8863194448787811,"{""batch_size"": 128, ""block_0_filters"": 32, ""block_0_kernel_pair"": ""(5, 7)"", ""lr_decay"": 0.2488464986874328, ""lr_step_size"": 27, ""n_blocks"": 3, ""optimizer"": ""Adam""}",COMPLETE
26,0.8672735142316544,2026-10-04 17:09:38.214161,2026-10-04 17:09:49.728863,0 days 00:00:11.514702,0.850404342021521,0.972711968567133,0.0008400022418519056,6.128509041041623e-06,128,64,"(5, 7)",16.0,"(3, 5)",64.0,"(5, 7)",0.1160551057826949,26,3,Adam,,,,49.0,0.8778248587570622,0.8567221697062467,"{""batch_size"": 128, ""block_0_filters"": 64, ""block_0_kernel_pair"": ""(5, 7)"", ""lr_decay"": 0.1160551057826949, ""lr_step_size"": 26, ""n_blocks"": 3, ""optimizer"": ""Adam""}",COMPLETE
27,0.6195564816530464,2026-10-04 17:09:49.792266,2026-10-04 17:09:53.576946,0 days 00:00:03.784680,0.9053120670531457,0.9496351659750186,0.004295509297657477,2.483301614704266e-05,128,64,"(5, 7)",64.0,"(3, 7)",32.0,"(3, 5)",0.18064045063210876,21,3,Adam,,,,,,,"{""batch_size"": 128, ""block_0_filters"": 64, ""block_0_kernel_pair"": ""(5, 7)"", ""lr_decay"": 0.18064045063210876, ""lr_step_size"": 21, ""n_blocks"": 3, ""optimizer"": ""Adam""}",PRUNED
28,0.5083578294025864,2026-10-04 17:09:53.658171,2026-10-04 17:09:56.902131,0 days 00:00:03.243960,0.8637030285317105,0.9372669539044208,0.003718346625290151,2.4394529008031638e-06,128,64,"(5, 7)",16.0,"(3, 7)",8.0,"(3, 7)",0.33085801987368235,35,3,Adam,,,,,,,"{""batch_size"": 128, ""block_0_filters"": 64, ""block_0_kernel_pair"": ""(5, 7)"", ""lr_decay"": 0.33085801987368235, ""lr_step_size"": 35, ""n_blocks"": 3, ""optimizer"": ""Adam""}",PRUNED
29,0.884124269066239,2026-10-04 17:09:56.985664,2026-10-04 17:10:11.516911,0 days 00:00:14.531247,0.8841549955601383,0.9271716001664709,0.002057582794461816,0.00013501932025988727,128,64,"(3, 5)",16.0,"(3, 7)",64.0,"(5, 7)",0.18939896157983982,26,3,Adam,,,,44.0,0.8997175141242938,0.8685310240081842,"{""batch_size"": 128, ""block_0_filters"": 64, ""block_0_kernel_pair"": ""(3, 5)"", ""lr_decay"": 0.18939896157983982, ""lr_step_size"": 26, ""n_blocks"": 3, ""optimizer"": ""Adam""}",COMPLETE
30,0.47677387966826446,2026-10-04 17:10:11.579068,2026-10-04 17:10:13.484214,0 days 00:00:01.905146,0.859720215946846,0.9535934544452552,0.000596944599990276,2.768136557831455e-06,128,64,"(5, 7)",64.0,"(3, 5)",,,0.2915417106382938,22,2,Adam,,,,,,,"{""batch_size"": 128, ""block_0_filters"": 64, ""block_0_kernel_pair"": ""(5, 7)"", ""lr_decay"": 0.2915417106382938, ""lr_step_size"": 22, ""n_blocks"": 2, ""optimizer"": ""Adam""}",PRUNED
31,0.8883802579969282,2026-10-04 17:10:13.543267,2026-10-04 17:10:20.390633,0 days 00:00:06.847366,0.8724573105762611,0.9438708789033006,0.0033215156976148363,4.096455309680736e-06,256,64,"(3, 5)",16.0,"(3, 7)",64.0,"(5, 7)",0.3854882819204451,25,3,Adam,,,,41.0,0.9004237288135594,0.8763367871802971,"{""batch_size"": 256, ""block_0_filters"": 64, ""block_0_kernel_pair"": ""(3, 5)"", ""lr_decay"": 0.3854882819204451, ""lr_step_size"": 25, ""n_blocks"": 3, ""optimizer"": ""Adam""}",COMPLETE
32,0.4119015020913617,2026-10-04 17:10:20.494762,2026-10-04 17:10:24.101799,0 days 00:00:03.607037,0.8635906080629168,0.9683941441253586,0.005982894224184978,2.1358170527973508e-05,64,64,"(3, 5)",16.0,"(3, 7)",,,0.3072559165109224,18,2,Adam,,,,,,,"{""batch_size"": 64, ""block_0_filters"": 64, ""block_0_kernel_pair"": ""(3, 5)"", ""lr_decay"": 0.3072559165109224, ""lr_step_size"": 18, ""n_blocks"": 2, ""optimizer"": ""Adam""}",PRUNED
33,0.48734558291761915,2026-10-04 17:10:24.177837,2026-10-04 17:10:27.533592,0 days 00:00:03.355755,0.8751399590544658,0.9465669483992065,0.001952347896784679,6.7555722593360235e-06,64,64,"(5, 7)",16.0,"(3, 7)",,,0.37953543742381185,18,2,Adam,,,,,,,"{""batch_size"": 64, ""block_0_filters"": 64, ""block_0_kernel_pair"": ""(5, 7)"", ""lr_decay"": 0.37953543742381185, ""lr_step_size"": 18, ""n_blocks"": 2, ""optimizer"": ""Adam""}",PRUNED
34,0.8961662088629098,2026-10-04 17:10:27.593462,2026-10-04 17:10:47.242029,0 days 00:00:19.648567,0.9040358054740267,0.936213827775628,0.0025395905416031746,2.577700194284356e-06,64,64,"(3, 5)",16.0,"(3, 7)",64.0,"(5, 7)",0.4508283225676535,18,3,Adam,,,,44.0,0.9067796610169492,0.8855527567088703,"{""batch_size"": 64, ""block_0_filters"": 64, ""block_0_kernel_pair"": ""(3, 5)"", ""lr_decay"": 0.4508283225676535, ""lr_step_size"": 18, ""n_blocks"": 3, ""optimizer"": ""Adam""}",COMPLETE
35,0.6064504073854964,2026-10-04 17:10:47.319493,2026-10-04 17:10:48.946201,0 days 00:00:01.626708,0.9164195787345343,0.9328745605207651,0.00232005451340469,2.253591790388916e-06,200,64,"(3, 5)",8.0,"(3, 7)",64.0,"(5, 7)",0.4968540465460573,15,3,Adam,,,,,,,"{""batch_size"": 200, ""block_0_filters"": 64, ""block_0_kernel_pair"": ""(3, 5)"", ""lr_decay"": 0.4968540465460573, ""lr_step_size"": 15, ""n_blocks"": 3, ""optimizer"": ""Adam""}",PRUNED
36,0.603054272361325,2026-10-04 17:10:49.014864,2026-10-04 17:10:51.375941,0 days 00:00:02.361077,0.8976284073126126,0.9568764862959825,0.00101800939536603,4.2557429902045026e-05,128,8,"(3, 5)",16.0,"(3, 5)",64.0,"(5, 7)",0.25832372995563957,23,3,Adam,,,,,,,"{""batch_size"": 128, ""block_0_filters"": 8, ""block_0_kernel_pair"": ""(3, 5)"", ""lr_decay"": 0.25832372995563957, ""lr_step_size"": 23, ""n_blocks"": 3, ""optimizer"": ""Adam""}",PRUNED
37,0.9130612192900129,2026-10-04 17:10:51.444185,2026-10-04 17:11:16.224470,0 days 00:00:24.780285,0.9219556943563522,0.9638433270611375,0.004121548260904534,1.361590661249823e-05,64,64,"(3, 5)",64.0,"(3, 7)",64.0,"(5, 7)",0.42691183480335754,19,3,Adam,,,,33.0,0.9209039548022598,0.905218483777766,"{""batch_size"": 64, ""block_0_filters"": 64, ""block_0_kernel_pair"": ""(3, 5)"", ""lr_decay"": 0.42691183480335754, ""lr_step_size"": 19, ""n_blocks"": 3, ""optimizer"": ""Adam""}",COMPLETE
38,0.5669730755844589,2026-10-04 17:11:16.288574,2026-10-04 17:11:18.571039,0 days 00:00:02.282465,0.9762708153745776,0.9670203634803364,0.004565006323277045,8.359891743005273e-05,128,64,"(3, 5)",64.0,"(3, 7)",64.0,"(5, 7)",0.2631609363734853,13,3,Adam,,,,,,,"{""batch_size"": 128, ""block_0_filters"": 64, ""block_0_kernel_pair"": ""(3, 5)"", ""lr_decay"": 0.2631609363734853, ""lr_step_size"": 13, ""n_blocks"": 3, ""optimizer"": ""Adam""}",PRUNED
39,0.5802059688066499,2026-10-04 17:11:18.634614,2026-10-04 17:11:21.830040,0 days 00:00:03.195426,0.9618817321460505,0.9836034151125183,0.006391505782691205,1.5773120845061774e-05,64,8,"(3, 5)",64.0,"(3, 7)",,,0.389254172692782,23,2,Adam,,,,,,,"{""batch_size"": 64, ""block_0_filters"": 8, ""block_0_kernel_pair"": ""(3, 5)"", ""lr_decay"": 0.389254172692782, ""lr_step_size"": 23, ""n_blocks"": 2, ""optimizer"": ""Adam""}",PRUNED
40,0.3833930022564867,2026-10-04 17:11:21.901490,2026-10-04 17:11:27.494204,0 days 00:00:05.592714,0.9171142693499419,0.9616662459719478,0.00487204716658531,0.0004523910053247321,64,64,"(3, 5)",64.0,"(3, 7)",8.0,"(3, 5)",0.3580154437412005,38,3,Adam,,,,,,,"{""batch_size"": 64, ""block_0_filters"": 64, ""block_0_kernel_pair"": ""(3, 5)"", ""lr_decay"": 0.3580154437412005, ""lr_step_size"": 38, ""n_blocks"": 3, ""optimizer"": ""Adam""}",PRUNED
41,0.8852863940687556,2026-10-04 17:11:27.555236,2026-10-04 17:11:48.915356,0 days 00:00:21.360120,0.8991149191531846,0.9522753837602563,0.002919101960969218,7.421070104810987e-06,64,64,"(3, 7)",8.0,"(3, 7)",64.0,"(5, 7)",0.4385824034332836,17,3,Adam,,,,45.0,0.894774011299435,0.8757987768380763,"{""batch_size"": 64, ""block_0_filters"": 64, ""block_0_kernel_pair"": ""(3, 7)"", ""lr_decay"": 0.4385824034332836, ""lr_step_size"": 17, ""n_blocks"": 3, ""optimizer"": ""Adam""}",COMPLETE
42,0.8997326076093106,2026-10-04 17:11:49.007284,2026-10-04 17:12:13.118494,0 days 00:00:24.111210,0.9219979097440675,0.9389158362885589,0.0017072984269611536,3.3368643719739136e-06,64,64,"(3, 5)",64.0,"(3, 7)",64.0,"(5, 7)",0.3744640440386836,32,3,Adam,,,,42.0,0.9138418079096046,0.8856234073090167,"{""batch_size"": 64, ""block_0_filters"": 64, ""block_0_kernel_pair"": ""(3, 5)"", ""lr_decay"": 0.3744640440386836, ""lr_step_size"": 32, ""n_blocks"": 3, ""optimizer"": ""Adam""}",COMPLETE
43,0.8996636515960588,2026-10-04 17:12:13.189811,2026-10-04 17:12:35.273868,0 days 00:00:22.084057,0.9251990445428818,0.9820417251880669,0.0015094514937565595,1.210568504109578e-05,64,64,"(3, 5)",64.0,"(3, 7)",64.0,"(5, 7)",0.4233911677509012,11,3,Adam,,,,44.0,0.911723163841808,0.8876041393503097,"{""batch_size"": 64, ""block_0_filters"": 64, ""block_0_kernel_pair"": ""(3, 5)"", ""lr_decay"": 0.4233911677509012, ""lr_step_size"": 11, ""n_blocks"": 3, ""optimizer"": ""Adam""}",COMPLETE
44,0.5501370632971765,2026-10-04 17:12:35.354634,2026-10-04 17:12:38.551948,0 days 00:00:03.197314,0.9288415433154914,0.9863458527839375,0.0012684976018908377,9.885487062420834e-06,64,64,"(3, 5)",64.0,"(3, 7)",,,0.39948480743675985,27,2,Adam,,,,,,,"{""batch_size"": 64, ""block_0_filters"": 64, ""block_0_kernel_pair"": ""(3, 5)"", ""lr_decay"": 0.39948480743675985, ""lr_step_size"": 27, ""n_blocks"": 2, ""optimizer"": ""Adam""}",PRUNED
45,0.41340626873785746,2026-10-04 17:12:38.612106,2026-10-04 17:12:42.373659,0 days 00:00:03.761553,0.9180795154923757,0.9945977574465782,0.0017156588077787411,0.0036627251352628083,64,32,"(3, 5)",64.0,"(3, 5)",,,0.3712958914749978,31,2,Adam,,,,,,,"{""batch_size"": 64, ""block_0_filters"": 32, ""block_0_kernel_pair"": ""(3, 5)"", ""lr_decay"": 0.3712958914749978, ""lr_step_size"": 31, ""n_blocks"": 2, ""optimizer"": ""Adam""}",PRUNED
46,0.5680533130538237,2026-10-04 17:12:42.439605,2026-10-04 17:12:46.529598,0 days 00:00:04.089993,0.9307422027419774,0.9776280741930669,0.00011822911013522907,1.4562043556383822e-05,64,64,"(3, 5)",64.0,"(3, 7)",64.0,"(5, 7)",0.38233966217998955,32,3,Adam,,,,,,,"{""batch_size"": 64, ""block_0_filters"": 64, ""block_0_kernel_pair"": ""(3, 5)"", ""lr_decay"": 0.38233966217998955, ""lr_step_size"": 32, ""n_blocks"": 3, ""optimizer"": ""Adam""}",PRUNED
47,0.8505549084005635,2026-10-04 17:12:46.591541,2026-10-04 17:12:53.572888,0 days 00:00:06.981347,0.9236841938075764,0.9279194492331401,0.0009924746582028294,1.408083481527999e-06,128,64,"(3, 5)",64.0,"(3, 7)",32.0,"(5, 7)",0.4006114015250495,14,3,Adam,,,,,,,"{""batch_size"": 128, ""block_0_filters"": 64, ""block_0_kernel_pair"": ""(3, 5)"", ""lr_decay"": 0.4006114015250495, ""lr_step_size"": 14, ""n_blocks"": 3, ""optimizer"": ""Adam""}",PRUNED
