number,value,datetime_start,datetime_complete,duration,params_adam_beta1,params_adam_beta2,params_adam_lr,params_adam_wd,params_batch_size,params_block_0_filters,params_block_0_kernel_pair,params_block_1_filters,params_block_1_kernel_pair,params_block_2_filters,params_block_2_kernel_pair,params_lr_decay,params_lr_step_size,params_n_blocks,params_optimizer,params_sgd_lr,params_sgd_momentum,params_sgd_wd,user_attrs_best_epoch,user_attrs_validation_accuracy,user_attrs_validation_macro_f1,system_attrs_tpe:relative_params:0,state
94,0.8826438549800972,2026-10-04 17:22:04.507028,2026-10-04 17:22:21.498516,0 days 00:00:16.991488,0.887730111480803,0.9315410462287145,0.0013993347329346538,2.3759276094139393e-05,64,64,"(5, 7)",32.0,"(3, 7)",64.0,"(5, 7)",0.44438237477072223,12,3,Adam,,,,,,,"{""batch_size"": 64, ""block_0_filters"": 64, ""block_0_kernel_pair"": ""(5, 7)"", ""lr_decay"": 0.44438237477072223, ""lr_step_size"": 12, ""n_blocks"": 3, ""optimizer"": ""Adam""}",PRUNED
95,0.6580136775486495,2026-10-04 17:22:21.560232,2026-10-04 17:22:26.739095,0 days 00:00:05.178863,0.8591165071983472,0.9437986758251335,0.001798345184139883,1.7086756392527516e-05,64,64,"(3, 5)",8.0,"(3, 7)",64.0,"(5, 7)",0.44155050740927665,27,3,Adam,,,,,,,"{""batch_size"": 64, ""block_0_filters"": 64, ""block_0_kernel_pair"": ""(3, 5)"", ""lr_decay"": 0.44155050740927665, ""lr_step_size"": 27, ""n_blocks"": 3, ""optimizer"": ""Adam""}",PRUNED
96,0.6964880406650091,2026-10-04 17:22:26.810269,2026-10-04 17:22:31.089640,0 days 00:00:04.279371,0.9783732586993932,0.9400530526143296,0.0012708420078223102,4.5809349340066404e-05,64,32,"(5, 7)",32.0,"(3, 7)",64.0,"(5, 7)",0.4580627241350231,27,3,Adam,,,,,,,"{""batch_size"": 64, ""block_0_filters"": 32, ""block_0_kernel_pair"": ""(5, 7)"", ""lr_decay"": 0.4580627241350231, ""lr_step_size"": 27, ""n_blocks"": 3, ""optimizer"": ""Adam""}",PRUNED
97,0.900429748721936,2026-10-04 17:22:31.160589,2026-10-04 17:22:53.032140,0 days 00:00:21.871551,0.87449329805069,0.9509012213014076,0.004078225828848347,8.84419879063168e-06,64,64,"(3, 5)",32.0,"(3, 7)",64.0,"(5, 7)",0.3029503887727664,16,3,Adam,,,,35.0,0.9081920903954802,0.8926674070483919,"{""batch_size"": 64, ""block_0_filters"": 64, ""block_0_kernel_pair"": ""(3, 5)"", ""lr_decay"": 0.3029503887727664, ""lr_step_size"": 16, ""n_blocks"": 3, ""optimizer"": ""Adam""}",COMPLETE
98,0.9070849102046549,2026-10-04 17:22:53.090129,2026-10-04 17:23:16.047504,0 days 00:00:22.957375,0.8542687834524453,0.9589502201202499,0.002313473801231774,2.9335941317792197e-06,64,64,"(3, 5)",32.0,"(3, 7)",64.0,"(5, 7)",0.43897424947884667,22,3,Adam,,,,46.0,0.9138418079096046,0.9003280124997052,"{""batch_size"": 64, ""block_0_filters"": 64, ""block_0_kernel_pair"": ""(3, 5)"", ""lr_decay"": 0.43897424947884667, ""lr_step_size"": 22, ""n_blocks"": 3, ""optimizer"": ""Adam""}",COMPLETE
99,0.5935137221449187,2026-10-04 17:23:16.106454,2026-10-04 17:23:20.273376,0 days 00:00:04.166922,0.8550624596663043,0.9584918171433047,0.002331419455278948,3.0158777096463998e-06,64,64,"(5, 7)",32.0,"(3, 7)",16.0,"(5, 7)",0.46143496655216454,22,3,Adam,,,,,,,"{""batch_size"": 64, ""block_0_filters"": 64, ""block_0_kernel_pair"": ""(5, 7)"", ""lr_decay"": 0.46143496655216454, ""lr_step_size"": 22, ""n_blocks"": 3, ""optimizer"": ""Adam""}",PRUNED
