number,value,datetime_start,datetime_complete,duration,params_adam_beta1,params_adam_beta2,params_adam_lr,params_adam_wd,params_batch_size,params_block_0_filters,params_block_0_kernel_pair,params_block_1_filters,params_block_1_kernel_pair,params_block_2_filters,params_block_2_kernel_pair,params_first_conv_filters,params_first_conv_kernel_width,params_lr_decay,params_lr_step_size,params_n_blocks,params_optimizer,params_sgd_lr,params_sgd_momentum,params_sgd_wd,user_attrs_best_epoch,user_attrs_validation_accuracy,user_attrs_validation_macro_f1,system_attrs_tpe:relative_params:0,state
43,0.5105370214182738,2026-09-30 18:40:18.115842,2026-09-30 18:40:18.874344,0 days 00:00:00.758502,0.860337674218642,0.9482324794982767,0.0008433607220287787,2.9635580167936733e-05,128,64,"(3, 5)",32.0,"(5, 7)",,,16,3,0.2142201441607168,29,2,Adam,,,,,,,"{""batch_size"": 128, ""block_0_filters"": 64, ""block_0_kernel_pair"": ""(3, 5)"", ""first_conv_filters"": 16, ""first_conv_kernel_width"": 3, ""lr_decay"": 0.2142201441607168, ""lr_step_size"": 29, ""n_blocks"": 2, ""optimizer"": ""Adam""}",PRUNED
44,0.8990130268458851,2026-09-30 18:40:18.937162,2026-09-30 18:40:25.514773,0 days 00:00:06.577611,0.8639675744184632,0.958287923921558,0.002019447743638476,6.332195226464036e-05,64,64,"(5, 7)",64.0,"(5, 7)",32.0,"(3, 5)",32,3,0.24352999006973874,36,3,Adam,,,,46.0,0.9032258064516129,0.8948002472401573,"{""batch_size"": 64, ""block_0_filters"": 64, ""block_0_kernel_pair"": ""(5, 7)"", ""first_conv_filters"": 32, ""first_conv_kernel_width"": 3, ""lr_decay"": 0.24352999006973874, ""lr_step_size"": 36, ""n_blocks"": 3, ""optimizer"": ""Adam""}",COMPLETE
45,0.8778687763912063,2026-09-30 18:40:25.576988,2026-09-30 18:40:32.091188,0 days 00:00:06.514200,0.8634756014746795,0.9586531491748986,0.002012235118380794,6.321588957951428e-05,64,64,"(5, 7)",64.0,"(5, 7)",32.0,"(3, 5)",32,7,0.2454606074109534,32,3,Adam,,,,41.0,0.8838709677419355,0.8718665850404772,"{""batch_size"": 64, ""block_0_filters"": 64, ""block_0_kernel_pair"": ""(5, 7)"", ""first_conv_filters"": 32, ""first_conv_kernel_width"": 7, ""lr_decay"": 0.2454606074109534, ""lr_step_size"": 32, ""n_blocks"": 3, ""optimizer"": ""Adam""}",COMPLETE
46,0.4029175067781986,2026-09-30 18:40:32.166226,2026-09-30 18:40:33.500361,0 days 00:00:01.334135,0.8557806207231623,0.9706705737424338,0.004177502338709596,0.0025168771974450237,64,64,"(5, 7)",64.0,"(5, 7)",32.0,"(3, 5)",32,3,0.20384478113125262,37,3,Adam,,,,,,,"{""batch_size"": 64, ""block_0_filters"": 64, ""block_0_kernel_pair"": ""(5, 7)"", ""first_conv_filters"": 32, ""first_conv_kernel_width"": 3, ""lr_decay"": 0.20384478113125262, ""lr_step_size"": 37, ""n_blocks"": 3, ""optimizer"": ""Adam""}",PRUNED
47,0.4597558261805931,2026-09-30 18:40:33.562239,2026-09-30 18:40:34.995023,0 days 00:00:01.432784,0.8656203019988254,0.9787563736564825,0.00011210268114918406,1.8558418957055467e-05,64,64,"(5, 7)",64.0,"(5, 7)",32.0,"(3, 5)",32,3,0.27478402710536126,39,3,Adam,,,,,,,"{""batch_size"": 64, ""block_0_filters"": 64, ""block_0_kernel_pair"": ""(5, 7)"", ""first_conv_filters"": 32, ""first_conv_kernel_width"": 3, ""lr_decay"": 0.27478402710536126, ""lr_step_size"": 39, ""n_blocks"": 3, ""optimizer"": ""Adam""}",PRUNED
48,0.5904324954967175,2026-09-30 18:40:35.060778,2026-09-30 18:40:36.685456,0 days 00:00:01.624678,0.8739761646175747,0.9551098938311686,0.0037748568039205318,9.664199768729397e-06,64,64,"(5, 7)",64.0,"(5, 7)",32.0,"(3, 5)",32,3,0.2948510579213962,32,3,Adam,,,,,,,"{""batch_size"": 64, ""block_0_filters"": 64, ""block_0_kernel_pair"": ""(5, 7)"", ""first_conv_filters"": 32, ""first_conv_kernel_width"": 3, ""lr_decay"": 0.2948510579213962, ""lr_step_size"": 32, ""n_blocks"": 3, ""optimizer"": ""Adam""}",PRUNED
49,0.8658572243536505,2026-09-30 18:40:36.752072,2026-09-30 18:40:43.231329,0 days 00:00:06.479257,0.8508881048109708,0.9645237872955956,0.003285331858285146,5.718628097647656e-05,64,64,"(5, 7)",64.0,"(3, 7)",,,128,3,0.2775892910687288,35,2,Adam,,,,44.0,0.8741935483870967,0.8575209003202043,"{""batch_size"": 64, ""block_0_filters"": 64, ""block_0_kernel_pair"": ""(5, 7)"", ""first_conv_filters"": 128, ""first_conv_kernel_width"": 3, ""lr_decay"": 0.2775892910687288, ""lr_step_size"": 35, ""n_blocks"": 2, ""optimizer"": ""Adam""}",COMPLETE
50,0.3448348706668112,2026-09-30 18:40:43.291513,2026-09-30 18:40:44.405523,0 days 00:00:01.114010,0.861415175437058,0.9638013917897651,0.00017360239172986626,0.00017579040436520662,64,64,"(5, 7)",16.0,"(5, 7)",,,32,3,0.24519507859452289,28,2,Adam,,,,,,,"{""batch_size"": 64, ""block_0_filters"": 64, ""block_0_kernel_pair"": ""(5, 7)"", ""first_conv_filters"": 32, ""first_conv_kernel_width"": 3, ""lr_decay"": 0.24519507859452289, ""lr_step_size"": 28, ""n_blocks"": 2, ""optimizer"": ""Adam""}",PRUNED
51,0.8691559046418802,2026-09-30 18:40:44.464886,2026-09-30 18:40:47.465216,0 days 00:00:03.000330,0.9438397855855083,0.9451127623889245,0.001202293102063463,4.2102527317692866e-05,128,64,"(3, 5)",32.0,"(3, 5)",32.0,"(3, 7)",32,3,0.20899013746709763,31,3,Adam,,,,43.0,0.8741935483870967,0.8641182608966638,"{""batch_size"": 128, ""block_0_filters"": 64, ""block_0_kernel_pair"": ""(3, 5)"", ""first_conv_filters"": 32, ""first_conv_kernel_width"": 3, ""lr_decay"": 0.20899013746709763, ""lr_step_size"": 31, ""n_blocks"": 3, ""optimizer"": ""Adam""}",COMPLETE
52,0.38347312250076454,2026-09-30 18:40:47.523209,2026-09-30 18:40:48.027553,0 days 00:00:00.504344,0.9124346325036967,0.9419348650582798,0.0005518361830669997,2.083151231873176e-05,128,64,"(3, 5)",,,,,32,3,0.21758572647674726,29,1,Adam,,,,,,,"{""batch_size"": 128, ""block_0_filters"": 64, ""block_0_kernel_pair"": ""(3, 5)"", ""first_conv_filters"": 32, ""first_conv_kernel_width"": 3, ""lr_decay"": 0.21758572647674726, ""lr_step_size"": 29, ""n_blocks"": 1, ""optimizer"": ""Adam""}",PRUNED
53,0.509296990616598,2026-09-30 18:40:48.090548,2026-09-30 18:40:49.207178,0 days 00:00:01.116630,0.904617704133583,0.9346112416538552,0.0004221032736154111,4.306512729238335e-05,64,64,"(5, 7)",32.0,"(3, 5)",16.0,"(5, 7)",32,3,0.25446001997169787,36,3,Adam,,,,,,,"{""batch_size"": 64, ""block_0_filters"": 64, ""block_0_kernel_pair"": ""(5, 7)"", ""first_conv_filters"": 32, ""first_conv_kernel_width"": 3, ""lr_decay"": 0.25446001997169787, ""lr_step_size"": 36, ""n_blocks"": 3, ""optimizer"": ""Adam""}",PRUNED
54,0.38999786213467835,2026-09-30 18:40:49.265345,2026-09-30 18:40:50.444587,0 days 00:00:01.179242,0.9629984375748383,0.93862487685607,0.0018921225313147498,7.55442749198997e-05,64,16,"(5, 7)",8.0,"(3, 5)",32.0,"(3, 5)",32,3,0.306866065688157,23,3,Adam,,,,,,,"{""batch_size"": 64, ""block_0_filters"": 16, ""block_0_kernel_pair"": ""(5, 7)"", ""first_conv_filters"": 32, ""first_conv_kernel_width"": 3, ""lr_decay"": 0.306866065688157, ""lr_step_size"": 23, ""n_blocks"": 3, ""optimizer"": ""Adam""}",PRUNED
55,0.8550336360309917,2026-09-30 18:40:50.501747,2026-09-30 18:40:55.597200,0 days 00:00:05.095453,0.8940371943266688,0.9447655730126706,0.0009211026064281745,3.345349929603719e-05,64,64,"(5, 7)",32.0,"(5, 7)",32.0,"(5, 7)",32,3,0.17880765795910272,25,3,Adam,,,,44.0,0.867741935483871,0.8423253365781124,"{""batch_size"": 64, ""block_0_filters"": 64, ""block_0_kernel_pair"": ""(5, 7)"", ""first_conv_filters"": 32, ""first_conv_kernel_width"": 3, ""lr_decay"": 0.17880765795910272, ""lr_step_size"": 25, ""n_blocks"": 3, ""optimizer"": ""Adam""}",COMPLETE
56,0.8657001347675854,2026-09-30 18:40:55.678314,2026-09-30 18:41:00.830552,0 days 00:00:05.152238,0.9150399384490554,0.9554899115526478,0.0006327802808176289,7.873407002772061e-05,64,64,"(5, 7)",32.0,"(3, 5)",16.0,"(3, 7)",32,3,0.34433274041664136,39,3,Adam,,,,43.0,0.8806451612903226,0.8507551082448482,"{""batch_size"": 64, ""block_0_filters"": 64, ""block_0_kernel_pair"": ""(5, 7)"", ""first_conv_filters"": 32, ""first_conv_kernel_width"": 3, ""lr_decay"": 0.34433274041664136, ""lr_step_size"": 39, ""n_blocks"": 3, ""optimizer"": ""Adam""}",COMPLETE
57,0.880674939903657,2026-09-30 18:41:00.888239,2026-09-30 18:41:06.496740,0 days 00:00:05.608501,0.9213062926434058,0.9477887656110714,0.0014974514829536102,1.3854768451719219e-05,64,64,"(5, 7)",64.0,"(5, 7)",64.0,"(5, 7)",32,3,0.23024656982384,24,3,Adam,,,,41.0,0.8838709677419355,0.8774789120653784,"{""batch_size"": 64, ""block_0_filters"": 64, ""block_0_kernel_pair"": ""(5, 7)"", ""first_conv_filters"": 32, ""first_conv_kernel_width"": 3, ""lr_decay"": 0.23024656982384, ""lr_step_size"": 24, ""n_blocks"": 3, ""optimizer"": ""Adam""}",COMPLETE
58,0.5360992790085595,2026-09-30 18:41:06.576229,2026-09-30 18:41:07.114186,0 days 00:00:00.537957,0.9339237046397896,0.9671628637035582,0.0021161146532415356,1.2841528580557282e-05,256,64,"(5, 7)",64.0,"(5, 7)",,,32,3,0.23705975950590458,39,2,Adam,,,,,,,"{""batch_size"": 256, ""block_0_filters"": 64, ""block_0_kernel_pair"": ""(5, 7)"", ""first_conv_filters"": 32, ""first_conv_kernel_width"": 3, ""lr_decay"": 0.23705975950590458, ""lr_step_size"": 39, ""n_blocks"": 2, ""optimizer"": ""Adam""}",PRUNED
59,0.4854176037117065,2026-09-30 18:41:07.175997,2026-09-30 18:41:08.249056,0 days 00:00:01.073059,0.9492415746957346,0.9603120584205272,0.001515236981997487,1.5825645899083665e-06,64,64,"(5, 7)",,,,,32,3,0.266196081015444,36,1,Adam,,,,,,,"{""batch_size"": 64, ""block_0_filters"": 64, ""block_0_kernel_pair"": ""(5, 7)"", ""first_conv_filters"": 32, ""first_conv_kernel_width"": 3, ""lr_decay"": 0.266196081015444, ""lr_step_size"": 36, ""n_blocks"": 1, ""optimizer"": ""Adam""}",PRUNED
60,0.5580217324945476,2026-09-30 18:41:08.314689,2026-09-30 18:41:09.367519,0 days 00:00:01.052830,0.9251847406553926,0.9766077781918242,0.001253827932935563,6.479631612337324e-06,64,64,"(5, 7)",,,,,32,3,0.38390729827667264,29,1,Adam,,,,,,,"{""batch_size"": 64, ""block_0_filters"": 64, ""block_0_kernel_pair"": ""(5, 7)"", ""first_conv_filters"": 32, ""first_conv_kernel_width"": 3, ""lr_decay"": 0.38390729827667264, ""lr_step_size"": 29, ""n_blocks"": 1, ""optimizer"": ""Adam""}",PRUNED
61,0.8722988466633523,2026-09-30 18:41:09.453751,2026-09-30 18:41:15.443493,0 days 00:00:05.989742,0.9168611894308393,0.9480833163910507,0.0007034207962556708,1.9233799629222893e-05,64,64,"(5, 7)",64.0,"(5, 7)",64.0,"(5, 7)",32,3,0.3024892695383655,17,3,Adam,,,,44.0,0.8870967741935484,0.8575009191331563,"{""batch_size"": 64, ""block_0_filters"": 64, ""block_0_kernel_pair"": ""(5, 7)"", ""first_conv_filters"": 32, ""first_conv_kernel_width"": 3, ""lr_decay"": 0.3024892695383655, ""lr_step_size"": 17, ""n_blocks"": 3, ""optimizer"": ""Adam""}",COMPLETE
62,0.8852763391176245,2026-09-30 18:41:15.525307,2026-09-30 18:41:21.026885,0 days 00:00:05.501578,0.9200577475917063,0.9534617529040164,0.0010399956632970923,5.38599231753892e-05,64,64,"(5, 7)",64.0,"(5, 7)",64.0,"(5, 7)",32,3,0.22983865944496337,26,3,Adam,,,,39.0,0.896774193548387,0.8737784846868619,"{""batch_size"": 64, ""block_0_filters"": 64, ""block_0_kernel_pair"": ""(5, 7)"", ""first_conv_filters"": 32, ""first_conv_kernel_width"": 3, ""lr_decay"": 0.22983865944496337, ""lr_step_size"": 26, ""n_blocks"": 3, ""optimizer"": ""Adam""}",COMPLETE
63,0.8983204038098994,2026-09-30 18:41:21.084319,2026-09-30 18:41:25.406040,0 days 00:00:04.321721,0.9226493460231561,0.9535333455497303,0.002329621614245917,5.331544887159846e-05,64,64,"(5, 7)",64.0,"(5, 7)",,,32,3,0.3288483294763235,21,2,Adam,,,,50.0,0.896774193548387,0.8998666140714118,"{""batch_size"": 64, ""block_0_filters"": 64, ""block_0_kernel_pair"": ""(5, 7)"", ""first_conv_filters"": 32, ""first_conv_kernel_width"": 3, ""lr_decay"": 0.3288483294763235, ""lr_step_size"": 21, ""n_blocks"": 2, ""optimizer"": ""Adam""}",COMPLETE
64,0.6853045128609556,2026-09-30 18:41:25.464275,2026-09-30 18:41:26.935358,0 days 00:00:01.471083,0.928688313645374,0.9537705732529795,0.003036008927138969,0.00014275267064604033,64,64,"(3, 7)",64.0,"(5, 7)",,,32,3,0.3659412091497771,38,2,Adam,,,,,,,"{""batch_size"": 64, ""block_0_filters"": 64, ""block_0_kernel_pair"": ""(3, 7)"", ""first_conv_filters"": 32, ""first_conv_kernel_width"": 3, ""lr_decay"": 0.3659412091497771, ""lr_step_size"": 38, ""n_blocks"": 2, ""optimizer"": ""Adam""}",PRUNED
65,0.5186305873493626,2026-09-30 18:41:27.010470,2026-09-30 18:41:28.212889,0 days 00:00:01.202419,0.9767716898822564,0.9521601604569193,0.0021978177409815013,0.00025188914893594006,64,64,"(5, 7)",64.0,"(5, 7)",32.0,"(5, 7)",32,3,0.2645066729333733,19,3,Adam,,,,,,,"{""batch_size"": 64, ""block_0_filters"": 64, ""block_0_kernel_pair"": ""(5, 7)"", ""first_conv_filters"": 32, ""first_conv_kernel_width"": 3, ""lr_decay"": 0.2645066729333733, ""lr_step_size"": 19, ""n_blocks"": 3, ""optimizer"": ""Adam""}",PRUNED
66,0.8973860342344895,2026-09-30 18:41:28.290595,2026-09-30 18:41:32.969964,0 days 00:00:04.679369,0.9020868630086687,0.9423561620020586,0.0017313871356279787,6.255158091771776e-05,64,64,"(5, 7)",64.0,"(5, 7)",,,32,3,0.31480556674471644,15,2,Adam,,,,48.0,0.9096774193548387,0.8850946491141402,"{""batch_size"": 64, ""block_0_filters"": 64, ""block_0_kernel_pair"": ""(5, 7)"", ""first_conv_filters"": 32, ""first_conv_kernel_width"": 3, ""lr_decay"": 0.31480556674471644, ""lr_step_size"": 15, ""n_blocks"": 2, ""optimizer"": ""Adam""}",COMPLETE
67,0.8862475307117847,2026-09-30 18:41:33.037579,2026-09-30 18:41:37.822719,0 days 00:00:04.785140,0.9032040465546234,0.9358490282247731,0.0016838213120179285,8.906899128661389e-05,64,64,"(5, 7)",64.0,"(5, 7)",,,32,3,0.40355809218590977,22,2,Adam,,,,47.0,0.8903225806451613,0.8821724807784082,"{""batch_size"": 64, ""block_0_filters"": 64, ""block_0_kernel_pair"": ""(5, 7)"", ""first_conv_filters"": 32, ""first_conv_kernel_width"": 3, ""lr_decay"": 0.40355809218590977, ""lr_step_size"": 22, ""n_blocks"": 2, ""optimizer"": ""Adam""}",COMPLETE
68,0.6094734735972687,2026-09-30 18:41:37.880834,2026-09-30 18:41:39.592799,0 days 00:00:01.711965,0.9409095309533585,0.9353777461509633,0.002388123240644691,5.245607435161342e-05,64,64,"(5, 7)",64.0,"(5, 7)",64.0,"(5, 7)",32,3,0.3006151262491586,35,3,Adam,,,,,,,"{""batch_size"": 64, ""block_0_filters"": 64, ""block_0_kernel_pair"": ""(5, 7)"", ""first_conv_filters"": 32, ""first_conv_kernel_width"": 3, ""lr_decay"": 0.3006151262491586, ""lr_step_size"": 35, ""n_blocks"": 3, ""optimizer"": ""Adam""}",PRUNED
69,0.6168957231267364,2026-09-30 18:41:39.651615,2026-09-30 18:41:40.812233,0 days 00:00:01.160618,0.9022989910412929,0.9397244203548857,0.0016249620603629945,9.075363025961298e-05,64,64,"(5, 7)",64.0,"(5, 7)",,,32,3,0.2222576648282784,21,2,Adam,,,,,,,"{""batch_size"": 64, ""block_0_filters"": 64, ""block_0_kernel_pair"": ""(5, 7)"", ""first_conv_filters"": 32, ""first_conv_kernel_width"": 3, ""lr_decay"": 0.2222576648282784, ""lr_step_size"": 21, ""n_blocks"": 2, ""optimizer"": ""Adam""}",PRUNED
70,0.8939423454719317,2026-09-30 18:41:40.928281,2026-09-30 18:41:45.438215,0 days 00:00:04.509934,0.9094035168372304,0.9231382034662413,0.0013300134666690928,0.00016527946282214424,64,64,"(5, 7)",64.0,"(3, 7)",,,32,3,0.3366066587781686,18,2,Adam,,,,48.0,0.896774193548387,0.8911104973954765,"{""batch_size"": 64, ""block_0_filters"": 64, ""block_0_kernel_pair"": ""(5, 7)"", ""first_conv_filters"": 32, ""first_conv_kernel_width"": 3, ""lr_decay"": 0.3366066587781686, ""lr_step_size"": 18, ""n_blocks"": 2, ""optimizer"": ""Adam""}",COMPLETE
71,0.8789571997751322,2026-09-30 18:41:45.501250,2026-09-30 18:41:50.455927,0 days 00:00:04.954677,0.9082574981562088,0.9257079852570063,0.0013625935379400966,0.0001865262525495628,64,64,"(3, 7)",64.0,"(3, 7)",64.0,"(5, 7)",32,3,0.4266522722003613,39,3,Adam,,,,41.0,0.8838709677419355,0.874043431808329,"{""batch_size"": 64, ""block_0_filters"": 64, ""block_0_kernel_pair"": ""(3, 7)"", ""first_conv_filters"": 32, ""first_conv_kernel_width"": 3, ""lr_decay"": 0.4266522722003613, ""lr_step_size"": 39, ""n_blocks"": 3, ""optimizer"": ""Adam""}",COMPLETE
72,0.8552718372027667,2026-09-30 18:41:50.514095,2026-09-30 18:41:55.578235,0 days 00:00:05.064140,0.8983445345157816,0.9201274700731178,0.0009076458142417168,2.598150516308241e-05,64,64,"(5, 7)",64.0,"(3, 7)",,,32,3,0.31599530235483314,14,2,Adam,,,,46.0,0.8548387096774194,0.855704964728114,"{""batch_size"": 64, ""block_0_filters"": 64, ""block_0_kernel_pair"": ""(5, 7)"", ""first_conv_filters"": 32, ""first_conv_kernel_width"": 3, ""lr_decay"": 0.31599530235483314, ""lr_step_size"": 14, ""n_blocks"": 2, ""optimizer"": ""Adam""}",COMPLETE
73,0.6659373263947355,2026-09-30 18:41:55.640608,2026-09-30 18:41:57.054919,0 days 00:00:01.414311,0.8893623013533161,0.932897325876813,0.0017658889255712043,0.00012597109059725746,64,64,"(5, 7)",64.0,"(3, 7)",,,32,3,0.30320695280055826,20,2,Adam,,,,,,,"{""batch_size"": 64, ""block_0_filters"": 64, ""block_0_kernel_pair"": ""(5, 7)"", ""first_conv_filters"": 32, ""first_conv_kernel_width"": 3, ""lr_decay"": 0.30320695280055826, ""lr_step_size"": 20, ""n_blocks"": 2, ""optimizer"": ""Adam""}",PRUNED
74,0.4472340238705894,2026-09-30 18:41:57.124788,2026-09-30 18:41:58.036197,0 days 00:00:00.911409,0.9200344291755203,0.9254084009651385,0.0029056042879524358,0.0003725157276061964,64,16,"(5, 7)",64.0,"(3, 7)",,,32,3,0.34944674501817785,19,2,Adam,,,,,,,"{""batch_size"": 64, ""block_0_filters"": 16, ""block_0_kernel_pair"": ""(5, 7)"", ""first_conv_filters"": 32, ""first_conv_kernel_width"": 3, ""lr_decay"": 0.34944674501817785, ""lr_step_size"": 19, ""n_blocks"": 2, ""optimizer"": ""Adam""}",PRUNED
75,0.7910985294215189,2026-09-30 18:41:58.097134,2026-09-30 18:42:02.153578,0 days 00:00:04.056444,0.910394327014113,0.9177835362132382,0.0013036499941185859,0.0002072589142251333,64,64,"(3, 7)",64.0,"(5, 7)",16.0,"(3, 5)",32,3,0.4306257749714906,36,3,Adam,,,,,,,"{""batch_size"": 64, ""block_0_filters"": 64, ""block_0_kernel_pair"": ""(3, 7)"", ""first_conv_filters"": 32, ""first_conv_kernel_width"": 3, ""lr_decay"": 0.4306257749714906, ""lr_step_size"": 36, ""n_blocks"": 3, ""optimizer"": ""Adam""}",PRUNED
76,0.8848043960409773,2026-09-30 18:42:02.211591,2026-09-30 18:42:07.131090,0 days 00:00:04.919499,0.9298370191310509,0.9294045122802772,0.0010626271696793132,3.365535004268073e-05,64,64,"(5, 7)",64.0,"(3, 7)",,,32,3,0.16987148749593428,26,2,Adam,,,,45.0,0.8903225806451613,0.8792862114367933,"{""batch_size"": 64, ""block_0_filters"": 64, ""block_0_kernel_pair"": ""(5, 7)"", ""first_conv_filters"": 32, ""first_conv_kernel_width"": 3, ""lr_decay"": 0.16987148749593428, ""lr_step_size"": 26, ""n_blocks"": 2, ""optimizer"": ""Adam""}",COMPLETE
77,0.868944337312685,2026-09-30 18:42:07.188781,2026-09-30 18:42:12.296785,0 days 00:00:05.108004,0.9036114293085961,0.9372695979061028,0.002199933936412283,9.241574054414508e-05,64,64,"(5, 7)",64.0,"(5, 7)",,,64,3,0.2734032452677395,21,2,Adam,,,,33.0,0.8741935483870967,0.8636951262382732,"{""batch_size"": 64, ""block_0_filters"": 64, ""block_0_kernel_pair"": ""(5, 7)"", ""first_conv_filters"": 64, ""first_conv_kernel_width"": 3, ""lr_decay"": 0.2734032452677395, ""lr_step_size"": 21, ""n_blocks"": 2, ""optimizer"": ""Adam""}",COMPLETE
78,0.4795233402558166,2026-09-30 18:42:12.358746,2026-09-30 18:42:13.506313,0 days 00:00:01.147567,0.9136685191607289,0.9570210047680168,0.0037592395202671867,5.124559604966694e-05,64,64,"(5, 7)",8.0,"(5, 7)",,,16,3,0.38788375410109,17,2,Adam,,,,,,,"{""batch_size"": 64, ""block_0_filters"": 64, ""block_0_kernel_pair"": ""(5, 7)"", ""first_conv_filters"": 16, ""first_conv_kernel_width"": 3, ""lr_decay"": 0.38788375410109, ""lr_step_size"": 17, ""n_blocks"": 2, ""optimizer"": ""Adam""}",PRUNED
79,0.9036976172723686,2026-09-30 18:42:13.569367,2026-09-30 18:42:18.672484,0 days 00:00:05.103117,0.8863732245622554,0.9608256071026201,0.0016746027887290188,0.0001284887927210777,64,64,"(5, 7)",64.0,"(5, 7)",,,32,3,0.3867308464983989,22,2,Adam,,,,47.0,0.9064516129032258,0.9009436216415114,"{""batch_size"": 64, ""block_0_filters"": 64, ""block_0_kernel_pair"": ""(5, 7)"", ""first_conv_filters"": 32, ""first_conv_kernel_width"": 3, ""lr_decay"": 0.3867308464983989, ""lr_step_size"": 22, ""n_blocks"": 2, ""optimizer"": ""Adam""}",COMPLETE
80,0.5003408552739941,2026-09-30 18:42:18.732612,2026-09-30 18:42:19.768230,0 days 00:00:01.035618,0.8900488105763109,0.9624117060921284,0.005040093352827145,0.00013752544104631505,64,64,"(5, 7)",64.0,"(5, 7)",,,64,3,0.23819863035361533,17,2,Adam,,,,,,,"{""batch_size"": 64, ""block_0_filters"": 64, ""block_0_kernel_pair"": ""(5, 7)"", ""first_conv_filters"": 64, ""first_conv_kernel_width"": 3, ""lr_decay"": 0.23819863035361533, ""lr_step_size"": 17, ""n_blocks"": 2, ""optimizer"": ""Adam""}",PRUNED
81,0.6069960800569943,2026-09-30 18:42:19.842843,2026-09-30 18:42:21.460783,0 days 00:00:01.617940,0.8850114188119353,0.9677309616982881,0.0017566864458266262,0.00039357903609810814,64,64,"(5, 7)",64.0,"(5, 7)",64.0,"(5, 7)",32,3,0.39740866378065554,17,3,Adam,,,,,,,"{""batch_size"": 64, ""block_0_filters"": 64, ""block_0_kernel_pair"": ""(5, 7)"", ""first_conv_filters"": 32, ""first_conv_kernel_width"": 3, ""lr_decay"": 0.39740866378065554, ""lr_step_size"": 17, ""n_blocks"": 3, ""optimizer"": ""Adam""}",PRUNED
82,0.4655522920694394,2026-09-30 18:42:21.522489,2026-09-30 18:42:22.436158,0 days 00:00:00.913669,0.8970908077376681,0.9600785596071268,0.0011879625623183424,8.417128215147034e-05,64,64,"(5, 7)",,,,,32,3,0.25488656022809447,25,1,Adam,,,,,,,"{""batch_size"": 64, ""block_0_filters"": 64, ""block_0_kernel_pair"": ""(5, 7)"", ""first_conv_filters"": 32, ""first_conv_kernel_width"": 3, ""lr_decay"": 0.25488656022809447, ""lr_step_size"": 25, ""n_blocks"": 1, ""optimizer"": ""Adam""}",PRUNED
