number,value,datetime_start,datetime_complete,duration,params_adam_beta1,params_adam_beta2,params_adam_lr,params_adam_wd,params_batch_size,params_block_0_filters,params_block_0_kernel_pair,params_block_1_filters,params_block_1_kernel_pair,params_block_2_filters,params_block_2_kernel_pair,params_first_conv_filters,params_first_conv_kernel_width,params_lr_decay,params_lr_step_size,params_n_blocks,params_optimizer,params_sgd_lr,params_sgd_momentum,params_sgd_wd,user_attrs_best_epoch,user_attrs_validation_accuracy,user_attrs_validation_macro_f1,system_attrs_tpe:relative_params:0,state
0,0.7385806705320448,2026-09-30 18:37:59.753370,2026-09-30 18:38:02.687686,0 days 00:00:02.934316,0.9828439752154666,0.9964666401041485,0.00021930485556643703,1.8205657658407268e-06,128,64,"(3, 5)",32.0,"(3, 7)",64.0,"(5, 7)",32,3,0.1870761961280168,35,3,Adam,,,,47.0,0.7451612903225806,0.7320000507415089,,COMPLETE
1,0.3364902159048579,2026-09-30 18:38:02.746603,2026-09-30 18:38:04.802027,0 days 00:00:02.055424,,,,,256,16,"(5, 7)",64.0,"(5, 7)",,,64,3,0.49409912147023277,12,2,SGD,0.004247058562261873,0.7408680252426811,0.0016172900811143157,48.0,0.33548387096774196,0.3374965608419738,,COMPLETE
2,0.23258229208529058,2026-09-30 18:38:04.862321,2026-09-30 18:38:07.584869,0 days 00:00:02.722548,,,,,128,8,"(5, 7)",64.0,"(3, 7)",,,64,7,0.191460191484347,29,2,SGD,0.00011919481947918739,0.7312885138280583,1.3357240411974112e-06,34.0,0.25806451612903225,0.20710006804154893,,COMPLETE
3,0.24968859983584973,2026-09-30 18:38:07.656110,2026-09-30 18:38:09.504095,0 days 00:00:01.847985,,,,,256,64,"(5, 7)",64.0,"(3, 7)",,,16,5,0.19544131940933984,39,2,SGD,0.00046379219034580355,0.734760956526768,2.2410971619109514e-05,37.0,0.267741935483871,0.23163526418782845,,COMPLETE
4,0.2725634258950061,2026-09-30 18:38:09.582652,2026-09-30 18:38:12.189503,0 days 00:00:02.606851,,,,,128,32,"(5, 7)",32.0,"(3, 5)",,,16,7,0.06834881369964377,15,2,SGD,0.00018658181360124853,0.942237723720879,1.91920011015619e-05,50.0,0.2903225806451613,0.2548042711448509,,COMPLETE
5,0.615799488268755,2026-09-30 18:38:12.270257,2026-09-30 18:38:18.011408,0 days 00:00:05.741151,0.9591825764200673,0.9641389614508133,0.0062261634823634615,0.0035346441441965848,64,16,"(3, 7)",64.0,"(3, 5)",,,128,5,0.1227329213425762,12,2,Adam,,,,42.0,0.603225806451613,0.628373170085897,,COMPLETE
6,0.5437273570141842,2026-09-30 18:38:18.072284,2026-09-30 18:38:20.068988,0 days 00:00:01.996704,,,,,200,32,"(3, 5)",16.0,"(3, 5)",16.0,"(5, 7)",16,3,0.46168897559920186,39,3,SGD,0.008638073353835195,0.7513620970280441,0.005778755734457461,50.0,0.532258064516129,0.5551966495122393,,COMPLETE
7,0.5237050225714339,2026-09-30 18:38:20.127236,2026-09-30 18:38:21.671994,0 days 00:00:01.544758,0.9475822037393375,0.9701781599903122,0.0056852051903320934,0.0009184900818511545,256,16,"(5, 7)",,,,,16,5,0.18211632991902205,21,1,Adam,,,,37.0,0.5387096774193548,0.5087003677235131,,COMPLETE
8,0.5892948205286274,2026-09-30 18:38:21.749395,2026-09-30 18:38:23.890565,0 days 00:00:02.141170,,,,,200,32,"(3, 7)",64.0,"(5, 7)",,,64,7,0.29328580472454796,26,2,SGD,0.007390459262954656,0.7247507648481927,1.6096330648219384e-06,43.0,0.5870967741935483,0.5914928668637064,,COMPLETE
9,0.2312809304377355,2026-09-30 18:38:23.951760,2026-09-30 18:38:24.355845,0 days 00:00:00.404085,,,,,256,8,"(5, 7)",32.0,"(3, 7)",32.0,"(3, 5)",32,7,0.12794084145950685,24,3,SGD,0.00264558358503855,0.7283719065887904,9.25685584198963e-05,,,,,PRUNED
10,0.36060497470872577,2026-09-30 18:38:24.421146,2026-09-30 18:38:25.371557,0 days 00:00:00.950411,0.8535814031287132,0.9078403310332085,0.00011952270129143859,1.1544608204846143e-06,128,64,"(3, 5)",,,,,32,3,0.1510577183987674,18,1,Adam,,,,,,,"{""batch_size"": 128, ""block_0_filters"": 64, ""block_0_kernel_pair"": ""(3, 5)"", ""first_conv_filters"": 32, ""first_conv_kernel_width"": 3, ""lr_decay"": 0.1510577183987674, ""lr_step_size"": 18, ""n_blocks"": 1, ""optimizer"": ""Adam""}",PRUNED
11,0.5541668439684679,2026-09-30 18:38:25.433440,2026-09-30 18:38:29.195295,0 days 00:00:03.761855,0.9828371641033109,0.9995093532845819,0.0040520351707828755,0.005523921577573468,64,16,"(5, 7)",,,,,128,5,0.09295829961200533,13,1,Adam,,,,39.0,0.5483870967741935,0.5599465911627425,"{""batch_size"": 64, ""block_0_filters"": 16, ""block_0_kernel_pair"": ""(5, 7)"", ""first_conv_filters"": 128, ""first_conv_kernel_width"": 5, ""lr_decay"": 0.09295829961200533, ""lr_step_size"": 13, ""n_blocks"": 1, ""optimizer"": ""Adam""}",COMPLETE
12,0.7313904600819946,2026-09-30 18:38:29.260602,2026-09-30 18:38:35.161035,0 days 00:00:05.900433,0.9639584163311221,0.9710312176976565,0.00036301167051139456,1.2343736055046613e-05,64,64,"(3, 5)",8.0,"(3, 5)",64.0,"(5, 7)",32,3,0.1567850179278029,19,3,Adam,,,,46.0,0.7451612903225806,0.7176196298414086,"{""batch_size"": 64, ""block_0_filters"": 64, ""block_0_kernel_pair"": ""(3, 5)"", ""first_conv_filters"": 32, ""first_conv_kernel_width"": 3, ""lr_decay"": 0.1567850179278029, ""lr_step_size"": 19, ""n_blocks"": 3, ""optimizer"": ""Adam""}",COMPLETE
13,0.32674029264353327,2026-09-30 18:38:35.220134,2026-09-30 18:38:36.380523,0 days 00:00:01.160389,0.9898528054459764,0.9915856982815874,0.00023470345283947298,3.1546221073512405e-06,64,64,"(3, 5)",8.0,"(3, 7)",,,32,3,0.16847045918245765,32,2,Adam,,,,,,,"{""batch_size"": 64, ""block_0_filters"": 64, ""block_0_kernel_pair"": ""(3, 5)"", ""first_conv_filters"": 32, ""first_conv_kernel_width"": 3, ""lr_decay"": 0.16847045918245765, ""lr_step_size"": 32, ""n_blocks"": 2, ""optimizer"": ""Adam""}",PRUNED
14,0.7934833309332009,2026-09-30 18:38:36.496390,2026-09-30 18:38:42.076471,0 days 00:00:05.580081,0.9328558346698058,0.9627518719781977,0.0005511728222538508,1.8312647274637314e-05,64,64,"(3, 5)",8.0,"(3, 5)",64.0,"(5, 7)",32,3,0.2690558947511455,23,3,Adam,,,,47.0,0.7967741935483871,0.7901924683180147,"{""batch_size"": 64, ""block_0_filters"": 64, ""block_0_kernel_pair"": ""(3, 5)"", ""first_conv_filters"": 32, ""first_conv_kernel_width"": 3, ""lr_decay"": 0.2690558947511455, ""lr_step_size"": 23, ""n_blocks"": 3, ""optimizer"": ""Adam""}",COMPLETE
15,0.8787869235230701,2026-09-30 18:38:42.202952,2026-09-30 18:38:45.922406,0 days 00:00:03.719454,0.9123793065621085,0.9454768997897379,0.0007481534382760826,3.261169837252836e-05,128,64,"(3, 5)",32.0,"(3, 5)",64.0,"(3, 7)",32,3,0.197593394660808,27,3,Adam,,,,46.0,0.8870967741935484,0.8704770728525918,"{""batch_size"": 128, ""block_0_filters"": 64, ""block_0_kernel_pair"": ""(3, 5)"", ""first_conv_filters"": 32, ""first_conv_kernel_width"": 3, ""lr_decay"": 0.197593394660808, ""lr_step_size"": 27, ""n_blocks"": 3, ""optimizer"": ""Adam""}",COMPLETE
16,0.7753268509979814,2026-09-30 18:38:46.010440,2026-09-30 18:38:48.487882,0 days 00:00:02.477442,0.9115484582736232,0.9398895353670488,0.001006732365150466,5.867917718192678e-05,256,64,"(3, 5)",8.0,"(3, 5)",64.0,"(3, 7)",32,3,0.42088549469214115,26,3,Adam,,,,48.0,0.7935483870967742,0.7571053148991886,"{""batch_size"": 256, ""block_0_filters"": 64, ""block_0_kernel_pair"": ""(3, 5)"", ""first_conv_filters"": 32, ""first_conv_kernel_width"": 3, ""lr_decay"": 0.42088549469214115, ""lr_step_size"": 26, ""n_blocks"": 3, ""optimizer"": ""Adam""}",COMPLETE
17,0.7056483171784929,2026-09-30 18:38:48.557409,2026-09-30 18:38:53.511927,0 days 00:00:04.954518,0.916781817453358,0.9412553466421965,0.0009938850283168724,6.76494276684188e-05,64,64,"(3, 5)",16.0,"(3, 5)",8.0,"(3, 7)",32,3,0.29026404512644927,11,3,Adam,,,,47.0,0.6935483870967742,0.7177482472602114,"{""batch_size"": 64, ""block_0_filters"": 64, ""block_0_kernel_pair"": ""(3, 5)"", ""first_conv_filters"": 32, ""first_conv_kernel_width"": 3, ""lr_decay"": 0.29026404512644927, ""lr_step_size"": 11, ""n_blocks"": 3, ""optimizer"": ""Adam""}",COMPLETE
18,0.3149270715706479,2026-09-30 18:38:53.572397,2026-09-30 18:38:54.467979,0 days 00:00:00.895582,,,,,64,64,"(3, 5)",8.0,"(3, 5)",,,32,3,0.37654982902906553,32,2,SGD,0.042763408045360496,0.9779939973124085,0.00042619225980104774,,,,"{""batch_size"": 64, ""block_0_filters"": 64, ""block_0_kernel_pair"": ""(3, 5)"", ""first_conv_filters"": 32, ""first_conv_kernel_width"": 3, ""lr_decay"": 0.37654982902906553, ""lr_step_size"": 32, ""n_blocks"": 2, ""optimizer"": ""SGD""}",PRUNED
19,0.8892374165032333,2026-09-30 18:38:54.534598,2026-09-30 18:39:00.295673,0 days 00:00:05.761075,0.9111410371946687,0.943054009133305,0.0008811078144359774,7.27273892580614e-05,64,64,"(5, 7)",32.0,"(3, 5)",64.0,"(3, 7)",32,3,0.2802024099180422,26,3,Adam,,,,35.0,0.8935483870967742,0.8849264459096924,"{""batch_size"": 64, ""block_0_filters"": 64, ""block_0_kernel_pair"": ""(5, 7)"", ""first_conv_filters"": 32, ""first_conv_kernel_width"": 3, ""lr_decay"": 0.2802024099180422, ""lr_step_size"": 26, ""n_blocks"": 3, ""optimizer"": ""Adam""}",COMPLETE
20,0.8180130613796792,2026-09-30 18:39:00.355846,2026-09-30 18:39:03.446806,0 days 00:00:03.090960,0.8859435522784138,0.9367718789197195,0.0019388991709921425,0.00017512310480958287,128,16,"(3, 5)",32.0,"(5, 7)",64.0,"(3, 7)",32,3,0.305144145095928,16,3,Adam,,,,45.0,0.832258064516129,0.8037680582432293,"{""batch_size"": 128, ""block_0_filters"": 16, ""block_0_kernel_pair"": ""(3, 5)"", ""first_conv_filters"": 32, ""first_conv_kernel_width"": 3, ""lr_decay"": 0.305144145095928, ""lr_step_size"": 16, ""n_blocks"": 3, ""optimizer"": ""Adam""}",COMPLETE
21,0.8532389245798897,2026-09-30 18:39:03.506041,2026-09-30 18:39:06.605978,0 days 00:00:03.099937,0.8818239253614915,0.9368876524403895,0.0017648718569803679,0.0003754667913901485,128,16,"(3, 5)",32.0,"(5, 7)",64.0,"(3, 7)",32,5,0.2143205998611484,20,3,Adam,,,,48.0,0.864516129032258,0.8419617201275214,"{""batch_size"": 128, ""block_0_filters"": 16, ""block_0_kernel_pair"": ""(3, 5)"", ""first_conv_filters"": 32, ""first_conv_kernel_width"": 5, ""lr_decay"": 0.2143205998611484, ""lr_step_size"": 20, ""n_blocks"": 3, ""optimizer"": ""Adam""}",COMPLETE
22,0.8223833530066145,2026-09-30 18:39:06.675450,2026-09-30 18:39:11.389985,0 days 00:00:04.714535,0.8889518764964127,0.9224631583060031,0.001404832256190221,0.00025155585951091815,128,16,"(3, 5)",32.0,"(5, 7)",64.0,"(3, 7)",32,5,0.23698150758767178,25,3,Adam,,,,37.0,0.8193548387096774,0.8254118673035516,"{""batch_size"": 128, ""block_0_filters"": 16, ""block_0_kernel_pair"": ""(3, 5)"", ""first_conv_filters"": 32, ""first_conv_kernel_width"": 5, ""lr_decay"": 0.23698150758767178, ""lr_step_size"": 25, ""n_blocks"": 3, ""optimizer"": ""Adam""}",COMPLETE
23,0.8311896524617987,2026-09-30 18:39:11.452752,2026-09-30 18:39:15.374298,0 days 00:00:03.921546,0.887367590605655,0.950368282618703,0.002514757832284148,0.000528410968165425,128,64,"(3, 5)",32.0,"(5, 7)",64.0,"(3, 7)",128,3,0.2674259991817695,36,3,Adam,,,,42.0,0.8387096774193549,0.8236696275042424,"{""batch_size"": 128, ""block_0_filters"": 64, ""block_0_kernel_pair"": ""(3, 5)"", ""first_conv_filters"": 128, ""first_conv_kernel_width"": 3, ""lr_decay"": 0.2674259991817695, ""lr_step_size"": 36, ""n_blocks"": 3, ""optimizer"": ""Adam""}",COMPLETE
24,0.8517264655663555,2026-09-30 18:39:15.455323,2026-09-30 18:39:20.977120,0 days 00:00:05.521797,0.9016099029071715,0.9268154945325833,0.0006231010352803197,2.8717806900335234e-05,64,64,"(3, 7)",32.0,"(5, 7)",8.0,"(3, 7)",32,3,0.3806661341482983,20,3,Adam,,,,49.0,0.8548387096774194,0.8486142214552915,"{""batch_size"": 64, ""block_0_filters"": 64, ""block_0_kernel_pair"": ""(3, 7)"", ""first_conv_filters"": 32, ""first_conv_kernel_width"": 3, ""lr_decay"": 0.3806661341482983, ""lr_step_size"": 20, ""n_blocks"": 3, ""optimizer"": ""Adam""}",COMPLETE
25,0.8463676223608543,2026-09-30 18:39:21.034220,2026-09-30 18:39:25.412807,0 days 00:00:04.378587,0.8704696299602969,0.951574602373813,0.0007189200725797088,6.749963006933491e-06,128,64,"(3, 5)",32.0,"(3, 5)",32.0,"(3, 7)",32,3,0.09623893323555248,25,3,Adam,,,,31.0,0.864516129032258,0.8282191156894505,"{""batch_size"": 128, ""block_0_filters"": 64, ""block_0_kernel_pair"": ""(3, 5)"", ""first_conv_filters"": 32, ""first_conv_kernel_width"": 3, ""lr_decay"": 0.09623893323555248, ""lr_step_size"": 25, ""n_blocks"": 3, ""optimizer"": ""Adam""}",COMPLETE
26,0.5058515620884815,2026-09-30 18:39:25.475635,2026-09-30 18:39:26.062901,0 days 00:00:00.587266,0.9250203405750977,0.9224732693656472,0.002605982218518399,0.00010458660318999931,256,16,"(3, 5)",32.0,"(3, 5)",,,32,3,0.20023341882567472,23,2,Adam,,,,,,,"{""batch_size"": 256, ""block_0_filters"": 16, ""block_0_kernel_pair"": ""(3, 5)"", ""first_conv_filters"": 32, ""first_conv_kernel_width"": 3, ""lr_decay"": 0.20023341882567472, ""lr_step_size"": 23, ""n_blocks"": 2, ""optimizer"": ""Adam""}",PRUNED
27,0.8500108018098906,2026-09-30 18:39:26.128768,2026-09-30 18:39:33.809635,0 days 00:00:07.680867,0.9069765728493385,0.9508478696805862,0.0014754171871364666,0.0009022286014392557,64,64,"(5, 7)",32.0,"(5, 7)",,,32,5,0.3469112018648396,27,2,Adam,,,,44.0,0.8580645161290322,0.841957087490749,"{""batch_size"": 64, ""block_0_filters"": 64, ""block_0_kernel_pair"": ""(5, 7)"", ""first_conv_filters"": 32, ""first_conv_kernel_width"": 5, ""lr_decay"": 0.3469112018648396, ""lr_step_size"": 27, ""n_blocks"": 2, ""optimizer"": ""Adam""}",COMPLETE
28,0.4516825058293279,2026-09-30 18:39:33.870886,2026-09-30 18:39:34.877678,0 days 00:00:01.006792,0.8683555469385377,0.9078462460125793,0.0004501128230465468,4.071239679941311e-05,64,64,"(5, 7)",16.0,"(3, 5)",16.0,"(3, 5)",16,3,0.20794628305929286,28,3,Adam,,,,,,,"{""batch_size"": 64, ""block_0_filters"": 64, ""block_0_kernel_pair"": ""(5, 7)"", ""first_conv_filters"": 16, ""first_conv_kernel_width"": 3, ""lr_decay"": 0.20794628305929286, ""lr_step_size"": 28, ""n_blocks"": 3, ""optimizer"": ""Adam""}",PRUNED
29,0.517562278129303,2026-09-30 18:39:34.940628,2026-09-30 18:39:35.460074,0 days 00:00:00.519446,0.9355954354900535,0.9330941650731831,0.0009850525995677764,0.0002766127566438803,256,16,"(3, 5)",32.0,"(5, 7)",64.0,"(3, 7)",32,5,0.1991551998505261,18,3,Adam,,,,,,,"{""batch_size"": 256, ""block_0_filters"": 16, ""block_0_kernel_pair"": ""(3, 5)"", ""first_conv_filters"": 32, ""first_conv_kernel_width"": 5, ""lr_decay"": 0.1991551998505261, ""lr_step_size"": 18, ""n_blocks"": 3, ""optimizer"": ""Adam""}",PRUNED
30,0.49504819602540695,2026-09-30 18:39:35.519748,2026-09-30 18:39:36.309854,0 days 00:00:00.790106,0.8960553657319333,0.9576243444933841,0.009468984189913994,7.916622802015108e-06,128,16,"(3, 5)",32.0,"(3, 5)",64.0,"(3, 7)",32,5,0.09625561781173618,22,3,Adam,,,,,,,"{""batch_size"": 128, ""block_0_filters"": 16, ""block_0_kernel_pair"": ""(3, 5)"", ""first_conv_filters"": 32, ""first_conv_kernel_width"": 5, ""lr_decay"": 0.09625561781173618, ""lr_step_size"": 22, ""n_blocks"": 3, ""optimizer"": ""Adam""}",PRUNED
31,0.888298504642975,2026-09-30 18:39:36.371573,2026-09-30 18:39:42.548892,0 days 00:00:06.177319,0.9013266987653649,0.9229652284222568,0.0007014901947233556,2.59439251052275e-05,64,64,"(3, 7)",32.0,"(5, 7)",8.0,"(3, 7)",32,3,0.4062435894084425,33,3,Adam,,,,50.0,0.8903225806451613,0.8862744286407886,"{""batch_size"": 64, ""block_0_filters"": 64, ""block_0_kernel_pair"": ""(3, 7)"", ""first_conv_filters"": 32, ""first_conv_kernel_width"": 3, ""lr_decay"": 0.4062435894084425, ""lr_step_size"": 33, ""n_blocks"": 3, ""optimizer"": ""Adam""}",COMPLETE
32,0.4796814323337225,2026-09-30 18:39:42.668615,2026-09-30 18:39:43.326250,0 days 00:00:00.657635,0.8735700239546103,0.9198947762135877,0.0007993533499309713,0.00010913954612376149,128,16,"(3, 5)",32.0,"(5, 7)",,,32,5,0.2549628992244649,28,2,Adam,,,,,,,"{""batch_size"": 128, ""block_0_filters"": 16, ""block_0_kernel_pair"": ""(3, 5)"", ""first_conv_filters"": 32, ""first_conv_kernel_width"": 5, ""lr_decay"": 0.2549628992244649, ""lr_step_size"": 28, ""n_blocks"": 2, ""optimizer"": ""Adam""}",PRUNED
33,0.46270403304689767,2026-09-30 18:39:43.435634,2026-09-30 18:39:44.651719,0 days 00:00:01.216085,0.9197229173699404,0.944436807855634,0.00032976888114512256,2.526987557158938e-05,64,64,"(3, 7)",32.0,"(5, 7)",8.0,"(3, 7)",32,3,0.13606453482014352,34,3,Adam,,,,,,,"{""batch_size"": 64, ""block_0_filters"": 64, ""block_0_kernel_pair"": ""(3, 7)"", ""first_conv_filters"": 32, ""first_conv_kernel_width"": 3, ""lr_decay"": 0.13606453482014352, ""lr_step_size"": 34, ""n_blocks"": 3, ""optimizer"": ""Adam""}",PRUNED
34,0.5060853339194255,2026-09-30 18:39:44.713997,2026-09-30 18:39:45.972668,0 days 00:00:01.258671,0.8992839336805858,0.9306684105789869,0.001541264789860517,0.0005177295854579388,64,64,"(3, 7)",32.0,"(5, 7)",8.0,"(3, 7)",32,3,0.48145816535508584,31,3,Adam,,,,,,,"{""batch_size"": 64, ""block_0_filters"": 64, ""block_0_kernel_pair"": ""(3, 7)"", ""first_conv_filters"": 32, ""first_conv_kernel_width"": 3, ""lr_decay"": 0.48145816535508584, ""lr_step_size"": 31, ""n_blocks"": 3, ""optimizer"": ""Adam""}",PRUNED
35,0.8605553094761751,2026-09-30 18:39:46.034717,2026-09-30 18:39:51.710086,0 days 00:00:05.675369,0.8786474860089412,0.9134636653181827,0.0012147124678500672,0.00010646589049292837,64,64,"(5, 7)",32.0,"(5, 7)",8.0,"(3, 7)",32,3,0.3319655738349554,29,3,Adam,,,,48.0,0.864516129032258,0.856594489920092,"{""batch_size"": 64, ""block_0_filters"": 64, ""block_0_kernel_pair"": ""(5, 7)"", ""first_conv_filters"": 32, ""first_conv_kernel_width"": 3, ""lr_decay"": 0.3319655738349554, ""lr_step_size"": 29, ""n_blocks"": 3, ""optimizer"": ""Adam""}",COMPLETE
36,0.8345165377153574,2026-09-30 18:39:51.767601,2026-09-30 18:39:57.121479,0 days 00:00:05.353878,0.8550241842795768,0.9013904647023748,0.001119118213046094,0.00010455879017332164,64,64,"(3, 7)",32.0,"(3, 7)",8.0,"(3, 5)",32,3,0.38023884872871105,31,3,Adam,,,,41.0,0.8516129032258064,0.8174201722049085,"{""batch_size"": 64, ""block_0_filters"": 64, ""block_0_kernel_pair"": ""(3, 7)"", ""first_conv_filters"": 32, ""first_conv_kernel_width"": 3, ""lr_decay"": 0.38023884872871105, ""lr_step_size"": 31, ""n_blocks"": 3, ""optimizer"": ""Adam""}",COMPLETE
37,0.4811501824228246,2026-09-30 18:39:57.182300,2026-09-30 18:39:58.316383,0 days 00:00:01.134083,0.9082954558018639,0.913973255493396,0.0005283495618117283,1.4124971418323584e-05,64,64,"(5, 7)",32.0,"(5, 7)",8.0,"(3, 7)",64,3,0.34290704245978676,33,3,Adam,,,,,,,"{""batch_size"": 64, ""block_0_filters"": 64, ""block_0_kernel_pair"": ""(5, 7)"", ""first_conv_filters"": 64, ""first_conv_kernel_width"": 3, ""lr_decay"": 0.34290704245978676, ""lr_step_size"": 33, ""n_blocks"": 3, ""optimizer"": ""Adam""}",PRUNED
38,0.846019602331529,2026-09-30 18:39:58.375689,2026-09-30 18:40:03.175076,0 days 00:00:04.799387,0.9257878312343611,0.9289543929187897,0.0007636372949335853,4.385908766378766e-05,64,64,"(3, 7)",16.0,"(3, 5)",,,64,3,0.46126835154177015,33,2,Adam,,,,40.0,0.8516129032258064,0.8404263014372514,"{""batch_size"": 64, ""block_0_filters"": 64, ""block_0_kernel_pair"": ""(3, 7)"", ""first_conv_filters"": 64, ""first_conv_kernel_width"": 3, ""lr_decay"": 0.46126835154177015, ""lr_step_size"": 33, ""n_blocks"": 2, ""optimizer"": ""Adam""}",COMPLETE
39,0.4899978824402399,2026-09-30 18:40:03.270536,2026-09-30 18:40:04.467546,0 days 00:00:01.197010,0.8927522751939441,0.9139083005520588,0.0003155616081612325,3.9902838901202435e-06,64,64,"(5, 7)",64.0,"(3, 7)",8.0,"(3, 7)",16,3,0.33371689878679967,28,3,Adam,,,,,,,"{""batch_size"": 64, ""block_0_filters"": 64, ""block_0_kernel_pair"": ""(5, 7)"", ""first_conv_filters"": 16, ""first_conv_kernel_width"": 3, ""lr_decay"": 0.33371689878679967, ""lr_step_size"": 28, ""n_blocks"": 3, ""optimizer"": ""Adam""}",PRUNED
40,0.40854036752625794,2026-09-30 18:40:04.530991,2026-09-30 18:40:05.825536,0 days 00:00:01.294545,0.8803726748386274,0.9851197476275877,0.002648404105877757,0.0001507292505598403,64,64,"(3, 7)",32.0,"(5, 7)",8.0,"(3, 7)",32,3,0.3754235656665726,36,3,Adam,,,,,,,"{""batch_size"": 64, ""block_0_filters"": 64, ""block_0_kernel_pair"": ""(3, 7)"", ""first_conv_filters"": 32, ""first_conv_kernel_width"": 3, ""lr_decay"": 0.3754235656665726, ""lr_step_size"": 36, ""n_blocks"": 3, ""optimizer"": ""Adam""}",PRUNED
41,0.8847307561257851,2026-09-30 18:40:05.888652,2026-09-30 18:40:11.846843,0 days 00:00:05.958191,0.8777699945218592,0.9445571591370426,0.0017576914939239885,6.743039616653179e-05,64,64,"(5, 7)",32.0,"(5, 7)",,,32,3,0.30143051447862235,32,2,Adam,,,,35.0,0.8870967741935484,0.8823647380580218,"{""batch_size"": 64, ""block_0_filters"": 64, ""block_0_kernel_pair"": ""(5, 7)"", ""first_conv_filters"": 32, ""first_conv_kernel_width"": 3, ""lr_decay"": 0.30143051447862235, ""lr_step_size"": 32, ""n_blocks"": 2, ""optimizer"": ""Adam""}",COMPLETE
42,0.8835176395241882,2026-09-30 18:40:11.907037,2026-09-30 18:40:18.056504,0 days 00:00:06.149467,0.8612628116566967,0.94269278159672,0.0010656408117772917,6.724265491662064e-05,64,64,"(5, 7)",32.0,"(5, 7)",32.0,"(3, 7)",32,3,0.2577702276999689,32,3,Adam,,,,42.0,0.8935483870967742,0.873486891951602,"{""batch_size"": 64, ""block_0_filters"": 64, ""block_0_kernel_pair"": ""(5, 7)"", ""first_conv_filters"": 32, ""first_conv_kernel_width"": 3, ""lr_decay"": 0.2577702276999689, ""lr_step_size"": 32, ""n_blocks"": 3, ""optimizer"": ""Adam""}",COMPLETE
