number,value,datetime_start,datetime_complete,duration,params_adam_beta1,params_adam_beta2,params_adam_lr,params_adam_wd,params_batch_size,params_block_0_filters,params_block_0_kernel_pair,params_block_1_filters,params_block_1_kernel_pair,params_block_2_filters,params_block_2_kernel_pair,params_first_conv_filters,params_first_conv_kernel_width,params_lr_decay,params_lr_step_size,params_n_blocks,params_optimizer,params_sgd_lr,params_sgd_momentum,params_sgd_wd,user_attrs_best_epoch,user_attrs_validation_accuracy,user_attrs_validation_macro_f1,system_attrs_tpe:relative_params:0,state
83,0.8840963146375329,2026-09-30 18:42:22.496701,2026-09-30 18:42:26.782062,0 days 00:00:04.285361,0.9073357397697858,0.9512985410967393,0.002557632492402353,0.0001074126190660621,64,64,"(5, 7)",64.0,"(5, 7)",,,32,3,0.40532664222976605,19,2,Adam,,,,42.0,0.8903225806451613,0.8778700486299044,"{""batch_size"": 64, ""block_0_filters"": 64, ""block_0_kernel_pair"": ""(5, 7)"", ""first_conv_filters"": 32, ""first_conv_kernel_width"": 3, ""lr_decay"": 0.40532664222976605, ""lr_step_size"": 19, ""n_blocks"": 2, ""optimizer"": ""Adam""}",COMPLETE
84,0.8368538175569809,2026-09-30 18:42:26.841884,2026-09-30 18:42:31.383551,0 days 00:00:04.541667,0.9183343297749397,0.9484473413817512,0.0013798264907205495,3.8922351819173415e-05,64,64,"(5, 7)",64.0,"(5, 7)",,,128,3,0.41699732029799724,23,2,Adam,,,,,,,"{""batch_size"": 64, ""block_0_filters"": 64, ""block_0_kernel_pair"": ""(5, 7)"", ""first_conv_filters"": 128, ""first_conv_kernel_width"": 3, ""lr_decay"": 0.41699732029799724, ""lr_step_size"": 23, ""n_blocks"": 2, ""optimizer"": ""Adam""}",PRUNED
85,0.5511172807197188,2026-09-30 18:42:31.441961,2026-09-30 18:42:32.269932,0 days 00:00:00.827971,0.9227582145586021,0.9425737013758705,0.000874465049967138,5.273310776816252e-05,64,64,"(5, 7)",,,,,32,3,0.37614874337990706,22,1,Adam,,,,,,,"{""batch_size"": 64, ""block_0_filters"": 64, ""block_0_kernel_pair"": ""(5, 7)"", ""first_conv_filters"": 32, ""first_conv_kernel_width"": 3, ""lr_decay"": 0.37614874337990706, ""lr_step_size"": 22, ""n_blocks"": 1, ""optimizer"": ""Adam""}",PRUNED
86,0.5174444723822427,2026-09-30 18:42:32.330559,2026-09-30 18:42:33.218438,0 days 00:00:00.887879,0.9014636449383999,0.9219639317120985,0.0010111944929369642,2.4063564989656412e-05,64,64,"(3, 7)",16.0,"(5, 7)",,,32,3,0.36669904717167623,27,2,Adam,,,,,,,"{""batch_size"": 64, ""block_0_filters"": 64, ""block_0_kernel_pair"": ""(3, 7)"", ""first_conv_filters"": 32, ""first_conv_kernel_width"": 3, ""lr_decay"": 0.36669904717167623, ""lr_step_size"": 27, ""n_blocks"": 2, ""optimizer"": ""Adam""}",PRUNED
87,0.5405538304303736,2026-09-30 18:42:33.279603,2026-09-30 18:42:34.054468,0 days 00:00:00.774865,0.8845188819231161,0.910170127138101,0.0006674005290750025,0.0003056997898841407,64,64,"(5, 7)",,,,,32,3,0.3205323066890594,13,1,Adam,,,,,,,"{""batch_size"": 64, ""block_0_filters"": 64, ""block_0_kernel_pair"": ""(5, 7)"", ""first_conv_filters"": 32, ""first_conv_kernel_width"": 3, ""lr_decay"": 0.3205323066890594, ""lr_step_size"": 13, ""n_blocks"": 1, ""optimizer"": ""Adam""}",PRUNED
88,0.8978959461789218,2026-09-30 18:42:34.115264,2026-09-30 18:42:39.884172,0 days 00:00:05.768908,0.8927276889870348,0.9316058342640741,0.0016347384340082082,0.00021718983537018113,64,64,"(3, 7)",64.0,"(5, 7)",64.0,"(3, 5)",32,3,0.40123227111067217,24,3,Adam,,,,50.0,0.9064516129032258,0.8893402794546178,"{""batch_size"": 64, ""block_0_filters"": 64, ""block_0_kernel_pair"": ""(3, 7)"", ""first_conv_filters"": 32, ""first_conv_kernel_width"": 3, ""lr_decay"": 0.40123227111067217, ""lr_step_size"": 24, ""n_blocks"": 3, ""optimizer"": ""Adam""}",COMPLETE
89,0.5882643703721644,2026-09-30 18:42:39.945916,2026-09-30 18:42:41.110973,0 days 00:00:01.165057,0.8943292311602169,0.9302904425670514,0.001961116281350692,0.0006180541138524945,64,64,"(3, 7)",64.0,"(3, 7)",64.0,"(3, 5)",32,3,0.3942725764792835,26,3,Adam,,,,,,,"{""batch_size"": 64, ""block_0_filters"": 64, ""block_0_kernel_pair"": ""(3, 7)"", ""first_conv_filters"": 32, ""first_conv_kernel_width"": 3, ""lr_decay"": 0.3942725764792835, ""lr_step_size"": 26, ""n_blocks"": 3, ""optimizer"": ""Adam""}",PRUNED
90,0.8826836402363906,2026-09-30 18:42:41.169317,2026-09-30 18:42:45.735566,0 days 00:00:04.566249,0.9044417858154038,0.9317825344841516,0.0017064331279328128,0.00017285728359118287,64,64,"(3, 7)",64.0,"(5, 7)",,,32,3,0.44266675479731876,22,2,Adam,,,,50.0,0.8935483870967742,0.8718188933760069,"{""batch_size"": 64, ""block_0_filters"": 64, ""block_0_kernel_pair"": ""(3, 7)"", ""first_conv_filters"": 32, ""first_conv_kernel_width"": 3, ""lr_decay"": 0.44266675479731876, ""lr_step_size"": 22, ""n_blocks"": 2, ""optimizer"": ""Adam""}",COMPLETE
91,0.9091772663724704,2026-09-30 18:42:45.845218,2026-09-30 18:42:51.104876,0 days 00:00:05.259658,0.9105548426825534,0.9260790961835363,0.000804216144247563,6.861466956821106e-05,64,64,"(5, 7)",64.0,"(5, 7)",,,32,3,0.3557591529873314,23,2,Adam,,,,49.0,0.9096774193548387,0.9086771133901023,"{""batch_size"": 64, ""block_0_filters"": 64, ""block_0_kernel_pair"": ""(5, 7)"", ""first_conv_filters"": 32, ""first_conv_kernel_width"": 3, ""lr_decay"": 0.3557591529873314, ""lr_step_size"": 23, ""n_blocks"": 2, ""optimizer"": ""Adam""}",COMPLETE
92,0.6271709028682347,2026-09-30 18:42:51.169273,2026-09-30 18:42:52.534209,0 days 00:00:01.364936,0.8990770056278189,0.9275244318579181,0.0023704324046904353,0.00012156011055026132,64,64,"(5, 7)",64.0,"(5, 7)",,,32,3,0.2655710028705354,16,2,Adam,,,,,,,"{""batch_size"": 64, ""block_0_filters"": 64, ""block_0_kernel_pair"": ""(5, 7)"", ""first_conv_filters"": 32, ""first_conv_kernel_width"": 3, ""lr_decay"": 0.2655710028705354, ""lr_step_size"": 16, ""n_blocks"": 2, ""optimizer"": ""Adam""}",PRUNED
93,0.4892881892316182,2026-09-30 18:42:52.593552,2026-09-30 18:42:53.646735,0 days 00:00:01.053183,0.9110676390696394,0.9229379519256721,0.0007892619810111452,7.563586119428742e-05,64,64,"(5, 7)",,,,,32,3,0.309821357429118,21,1,Adam,,,,,,,"{""batch_size"": 64, ""block_0_filters"": 64, ""block_0_kernel_pair"": ""(5, 7)"", ""first_conv_filters"": 32, ""first_conv_kernel_width"": 3, ""lr_decay"": 0.309821357429118, ""lr_step_size"": 21, ""n_blocks"": 1, ""optimizer"": ""Adam""}",PRUNED
94,0.5940551654938399,2026-09-30 18:42:53.791714,2026-09-30 18:42:55.395742,0 days 00:00:01.604028,0.8916750878167146,0.9161783193084658,0.0015550731455362366,0.00023309950077664125,64,64,"(5, 7)",64.0,"(5, 7)",,,32,3,0.3658573515345226,22,2,Adam,,,,,,,"{""batch_size"": 64, ""block_0_filters"": 64, ""block_0_kernel_pair"": ""(5, 7)"", ""first_conv_filters"": 32, ""first_conv_kernel_width"": 3, ""lr_decay"": 0.3658573515345226, ""lr_step_size"": 22, ""n_blocks"": 2, ""optimizer"": ""Adam""}",PRUNED
95,0.8640464825637468,2026-09-30 18:42:55.487427,2026-09-30 18:43:02.327927,0 days 00:00:06.840500,0.9061019116626782,0.9243140380273449,0.0005762641953854339,6.560878221462373e-05,64,64,"(3, 7)",64.0,"(5, 7)",16.0,"(3, 5)",32,3,0.4308933100869391,20,3,Adam,,,,50.0,0.8806451612903226,0.8474478038371712,"{""batch_size"": 64, ""block_0_filters"": 64, ""block_0_kernel_pair"": ""(3, 7)"", ""first_conv_filters"": 32, ""first_conv_kernel_width"": 3, ""lr_decay"": 0.4308933100869391, ""lr_step_size"": 20, ""n_blocks"": 3, ""optimizer"": ""Adam""}",COMPLETE
96,0.8603270028782698,2026-09-30 18:43:02.386959,2026-09-30 18:43:06.927167,0 days 00:00:04.540208,0.8818816316411554,0.934951480536831,0.0018944825338534214,0.00016261442618988357,64,64,"(5, 7)",64.0,"(5, 7)",,,32,7,0.39620277991595976,25,2,Adam,,,,43.0,0.8612903225806452,0.8593636831758944,"{""batch_size"": 64, ""block_0_filters"": 64, ""block_0_kernel_pair"": ""(5, 7)"", ""first_conv_filters"": 32, ""first_conv_kernel_width"": 7, ""lr_decay"": 0.39620277991595976, ""lr_step_size"": 25, ""n_blocks"": 2, ""optimizer"": ""Adam""}",COMPLETE
97,0.5626633990553161,2026-09-30 18:43:07.005135,2026-09-30 18:43:08.075954,0 days 00:00:01.070819,0.9160691354986209,0.9275826402684499,0.002824179773354362,9.155143246564391e-05,64,64,"(5, 7)",8.0,"(5, 7)",,,32,3,0.3488288261601027,16,2,Adam,,,,,,,"{""batch_size"": 64, ""block_0_filters"": 64, ""block_0_kernel_pair"": ""(5, 7)"", ""first_conv_filters"": 32, ""first_conv_kernel_width"": 3, ""lr_decay"": 0.3488288261601027, ""lr_step_size"": 16, ""n_blocks"": 2, ""optimizer"": ""Adam""}",PRUNED
98,0.5558584225704155,2026-09-30 18:43:08.135595,2026-09-30 18:43:09.059200,0 days 00:00:00.923605,0.8999514419846797,0.9378810284021692,0.0011686451493628197,3.467561578114875e-05,64,64,"(3, 5)",64.0,"(3, 5)",,,32,3,0.28698867747888124,15,2,Adam,,,,,,,"{""batch_size"": 64, ""block_0_filters"": 64, ""block_0_kernel_pair"": ""(3, 5)"", ""first_conv_filters"": 32, ""first_conv_kernel_width"": 3, ""lr_decay"": 0.28698867747888124, ""lr_step_size"": 15, ""n_blocks"": 2, ""optimizer"": ""Adam""}",PRUNED
99,0.508205398452541,2026-09-30 18:43:09.175383,2026-09-30 18:43:10.275388,0 days 00:00:01.100005,0.8742702777555001,0.9200214757141348,0.00046365984344951195,0.0001232214232651295,64,64,"(3, 5)",16.0,"(5, 7)",,,32,7,0.333587707931475,20,2,Adam,,,,,,,"{""batch_size"": 64, ""block_0_filters"": 64, ""block_0_kernel_pair"": ""(3, 5)"", ""first_conv_filters"": 32, ""first_conv_kernel_width"": 7, ""lr_decay"": 0.333587707931475, ""lr_step_size"": 20, ""n_blocks"": 2, ""optimizer"": ""Adam""}",PRUNED
