number,value,datetime_start,datetime_complete,duration,params_adam_beta1,params_adam_beta2,params_adam_lr,params_adam_wd,params_batch_size,params_block_0_filters,params_block_0_kernel_pair,params_block_1_filters,params_block_1_kernel_pair,params_block_2_filters,params_block_2_kernel_pair,params_lr_decay,params_lr_step_size,params_n_blocks,params_optimizer,params_sgd_lr,params_sgd_momentum,params_sgd_wd,user_attrs_best_epoch,user_attrs_validation_accuracy,user_attrs_validation_macro_f1,state
0,0.5196061713523247,2026-10-05 19:19:23.107344,2026-10-05 19:19:31.429151,0 days 00:00:08.321807,0.8907720796277259,0.9611241041827657,0.0011207606211860567,5.34293726127978e-05,200,8,"(5, 7)",64.0,"(3, 5)",,,0.1814650918408482,14,2,Adam,,,,45.0,0.5445859872611465,0.4946263554435029,COMPLETE
1,0.5463214726112557,2026-10-05 19:19:31.580386,2026-10-05 19:20:01.414167,0 days 00:00:29.833781,0.8936395506525175,0.9519547953156633,0.00032927591344236165,0.0004467752817973908,64,32,"(5, 7)",8.0,"(5, 7)",,,0.13318450498648718,26,2,Adam,,,,49.0,0.5764331210191083,0.5162098242034032,COMPLETE
2,0.2754487820857097,2026-10-05 19:20:01.591342,2026-10-05 19:20:29.823006,0 days 00:00:28.231664,,,,,64,8,"(3, 7)",8.0,"(3, 7)",,,0.3780532256184443,31,2,SGD,0.00039459088111000007,0.7016014139658446,0.0018274508859816032,8.0,0.3200636942675159,0.2308338699039035,COMPLETE
3,0.6339789171482175,2026-10-05 19:20:29.990853,2026-10-05 19:20:40.984448,0 days 00:00:10.993595,0.9074536092249882,0.9754795587404506,0.006533305220227739,9.935023909063694e-06,200,8,"(3, 7)",8.0,"(5, 7)",16.0,"(5, 7)",0.08464095942295685,17,3,Adam,,,,50.0,0.6767515923566879,0.5912062419397471,COMPLETE
4,0.3034590544931992,2026-10-05 19:20:41.141637,2026-10-05 19:20:48.858876,0 days 00:00:07.717239,,,,,256,64,"(5, 7)",64.0,"(3, 7)",,,0.19544131940933984,39,2,SGD,0.00046379219034580355,0.734760956526768,2.2410971619109514e-05,39.0,0.3359872611464968,0.27093084783990157,COMPLETE
5,0.2739588882687594,2026-10-05 19:20:49.027606,2026-10-05 19:20:53.120349,0 days 00:00:04.092743,,,,,128,16,"(3, 7)",32.0,"(5, 7)",32.0,"(3, 5)",0.06834881369964377,15,3,SGD,0.00018658181360124853,0.942237723720879,1.91920011015619e-05,,,,PRUNED
6,0.30334553406819464,2026-10-05 19:20:53.273051,2026-10-05 19:20:54.338994,0 days 00:00:01.065943,0.942397766444785,0.9816404978001014,0.005684322462212271,1.0758866306767913e-05,256,32,"(3, 5)",,,,,0.28834276026020295,27,1,Adam,,,,,,,PRUNED
7,0.7484010663818554,2026-10-05 19:20:54.484992,2026-10-05 19:21:02.044799,0 days 00:00:07.559807,0.941274576330364,0.92240450401511,0.0012516058337570376,0.0005855726588796257,256,64,"(3, 5)",32.0,"(5, 7)",,,0.15676208937356004,32,2,Adam,,,,49.0,0.802547770700637,0.6942543620630739,COMPLETE
8,0.15476533358847178,2026-10-05 19:21:02.204619,2026-10-05 19:21:03.605254,0 days 00:00:01.400635,,,,,256,8,"(3, 7)",8.0,"(3, 5)",,,0.4792678596511643,39,2,SGD,0.00011828996391101285,0.8871869658130787,5.110256715654393e-06,,,,PRUNED
9,0.3261310766963613,2026-10-05 19:21:03.758009,2026-10-05 19:21:05.075436,0 days 00:00:01.317427,,,,,256,8,"(3, 7)",32.0,"(5, 7)",,,0.36611783779419915,31,2,SGD,0.003589128083678789,0.9544381908591071,0.0009184900818511545,,,,PRUNED
10,0.3266022207640312,2026-10-05 19:21:05.231196,2026-10-05 19:21:07.008206,0 days 00:00:01.777010,0.9843679044323588,0.9016745065369487,0.00011695680465873889,0.00427227481622679,128,64,"(3, 5)",,,,,0.4965631994571517,21,1,Adam,,,,,,,PRUNED
11,0.6074847599629237,2026-10-05 19:21:07.154326,2026-10-05 19:21:18.110223,0 days 00:00:10.955897,0.9291113036283782,0.9137520552784373,0.008062496199691363,2.45154926944879e-06,200,64,"(3, 5)",16.0,"(5, 7)",16.0,"(5, 7)",0.06571336538783236,11,3,Adam,,,,49.0,0.6401273885350318,0.5748421313908156,COMPLETE
12,0.7660722063862397,2026-10-05 19:21:18.276524,2026-10-05 19:21:29.503500,0 days 00:00:11.226976,0.9341753854815441,0.996437260811939,0.001953752689497112,0.0001577969683428895,200,16,"(3, 5)",32.0,"(5, 7)",64.0,"(3, 7)",0.14469324266240352,21,3,Adam,,,,49.0,0.8328025477707006,0.6993418650017788,COMPLETE
13,0.8147113165691456,2026-10-05 19:21:29.653146,2026-10-05 19:21:40.754608,0 days 00:00:11.101462,0.9576113426674147,0.9995711218480428,0.0014582660980585129,0.0005339335838902266,200,16,"(3, 5)",32.0,"(5, 7)",64.0,"(3, 7)",0.233599912387401,21,3,Adam,,,,48.0,0.8773885350318471,0.7520340981064442,COMPLETE
14,0.7868383257853204,2026-10-05 19:21:40.910809,2026-10-05 19:21:52.213983,0 days 00:00:11.303174,0.9770107597074579,0.9962636694646295,0.0016516444441349292,0.0003160492703491837,200,16,"(3, 5)",32.0,"(5, 7)",64.0,"(3, 7)",0.24195782446633818,21,3,Adam,,,,38.0,0.856687898089172,0.716988753481469,COMPLETE
15,0.8131892887415411,2026-10-05 19:21:52.358652,2026-10-05 19:22:03.581067,0 days 00:00:11.222415,0.9848310932871637,0.9989775980827609,0.0025416230168496166,0.0036404325349469802,200,16,"(3, 5)",32.0,"(5, 7)",64.0,"(3, 7)",0.2674146304708889,20,3,Adam,,,,49.0,0.8789808917197452,0.7473976857633369,COMPLETE
16,0.7713156542697182,2026-10-05 19:22:03.726202,2026-10-05 19:22:15.368514,0 days 00:00:11.642312,0.9629235673739647,0.9980664811678885,0.002889229601331709,0.006963226776266361,200,16,"(3, 5)",16.0,"(3, 7)",64.0,"(3, 7)",0.2834418778794623,25,3,Adam,,,,40.0,0.8312101910828026,0.7114211174566336,COMPLETE
17,0.3316162396295212,2026-10-05 19:22:15.515069,2026-10-05 19:22:17.847776,0 days 00:00:02.332707,0.9639642291851311,0.9778559558589474,0.00038492383420547994,0.0015819646698710613,200,16,"(3, 5)",32.0,"(3, 5)",8.0,"(3, 7)",0.3610732659612112,19,3,Adam,,,,,,,PRUNED
18,0.7197994936343524,2026-10-05 19:22:17.997947,2026-10-05 19:22:29.525588,0 days 00:00:11.527641,0.8532024120947369,0.9844681458969354,0.0006889725925397127,0.0022512697178120864,200,16,"(3, 5)",32.0,"(5, 7)",64.0,"(3, 7)",0.23538400034542106,11,3,Adam,,,,46.0,0.767515923566879,0.6720830637018256,COMPLETE
19,0.3717862934773797,2026-10-05 19:22:29.673131,2026-10-05 19:22:33.942805,0 days 00:00:04.269674,0.988104575117599,0.9543714177564891,0.0034473884901019807,0.009908615447854126,128,16,"(3, 5)",32.0,"(5, 7)",64.0,"(3, 5)",0.3162103962442774,24,3,Adam,,,,,,,PRUNED
20,0.760791884077238,2026-10-05 19:22:34.096125,2026-10-05 19:23:12.309323,0 days 00:00:38.213198,0.9590645965196793,0.9649956359154737,0.0006368488121584432,0.001347462658077418,64,16,"(5, 7)",64.0,"(3, 5)",8.0,"(3, 7)",0.22939964146167097,17,3,Adam,,,,50.0,0.8168789808917197,0.7047047872627562,COMPLETE
21,0.8043671534858505,2026-10-05 19:23:12.455653,2026-10-05 19:23:23.745483,0 days 00:00:11.289830,0.9745674656456859,0.9991062195165124,0.0018946438081623358,0.00015877032573746223,200,16,"(3, 5)",32.0,"(5, 7)",64.0,"(3, 7)",0.24688939754583505,21,3,Adam,,,,34.0,0.8614649681528662,0.7472693388188348,COMPLETE
22,0.7949873331415285,2026-10-05 19:23:23.893570,2026-10-05 19:23:35.620614,0 days 00:00:11.727044,0.9697762416035962,0.9885683844693628,0.003413507106186839,8.59650497579978e-05,200,16,"(3, 5)",32.0,"(5, 7)",64.0,"(3, 7)",0.3080316950352714,22,3,Adam,,,,43.0,0.8550955414012739,0.7348791248817832,COMPLETE
23,0.7874393307754952,2026-10-05 19:23:35.770079,2026-10-05 19:23:47.422411,0 days 00:00:11.652332,0.9531358850444058,0.9990418575790375,0.0020237042063438603,3.6256472654439425e-05,200,16,"(3, 5)",32.0,"(5, 7)",64.0,"(3, 7)",0.2589143936153542,18,3,Adam,,,,31.0,0.8471337579617835,0.7277449035892071,COMPLETE
24,0.437682950049639,2026-10-05 19:23:47.569134,2026-10-05 19:23:49.799588,0 days 00:00:02.230454,0.9756345581751845,0.9896007003060102,0.000858771206710322,0.001093886143511473,200,32,"(3, 5)",16.0,"(5, 7)",32.0,"(3, 7)",0.2045209234978409,27,3,Adam,,,,,,,PRUNED
25,0.8035961084425172,2026-10-05 19:23:49.950818,2026-10-05 19:24:01.222986,0 days 00:00:11.272168,0.9514362853855176,0.9715780099483067,0.003895084150429662,0.000180045564335209,200,16,"(3, 5)",32.0,"(3, 7)",64.0,"(3, 7)",0.34720478930800297,23,3,Adam,,,,39.0,0.8726114649681529,0.7345807519168815,COMPLETE
26,0.2146538053478786,2026-10-05 19:24:01.368808,2026-10-05 19:24:03.751983,0 days 00:00:02.383175,,,,,200,16,"(3, 5)",32.0,"(5, 7)",64.0,"(5, 7)",0.4335095113098172,14,3,SGD,0.08934102051406673,0.8157442521220594,0.00836060330143636,,,,PRUNED
27,0.5254271910402407,2026-10-05 19:24:03.899263,2026-10-05 19:24:06.441013,0 days 00:00:02.541750,0.9887780320275726,0.988583912726409,0.0021477626895849682,0.0006780987913850478,200,16,"(3, 5)",32.0,"(5, 7)",64.0,"(3, 5)",0.11342212980478474,28,3,Adam,,,,,,,PRUNED
28,0.5025131503524813,2026-10-05 19:24:06.589811,2026-10-05 19:24:12.139873,0 days 00:00:05.550062,0.9227386669133372,0.999795815652818,0.0012601773298002515,0.003419072007172659,64,16,"(5, 7)",32.0,"(5, 7)",,,0.2629911584118407,20,2,Adam,,,,,,,PRUNED
29,0.48395566308068966,2026-10-05 19:24:12.293119,2026-10-05 19:24:13.918086,0 days 00:00:01.624967,0.9725919109539123,0.988807115769566,0.0050678434116269875,0.00016977763776922916,200,32,"(3, 5)",64.0,"(5, 7)",,,0.19035388588476784,14,2,Adam,,,,,,,PRUNED
30,0.35343511784978615,2026-10-05 19:24:14.063122,2026-10-05 19:24:17.716939,0 days 00:00:03.653817,0.9491922076495258,0.9352975451037143,0.0004698123667115598,2.612361222437189e-05,128,16,"(5, 7)",16.0,"(3, 5)",8.0,"(3, 7)",0.16685503094662366,16,3,Adam,,,,,,,PRUNED
31,0.7953240320298005,2026-10-05 19:24:17.860404,2026-10-05 19:24:29.365464,0 days 00:00:11.505060,0.9545562992499876,0.9749326077908279,0.002861370830609692,0.00020910949727935224,200,16,"(3, 5)",32.0,"(3, 7)",64.0,"(3, 7)",0.3374872995180265,23,3,Adam,,,,42.0,0.8598726114649682,0.7307754525946327,COMPLETE
32,0.7978859267995531,2026-10-05 19:24:29.509054,2026-10-05 19:24:41.388189,0 days 00:00:11.879135,0.9792545851960774,0.9693186533009348,0.0034766787002468683,8.955039931702184e-05,200,16,"(3, 5)",32.0,"(3, 7)",64.0,"(3, 7)",0.3967487233264842,24,3,Adam,,,,39.0,0.8503184713375797,0.7454533822615265,COMPLETE
33,0.5905376744766806,2026-10-05 19:24:41.533791,2026-10-05 19:24:44.278489,0 days 00:00:02.744698,0.9669280262988234,0.9468959011728095,0.00440979412744179,0.0002928051975856665,200,16,"(3, 5)",32.0,"(3, 7)",64.0,"(3, 7)",0.3280572008404271,29,3,Adam,,,,,,,PRUNED
34,0.29290085771627583,2026-10-05 19:24:44.424177,2026-10-05 19:24:53.166251,0 days 00:00:08.742074,0.9439299352088671,0.9914667945338378,0.009022472442320378,0.0007445839211790109,64,16,"(3, 5)",32.0,"(3, 7)",64.0,"(3, 7)",0.21171480854598307,19,3,Adam,,,,,,,PRUNED
35,0.3092205557441737,2026-10-05 19:24:53.321603,2026-10-05 19:24:55.669179,0 days 00:00:02.347576,0.9600715313736156,0.9798402729616392,0.0015640893882177113,0.00013178824617968133,200,8,"(3, 7)",8.0,"(3, 7)",16.0,"(3, 7)",0.2868218855278291,23,3,Adam,,,,,,,PRUNED
36,0.44435923468546784,2026-10-05 19:24:55.829997,2026-10-05 19:24:57.473673,0 days 00:00:01.643676,,,,,200,32,"(5, 7)",64.0,"(3, 7)",,,0.4123638969761032,25,2,SGD,0.06003140711038473,0.817523605986741,1.1781293566108088e-06,,,,PRUNED
37,0.7373310733268282,2026-10-05 19:24:57.626915,2026-10-05 19:25:04.058926,0 days 00:00:06.432011,0.8519313863952445,0.9687982290189477,0.0023749579457249138,5.6068844237012586e-05,200,16,"(3, 5)",32.0,"(5, 7)",32.0,"(3, 7)",0.2700097091692046,35,3,Adam,,,,,,,PRUNED
38,0.4672304316641748,2026-10-05 19:25:04.207477,2026-10-05 19:25:11.960516,0 days 00:00:07.753039,,,,,64,64,"(3, 5)",8.0,"(3, 5)",64.0,"(5, 7)",0.34668448921138073,18,3,SGD,0.009378135290855105,0.7928619824544579,0.00019755716616159228,,,,PRUNED
39,0.24199617458140965,2026-10-05 19:25:12.116249,2026-10-05 19:25:13.411887,0 days 00:00:01.295638,0.9782679297157989,0.959932171406967,0.0009855780164041716,0.002845428923032348,200,8,"(3, 7)",,,,,0.2981859406468415,22,1,Adam,,,,,,,PRUNED
40,0.42502529543923023,2026-10-05 19:25:13.559510,2026-10-05 19:25:14.944643,0 days 00:00:01.385133,0.9163935455386829,0.9394205565598757,0.0015512858171945279,0.00037797136246518385,256,16,"(3, 5)",32.0,"(3, 7)",,,0.21795689378113897,26,2,Adam,,,,,,,PRUNED
41,0.5820420508114941,2026-10-05 19:25:15.090478,2026-10-05 19:25:17.587481,0 days 00:00:02.497003,0.9813668361281357,0.972204123403541,0.003757129395821988,8.125689837019597e-05,200,16,"(3, 5)",32.0,"(3, 7)",64.0,"(3, 7)",0.405674904836368,24,3,Adam,,,,,,,PRUNED
42,0.8146015814663268,2026-10-05 19:25:17.736947,2026-10-05 19:25:29.165831,0 days 00:00:11.428884,0.9723008136438573,0.9604568765734237,0.002439271337329845,2.161967707670759e-05,200,16,"(3, 5)",32.0,"(3, 7)",64.0,"(3, 7)",0.38894946681374826,20,3,Adam,,,,43.0,0.8757961783439491,0.7534069845887045,COMPLETE
43,0.6436585043638032,2026-10-05 19:25:29.313938,2026-10-05 19:25:32.592183,0 days 00:00:03.278245,0.9721266930117056,0.9600451683403597,0.0025481292069163075,1.8815113244870253e-05,200,16,"(3, 5)",32.0,"(3, 7)",64.0,"(3, 7)",0.4309964594423311,20,3,Adam,,,,,,,PRUNED
44,0.814049006547453,2026-10-05 19:25:32.737689,2026-10-05 19:25:57.176124,0 days 00:00:24.438435,0.9492375057966658,0.94800629072738,0.006478155930837919,3.013779041432989e-06,128,16,"(3, 5)",32.0,"(3, 7)",64.0,"(3, 7)",0.4565158376437263,15,3,Adam,,,,43.0,0.8789808917197452,0.7491171213751608,COMPLETE
45,0.4120998390257715,2026-10-05 19:25:57.329701,2026-10-05 19:26:01.759304,0 days 00:00:04.429603,,,,,128,64,"(3, 7)",32.0,"(5, 7)",16.0,"(3, 7)",0.45910389404839513,15,3,SGD,0.002251144979982607,0.8846182393404719,0.00014609470728009182,,,,PRUNED
46,0.5242204095219245,2026-10-05 19:26:01.915564,2026-10-05 19:26:06.228440,0 days 00:00:04.312876,0.8838798032144187,0.9442810756596409,0.0060832371037867,1.03338518075158e-06,128,32,"(3, 5)",8.0,"(3, 7)",64.0,"(3, 5)",0.46008672819788665,13,3,Adam,,,,,,,PRUNED
47,0.7780454929276336,2026-10-05 19:26:06.378717,2026-10-05 19:26:29.330886,0 days 00:00:22.952169,0.9360885059233521,0.930655204080721,0.0011614465514349457,6.288709947581829e-06,128,8,"(3, 5)",64.0,"(5, 7)",32.0,"(5, 7)",0.17364662341242398,17,3,Adam,,,,48.0,0.8471337579617835,0.7089572278934837,COMPLETE
48,0.43995490020063466,2026-10-05 19:26:29.487157,2026-10-05 19:26:33.593824,0 days 00:00:04.106667,0.9455084282572843,0.9523578359002004,0.00018514257912868797,6.348035038204334e-06,128,16,"(5, 7)",32.0,"(5, 7)",64.0,"(3, 7)",0.3833906626848416,10,3,Adam,,,,,,,PRUNED
49,0.26311162869258375,2026-10-05 19:26:33.745645,2026-10-05 19:26:35.613846,0 days 00:00:01.868201,,,,,256,16,"(3, 5)",16.0,"(3, 7)",16.0,"(3, 5)",0.2450252429481578,19,3,SGD,0.013717140438367095,0.9883028428772258,1.0970231929290197e-06,,,,PRUNED
50,0.4356644737780654,2026-10-05 19:26:35.769717,2026-10-05 19:26:39.161532,0 days 00:00:03.391815,0.9579028205201378,0.9252021805309909,0.0072540997233436506,3.8962354521208525e-06,128,64,"(3, 5)",32.0,"(5, 7)",,,0.4833864888941515,16,2,Adam,,,,,,,PRUNED
51,0.5124254409757084,2026-10-05 19:26:39.312331,2026-10-05 19:26:41.772487,0 days 00:00:02.460156,0.968172174608693,0.9938384790998038,0.005454744737256211,1.5599881112841693e-05,200,16,"(3, 5)",32.0,"(3, 7)",64.0,"(3, 7)",0.4386755041969378,21,3,Adam,,,,,,,PRUNED
52,0.812146775902233,2026-10-05 19:26:41.934677,2026-10-05 19:26:53.151335,0 days 00:00:11.216658,0.9388997021880447,0.9559147005355682,0.004296965029888671,4.904506741947852e-05,200,16,"(3, 5)",32.0,"(3, 7)",64.0,"(3, 7)",0.35488884455951425,22,3,Adam,,,,50.0,0.8742038216560509,0.7500897301484152,COMPLETE
53,0.7989854940439015,2026-10-05 19:26:53.297741,2026-10-05 19:27:04.502089,0 days 00:00:11.204348,0.9339679934783602,0.9457388626288171,0.0018316378486940416,1.1126818530508557e-06,200,16,"(3, 5)",32.0,"(3, 7)",64.0,"(3, 7)",0.37866542636410533,20,3,Adam,,,,38.0,0.8662420382165605,0.7317289498712425,COMPLETE
54,0.46337284511884147,2026-10-05 19:27:04.650282,2026-10-05 19:27:06.897813,0 days 00:00:02.247531,0.9848623653879924,0.9848595370150443,0.004912295193682563,4.2233228538762635e-05,200,16,"(3, 5)",32.0,"(3, 7)",64.0,"(3, 7)",0.12417506506818313,22,3,Adam,,,,,,,PRUNED
55,0.7342043842290266,2026-10-05 19:27:07.044953,2026-10-05 19:27:11.082415,0 days 00:00:04.037462,0.9399080338209128,0.9563858443408869,0.0013952995162331738,0.005118794826323691,256,16,"(3, 5)",32.0,"(3, 5)",64.0,"(3, 7)",0.3224664956945249,18,3,Adam,,,,,,,PRUNED
56,0.4399777646341295,2026-10-05 19:27:11.230229,2026-10-05 19:27:13.524569,0 days 00:00:02.294340,0.9629620765538509,0.9142327727170342,0.0028994040902230417,2.3010780675407853e-06,200,16,"(3, 7)",32.0,"(5, 7)",8.0,"(3, 7)",0.36689511351780885,13,3,Adam,,,,,,,PRUNED
57,0.5691474819350957,2026-10-05 19:27:13.671459,2026-10-05 19:27:18.307657,0 days 00:00:04.636198,0.9264335501516011,0.994488716544671,0.006448238683877854,5.529950726499217e-05,128,16,"(3, 5)",32.0,"(3, 7)",64.0,"(5, 7)",0.24927205364137114,21,3,Adam,,,,,,,PRUNED
58,0.8141255860700038,2026-10-05 19:27:18.459859,2026-10-05 19:27:29.932731,0 days 00:00:11.472872,0.9033481923446074,0.9495020116013511,0.0024834213722804573,1.1703713254222626e-05,200,16,"(3, 5)",32.0,"(5, 7)",64.0,"(3, 7)",0.28007140096584826,17,3,Adam,,,,50.0,0.8726114649681529,0.7556397071718549,COMPLETE
59,0.27474088423395676,2026-10-05 19:27:30.079216,2026-10-05 19:27:32.935305,0 days 00:00:02.856089,0.9040684847503295,0.9647733278552263,0.004197752947196158,1.5041129310674324e-05,64,16,"(3, 5)",,,,,0.3041990062840737,16,1,Adam,,,,,,,PRUNED
60,0.5056737649465032,2026-10-05 19:27:33.079319,2026-10-05 19:27:35.374389,0 days 00:00:02.295070,0.8784307386838784,0.9495613147500418,0.002803682199543468,9.493652163554912e-06,200,8,"(3, 5)",8.0,"(5, 7)",64.0,"(3, 7)",0.2273560128519829,12,3,Adam,,,,,,,PRUNED
61,0.5183871331367058,2026-10-05 19:27:35.519028,2026-10-05 19:27:37.803321,0 days 00:00:02.284293,0.9103466471437476,0.9561947125997713,0.009874375960748206,3.051109438712338e-05,200,16,"(3, 5)",32.0,"(5, 7)",64.0,"(3, 7)",0.27167559606546954,17,3,Adam,,,,,,,PRUNED
62,0.8155967401577362,2026-10-05 19:27:37.950092,2026-10-05 19:27:49.478089,0 days 00:00:11.527997,0.8921819255243414,0.9427980869533145,0.0019023834926356847,2.3222218716284286e-05,200,16,"(3, 5)",32.0,"(5, 7)",64.0,"(3, 7)",0.2791267064288243,19,3,Adam,,,,49.0,0.8773885350318471,0.7538049452836254,COMPLETE
63,0.8169285662586481,2026-10-05 19:27:49.624316,2026-10-05 19:28:00.757775,0 days 00:00:11.133459,0.8974873150527558,0.9411815451362895,0.002194655402975701,1.0270701915840816e-05,200,16,"(3, 5)",32.0,"(5, 7)",64.0,"(3, 7)",0.28253664962930014,18,3,Adam,,,,46.0,0.8885350318471338,0.7453221006701624,COMPLETE
64,0.7973777228122277,2026-10-05 19:28:00.905020,2026-10-05 19:28:11.831375,0 days 00:00:10.926355,0.8961446432361077,0.9381933115028566,0.0021732400112312953,9.403717111672333e-06,200,16,"(3, 5)",32.0,"(5, 7)",64.0,"(3, 7)",0.19436725683201495,19,3,Adam,,,,43.0,0.8678343949044586,0.7269210507199969,COMPLETE
65,0.579886347690926,2026-10-05 19:28:11.982200,2026-10-05 19:28:14.414828,0 days 00:00:02.432628,0.8744335296910777,0.9320965572412275,0.0008124195500232402,2.86051697580296e-06,200,16,"(3, 5)",32.0,"(5, 7)",64.0,"(3, 7)",0.29923723657864315,15,3,Adam,,,,,,,PRUNED
66,0.5301309803776174,2026-10-05 19:28:14.564962,2026-10-05 19:28:16.886629,0 days 00:00:02.321667,0.8947745577936738,0.9500881501763482,0.0017648678416893142,5.917264021991133e-06,200,16,"(3, 5)",16.0,"(5, 7)",32.0,"(3, 7)",0.2781889026472873,18,3,Adam,,,,,,,PRUNED
67,0.5343423164214834,2026-10-05 19:28:17.035642,2026-10-05 19:28:19.202357,0 days 00:00:02.166715,0.8884630226026508,0.9411124597560326,0.0013999558231380385,2.2965971255054035e-05,200,32,"(5, 7)",32.0,"(5, 7)",8.0,"(3, 7)",0.4977459929934119,20,3,Adam,,,,,,,PRUNED
68,0.395879973652947,2026-10-05 19:28:19.353455,2026-10-05 19:28:23.368399,0 days 00:00:04.014944,,,,,128,16,"(3, 5)",64.0,"(5, 7)",64.0,"(3, 5)",0.2562407110400957,16,3,SGD,0.0015487732051533054,0.8848924093676095,0.00011070823918422143,,,,PRUNED
69,0.7653625014636503,2026-10-05 19:28:23.520539,2026-10-05 19:28:30.143232,0 days 00:00:06.622693,0.9027416740234795,0.9422501146646882,0.0023867317718069873,1.5754400644207768e-06,200,16,"(3, 5)",32.0,"(5, 7)",64.0,"(3, 7)",0.051506912055131,14,3,Adam,,,,,,,PRUNED
70,0.8085402026840597,2026-10-05 19:28:30.289947,2026-10-05 19:28:41.706127,0 days 00:00:11.416180,0.8618210676385364,0.9349349628097751,0.0029612881752384018,4.3836673548265974e-06,200,64,"(3, 5)",32.0,"(5, 7)",64.0,"(3, 7)",0.28926071209044446,17,3,Adam,,,,49.0,0.8710191082802548,0.7460612970878646,COMPLETE
71,0.7586706904370641,2026-10-05 19:28:41.851042,2026-10-05 19:28:48.570397,0 days 00:00:06.719355,0.9126679401646478,0.9486166866937663,0.002041110895313014,1.2794018162661548e-05,200,16,"(3, 5)",32.0,"(3, 5)",64.0,"(3, 7)",0.3332080816524017,19,3,Adam,,,,,,,PRUNED
72,0.802866115128132,2026-10-05 19:28:48.717810,2026-10-05 19:28:59.994436,0 days 00:00:11.276626,0.8890386472479765,0.9541053669596055,0.0032806712558618363,8.42807463517236e-06,200,16,"(3, 5)",32.0,"(5, 7)",64.0,"(3, 7)",0.2291948062600804,23,3,Adam,,,,44.0,0.8773885350318471,0.7283436952244168,COMPLETE
73,0.4693149308047666,2026-10-05 19:29:00.140866,2026-10-05 19:29:02.433284,0 days 00:00:02.292418,0.8988559700974199,0.9452007399803127,0.0024939750001687667,0.009342123436942336,200,16,"(3, 5)",32.0,"(3, 7)",64.0,"(3, 7)",0.3167292270837234,22,3,Adam,,,,,,,PRUNED
74,0.48930968500272565,2026-10-05 19:29:02.580228,2026-10-05 19:29:04.831548,0 days 00:00:02.251320,0.9481226292392191,0.9009671915075576,0.0043507207759781695,0.0017837201309955542,200,16,"(3, 5)",32.0,"(5, 7)",64.0,"(3, 7)",0.3492507200912487,20,3,Adam,,,,,,,PRUNED
