number,value,datetime_start,datetime_complete,duration,params_adam_beta1,params_adam_beta2,params_adam_lr,params_adam_wd,params_batch_size,params_block_0_filters,params_block_0_kernel_pair,params_block_1_filters,params_block_1_kernel_pair,params_block_2_filters,params_block_2_kernel_pair,params_lr_decay,params_lr_step_size,params_n_blocks,params_optimizer,params_sgd_lr,params_sgd_momentum,params_sgd_wd,user_attrs_best_epoch,user_attrs_validation_accuracy,user_attrs_validation_macro_f1,state
75,0.5369936048773769,2026-10-05 19:29:04.977493,2026-10-05 19:29:07.257839,0 days 00:00:02.280346,0.8688203092443942,0.9624981834978389,0.007400869580371685,1.8442776747083558e-05,200,16,"(3, 5)",32.0,"(3, 7)",64.0,"(3, 7)",0.4199462251378922,18,3,Adam,,,,,,,PRUNED
76,0.5405208268696433,2026-10-05 19:29:07.404661,2026-10-05 19:29:09.208916,0 days 00:00:01.804255,0.8814282256061134,0.9266844345359774,0.000979793359580689,0.0009995927311129728,256,16,"(3, 7)",32.0,"(5, 7)",16.0,"(3, 7)",0.39489009124158525,20,3,Adam,,,,,,,PRUNED
77,0.7976987827944828,2026-10-05 19:29:09.359360,2026-10-05 19:29:54.750295,0 days 00:00:45.390935,0.9186022512289309,0.9369539691792732,0.0016878776918741313,2.3439816684620494e-05,64,16,"(3, 5)",32.0,"(5, 7)",64.0,"(3, 7)",0.2669494531809438,25,3,Adam,,,,42.0,0.8678343949044586,0.7275631706845072,COMPLETE
78,0.6987819882735421,2026-10-05 19:29:54.906153,2026-10-05 19:29:59.427582,0 days 00:00:04.521429,0.9049786722003459,0.9572307441186043,0.0032295737673160192,3.741191632511255e-05,200,16,"(3, 5)",16.0,"(3, 7)",64.0,"(5, 7)",0.2860129414431348,21,3,Adam,,,,,,,PRUNED
79,0.3054443636635615,2026-10-05 19:29:59.587675,2026-10-05 19:30:01.758686,0 days 00:00:02.171011,,,,,200,16,"(5, 7)",32.0,"(3, 5)",8.0,"(3, 7)",0.3590116004145015,22,3,SGD,0.024781349567915,0.7516684688540414,0.001002802925639679,,,,PRUNED
80,0.7622760656937977,2026-10-05 19:30:01.912114,2026-10-05 19:30:07.823252,0 days 00:00:05.911138,0.9850768622694157,0.9843154831246048,0.00139940899057135,1.209440435048232e-05,200,32,"(3, 5)",64.0,"(5, 7)",64.0,"(3, 7)",0.31193082165165353,18,3,Adam,,,,,,,PRUNED
81,0.5825513668375961,2026-10-05 19:30:07.971489,2026-10-05 19:30:10.173774,0 days 00:00:02.202285,0.8662267780730135,0.9324996868637442,0.0028891180278632906,4.009028383349683e-06,200,64,"(3, 5)",32.0,"(5, 7)",64.0,"(3, 7)",0.289232633693049,17,3,Adam,,,,,,,PRUNED
82,0.7223246817431793,2026-10-05 19:30:10.322124,2026-10-05 19:30:15.762653,0 days 00:00:05.440529,0.8561401972165001,0.9351299746091905,0.0021354870234708456,4.472832261011421e-06,200,64,"(3, 5)",32.0,"(5, 7)",64.0,"(3, 7)",0.25716783970365015,40,3,Adam,,,,,,,PRUNED
83,0.5219781345594974,2026-10-05 19:30:15.917190,2026-10-05 19:30:18.280754,0 days 00:00:02.363564,0.9555327118051478,0.9422944583177615,0.0037338022944015383,0.0005064399074078287,200,64,"(3, 5)",32.0,"(5, 7)",64.0,"(3, 7)",0.292914599428416,17,3,Adam,,,,,,,PRUNED
84,0.8395266340703775,2026-10-05 19:30:18.471072,2026-10-05 19:30:29.779332,0 days 00:00:11.308260,0.8640473908453145,0.916615146108523,0.004749071116183838,2.606186479199619e-06,200,64,"(3, 5)",32.0,"(5, 7)",64.0,"(3, 7)",0.4509434820546462,15,3,Adam,,,,48.0,0.9012738853503185,0.7777793827904367,COMPLETE
85,0.48188323830101787,2026-10-05 19:30:29.948217,2026-10-05 19:30:34.390876,0 days 00:00:04.442659,0.9649032130661774,0.9077073877976335,0.004957266547952903,2.456978702091549e-06,128,64,"(3, 5)",32.0,"(3, 7)",32.0,"(3, 5)",0.4581854344873787,15,3,Adam,,,,,,,PRUNED
86,0.45378225488932833,2026-10-05 19:30:34.555451,2026-10-05 19:30:36.926361,0 days 00:00:02.370910,0.9748133978458845,0.9195974853053765,0.005617579551572339,1.829091453417987e-06,200,8,"(3, 5)",8.0,"(5, 7)",64.0,"(3, 7)",0.4424574978983262,15,3,Adam,,,,,,,PRUNED
87,0.7990151503485234,2026-10-05 19:30:37.073208,2026-10-05 19:30:48.727126,0 days 00:00:11.653918,0.8989915217519585,0.9521327550095967,0.0025711318829173026,6.85086954616908e-05,200,16,"(3, 5)",32.0,"(3, 7)",64.0,"(3, 7)",0.2161304667705699,19,3,Adam,,,,47.0,0.8726114649681529,0.7254188357288941,COMPLETE
88,0.7588105577310196,2026-10-05 19:30:48.882616,2026-10-05 19:30:54.655704,0 days 00:00:05.773088,0.9310672030645132,0.9089406324714927,0.004531486096411071,7.298076861361039e-06,200,16,"(3, 7)",32.0,"(5, 7)",64.0,"(3, 7)",0.4232501551446784,13,3,Adam,,,,,,,PRUNED
89,0.5325330485180139,2026-10-05 19:30:54.807287,2026-10-05 19:30:59.019130,0 days 00:00:04.211843,0.9602012278526283,0.9956460280786229,0.0069502837784753664,3.11453843550457e-05,128,64,"(3, 5)",32.0,"(5, 7)",16.0,"(3, 7)",0.4654396706123583,34,3,Adam,,,,,,,PRUNED
90,0.7431341029409748,2026-10-05 19:30:59.164339,2026-10-05 19:31:04.629337,0 days 00:00:05.464998,0.9808333820357915,0.9474522552233445,0.0018511690872558939,3.249231871250702e-06,200,16,"(3, 5)",32.0,"(3, 7)",64.0,"(5, 7)",0.4807269060716202,16,3,Adam,,,,,,,PRUNED
91,0.8130893071046198,2026-10-05 19:31:04.786470,2026-10-05 19:31:16.414922,0 days 00:00:11.628452,0.8613929420813553,0.9195525256369282,0.003165768924243762,4.897772033793577e-06,200,64,"(3, 5)",32.0,"(5, 7)",64.0,"(3, 7)",0.2810141982986514,17,3,Adam,,,,40.0,0.8710191082802548,0.7551595059289848,COMPLETE
92,0.8055801326990624,2026-10-05 19:31:16.561203,2026-10-05 19:31:28.259010,0 days 00:00:11.697807,0.8575895082209906,0.9179759210041322,0.0022704155309014973,5.898969627740942e-06,200,64,"(3, 5)",32.0,"(5, 7)",64.0,"(3, 7)",0.2754825259197919,18,3,Adam,,,,50.0,0.8710191082802548,0.7401411571178701,COMPLETE
93,0.7052560434533255,2026-10-05 19:31:28.409786,2026-10-05 19:31:32.455536,0 days 00:00:04.045750,0.8680833702997418,0.9047343256866619,0.003372384588255129,1.189584312710342e-05,200,64,"(3, 5)",32.0,"(5, 7)",64.0,"(3, 7)",0.23522696793665113,21,3,Adam,,,,,,,PRUNED
94,0.8030639820850942,2026-10-05 19:31:32.605879,2026-10-05 19:31:44.706356,0 days 00:00:12.100477,0.8729547080560506,0.9125764515372543,0.0037379837954658593,1.5351983270013179e-06,200,64,"(3, 5)",32.0,"(5, 7)",64.0,"(3, 7)",0.3900232680354473,12,3,Adam,,,,41.0,0.8757961783439491,0.7303317858262393,COMPLETE
95,0.8312355715286456,2026-10-05 19:31:44.857227,2026-10-05 19:31:54.231315,0 days 00:00:09.374088,0.9395800936555619,0.9281166689020871,0.004057717560631604,7.802785437857876e-06,256,64,"(3, 5)",32.0,"(5, 7)",64.0,"(3, 7)",0.2491594804309421,19,3,Adam,,,,50.0,0.8980891719745223,0.7643819710827688,COMPLETE
96,0.2833955245938148,2026-10-05 19:31:54.379347,2026-10-05 19:31:56.329553,0 days 00:00:01.950206,,,,,256,64,"(3, 5)",32.0,"(5, 7)",64.0,"(3, 7)",0.24095628299180957,19,3,SGD,0.0008812039386728175,0.8616585425689816,0.0040770296098192205,,,,PRUNED
97,0.4506010113861787,2026-10-05 19:31:56.481657,2026-10-05 19:31:58.445514,0 days 00:00:01.963857,0.989269684303206,0.9271568680650691,0.002622062212055238,5.138063461721861e-06,256,64,"(5, 7)",32.0,"(5, 7)",64.0,"(3, 7)",0.25218750043900506,16,3,Adam,,,,,,,PRUNED
98,0.39869715863321964,2026-10-05 19:31:58.599521,2026-10-05 19:32:00.604525,0 days 00:00:02.005004,0.9699517488013428,0.9216548335814115,0.008137723701093596,7.154004153800294e-06,256,64,"(3, 5)",16.0,"(5, 7)",64.0,"(3, 5)",0.2033377115727934,15,3,Adam,,,,,,,PRUNED
99,0.5647596191965005,2026-10-05 19:32:00.754258,2026-10-05 19:32:02.619520,0 days 00:00:01.865262,0.8505530485646395,0.9159295068577207,0.0016316352943028351,0.0001260148068067295,256,64,"(3, 5)",32.0,"(5, 7)",32.0,"(3, 7)",0.09903369900114947,17,3,Adam,,,,,,,PRUNED
