number,value,datetime_start,datetime_complete,duration,params_adam_beta1,params_adam_beta2,params_adam_lr,params_adam_wd,params_batch_size,params_block_0_filters,params_block_0_kernel_pair,params_block_1_filters,params_block_1_kernel_pair,params_block_2_filters,params_block_2_kernel_pair,params_first_conv_filters,params_first_conv_kernel_width,params_lr_decay,params_lr_step_size,params_n_blocks,params_optimizer,params_sgd_lr,params_sgd_momentum,params_sgd_wd,user_attrs_best_epoch,user_attrs_validation_accuracy,user_attrs_validation_macro_f1,system_attrs_tpe:relative_params:0,state
83,0.8235463657526563,2026-09-30 16:28:44.171531,2026-09-30 16:28:50.493894,0 days 00:00:06.322363,0.9005786901453606,0.9784114124530661,0.0016026379132611762,6.694933496066076e-05,128,64,"(3, 5)",64.0,"(3, 5)",,,32,3,0.3694802695196261,34,2,Adam,,,,46.0,0.8333333333333334,0.8137593981719792,"{""batch_size"": 128, ""block_0_filters"": 64, ""block_0_kernel_pair"": ""(3, 5)"", ""first_conv_filters"": 32, ""first_conv_kernel_width"": 3, ""lr_decay"": 0.3694802695196261, ""lr_step_size"": 34, ""n_blocks"": 2, ""optimizer"": ""Adam""}",COMPLETE
84,0.8195337843024698,2026-09-30 16:28:50.557003,2026-09-30 16:28:59.468287,0 days 00:00:08.911284,0.918669620155337,0.9835310819391136,0.0010246489106556093,2.684592900284943e-05,128,64,"(5, 7)",64.0,"(3, 5)",,,64,3,0.06916354277523223,36,2,Adam,,,,47.0,0.8308080808080808,0.8082594877968589,"{""batch_size"": 128, ""block_0_filters"": 64, ""block_0_kernel_pair"": ""(5, 7)"", ""first_conv_filters"": 64, ""first_conv_kernel_width"": 3, ""lr_decay"": 0.06916354277523223, ""lr_step_size"": 36, ""n_blocks"": 2, ""optimizer"": ""Adam""}",COMPLETE
85,0.8278891937639381,2026-09-30 16:28:59.532198,2026-09-30 16:29:04.962645,0 days 00:00:05.430447,0.8792507844734255,0.990972882074111,0.003056224988462314,4.019873889705936e-05,256,64,"(3, 7)",16.0,"(3, 5)",32.0,"(3, 5)",32,3,0.366734864393378,40,3,Adam,,,,49.0,0.8308080808080808,0.8249703067197954,"{""batch_size"": 256, ""block_0_filters"": 64, ""block_0_kernel_pair"": ""(3, 7)"", ""first_conv_filters"": 32, ""first_conv_kernel_width"": 3, ""lr_decay"": 0.366734864393378, ""lr_step_size"": 40, ""n_blocks"": 3, ""optimizer"": ""Adam""}",COMPLETE
86,0.8635398614678413,2026-09-30 16:29:05.024494,2026-09-30 16:29:12.856538,0 days 00:00:07.832044,0.9325353048642434,0.9857510283077421,0.0023313097167586227,6.062665103655425e-06,128,64,"(3, 5)",64.0,"(3, 5)",32.0,"(3, 5)",32,3,0.14992457800143616,39,3,Adam,,,,47.0,0.8737373737373737,0.8533423491983089,"{""batch_size"": 128, ""block_0_filters"": 64, ""block_0_kernel_pair"": ""(3, 5)"", ""first_conv_filters"": 32, ""first_conv_kernel_width"": 3, ""lr_decay"": 0.14992457800143616, ""lr_step_size"": 39, ""n_blocks"": 3, ""optimizer"": ""Adam""}",COMPLETE
87,0.8243010805899215,2026-09-30 16:29:12.917168,2026-09-30 16:29:20.932645,0 days 00:00:08.015477,0.8955247113205138,0.9861953202830676,0.0005914240081516574,1.1325193862697326e-05,128,64,"(3, 5)",64.0,"(3, 5)",32.0,"(3, 5)",32,3,0.06429942071685325,38,3,Adam,,,,50.0,0.827020202020202,0.8215819591596409,"{""batch_size"": 128, ""block_0_filters"": 64, ""block_0_kernel_pair"": ""(3, 5)"", ""first_conv_filters"": 32, ""first_conv_kernel_width"": 3, ""lr_decay"": 0.06429942071685325, ""lr_step_size"": 38, ""n_blocks"": 3, ""optimizer"": ""Adam""}",COMPLETE
88,0.8561977344323629,2026-09-30 16:29:21.023545,2026-09-30 16:29:28.772128,0 days 00:00:07.748583,0.9119827094403711,0.9813072381621555,0.0013230987601523772,1.689488714967234e-05,128,64,"(3, 5)",64.0,"(3, 5)",32.0,"(3, 5)",16,3,0.20123062613532372,38,3,Adam,,,,47.0,0.8674242424242424,0.8449712264404834,"{""batch_size"": 128, ""block_0_filters"": 64, ""block_0_kernel_pair"": ""(3, 5)"", ""first_conv_filters"": 16, ""first_conv_kernel_width"": 3, ""lr_decay"": 0.20123062613532372, ""lr_step_size"": 38, ""n_blocks"": 3, ""optimizer"": ""Adam""}",COMPLETE
89,0.44686831347034206,2026-09-30 16:29:28.832802,2026-09-30 16:29:30.223617,0 days 00:00:01.390815,0.9377711290428522,0.9880354657615968,0.0017665129198651546,6.081766743972157e-06,128,64,"(3, 5)",8.0,"(3, 5)",32.0,"(3, 5)",16,3,0.1638122473209338,39,3,Adam,,,,,,,"{""batch_size"": 128, ""block_0_filters"": 64, ""block_0_kernel_pair"": ""(3, 5)"", ""first_conv_filters"": 16, ""first_conv_kernel_width"": 3, ""lr_decay"": 0.1638122473209338, ""lr_step_size"": 39, ""n_blocks"": 3, ""optimizer"": ""Adam""}",PRUNED
90,0.4633597811412904,2026-09-30 16:29:30.282850,2026-09-30 16:29:32.043303,0 days 00:00:01.760453,0.9242317856119315,0.9974818984242677,0.0020988081012097556,1.4051033234620493e-05,128,64,"(3, 7)",64.0,"(3, 5)",16.0,"(3, 5)",128,3,0.43096676423478075,40,3,Adam,,,,,,,"{""batch_size"": 128, ""block_0_filters"": 64, ""block_0_kernel_pair"": ""(3, 7)"", ""first_conv_filters"": 128, ""first_conv_kernel_width"": 3, ""lr_decay"": 0.43096676423478075, ""lr_step_size"": 40, ""n_blocks"": 3, ""optimizer"": ""Adam""}",PRUNED
91,0.8634083965775601,2026-09-30 16:29:32.109257,2026-09-30 16:29:47.897534,0 days 00:00:15.788277,0.9117562024665531,0.9831941980981684,0.001267544926876343,1.9295194757334267e-05,64,64,"(3, 5)",64.0,"(3, 5)",32.0,"(3, 5)",32,3,0.38848123913313193,40,3,Adam,,,,50.0,0.875,0.85181679315512,"{""batch_size"": 64, ""block_0_filters"": 64, ""block_0_kernel_pair"": ""(3, 5)"", ""first_conv_filters"": 32, ""first_conv_kernel_width"": 3, ""lr_decay"": 0.38848123913313193, ""lr_step_size"": 40, ""n_blocks"": 3, ""optimizer"": ""Adam""}",COMPLETE
92,0.8552219517523502,2026-09-30 16:29:47.955361,2026-09-30 16:30:04.216320,0 days 00:00:16.260959,0.9112591135741881,0.9819691289853182,0.001348752625664248,9.342801340854712e-06,64,64,"(3, 5)",64.0,"(3, 5)",32.0,"(3, 5)",32,3,0.3420124338852378,40,3,Adam,,,,47.0,0.8712121212121212,0.8392317822925791,"{""batch_size"": 64, ""block_0_filters"": 64, ""block_0_kernel_pair"": ""(3, 5)"", ""first_conv_filters"": 32, ""first_conv_kernel_width"": 3, ""lr_decay"": 0.3420124338852378, ""lr_step_size"": 40, ""n_blocks"": 3, ""optimizer"": ""Adam""}",COMPLETE
93,0.8605171220183228,2026-09-30 16:30:04.285047,2026-09-30 16:30:13.521653,0 days 00:00:09.236606,0.9108581679491347,0.9833717809164627,0.0013615840273518388,9.304410748975457e-06,128,64,"(3, 7)",64.0,"(3, 5)",32.0,"(3, 5)",32,3,0.3889862919546333,35,3,Adam,,,,43.0,0.8686868686868687,0.8523473753497767,"{""batch_size"": 128, ""block_0_filters"": 64, ""block_0_kernel_pair"": ""(3, 7)"", ""first_conv_filters"": 32, ""first_conv_kernel_width"": 3, ""lr_decay"": 0.3889862919546333, ""lr_step_size"": 35, ""n_blocks"": 3, ""optimizer"": ""Adam""}",COMPLETE
94,0.8156538054632421,2026-09-30 16:30:13.585062,2026-09-30 16:30:23.027387,0 days 00:00:09.442325,0.9111317448929537,0.9839493686083349,0.000744720280865666,9.32007460814338e-06,128,64,"(3, 5)",64.0,"(3, 5)",32.0,"(3, 5)",16,3,0.13060084701353564,37,3,Adam,,,,49.0,0.8345959595959596,0.7967116513305247,"{""batch_size"": 128, ""block_0_filters"": 64, ""block_0_kernel_pair"": ""(3, 5)"", ""first_conv_filters"": 16, ""first_conv_kernel_width"": 3, ""lr_decay"": 0.13060084701353564, ""lr_step_size"": 37, ""n_blocks"": 3, ""optimizer"": ""Adam""}",COMPLETE
95,0.4799331503229102,2026-09-30 16:30:23.120911,2026-09-30 16:30:24.837799,0 days 00:00:01.716888,0.9050169321057691,0.993932324857907,0.001344716288837637,1.571397810540203e-05,128,64,"(3, 7)",16.0,"(3, 5)",32.0,"(3, 5)",16,3,0.40250312688435463,35,3,Adam,,,,,,,"{""batch_size"": 128, ""block_0_filters"": 64, ""block_0_kernel_pair"": ""(3, 7)"", ""first_conv_filters"": 16, ""first_conv_kernel_width"": 3, ""lr_decay"": 0.40250312688435463, ""lr_step_size"": 35, ""n_blocks"": 3, ""optimizer"": ""Adam""}",PRUNED
96,0.8548125505362558,2026-09-30 16:30:24.902827,2026-09-30 16:30:31.708043,0 days 00:00:06.805216,0.9114482722712243,0.9809238760743808,0.0010844510545665459,3.0540558458374775e-05,200,64,"(3, 7)",64.0,"(3, 5)",32.0,"(3, 5)",32,3,0.4463143931024696,35,3,Adam,,,,48.0,0.8699494949494949,0.8396756061230166,"{""batch_size"": 200, ""block_0_filters"": 64, ""block_0_kernel_pair"": ""(3, 7)"", ""first_conv_filters"": 32, ""first_conv_kernel_width"": 3, ""lr_decay"": 0.4463143931024696, ""lr_step_size"": 35, ""n_blocks"": 3, ""optimizer"": ""Adam""}",COMPLETE
97,0.8485162120477722,2026-09-30 16:30:31.766604,2026-09-30 16:30:45.753737,0 days 00:00:13.987133,0.8989062540238115,0.9804296192549165,0.0008771155937991748,3.167499061350495e-05,64,64,"(3, 5)",64.0,"(3, 5)",32.0,"(3, 5)",32,3,0.3156735216404643,40,3,Adam,,,,45.0,0.8623737373737373,0.834658686721807,"{""batch_size"": 64, ""block_0_filters"": 64, ""block_0_kernel_pair"": ""(3, 5)"", ""first_conv_filters"": 32, ""first_conv_kernel_width"": 3, ""lr_decay"": 0.3156735216404643, ""lr_step_size"": 40, ""n_blocks"": 3, ""optimizer"": ""Adam""}",COMPLETE
98,0.4507529779235221,2026-09-30 16:30:45.818896,2026-09-30 16:30:47.054711,0 days 00:00:01.235815,0.9110054217655223,0.9821114914436155,0.0010723142417474502,9.909828845706085e-06,256,64,"(3, 7)",64.0,"(3, 5)",8.0,"(3, 5)",32,3,0.4422244782254824,35,3,Adam,,,,,,,"{""batch_size"": 256, ""block_0_filters"": 64, ""block_0_kernel_pair"": ""(3, 7)"", ""first_conv_filters"": 32, ""first_conv_kernel_width"": 3, ""lr_decay"": 0.4422244782254824, ""lr_step_size"": 35, ""n_blocks"": 3, ""optimizer"": ""Adam""}",PRUNED
99,0.824281656573707,2026-09-30 16:30:47.155853,2026-09-30 16:31:00.541497,0 days 00:00:13.385644,0.8513234101047825,0.9901389555391503,0.0011399108363925718,1.7907700501131083e-05,64,64,"(3, 5)",64.0,"(3, 5)",32.0,"(3, 5)",32,3,0.38314244180874574,39,3,Adam,,,,49.0,0.8371212121212122,0.8114421010262018,"{""batch_size"": 64, ""block_0_filters"": 64, ""block_0_kernel_pair"": ""(3, 5)"", ""first_conv_filters"": 32, ""first_conv_kernel_width"": 3, ""lr_decay"": 0.38314244180874574, ""lr_step_size"": 39, ""n_blocks"": 3, ""optimizer"": ""Adam""}",COMPLETE
