number,value,datetime_start,datetime_complete,duration,params_adam_beta1,params_adam_beta2,params_adam_lr,params_adam_wd,params_batch_size,params_block_0_filters,params_block_0_kernel_pair,params_block_1_filters,params_block_1_kernel_pair,params_block_2_filters,params_block_2_kernel_pair,params_first_conv_filters,params_first_conv_kernel_width,params_lr_decay,params_lr_step_size,params_n_blocks,params_optimizer,params_sgd_lr,params_sgd_momentum,params_sgd_wd,user_attrs_best_epoch,user_attrs_validation_accuracy,user_attrs_validation_macro_f1,system_attrs_tpe:relative_params:0,state
44,0.45399606003615955,2026-09-30 16:24:36.042372,2026-09-30 16:24:38.033705,0 days 00:00:01.991333,0.9764359628546501,0.9667000942119139,0.005654978514614632,1.8060924769620577e-06,128,32,"(3, 5)",64.0,"(5, 7)",,,16,3,0.27201617710594034,24,2,Adam,,,,,,,"{""batch_size"": 128, ""block_0_filters"": 32, ""block_0_kernel_pair"": ""(3, 5)"", ""first_conv_filters"": 16, ""first_conv_kernel_width"": 3, ""lr_decay"": 0.27201617710594034, ""lr_step_size"": 24, ""n_blocks"": 2, ""optimizer"": ""Adam""}",PRUNED
45,0.39994723822757944,2026-09-30 16:24:38.097054,2026-09-30 16:24:39.171818,0 days 00:00:01.074764,0.9543114114124664,0.9735566926273598,0.004450915419890839,0.006806719683989391,256,64,"(3, 5)",32.0,"(5, 7)",32.0,"(3, 7)",32,3,0.2587781518146803,36,3,Adam,,,,,,,"{""batch_size"": 256, ""block_0_filters"": 64, ""block_0_kernel_pair"": ""(3, 5)"", ""first_conv_filters"": 32, ""first_conv_kernel_width"": 3, ""lr_decay"": 0.2587781518146803, ""lr_step_size"": 36, ""n_blocks"": 3, ""optimizer"": ""Adam""}",PRUNED
46,0.6883963458938885,2026-09-30 16:24:39.229856,2026-09-30 16:24:45.340286,0 days 00:00:06.110430,0.8831246907255127,0.9637899848539545,0.0069568767131352235,1.5968201640728632e-06,128,32,"(3, 5)",16.0,"(5, 7)",,,16,3,0.3712028847387014,29,2,Adam,,,,48.0,0.6893939393939394,0.6873987523938376,"{""batch_size"": 128, ""block_0_filters"": 32, ""block_0_kernel_pair"": ""(3, 5)"", ""first_conv_filters"": 16, ""first_conv_kernel_width"": 3, ""lr_decay"": 0.3712028847387014, ""lr_step_size"": 29, ""n_blocks"": 2, ""optimizer"": ""Adam""}",COMPLETE
47,0.606513146882265,2026-09-30 16:24:45.446787,2026-09-30 16:24:49.386086,0 days 00:00:03.939299,0.9744617345946269,0.9548386698895353,0.002713167675806536,2.7997531835031854e-06,128,64,"(5, 7)",,,,,64,3,0.23351654830459814,34,1,Adam,,,,,,,"{""batch_size"": 128, ""block_0_filters"": 64, ""block_0_kernel_pair"": ""(5, 7)"", ""first_conv_filters"": 64, ""first_conv_kernel_width"": 3, ""lr_decay"": 0.23351654830459814, ""lr_step_size"": 34, ""n_blocks"": 1, ""optimizer"": ""Adam""}",PRUNED
48,0.8106343739676916,2026-09-30 16:24:49.476132,2026-09-30 16:24:56.739416,0 days 00:00:07.263284,0.9471706179646877,0.9679756242803534,0.0071720549337326,1.406577777733694e-06,128,64,"(5, 7)",64.0,"(5, 7)",,,64,3,0.12728596836154066,38,2,Adam,,,,48.0,0.8257575757575758,0.7955111721778072,"{""batch_size"": 128, ""block_0_filters"": 64, ""block_0_kernel_pair"": ""(5, 7)"", ""first_conv_filters"": 64, ""first_conv_kernel_width"": 3, ""lr_decay"": 0.12728596836154066, ""lr_step_size"": 38, ""n_blocks"": 2, ""optimizer"": ""Adam""}",COMPLETE
49,0.3164053046789398,2026-09-30 16:24:56.802575,2026-09-30 16:24:59.096753,0 days 00:00:02.294178,0.9475629815467039,0.9865867459388332,0.009684037658702467,1.315677159689393e-06,64,64,"(5, 7)",64.0,"(5, 7)",,,64,3,0.11624814440516527,37,2,Adam,,,,,,,"{""batch_size"": 64, ""block_0_filters"": 64, ""block_0_kernel_pair"": ""(5, 7)"", ""first_conv_filters"": 64, ""first_conv_kernel_width"": 3, ""lr_decay"": 0.11624814440516527, ""lr_step_size"": 37, ""n_blocks"": 2, ""optimizer"": ""Adam""}",PRUNED
50,0.479427501741863,2026-09-30 16:24:59.159877,2026-09-30 16:25:01.827685,0 days 00:00:02.667808,0.956132417222347,0.994544732779186,0.007085237956068601,1.114970029254061e-06,128,64,"(5, 7)",64.0,"(5, 7)",,,64,5,0.14302627705780924,40,2,Adam,,,,,,,"{""batch_size"": 128, ""block_0_filters"": 64, ""block_0_kernel_pair"": ""(5, 7)"", ""first_conv_filters"": 64, ""first_conv_kernel_width"": 5, ""lr_decay"": 0.14302627705780924, ""lr_step_size"": 40, ""n_blocks"": 2, ""optimizer"": ""Adam""}",PRUNED
51,0.7947759212162535,2026-09-30 16:25:01.895200,2026-09-30 16:25:08.847400,0 days 00:00:06.952200,0.9327085515884533,0.9682558199753504,0.004408312049218408,1.7926872522327711e-06,128,32,"(3, 5)",64.0,"(5, 7)",,,16,3,0.4141019242255954,24,2,Adam,,,,50.0,0.8042929292929293,0.7852589131395777,"{""batch_size"": 128, ""block_0_filters"": 32, ""block_0_kernel_pair"": ""(3, 5)"", ""first_conv_filters"": 16, ""first_conv_kernel_width"": 3, ""lr_decay"": 0.4141019242255954, ""lr_step_size"": 24, ""n_blocks"": 2, ""optimizer"": ""Adam""}",COMPLETE
52,0.47628197352329626,2026-09-30 16:25:08.907864,2026-09-30 16:25:10.764623,0 days 00:00:01.856759,0.9376119918409408,0.9669229280962468,0.00492404678333881,1.6434150026770188e-06,128,32,"(3, 5)",64.0,"(5, 7)",,,16,3,0.3506452150097762,22,2,Adam,,,,,,,"{""batch_size"": 128, ""block_0_filters"": 32, ""block_0_kernel_pair"": ""(3, 5)"", ""first_conv_filters"": 16, ""first_conv_kernel_width"": 3, ""lr_decay"": 0.3506452150097762, ""lr_step_size"": 22, ""n_blocks"": 2, ""optimizer"": ""Adam""}",PRUNED
53,0.535182207286744,2026-09-30 16:25:10.822777,2026-09-30 16:25:13.345640,0 days 00:00:02.522863,0.9830092405318894,0.9800354465333657,0.003845934550706532,3.028433916430906e-06,128,64,"(5, 7)",,,,,64,3,0.11894197593906863,37,1,Adam,,,,,,,"{""batch_size"": 128, ""block_0_filters"": 64, ""block_0_kernel_pair"": ""(5, 7)"", ""first_conv_filters"": 64, ""first_conv_kernel_width"": 3, ""lr_decay"": 0.11894197593906863, ""lr_step_size"": 37, ""n_blocks"": 1, ""optimizer"": ""Adam""}",PRUNED
54,0.43381162947340557,2026-09-30 16:25:13.404199,2026-09-30 16:25:15.117308,0 days 00:00:01.713109,0.931267934678622,0.9603038296666135,0.007768265439331883,1.01580198396084e-06,128,64,"(5, 7)",,,,,64,3,0.17954943626156974,38,1,Adam,,,,,,,"{""batch_size"": 128, ""block_0_filters"": 64, ""block_0_kernel_pair"": ""(5, 7)"", ""first_conv_filters"": 64, ""first_conv_kernel_width"": 3, ""lr_decay"": 0.17954943626156974, ""lr_step_size"": 38, ""n_blocks"": 1, ""optimizer"": ""Adam""}",PRUNED
55,0.4033522317489989,2026-09-30 16:25:15.177493,2026-09-30 16:25:16.962603,0 days 00:00:01.785110,0.9139382674996384,0.9761570255873406,0.0051280434888329824,1.550118172379419e-06,128,64,"(5, 7)",64.0,"(5, 7)",8.0,"(3, 7)",64,5,0.1665494573372801,32,3,Adam,,,,,,,"{""batch_size"": 128, ""block_0_filters"": 64, ""block_0_kernel_pair"": ""(5, 7)"", ""first_conv_filters"": 64, ""first_conv_kernel_width"": 5, ""lr_decay"": 0.1665494573372801, ""lr_step_size"": 32, ""n_blocks"": 3, ""optimizer"": ""Adam""}",PRUNED
56,0.40610703308211493,2026-09-30 16:25:17.025788,2026-09-30 16:25:19.278468,0 days 00:00:02.252680,0.9601697836798557,0.9703806781136171,0.002935489569253709,0.0009583244767732172,128,64,"(5, 7)",64.0,"(5, 7)",,,64,3,0.17488843274860694,38,2,Adam,,,,,,,"{""batch_size"": 128, ""block_0_filters"": 64, ""block_0_kernel_pair"": ""(5, 7)"", ""first_conv_filters"": 64, ""first_conv_kernel_width"": 3, ""lr_decay"": 0.17488843274860694, ""lr_step_size"": 38, ""n_blocks"": 2, ""optimizer"": ""Adam""}",PRUNED
57,0.38948397720717165,2026-09-30 16:25:19.340356,2026-09-30 16:25:21.444312,0 days 00:00:02.103956,0.9809617343850572,0.9672908517037297,0.004376197417074243,3.6870061146935103e-06,128,64,"(5, 7)",64.0,"(5, 7)",16.0,"(3, 7)",64,3,0.09056752586580791,34,3,Adam,,,,,,,"{""batch_size"": 128, ""block_0_filters"": 64, ""block_0_kernel_pair"": ""(5, 7)"", ""first_conv_filters"": 64, ""first_conv_kernel_width"": 3, ""lr_decay"": 0.09056752586580791, ""lr_step_size"": 34, ""n_blocks"": 3, ""optimizer"": ""Adam""}",PRUNED
58,0.7682228948025993,2026-09-30 16:25:21.527155,2026-09-30 16:25:28.026039,0 days 00:00:06.498884,0.9435944030973695,0.9817882125649003,0.0019980163717931943,2.072044591915032e-06,128,32,"(3, 5)",64.0,"(3, 5)",,,16,3,0.4802269748142984,23,2,Adam,,,,48.0,0.7828282828282829,0.7536175067769157,"{""batch_size"": 128, ""block_0_filters"": 32, ""block_0_kernel_pair"": ""(3, 5)"", ""first_conv_filters"": 16, ""first_conv_kernel_width"": 3, ""lr_decay"": 0.4802269748142984, ""lr_step_size"": 23, ""n_blocks"": 2, ""optimizer"": ""Adam""}",COMPLETE
59,0.7804513467723795,2026-09-30 16:25:28.084206,2026-09-30 16:25:34.305109,0 days 00:00:06.220903,0.9433129654825522,0.9805976189908838,0.0020264284964937713,4.564203469515947e-06,128,32,"(3, 5)",64.0,"(3, 5)",,,64,3,0.4385272368080569,19,2,Adam,,,,44.0,0.7904040404040404,0.7704986531407185,"{""batch_size"": 128, ""block_0_filters"": 32, ""block_0_kernel_pair"": ""(3, 5)"", ""first_conv_filters"": 64, ""first_conv_kernel_width"": 3, ""lr_decay"": 0.4385272368080569, ""lr_step_size"": 19, ""n_blocks"": 2, ""optimizer"": ""Adam""}",COMPLETE
60,0.41125590637755627,2026-09-30 16:25:34.364054,2026-09-30 16:25:35.404851,0 days 00:00:01.040797,0.9433651191091533,0.9821519137408076,0.001761403114840526,4.6838318903276495e-06,128,32,"(3, 5)",,,,,16,3,0.443774257834795,21,1,Adam,,,,,,,"{""batch_size"": 128, ""block_0_filters"": 32, ""block_0_kernel_pair"": ""(3, 5)"", ""first_conv_filters"": 16, ""first_conv_kernel_width"": 3, ""lr_decay"": 0.443774257834795, ""lr_step_size"": 21, ""n_blocks"": 1, ""optimizer"": ""Adam""}",PRUNED
61,0.8504370202061162,2026-09-30 16:25:35.463003,2026-09-30 16:25:43.954963,0 days 00:00:08.491960,0.9315896476512333,0.9754542257238629,0.0020412643718981166,1.5414226365868263e-06,128,64,"(3, 5)",64.0,"(3, 5)",32.0,"(3, 5)",32,3,0.3687727258107354,34,3,Adam,,,,47.0,0.8623737373737373,0.8385003030384951,"{""batch_size"": 128, ""block_0_filters"": 64, ""block_0_kernel_pair"": ""(3, 5)"", ""first_conv_filters"": 32, ""first_conv_kernel_width"": 3, ""lr_decay"": 0.3687727258107354, ""lr_step_size"": 34, ""n_blocks"": 3, ""optimizer"": ""Adam""}",COMPLETE
62,0.8435587267765032,2026-09-30 16:25:44.040171,2026-09-30 16:25:52.977521,0 days 00:00:08.937350,0.9306595814971944,0.9757869359405926,0.0022382552464968236,1.8288404647304247e-06,128,64,"(3, 5)",64.0,"(3, 5)",32.0,"(3, 5)",32,3,0.33175490057908064,37,3,Adam,,,,49.0,0.851010101010101,0.8361073525429055,"{""batch_size"": 128, ""block_0_filters"": 64, ""block_0_kernel_pair"": ""(3, 5)"", ""first_conv_filters"": 32, ""first_conv_kernel_width"": 3, ""lr_decay"": 0.33175490057908064, ""lr_step_size"": 37, ""n_blocks"": 3, ""optimizer"": ""Adam""}",COMPLETE
63,0.8508859724660924,2026-09-30 16:25:53.042250,2026-09-30 16:25:59.896444,0 days 00:00:06.854194,0.9298130646442135,0.9759920949080231,0.0024286391836399507,6.402954806722242e-06,128,64,"(5, 7)",64.0,"(3, 5)",,,64,3,0.07864666655937451,37,2,Adam,,,,50.0,0.8585858585858586,0.8431860863463262,"{""batch_size"": 128, ""block_0_filters"": 64, ""block_0_kernel_pair"": ""(5, 7)"", ""first_conv_filters"": 64, ""first_conv_kernel_width"": 3, ""lr_decay"": 0.07864666655937451, ""lr_step_size"": 37, ""n_blocks"": 2, ""optimizer"": ""Adam""}",COMPLETE
64,0.8241960136860615,2026-09-30 16:25:59.954069,2026-09-30 16:26:07.132616,0 days 00:00:07.178547,0.9317569770961216,0.976222323129498,0.002446800168347984,7.722660664738928e-06,128,64,"(5, 7)",64.0,"(3, 5)",,,64,3,0.06395778588823167,40,2,Adam,,,,47.0,0.8345959595959596,0.8137960677761634,"{""batch_size"": 128, ""block_0_filters"": 64, ""block_0_kernel_pair"": ""(5, 7)"", ""first_conv_filters"": 64, ""first_conv_kernel_width"": 3, ""lr_decay"": 0.06395778588823167, ""lr_step_size"": 40, ""n_blocks"": 2, ""optimizer"": ""Adam""}",COMPLETE
65,0.8418723858946815,2026-09-30 16:26:07.197251,2026-09-30 16:26:16.017562,0 days 00:00:08.820311,0.9182020195500256,0.9751682141689362,0.001306564434414307,7.81462521529223e-06,128,64,"(3, 5)",64.0,"(3, 5)",32.0,"(3, 5)",32,3,0.46890155284648877,35,3,Adam,,,,48.0,0.8522727272727273,0.8314720445166357,"{""batch_size"": 128, ""block_0_filters"": 64, ""block_0_kernel_pair"": ""(3, 5)"", ""first_conv_filters"": 32, ""first_conv_kernel_width"": 3, ""lr_decay"": 0.46890155284648877, ""lr_step_size"": 35, ""n_blocks"": 3, ""optimizer"": ""Adam""}",COMPLETE
66,0.8450031666013541,2026-09-30 16:26:16.079050,2026-09-30 16:26:23.876115,0 days 00:00:07.797065,0.9159525715386754,0.977826451092349,0.001190655214439618,2.1554039042536237e-05,128,64,"(3, 5)",64.0,"(3, 5)",32.0,"(3, 5)",32,3,0.3018971262214248,37,3,Adam,,,,43.0,0.8560606060606061,0.8339457271421021,"{""batch_size"": 128, ""block_0_filters"": 64, ""block_0_kernel_pair"": ""(3, 5)"", ""first_conv_filters"": 32, ""first_conv_kernel_width"": 3, ""lr_decay"": 0.3018971262214248, ""lr_step_size"": 37, ""n_blocks"": 3, ""optimizer"": ""Adam""}",COMPLETE
67,0.8681918084746842,2026-09-30 16:26:23.949278,2026-09-30 16:26:32.550171,0 days 00:00:08.600893,0.9158608331762561,0.9755487350958023,0.0012249785587112073,8.752260281425172e-06,128,64,"(3, 5)",64.0,"(3, 5)",32.0,"(3, 5)",32,3,0.30700095152339363,35,3,Adam,,,,45.0,0.8800505050505051,0.8563331118988635,"{""batch_size"": 128, ""block_0_filters"": 64, ""block_0_kernel_pair"": ""(3, 5)"", ""first_conv_filters"": 32, ""first_conv_kernel_width"": 3, ""lr_decay"": 0.30700095152339363, ""lr_step_size"": 35, ""n_blocks"": 3, ""optimizer"": ""Adam""}",COMPLETE
68,0.8315768291922179,2026-09-30 16:26:32.613273,2026-09-30 16:26:40.622685,0 days 00:00:08.009412,0.9146039738702794,0.973882568996316,0.0011609878328711822,2.3500388173781928e-05,128,64,"(3, 5)",64.0,"(3, 5)",32.0,"(3, 5)",32,3,0.32283711942954185,38,3,Adam,,,,47.0,0.8585858585858586,0.8045677997985771,"{""batch_size"": 128, ""block_0_filters"": 64, ""block_0_kernel_pair"": ""(3, 5)"", ""first_conv_filters"": 32, ""first_conv_kernel_width"": 3, ""lr_decay"": 0.32283711942954185, ""lr_step_size"": 38, ""n_blocks"": 3, ""optimizer"": ""Adam""}",COMPLETE
69,0.8553017965115763,2026-09-30 16:26:40.680918,2026-09-30 16:26:49.198144,0 days 00:00:08.517226,0.914779005561401,0.986831143715876,0.0010910841973351955,2.701054780631461e-05,128,64,"(3, 5)",64.0,"(3, 5)",32.0,"(3, 5)",32,3,0.36226184656054694,36,3,Adam,,,,49.0,0.8611111111111112,0.8494924819120414,"{""batch_size"": 128, ""block_0_filters"": 64, ""block_0_kernel_pair"": ""(3, 5)"", ""first_conv_filters"": 32, ""first_conv_kernel_width"": 3, ""lr_decay"": 0.36226184656054694, ""lr_step_size"": 36, ""n_blocks"": 3, ""optimizer"": ""Adam""}",COMPLETE
70,0.3827103803955536,2026-09-30 16:26:49.275303,2026-09-30 16:26:50.905745,0 days 00:00:01.630442,0.9084508096044784,0.9880750045330431,0.0008655545306253563,1.1755229465132923e-05,128,8,"(3, 5)",64.0,"(3, 5)",32.0,"(3, 5)",32,3,0.41107312755459463,34,3,Adam,,,,,,,"{""batch_size"": 128, ""block_0_filters"": 8, ""block_0_kernel_pair"": ""(3, 5)"", ""first_conv_filters"": 32, ""first_conv_kernel_width"": 3, ""lr_decay"": 0.41107312755459463, ""lr_step_size"": 34, ""n_blocks"": 3, ""optimizer"": ""Adam""}",PRUNED
71,0.8412654913288782,2026-09-30 16:26:50.981044,2026-09-30 16:26:59.811026,0 days 00:00:08.829982,0.9195232984112001,0.9740417248237242,0.0012478301420311695,2.164700638268875e-05,128,64,"(3, 5)",64.0,"(3, 5)",32.0,"(3, 5)",32,3,0.3501489769344123,37,3,Adam,,,,48.0,0.86489898989899,0.8176319927587663,"{""batch_size"": 128, ""block_0_filters"": 64, ""block_0_kernel_pair"": ""(3, 5)"", ""first_conv_filters"": 32, ""first_conv_kernel_width"": 3, ""lr_decay"": 0.3501489769344123, ""lr_step_size"": 37, ""n_blocks"": 3, ""optimizer"": ""Adam""}",COMPLETE
72,0.8602001144570652,2026-09-30 16:26:59.901423,2026-09-30 16:27:08.319749,0 days 00:00:08.418326,0.9207973691451792,0.9851605440482194,0.0014228648040424216,1.7083746964934285e-05,128,64,"(3, 5)",64.0,"(3, 5)",32.0,"(3, 5)",32,3,0.34156083173847485,35,3,Adam,,,,42.0,0.8674242424242424,0.852975986489888,"{""batch_size"": 128, ""block_0_filters"": 64, ""block_0_kernel_pair"": ""(3, 5)"", ""first_conv_filters"": 32, ""first_conv_kernel_width"": 3, ""lr_decay"": 0.34156083173847485, ""lr_step_size"": 35, ""n_blocks"": 3, ""optimizer"": ""Adam""}",COMPLETE
73,0.8425914593771631,2026-09-30 16:27:08.394820,2026-09-30 16:27:16.649161,0 days 00:00:08.254341,0.9274691895672278,0.9857062111757576,0.0014624922916924494,3.456171403043831e-05,128,64,"(3, 5)",64.0,"(3, 5)",32.0,"(3, 5)",32,3,0.36412218185752837,32,3,Adam,,,,47.0,0.8623737373737373,0.8228091813805889,"{""batch_size"": 128, ""block_0_filters"": 64, ""block_0_kernel_pair"": ""(3, 5)"", ""first_conv_filters"": 32, ""first_conv_kernel_width"": 3, ""lr_decay"": 0.36412218185752837, ""lr_step_size"": 32, ""n_blocks"": 3, ""optimizer"": ""Adam""}",COMPLETE
74,0.8547683873699126,2026-09-30 16:27:16.712406,2026-09-30 16:27:29.742927,0 days 00:00:13.030521,0.9260916098989901,0.986514860947675,0.0014711526972999323,4.592377496632037e-05,64,64,"(3, 5)",64.0,"(3, 5)",32.0,"(3, 5)",32,3,0.372367715294362,32,3,Adam,,,,41.0,0.8623737373737373,0.8471630373660878,"{""batch_size"": 64, ""block_0_filters"": 64, ""block_0_kernel_pair"": ""(3, 5)"", ""first_conv_filters"": 32, ""first_conv_kernel_width"": 3, ""lr_decay"": 0.372367715294362, ""lr_step_size"": 32, ""n_blocks"": 3, ""optimizer"": ""Adam""}",COMPLETE
75,0.819183119738226,2026-09-30 16:27:29.801285,2026-09-30 16:27:37.313634,0 days 00:00:07.512349,0.9024090792273366,0.9998107853286721,0.0009397880672418976,9.087151979673042e-05,128,32,"(3, 5)",64.0,"(3, 5)",32.0,"(3, 5)",32,3,0.25772975583805147,39,3,Adam,,,,47.0,0.8371212121212122,0.8012450273552398,"{""batch_size"": 128, ""block_0_filters"": 32, ""block_0_kernel_pair"": ""(3, 5)"", ""first_conv_filters"": 32, ""first_conv_kernel_width"": 3, ""lr_decay"": 0.25772975583805147, ""lr_step_size"": 39, ""n_blocks"": 3, ""optimizer"": ""Adam""}",COMPLETE
76,0.8089456649010613,2026-09-30 16:27:37.403639,2026-09-30 16:27:43.828793,0 days 00:00:06.425154,0.9106444951277721,0.9916423775870012,0.0010249655855614692,4.713582923792401e-05,128,64,"(3, 5)",64.0,"(3, 5)",,,32,3,0.40609857571365315,34,2,Adam,,,,50.0,0.8131313131313131,0.8047600166708097,"{""batch_size"": 128, ""block_0_filters"": 64, ""block_0_kernel_pair"": ""(3, 5)"", ""first_conv_filters"": 32, ""first_conv_kernel_width"": 3, ""lr_decay"": 0.40609857571365315, ""lr_step_size"": 34, ""n_blocks"": 2, ""optimizer"": ""Adam""}",COMPLETE
77,0.8223973826927573,2026-09-30 16:27:43.890792,2026-09-30 16:27:52.024458,0 days 00:00:08.133666,0.9222462038291254,0.9850242059274337,0.000730643199771467,2.940173588605162e-05,128,64,"(3, 5)",64.0,"(3, 5)",32.0,"(3, 5)",32,3,0.471662066582179,39,3,Adam,,,,46.0,0.8320707070707071,0.8127240583148074,"{""batch_size"": 128, ""block_0_filters"": 64, ""block_0_kernel_pair"": ""(3, 5)"", ""first_conv_filters"": 32, ""first_conv_kernel_width"": 3, ""lr_decay"": 0.471662066582179, ""lr_step_size"": 39, ""n_blocks"": 3, ""optimizer"": ""Adam""}",COMPLETE
78,0.8362400721264842,2026-09-30 16:27:52.088648,2026-09-30 16:28:06.435096,0 days 00:00:14.346448,0.9276229704682402,0.996562823629837,0.0014932163867732453,1.8195456216867094e-05,64,64,"(3, 5)",64.0,"(3, 5)",32.0,"(3, 5)",64,3,0.42240665212238926,30,3,Adam,,,,49.0,0.851010101010101,0.8214700432428673,"{""batch_size"": 64, ""block_0_filters"": 64, ""block_0_kernel_pair"": ""(3, 5)"", ""first_conv_filters"": 64, ""first_conv_kernel_width"": 3, ""lr_decay"": 0.42240665212238926, ""lr_step_size"": 30, ""n_blocks"": 3, ""optimizer"": ""Adam""}",COMPLETE
79,0.8665679069200698,2026-09-30 16:28:06.496026,2026-09-30 16:28:14.412023,0 days 00:00:07.915997,0.8958223217861453,0.979164916041148,0.001800623773934058,1.666342918154714e-05,128,64,"(3, 7)",64.0,"(3, 5)",32.0,"(3, 5)",32,3,0.40011029080441557,39,3,Adam,,,,41.0,0.8712121212121212,0.8619236926280184,"{""batch_size"": 128, ""block_0_filters"": 64, ""block_0_kernel_pair"": ""(3, 7)"", ""first_conv_filters"": 32, ""first_conv_kernel_width"": 3, ""lr_decay"": 0.40011029080441557, ""lr_step_size"": 39, ""n_blocks"": 3, ""optimizer"": ""Adam""}",COMPLETE
80,0.810715967111051,2026-09-30 16:28:14.469458,2026-09-30 16:28:21.816614,0 days 00:00:07.347156,0.8922975507763683,0.9789717078411874,0.0018690957177197485,1.7204382033211804e-05,128,16,"(3, 5)",64.0,"(3, 5)",32.0,"(3, 5)",32,3,0.30650063172394626,34,3,Adam,,,,48.0,0.8320707070707071,0.7893612271513949,"{""batch_size"": 128, ""block_0_filters"": 16, ""block_0_kernel_pair"": ""(3, 5)"", ""first_conv_filters"": 32, ""first_conv_kernel_width"": 3, ""lr_decay"": 0.30650063172394626, ""lr_step_size"": 34, ""n_blocks"": 3, ""optimizer"": ""Adam""}",COMPLETE
81,0.8384935691540464,2026-09-30 16:28:21.928215,2026-09-30 16:28:27.004732,0 days 00:00:05.076517,0.9071350959978787,0.988567481921723,0.0023910646868513623,9.353265634012303e-06,256,64,"(3, 7)",64.0,"(3, 5)",32.0,"(3, 5)",32,3,0.40398784123790404,38,3,Adam,,,,50.0,0.8484848484848485,0.8285022898232443,"{""batch_size"": 256, ""block_0_filters"": 64, ""block_0_kernel_pair"": ""(3, 7)"", ""first_conv_filters"": 32, ""first_conv_kernel_width"": 3, ""lr_decay"": 0.40398784123790404, ""lr_step_size"": 38, ""n_blocks"": 3, ""optimizer"": ""Adam""}",COMPLETE
82,0.8348497374727374,2026-09-30 16:28:27.068604,2026-09-30 16:28:44.107892,0 days 00:00:17.039288,0.9270787812900438,0.9722691879539039,0.0014653482080959426,1.4875819728978158e-05,64,32,"(3, 5)",64.0,"(3, 5)",32.0,"(3, 5)",32,3,0.40007248207582496,37,3,Adam,,,,50.0,0.8409090909090909,0.8287903840363838,"{""batch_size"": 64, ""block_0_filters"": 32, ""block_0_kernel_pair"": ""(3, 5)"", ""first_conv_filters"": 32, ""first_conv_kernel_width"": 3, ""lr_decay"": 0.40007248207582496, ""lr_step_size"": 37, ""n_blocks"": 3, ""optimizer"": ""Adam""}",COMPLETE
