number,value,datetime_start,datetime_complete,duration,params_adam_beta1,params_adam_beta2,params_adam_lr,params_adam_wd,params_batch_size,params_block_0_filters,params_block_0_kernel_pair,params_block_1_filters,params_block_1_kernel_pair,params_block_2_filters,params_block_2_kernel_pair,params_first_conv_filters,params_first_conv_kernel_width,params_lr_decay,params_lr_step_size,params_n_blocks,params_optimizer,params_sgd_lr,params_sgd_momentum,params_sgd_wd,user_attrs_best_epoch,user_attrs_validation_accuracy,user_attrs_validation_macro_f1,system_attrs_tpe:relative_params:0,state
0,0.6944119339272246,2026-09-30 16:20:50.760968,2026-09-30 16:20:58.405668,0 days 00:00:07.644700,0.9828439752154666,0.9964666401041485,0.00021930485556643703,1.8205657658407268e-06,128,64,"(3, 5)",32.0,"(3, 7)",64.0,"(5, 7)",32,3,0.1870761961280168,35,3,Adam,,,,49.0,0.7070707070707071,0.681753160783742,,COMPLETE
1,0.3736947339265617,2026-09-30 16:20:58.465903,2026-09-30 16:21:04.449694,0 days 00:00:05.983791,,,,,256,16,"(5, 7)",64.0,"(5, 7)",,,64,3,0.49409912147023277,12,2,SGD,0.004247058562261873,0.7408680252426811,0.0016172900811143157,46.0,0.38636363636363635,0.36102583148948714,,COMPLETE
2,0.18679979159446847,2026-09-30 16:21:04.513597,2026-09-30 16:21:13.003875,0 days 00:00:08.490278,,,,,128,8,"(5, 7)",64.0,"(3, 7)",,,64,7,0.191460191484347,29,2,SGD,0.00011919481947918739,0.7312885138280583,1.3357240411974112e-06,46.0,0.22095959595959597,0.15263998722934097,,COMPLETE
3,0.25032192514572565,2026-09-30 16:21:13.067614,2026-09-30 16:21:18.381576,0 days 00:00:05.313962,,,,,256,64,"(5, 7)",64.0,"(3, 7)",,,16,5,0.19544131940933984,39,2,SGD,0.00046379219034580355,0.734760956526768,2.2410971619109514e-05,50.0,0.2676767676767677,0.2329670826146836,,COMPLETE
4,0.26351149655002526,2026-09-30 16:21:18.450628,2026-09-30 16:21:25.330648,0 days 00:00:06.880020,,,,,128,32,"(5, 7)",32.0,"(3, 5)",,,16,7,0.06834881369964377,15,2,SGD,0.00018658181360124853,0.942237723720879,1.91920011015619e-05,43.0,0.2803030303030303,0.24671996279702027,,COMPLETE
5,0.43098052096836936,2026-09-30 16:21:25.394217,2026-09-30 16:21:39.516224,0 days 00:00:14.122007,0.9591825764200673,0.9641389614508133,0.0062261634823634615,0.0035346441441965848,64,16,"(3, 7)",64.0,"(3, 5)",,,128,5,0.1227329213425762,12,2,Adam,,,,50.0,0.44191919191919193,0.42004185001754674,,COMPLETE
6,0.488974939925782,2026-09-30 16:21:39.578851,2026-09-30 16:21:45.554342,0 days 00:00:05.975491,,,,,200,32,"(3, 5)",16.0,"(3, 5)",16.0,"(5, 7)",16,3,0.46168897559920186,39,3,SGD,0.008638073353835195,0.7513620970280441,0.005778755734457461,48.0,0.48484848484848486,0.4931013950030791,,COMPLETE
7,0.48135720279787014,2026-09-30 16:21:45.623853,2026-09-30 16:21:49.524872,0 days 00:00:03.901019,0.9475822037393375,0.9701781599903122,0.0056852051903320934,0.0009184900818511545,256,16,"(5, 7)",,,,,16,5,0.18211632991902205,21,1,Adam,,,,42.0,0.4962121212121212,0.46650228438361907,,COMPLETE
8,0.5823647835572647,2026-09-30 16:21:49.614261,2026-09-30 16:21:55.844738,0 days 00:00:06.230477,,,,,200,32,"(3, 7)",64.0,"(5, 7)",,,64,7,0.29328580472454796,26,2,SGD,0.007390459262954656,0.7247507648481927,1.6096330648219384e-06,48.0,0.5845959595959596,0.5801336075185699,,COMPLETE
9,0.22485767554909983,2026-09-30 16:21:55.930418,2026-09-30 16:21:57.294224,0 days 00:00:01.363806,,,,,256,8,"(5, 7)",32.0,"(3, 7)",32.0,"(3, 5)",32,7,0.12794084145950685,24,3,SGD,0.00264558358503855,0.7283719065887904,9.25685584198963e-05,,,,,PRUNED
10,0.3321307979743885,2026-09-30 16:21:57.351796,2026-09-30 16:21:59.588003,0 days 00:00:02.236207,0.8535814031287132,0.9078403310332085,0.00011952270129143859,1.1544608204846143e-06,128,64,"(3, 5)",,,,,32,3,0.1510577183987674,18,1,Adam,,,,,,,"{""batch_size"": 128, ""block_0_filters"": 64, ""block_0_kernel_pair"": ""(3, 5)"", ""first_conv_filters"": 32, ""first_conv_kernel_width"": 3, ""lr_decay"": 0.1510577183987674, ""lr_step_size"": 18, ""n_blocks"": 1, ""optimizer"": ""Adam""}",PRUNED
11,0.6828455231790155,2026-09-30 16:21:59.659262,2026-09-30 16:22:06.870036,0 days 00:00:07.210774,,,,,200,32,"(3, 7)",8.0,"(5, 7)",64.0,"(5, 7)",64,7,0.28662118632938516,30,3,SGD,0.048237094647384245,0.8600876096219005,0.0004092725718456971,50.0,0.7007575757575758,0.6649334706004552,"{""batch_size"": 200, ""block_0_filters"": 32, ""block_0_kernel_pair"": ""(3, 7)"", ""first_conv_filters"": 64, ""first_conv_kernel_width"": 7, ""lr_decay"": 0.28662118632938516, ""lr_step_size"": 30, ""n_blocks"": 3, ""optimizer"": ""SGD""}",COMPLETE
12,0.48173274756750345,2026-09-30 16:22:06.958581,2026-09-30 16:22:12.990998,0 days 00:00:06.032417,0.8894990687461686,0.9993958754369241,0.00010292179603543382,1.0622425229989064e-06,200,64,"(3, 5)",8.0,"(5, 7)",64.0,"(5, 7)",32,3,0.16273335207752457,37,3,Adam,,,,40.0,0.49747474747474746,0.46599074766025944,"{""batch_size"": 200, ""block_0_filters"": 64, ""block_0_kernel_pair"": ""(3, 5)"", ""first_conv_filters"": 32, ""first_conv_kernel_width"": 3, ""lr_decay"": 0.16273335207752457, ""lr_step_size"": 37, ""n_blocks"": 3, ""optimizer"": ""Adam""}",COMPLETE
13,0.6844193513348238,2026-09-30 16:22:13.075373,2026-09-30 16:22:20.971133,0 days 00:00:07.895760,0.9871944008711078,0.9047951595395587,0.000860787144825847,6.446221903608035e-05,128,64,"(3, 5)",8.0,"(3, 7)",64.0,"(3, 7)",32,3,0.28083351072558954,29,3,Adam,,,,47.0,0.6957070707070707,0.673131631962577,"{""batch_size"": 128, ""block_0_filters"": 64, ""block_0_kernel_pair"": ""(3, 5)"", ""first_conv_filters"": 32, ""first_conv_kernel_width"": 3, ""lr_decay"": 0.28083351072558954, ""lr_step_size"": 29, ""n_blocks"": 3, ""optimizer"": ""Adam""}",COMPLETE
14,0.6930535953770762,2026-09-30 16:22:21.036923,2026-09-30 16:22:29.474000,0 days 00:00:08.437077,0.986193967883816,0.9030735093332845,0.000649126847301711,5.519180548370286e-05,128,64,"(5, 7)",8.0,"(3, 7)",64.0,"(3, 7)",32,3,0.29452956970180794,31,3,Adam,,,,48.0,0.7209595959595959,0.6651475947945565,"{""batch_size"": 128, ""block_0_filters"": 64, ""block_0_kernel_pair"": ""(5, 7)"", ""first_conv_filters"": 32, ""first_conv_kernel_width"": 3, ""lr_decay"": 0.29452956970180794, ""lr_step_size"": 31, ""n_blocks"": 3, ""optimizer"": ""Adam""}",COMPLETE
15,0.36293514335823335,2026-09-30 16:22:29.536598,2026-09-30 16:22:31.270725,0 days 00:00:01.734127,0.9852552566325395,0.9387682834353922,0.0005146773625661125,2.8102439248492833e-05,128,8,"(3, 7)",32.0,"(3, 7)",,,32,3,0.14354064946562384,40,2,Adam,,,,,,,"{""batch_size"": 128, ""block_0_filters"": 8, ""block_0_kernel_pair"": ""(3, 7)"", ""first_conv_filters"": 32, ""first_conv_kernel_width"": 3, ""lr_decay"": 0.14354064946562384, ""lr_step_size"": 40, ""n_blocks"": 2, ""optimizer"": ""Adam""}",PRUNED
16,0.6912724813782418,2026-09-30 16:22:31.329581,2026-09-30 16:22:39.092569,0 days 00:00:07.762988,0.954160644263521,0.9341640860716542,0.00046266376708466856,2.0868121249010053e-05,128,64,"(5, 7)",16.0,"(3, 7)",,,32,3,0.3059929953221326,24,2,Adam,,,,49.0,0.6881313131313131,0.6944136496251705,"{""batch_size"": 128, ""block_0_filters"": 64, ""block_0_kernel_pair"": ""(5, 7)"", ""first_conv_filters"": 32, ""first_conv_kernel_width"": 3, ""lr_decay"": 0.3059929953221326, ""lr_step_size"": 24, ""n_blocks"": 2, ""optimizer"": ""Adam""}",COMPLETE
17,0.27907483787811477,2026-09-30 16:22:39.150043,2026-09-30 16:22:40.290000,0 days 00:00:01.139957,0.9812213767264324,0.9994571287600946,0.0010855123662302567,0.00028510215773597263,200,16,"(5, 7)",8.0,"(3, 7)",8.0,"(3, 7)",32,3,0.340394208160754,35,3,Adam,,,,,,,"{""batch_size"": 200, ""block_0_filters"": 16, ""block_0_kernel_pair"": ""(5, 7)"", ""first_conv_filters"": 32, ""first_conv_kernel_width"": 3, ""lr_decay"": 0.340394208160754, ""lr_step_size"": 35, ""n_blocks"": 3, ""optimizer"": ""Adam""}",PRUNED
18,0.7101422346056498,2026-09-30 16:22:40.353572,2026-09-30 16:22:48.489150,0 days 00:00:08.135578,0.9243641167942422,0.9708782306621022,0.00029120595985383595,7.173346607008378e-06,128,64,"(5, 7)",32.0,"(3, 7)",,,64,3,0.21370677192357335,34,2,Adam,,,,47.0,0.7159090909090909,0.7043753783022089,"{""batch_size"": 128, ""block_0_filters"": 64, ""block_0_kernel_pair"": ""(5, 7)"", ""first_conv_filters"": 64, ""first_conv_kernel_width"": 3, ""lr_decay"": 0.21370677192357335, ""lr_step_size"": 34, ""n_blocks"": 2, ""optimizer"": ""Adam""}",COMPLETE
19,0.6527987580517118,2026-09-30 16:22:48.551386,2026-09-30 16:22:55.358086,0 days 00:00:06.806700,0.9245249628607419,0.9778278319136773,0.00024038964468353603,5.846385760226668e-06,128,64,"(5, 7)",32.0,"(3, 7)",,,32,3,0.15133614213320437,32,2,Adam,,,,42.0,0.6578282828282829,0.6477692332751408,"{""batch_size"": 128, ""block_0_filters"": 64, ""block_0_kernel_pair"": ""(5, 7)"", ""first_conv_filters"": 32, ""first_conv_kernel_width"": 3, ""lr_decay"": 0.15133614213320437, ""lr_step_size"": 32, ""n_blocks"": 2, ""optimizer"": ""Adam""}",COMPLETE
20,0.1338364174183172,2026-09-30 16:22:55.421541,2026-09-30 16:22:56.881042,0 days 00:00:01.459501,,,,,128,64,"(3, 5)",32.0,"(3, 7)",8.0,"(3, 5)",32,3,0.29783483966872953,40,3,SGD,0.07735756126086316,0.9898299132854287,0.007430413858903551,,,,"{""batch_size"": 128, ""block_0_filters"": 64, ""block_0_kernel_pair"": ""(3, 5)"", ""first_conv_filters"": 32, ""first_conv_kernel_width"": 3, ""lr_decay"": 0.29783483966872953, ""lr_step_size"": 40, ""n_blocks"": 3, ""optimizer"": ""SGD""}",PRUNED
21,0.6734691134223147,2026-09-30 16:22:56.943331,2026-09-30 16:23:03.581914,0 days 00:00:06.638583,0.9156584260917175,0.9439803736179938,0.00029978375399726374,5.197545699059021e-06,128,64,"(3, 5)",32.0,"(3, 7)",,,32,3,0.27599155383008533,39,2,Adam,,,,48.0,0.6856060606060606,0.661332166238569,"{""batch_size"": 128, ""block_0_filters"": 64, ""block_0_kernel_pair"": ""(3, 5)"", ""first_conv_filters"": 32, ""first_conv_kernel_width"": 3, ""lr_decay"": 0.27599155383008533, ""lr_step_size"": 39, ""n_blocks"": 2, ""optimizer"": ""Adam""}",COMPLETE
22,0.7023414061707567,2026-09-30 16:23:03.644789,2026-09-30 16:23:09.737536,0 days 00:00:06.092747,0.9652213835531869,0.9832156668685565,0.0016909930414359244,5.304482077179178e-06,128,32,"(5, 7)",32.0,"(3, 7)",,,16,3,0.2496493093853615,35,2,Adam,,,,45.0,0.7133838383838383,0.6912989739576749,"{""batch_size"": 128, ""block_0_filters"": 32, ""block_0_kernel_pair"": ""(5, 7)"", ""first_conv_filters"": 16, ""first_conv_kernel_width"": 3, ""lr_decay"": 0.2496493093853615, ""lr_step_size"": 35, ""n_blocks"": 2, ""optimizer"": ""Adam""}",COMPLETE
23,0.6276054981856907,2026-09-30 16:23:09.852751,2026-09-30 16:23:16.264204,0 days 00:00:06.411453,0.935696035381,0.9830168997873071,0.0022039870093848706,5.425305949057104e-06,128,64,"(5, 7)",,,,,16,3,0.2320313850348512,30,1,Adam,,,,46.0,0.63510101010101,0.6201099862703713,"{""batch_size"": 128, ""block_0_filters"": 64, ""block_0_kernel_pair"": ""(5, 7)"", ""first_conv_filters"": 16, ""first_conv_kernel_width"": 3, ""lr_decay"": 0.2320313850348512, ""lr_step_size"": 30, ""n_blocks"": 1, ""optimizer"": ""Adam""}",COMPLETE
24,0.5737059719870692,2026-09-30 16:23:16.329602,2026-09-30 16:23:21.398027,0 days 00:00:05.068425,0.8974549468036618,0.9854108778208654,0.002569462517204972,3.511009943503886e-06,128,8,"(3, 5)",32.0,"(3, 7)",16.0,"(5, 7)",32,3,0.1576439148099325,24,3,Adam,,,,,,,"{""batch_size"": 128, ""block_0_filters"": 8, ""block_0_kernel_pair"": ""(3, 5)"", ""first_conv_filters"": 32, ""first_conv_kernel_width"": 3, ""lr_decay"": 0.1576439148099325, ""lr_step_size"": 24, ""n_blocks"": 3, ""optimizer"": ""Adam""}",PRUNED
25,0.34969288914991303,2026-09-30 16:23:21.477087,2026-09-30 16:23:22.441626,0 days 00:00:00.964539,0.9640602932230645,0.9589383393619764,0.0001930595210543797,1.3696794624326687e-05,256,64,"(3, 5)",32.0,"(3, 7)",32.0,"(5, 7)",32,3,0.052000196793335285,28,3,Adam,,,,,,,"{""batch_size"": 256, ""block_0_filters"": 64, ""block_0_kernel_pair"": ""(3, 5)"", ""first_conv_filters"": 32, ""first_conv_kernel_width"": 3, ""lr_decay"": 0.052000196793335285, ""lr_step_size"": 28, ""n_blocks"": 3, ""optimizer"": ""Adam""}",PRUNED
26,0.5954927070450939,2026-09-30 16:23:22.519978,2026-09-30 16:23:26.000321,0 days 00:00:03.480343,0.9682784758823473,0.9913220491246751,0.0016457566565689214,2.1895014422116514e-06,200,32,"(5, 7)",32.0,"(3, 5)",,,16,3,0.32304871790840495,40,2,Adam,,,,,,,"{""batch_size"": 200, ""block_0_filters"": 32, ""block_0_kernel_pair"": ""(5, 7)"", ""first_conv_filters"": 16, ""first_conv_kernel_width"": 3, ""lr_decay"": 0.32304871790840495, ""lr_step_size"": 40, ""n_blocks"": 2, ""optimizer"": ""Adam""}",PRUNED
27,0.453943868866534,2026-09-30 16:23:26.060052,2026-09-30 16:23:28.561751,0 days 00:00:02.501699,0.9397548113281012,0.9731434334903528,0.00974507248642476,1.0684102197356675e-05,128,64,"(5, 7)",32.0,"(3, 7)",,,64,3,0.26229115745769194,34,2,Adam,,,,,,,"{""batch_size"": 128, ""block_0_filters"": 64, ""block_0_kernel_pair"": ""(5, 7)"", ""first_conv_filters"": 64, ""first_conv_kernel_width"": 3, ""lr_decay"": 0.26229115745769194, ""lr_step_size"": 34, ""n_blocks"": 2, ""optimizer"": ""Adam""}",PRUNED
28,0.561317972903949,2026-09-30 16:23:28.625651,2026-09-30 16:23:33.969912,0 days 00:00:05.344261,0.9694700827791326,0.9553278814541509,0.00028729564862218165,2.1023349816034745e-06,128,64,"(5, 7)",16.0,"(3, 7)",,,64,3,0.21710916126435462,21,2,Adam,,,,,,,"{""batch_size"": 128, ""block_0_filters"": 64, ""block_0_kernel_pair"": ""(5, 7)"", ""first_conv_filters"": 64, ""first_conv_kernel_width"": 3, ""lr_decay"": 0.21710916126435462, ""lr_step_size"": 21, ""n_blocks"": 2, ""optimizer"": ""Adam""}",PRUNED
29,0.28285878619064153,2026-09-30 16:23:34.031166,2026-09-30 16:23:35.411169,0 days 00:00:01.380003,0.9038418014115237,0.9902468448342006,0.00015681008544164677,6.937811938478407e-05,128,8,"(3, 5)",32.0,"(3, 7)",,,16,3,0.1908204621924506,35,2,Adam,,,,,,,"{""batch_size"": 128, ""block_0_filters"": 8, ""block_0_kernel_pair"": ""(3, 5)"", ""first_conv_filters"": 16, ""first_conv_kernel_width"": 3, ""lr_decay"": 0.1908204621924506, ""lr_step_size"": 35, ""n_blocks"": 2, ""optimizer"": ""Adam""}",PRUNED
30,0.3989616912364401,2026-09-30 16:23:35.470767,2026-09-30 16:23:36.913105,0 days 00:00:01.442338,0.870769922166413,0.9799642974436555,0.00036843335453430907,1.3283926589247004e-05,128,32,"(5, 7)",32.0,"(3, 7)",,,16,3,0.3903256477205054,36,2,Adam,,,,,,,"{""batch_size"": 128, ""block_0_filters"": 32, ""block_0_kernel_pair"": ""(5, 7)"", ""first_conv_filters"": 16, ""first_conv_kernel_width"": 3, ""lr_decay"": 0.3903256477205054, ""lr_step_size"": 36, ""n_blocks"": 2, ""optimizer"": ""Adam""}",PRUNED
31,0.6164856368552465,2026-09-30 16:23:36.971727,2026-09-30 16:23:42.817440,0 days 00:00:05.845713,0.9789775258136552,0.9494455205716221,0.0007391716352501623,4.0980487494313604e-05,128,32,"(5, 7)",8.0,"(3, 7)",64.0,"(3, 7)",64,3,0.2131901707356629,36,3,Adam,,,,,,,"{""batch_size"": 128, ""block_0_filters"": 32, ""block_0_kernel_pair"": ""(5, 7)"", ""first_conv_filters"": 64, ""first_conv_kernel_width"": 3, ""lr_decay"": 0.2131901707356629, ""lr_step_size"": 36, ""n_blocks"": 3, ""optimizer"": ""Adam""}",PRUNED
32,0.6878780443101489,2026-09-30 16:23:42.875788,2026-09-30 16:23:51.374203,0 days 00:00:08.498415,0.9708714610407049,0.9246427285809073,0.0005209222332133921,0.00018642044104693844,128,64,"(5, 7)",8.0,"(3, 7)",64.0,"(3, 7)",32,3,0.3366148694983997,31,3,Adam,,,,48.0,0.696969696969697,0.6787863916506007,"{""batch_size"": 128, ""block_0_filters"": 64, ""block_0_kernel_pair"": ""(5, 7)"", ""first_conv_filters"": 32, ""first_conv_kernel_width"": 3, ""lr_decay"": 0.3366148694983997, ""lr_step_size"": 31, ""n_blocks"": 3, ""optimizer"": ""Adam""}",COMPLETE
33,0.4719010758169613,2026-09-30 16:23:51.432763,2026-09-30 16:23:54.145329,0 days 00:00:02.712566,0.9898658601711442,0.9177406042170819,0.0012927051129811556,0.0001376038925805496,128,64,"(5, 7)",,,,,64,3,0.3339861543123477,34,1,Adam,,,,,,,"{""batch_size"": 128, ""block_0_filters"": 64, ""block_0_kernel_pair"": ""(5, 7)"", ""first_conv_filters"": 64, ""first_conv_kernel_width"": 3, ""lr_decay"": 0.3339861543123477, ""lr_step_size"": 34, ""n_blocks"": 1, ""optimizer"": ""Adam""}",PRUNED
34,0.7423871654970569,2026-09-30 16:23:54.204314,2026-09-30 16:24:02.530041,0 days 00:00:08.325727,0.9761017943809983,0.9931486058250016,0.00017527693550443141,2.3402485505836127e-06,128,64,"(5, 7)",32.0,"(5, 7)",64.0,"(3, 7)",64,3,0.28217528456627033,34,3,Adam,,,,46.0,0.7512626262626263,0.7335117047314874,"{""batch_size"": 128, ""block_0_filters"": 64, ""block_0_kernel_pair"": ""(5, 7)"", ""first_conv_filters"": 64, ""first_conv_kernel_width"": 3, ""lr_decay"": 0.28217528456627033, ""lr_step_size"": 34, ""n_blocks"": 3, ""optimizer"": ""Adam""}",COMPLETE
35,0.3907581213851978,2026-09-30 16:24:02.591374,2026-09-30 16:24:04.587919,0 days 00:00:01.996545,0.9455051130551186,0.9889942036949487,0.00018154815722166162,2.3558588272106935e-06,128,32,"(5, 7)",32.0,"(5, 7)",64.0,"(3, 5)",16,3,0.10013224353487654,39,3,Adam,,,,,,,"{""batch_size"": 128, ""block_0_filters"": 32, ""block_0_kernel_pair"": ""(5, 7)"", ""first_conv_filters"": 16, ""first_conv_kernel_width"": 3, ""lr_decay"": 0.10013224353487654, ""lr_step_size"": 39, ""n_blocks"": 3, ""optimizer"": ""Adam""}",PRUNED
36,0.3730480525745266,2026-09-30 16:24:04.705897,2026-09-30 16:24:06.166912,0 days 00:00:01.461015,0.9235122296802849,0.9704910982242972,0.00013304802087763578,7.810692518881514e-06,128,64,"(3, 5)",32.0,"(5, 7)",,,64,3,0.10615464987041345,34,2,Adam,,,,,,,"{""batch_size"": 128, ""block_0_filters"": 64, ""block_0_kernel_pair"": ""(3, 5)"", ""first_conv_filters"": 64, ""first_conv_kernel_width"": 3, ""lr_decay"": 0.10615464987041345, ""lr_step_size"": 34, ""n_blocks"": 2, ""optimizer"": ""Adam""}",PRUNED
37,0.3989180316324695,2026-09-30 16:24:06.224789,2026-09-30 16:24:07.711570,0 days 00:00:01.486781,0.954104773917198,0.994800396969754,0.00021242408833220468,2.900229443935508e-06,128,8,"(3, 7)",32.0,"(5, 7)",64.0,"(5, 7)",64,3,0.2197545002005385,40,3,Adam,,,,,,,"{""batch_size"": 128, ""block_0_filters"": 8, ""block_0_kernel_pair"": ""(3, 7)"", ""first_conv_filters"": 64, ""first_conv_kernel_width"": 3, ""lr_decay"": 0.2197545002005385, ""lr_step_size"": 40, ""n_blocks"": 3, ""optimizer"": ""Adam""}",PRUNED
38,0.814606776653815,2026-09-30 16:24:07.779552,2026-09-30 16:24:15.545682,0 days 00:00:07.766130,0.9741094244695558,0.9778075258735938,0.0036467705099706084,1.1690982102260064e-06,128,64,"(3, 5)",32.0,"(5, 7)",32.0,"(3, 7)",32,3,0.23138101975161487,35,3,Adam,,,,45.0,0.8308080808080808,0.7984054724995492,"{""batch_size"": 128, ""block_0_filters"": 64, ""block_0_kernel_pair"": ""(3, 5)"", ""first_conv_filters"": 32, ""first_conv_kernel_width"": 3, ""lr_decay"": 0.23138101975161487, ""lr_step_size"": 35, ""n_blocks"": 3, ""optimizer"": ""Adam""}",COMPLETE
39,0.7451597455876666,2026-09-30 16:24:15.608731,2026-09-30 16:24:21.659584,0 days 00:00:06.050853,0.9738967038429163,0.964375956685076,0.0033957238506896782,1.2766240840017835e-06,128,32,"(3, 5)",32.0,"(5, 7)",,,16,3,0.3486791012032719,31,2,Adam,,,,47.0,0.76010101010101,0.7302184810743232,"{""batch_size"": 128, ""block_0_filters"": 32, ""block_0_kernel_pair"": ""(3, 5)"", ""first_conv_filters"": 16, ""first_conv_kernel_width"": 3, ""lr_decay"": 0.3486791012032719, ""lr_step_size"": 31, ""n_blocks"": 2, ""optimizer"": ""Adam""}",COMPLETE
40,0.4016884934793279,2026-09-30 16:24:21.717297,2026-09-30 16:24:23.359150,0 days 00:00:01.641853,0.9754650397700594,0.9628657372046107,0.003422606727952218,1.003654872068209e-06,128,32,"(3, 5)",32.0,"(5, 7)",32.0,"(3, 7)",16,3,0.3759364836956237,30,3,Adam,,,,,,,"{""batch_size"": 128, ""block_0_filters"": 32, ""block_0_kernel_pair"": ""(3, 5)"", ""first_conv_filters"": 16, ""first_conv_kernel_width"": 3, ""lr_decay"": 0.3759364836956237, ""lr_step_size"": 30, ""n_blocks"": 3, ""optimizer"": ""Adam""}",PRUNED
41,0.24052085344654253,2026-09-30 16:24:23.417120,2026-09-30 16:24:24.971662,0 days 00:00:01.554542,,,,,128,64,"(5, 7)",32.0,"(5, 7)",32.0,"(3, 7)",64,3,0.24023172020158395,33,3,SGD,0.0009400634566997884,0.8249799673066165,1.6306886665987166e-05,,,,"{""batch_size"": 128, ""block_0_filters"": 64, ""block_0_kernel_pair"": ""(5, 7)"", ""first_conv_filters"": 64, ""first_conv_kernel_width"": 3, ""lr_decay"": 0.24023172020158395, ""lr_step_size"": 33, ""n_blocks"": 3, ""optimizer"": ""SGD""}",PRUNED
42,0.3647906126284053,2026-09-30 16:24:25.031102,2026-09-30 16:24:26.516821,0 days 00:00:01.485719,0.9614069095812311,0.9763677215894473,0.003733200105686675,3.9833988788018025e-06,128,32,"(5, 7)",,,,,16,3,0.15310489399467725,32,1,Adam,,,,,,,"{""batch_size"": 128, ""block_0_filters"": 32, ""block_0_kernel_pair"": ""(5, 7)"", ""first_conv_filters"": 16, ""first_conv_kernel_width"": 3, ""lr_decay"": 0.15310489399467725, ""lr_step_size"": 32, ""n_blocks"": 1, ""optimizer"": ""Adam""}",PRUNED
43,0.7976495950366862,2026-09-30 16:24:26.604620,2026-09-30 16:24:35.974636,0 days 00:00:09.370016,0.9743671435748764,0.9835950676440153,0.004814390757813728,1.7790051781703635e-06,128,64,"(5, 7)",32.0,"(5, 7)",,,64,3,0.1867872099570705,39,2,Adam,,,,49.0,0.8106060606060606,0.784693129467312,"{""batch_size"": 128, ""block_0_filters"": 64, ""block_0_kernel_pair"": ""(5, 7)"", ""first_conv_filters"": 64, ""first_conv_kernel_width"": 3, ""lr_decay"": 0.1867872099570705, ""lr_step_size"": 39, ""n_blocks"": 2, ""optimizer"": ""Adam""}",COMPLETE
