number,value,datetime_start,datetime_complete,duration,params_adam_beta1,params_adam_beta2,params_adam_lr,params_adam_wd,params_batch_size,params_block_0_filters,params_block_0_kernel_pair,params_block_1_filters,params_block_1_kernel_pair,params_block_2_filters,params_block_2_kernel_pair,params_first_conv_filters,params_first_conv_kernel_width,params_lr_decay,params_lr_step_size,params_n_blocks,params_optimizer,params_sgd_lr,params_sgd_momentum,params_sgd_wd,user_attrs_best_epoch,user_attrs_validation_accuracy,user_attrs_validation_macro_f1,state
77,0.5391268307525419,2026-09-29 12:54:23.744440,2026-09-29 12:54:25.526900,0 days 00:00:01.782460,0.8613098877210436,0.9353697066695646,0.0015296106499102862,0.0002610331925702597,64,64,"(3, 5)",,,,,32,5,0.3232853975861754,18,1,Adam,,,,,,,PRUNED
78,0.49505377084931634,2026-09-29 12:54:25.662663,2026-09-29 12:54:26.742650,0 days 00:00:01.079987,0.9163235818296356,0.9495877839440411,0.005065546930044575,0.00016829026012131953,256,64,"(3, 5)",,,,,128,5,0.23411258452719008,20,1,Adam,,,,,,,PRUNED
79,0.409424709673554,2026-09-29 12:54:26.879625,2026-09-29 12:54:28.033391,0 days 00:00:01.153766,0.9071484979495985,0.919754742737937,0.004119787193265993,0.0012224500511737676,64,32,"(3, 5)",,,,,16,3,0.49533642136557354,21,1,Adam,,,,,,,PRUNED
80,0.40312976677965046,2026-09-29 12:54:28.175059,2026-09-29 12:54:29.301777,0 days 00:00:01.126718,0.8827363692929101,0.9442043224046043,0.008766995431697669,2.8075947186096972e-05,128,64,"(3, 5)",8.0,"(5, 7)",,,128,5,0.260270362747134,16,2,Adam,,,,,,,PRUNED
81,0.8599659193065786,2026-09-29 12:54:29.445727,2026-09-29 12:54:36.086164,0 days 00:00:06.640437,0.89995914003643,0.9560331727926198,0.002148490858970589,0.00022743509995159448,64,64,"(3, 5)",,,,,128,5,0.42109004163455577,18,1,Adam,,,,45.0,0.863905325443787,0.8560265131693703,COMPLETE
82,0.5600794130671117,2026-09-29 12:54:36.253502,2026-09-29 12:54:38.081801,0 days 00:00:01.828299,0.9019976240833113,0.9558862499051259,0.0019272496373358749,0.0005580555854345984,64,64,"(3, 5)",,,,,128,5,0.37797509413238944,19,1,Adam,,,,,,,PRUNED
83,0.8087636007298111,2026-09-29 12:54:38.229367,2026-09-29 12:54:44.759780,0 days 00:00:06.530413,0.9135606250770402,0.9145857151385018,0.0025052848767401436,0.0001070313237131315,64,64,"(3, 5)",,,,,128,5,0.41698958279158116,14,1,Adam,,,,38.0,0.8224852071005917,0.7950419943590304,COMPLETE
84,0.8234096094230834,2026-09-29 12:54:44.907471,2026-09-29 12:54:51.206929,0 days 00:00:06.299458,0.8967181939031211,0.9283444147894536,0.003145921109277614,0.00034513094985911825,64,64,"(3, 5)",,,,,128,7,0.45491245192479296,22,1,Adam,,,,45.0,0.834319526627219,0.8124996922189477,COMPLETE
85,0.8474309525376107,2026-09-29 12:54:51.343778,2026-09-29 12:54:57.635635,0 days 00:00:06.291857,0.8553415603994241,0.9179641031338003,0.0016907419325869989,0.00020419690638903785,64,64,"(3, 5)",,,,,128,5,0.4339904245283902,17,1,Adam,,,,49.0,0.8579881656804734,0.8368737393947479,COMPLETE
86,0.8280446294902886,2026-09-29 12:54:57.771406,2026-09-29 12:55:03.639299,0 days 00:00:05.867893,0.8547078569033961,0.9314724687657312,0.00113743392708954,0.0002049337168085355,64,64,"(3, 7)",,,,,128,5,0.4151579410782914,20,1,Adam,,,,50.0,0.8284023668639053,0.8276868921166719,COMPLETE
87,0.053636947557543085,2026-09-29 12:55:03.782177,2026-09-29 12:55:04.963610,0 days 00:00:01.181433,,,,,64,8,"(3, 5)",,,,,128,5,0.43611363078451487,18,1,SGD,0.0004308975795761992,0.782626250763474,0.0013114049164775173,,,,PRUNED
88,0.4887573044311043,2026-09-29 12:55:05.099645,2026-09-29 12:55:05.842204,0 days 00:00:00.742559,0.8517591383824309,0.9626394831366445,0.0017443770812421884,0.0001413154438777175,200,64,"(3, 5)",,,,,64,5,0.47428100418382624,19,1,Adam,,,,,,,PRUNED
89,0.8500449812725459,2026-09-29 12:55:05.976800,2026-09-29 12:55:11.995947,0 days 00:00:06.019147,0.8660663975198348,0.9394407389915478,0.0013918450533134217,5.867197238812864e-05,64,64,"(5, 7)",,,,,128,5,0.4333056324857557,24,1,Adam,,,,39.0,0.8520710059171598,0.8480189566279321,COMPLETE
90,0.530971233934348,2026-09-29 12:55:12.127552,2026-09-29 12:55:13.561550,0 days 00:00:01.433998,0.8663923665684156,0.9404622859830547,0.0014063932376259464,4.716755710149057e-05,64,64,"(3, 5)",,,,,128,5,0.43172313572571425,40,1,Adam,,,,,,,PRUNED
91,0.8406227654925683,2026-09-29 12:55:13.698013,2026-09-29 12:55:19.765470,0 days 00:00:06.067457,0.8581347136123362,0.925784311372469,0.0015468663598256743,6.0932660490703856e-05,64,64,"(5, 7)",,,,,128,5,0.34580702373159283,24,1,Adam,,,,48.0,0.8520710059171598,0.8291745250679768,COMPLETE
92,0.5631371941141439,2026-09-29 12:55:19.900265,2026-09-29 12:55:22.562187,0 days 00:00:02.661922,0.8631076679388541,0.9457684629710118,0.002174783393205782,0.0002654646793711267,64,64,"(5, 7)",,,,,128,5,0.37563212542471736,26,1,Adam,,,,,,,PRUNED
93,0.6840652844339479,2026-09-29 12:55:22.696788,2026-09-29 12:55:25.494513,0 days 00:00:02.797725,0.8561619970300637,0.9491948373680702,0.005865415318362149,3.835795888252761e-05,64,64,"(5, 7)",,,,,128,5,0.4458653640205356,23,1,Adam,,,,,,,PRUNED
94,0.39466927988744904,2026-09-29 12:55:25.626342,2026-09-29 12:55:26.826430,0 days 00:00:01.200088,0.8502178982853144,0.9321594854973375,0.001260779962835177,1.7066421803390114e-05,64,16,"(5, 7)",,,,,128,5,0.3914450653182888,22,1,Adam,,,,,,,PRUNED
95,0.45882551780138614,2026-09-29 12:55:26.968031,2026-09-29 12:55:28.233265,0 days 00:00:01.265234,0.878218726745895,0.9528690665131029,0.00013247340807878426,0.00039674966743498803,64,64,"(5, 7)",,,,,128,5,0.46342439528485246,16,1,Adam,,,,,,,PRUNED
96,0.7240317374932759,2026-09-29 12:55:28.367518,2026-09-29 12:55:31.578724,0 days 00:00:03.211206,0.8665380120032078,0.9178199755903304,0.001054604896836891,0.0008012276545835855,64,64,"(3, 5)",,,,,128,5,0.4268044846651824,17,1,Adam,,,,,,,PRUNED
97,0.4338832602181018,2026-09-29 12:55:31.712469,2026-09-29 12:55:32.800913,0 days 00:00:01.088444,0.8605359963735559,0.9666720462109979,0.0009066007772085121,0.0003014780407621286,256,64,"(5, 7)",,,,,128,5,0.40578257820799946,20,1,Adam,,,,,,,PRUNED
98,0.47562784155568305,2026-09-29 12:55:32.932944,2026-09-29 12:55:34.075382,0 days 00:00:01.142438,0.8718490078596187,0.9363907464118466,0.006289263944014563,9.589838771328136e-05,64,32,"(3, 5)",,,,,16,3,0.4523396824688469,25,1,Adam,,,,,,,PRUNED
99,0.5286913304827433,2026-09-29 12:55:34.212034,2026-09-29 12:55:36.208520,0 days 00:00:01.996486,0.9007535132723664,0.9218300500163914,0.0017730180323130764,0.00014484749820449502,64,64,"(3, 5)",,,,,32,7,0.48981503593975106,21,1,Adam,,,,,,,PRUNED
