number,value,datetime_start,datetime_complete,duration,params_adam_beta1,params_adam_beta2,params_adam_lr,params_adam_wd,params_batch_size,params_block_0_filters,params_block_0_kernel_pair,params_block_1_filters,params_block_1_kernel_pair,params_block_2_filters,params_block_2_kernel_pair,params_first_conv_filters,params_first_conv_kernel_width,params_lr_decay,params_lr_step_size,params_n_blocks,params_optimizer,params_sgd_lr,params_sgd_momentum,params_sgd_wd,user_attrs_best_epoch,user_attrs_validation_accuracy,user_attrs_validation_macro_f1,state
0,0.6907996322299321,2026-09-29 12:49:12.267342,2026-09-29 12:49:19.166216,0 days 00:00:06.898874,0.9828439752154666,0.9964666401041485,0.00021930485556643703,1.8205657658407268e-06,128,64,"(3, 5)",32.0,"(3, 7)",64.0,"(5, 7)",32,3,0.1870761961280168,35,3,Adam,,,,50.0,0.7041420118343196,0.6774572526255448,COMPLETE
1,0.3315278260264768,2026-09-29 12:49:19.314601,2026-09-29 12:49:22.973589,0 days 00:00:03.658988,,,,,256,16,"(5, 7)",64.0,"(5, 7)",,,64,3,0.49409912147023277,12,2,SGD,0.004247058562261873,0.7408680252426811,0.0016172900811143157,33.0,0.3254437869822485,0.3376118650707051,COMPLETE
2,0.23726496686402349,2026-09-29 12:49:23.106423,2026-09-29 12:49:27.587955,0 days 00:00:04.481532,,,,,128,8,"(5, 7)",64.0,"(3, 7)",,,64,7,0.191460191484347,29,2,SGD,0.00011919481947918739,0.7312885138280583,1.3357240411974112e-06,20.0,0.3076923076923077,0.16683762603573923,COMPLETE
3,0.22418171934301545,2026-09-29 12:49:27.719015,2026-09-29 12:49:30.849174,0 days 00:00:03.130159,,,,,256,64,"(5, 7)",64.0,"(3, 7)",,,16,5,0.19544131940933984,39,2,SGD,0.00046379219034580355,0.734760956526768,2.2410971619109514e-05,25.0,0.23668639053254437,0.2116770481534865,COMPLETE
4,0.18362997158386551,2026-09-29 12:49:30.994816,2026-09-29 12:49:35.560244,0 days 00:00:04.565428,,,,,128,32,"(5, 7)",32.0,"(3, 5)",,,16,7,0.06834881369964377,15,2,SGD,0.00018658181360124853,0.942237723720879,1.91920011015619e-05,15.0,0.1834319526627219,0.18382799050500914,COMPLETE
5,0.6939914922230281,2026-09-29 12:49:35.696331,2026-09-29 12:49:44.315032,0 days 00:00:08.618701,0.9591825764200673,0.9641389614508133,0.0062261634823634615,0.0035346441441965848,64,16,"(3, 7)",64.0,"(3, 5)",,,128,5,0.1227329213425762,12,2,Adam,,,,38.0,0.7041420118343196,0.6838409726117368,COMPLETE
6,0.20444823935779832,2026-09-29 12:49:44.459299,2026-09-29 12:49:45.269346,0 days 00:00:00.810047,,,,,200,32,"(3, 5)",16.0,"(3, 5)",16.0,"(5, 7)",16,3,0.46168897559920186,39,3,SGD,0.008638073353835195,0.7513620970280441,0.005778755734457461,,,,PRUNED
7,0.5564783557865987,2026-09-29 12:49:45.407212,2026-09-29 12:49:47.801371,0 days 00:00:02.394159,0.9475822037393375,0.9701781599903122,0.0056852051903320934,0.0009184900818511545,256,16,"(5, 7)",,,,,16,5,0.18211632991902205,21,1,Adam,,,,49.0,0.5680473372781065,0.5449093742950907,COMPLETE
8,0.5177654739387474,2026-09-29 12:49:47.940202,2026-09-29 12:49:52.000576,0 days 00:00:04.060374,,,,,200,32,"(3, 7)",64.0,"(5, 7)",,,64,7,0.29328580472454796,26,2,SGD,0.007390459262954656,0.7247507648481927,1.6096330648219384e-06,50.0,0.514792899408284,0.5207380484692108,COMPLETE
9,0.10710355328085158,2026-09-29 12:49:52.142373,2026-09-29 12:49:52.869305,0 days 00:00:00.726932,,,,,256,8,"(5, 7)",32.0,"(3, 7)",32.0,"(3, 5)",32,7,0.12794084145950685,24,3,SGD,0.00264558358503855,0.7283719065887904,9.25685584198963e-05,,,,PRUNED
10,0.7267697444171934,2026-09-29 12:49:53.007417,2026-09-29 12:49:58.881836,0 days 00:00:05.874419,0.8611800948433316,0.9012298858395373,0.008338694769208005,0.00730954083378813,64,16,"(3, 7)",,,,,128,5,0.3637201542530425,18,1,Adam,,,,49.0,0.7455621301775148,0.707977358656872,COMPLETE
11,0.5958613170260094,2026-09-29 12:49:59.012665,2026-09-29 12:50:04.881323,0 days 00:00:05.868658,0.852369147545079,0.9041002430053272,0.008694507650379338,0.008103496826245924,64,16,"(3, 7)",,,,,128,5,0.3655231679271919,17,1,Adam,,,,49.0,0.6153846153846154,0.5763380186674033,COMPLETE
12,0.7687966343050439,2026-09-29 12:50:05.023907,2026-09-29 12:50:10.929686,0 days 00:00:05.905779,0.8731583903570693,0.9040958364495535,0.0038948948464142337,0.0037421626201511035,64,16,"(3, 7)",,,,,128,5,0.338854664480124,10,1,Adam,,,,47.0,0.7869822485207101,0.7506110200893775,COMPLETE
13,0.6911685395848292,2026-09-29 12:50:11.075577,2026-09-29 12:50:17.437963,0 days 00:00:06.362386,0.864316618626235,0.9010978200054528,0.0015214190854299645,0.0004436912442331299,64,16,"(3, 7)",,,,,128,5,0.34277707397825313,10,1,Adam,,,,38.0,0.7100591715976331,0.6722779075720252,COMPLETE
14,0.7926610830112992,2026-09-29 12:50:17.578280,2026-09-29 12:50:23.213661,0 days 00:00:05.635381,0.8932471123216678,0.9202971753100191,0.0018140837457893864,0.0002031405834886057,64,16,"(3, 7)",,,,,128,5,0.38745085245248834,18,1,Adam,,,,43.0,0.7810650887573964,0.804257077265202,COMPLETE
15,0.7800285963920648,2026-09-29 12:50:23.348129,2026-09-29 12:50:28.934936,0 days 00:00:05.586807,0.9004950875807779,0.9304072740958443,0.0013708693675252785,6.343610163571325e-05,64,16,"(3, 7)",,,,,128,5,0.4254023991025102,20,1,Adam,,,,42.0,0.7869822485207101,0.7730749442634196,COMPLETE
16,0.7777344069662739,2026-09-29 12:50:29.066411,2026-09-29 12:50:34.943129,0 days 00:00:05.876718,0.9068215297472221,0.9329391018583028,0.0010114234354879348,4.374029324858845e-05,64,16,"(3, 7)",,,,,128,5,0.42649859145639135,22,1,Adam,,,,47.0,0.7928994082840237,0.762569405648524,COMPLETE
17,0.749714115845926,2026-09-29 12:50:35.085446,2026-09-29 12:50:41.286206,0 days 00:00:06.200760,0.9034147751898443,0.9316589752129334,0.0010247037329120553,4.6100334349953644e-05,64,8,"(3, 7)",,,,,128,5,0.42219699058442667,28,1,Adam,,,,48.0,0.7455621301775148,0.7538661015143372,COMPLETE
18,0.8420556118433944,2026-09-29 12:50:41.436805,2026-09-29 12:50:47.876557,0 days 00:00:06.439752,0.9002444977430563,0.9296483383188525,0.0020498478951581725,4.6425950495200156e-05,64,64,"(3, 5)",,,,,128,5,0.2704963609359461,19,1,Adam,,,,46.0,0.8579881656804734,0.8261230580063155,COMPLETE
19,0.2882903666830591,2026-09-29 12:50:48.019735,2026-09-29 12:50:48.684340,0 days 00:00:00.664605,0.9297998877998627,0.9461780549818648,0.0003939974922893454,6.100693159935846e-06,200,64,"(3, 5)",,,,,32,3,0.2630545511431265,31,1,Adam,,,,,,,PRUNED
20,0.8392283735059556,2026-09-29 12:50:48.824568,2026-09-29 12:50:55.098774,0 days 00:00:06.274206,0.8858652771247647,0.9196366403918182,0.0025811624051328354,0.00022461208088203307,64,64,"(3, 5)",,,,,128,5,0.26512798075264826,16,1,Adam,,,,43.0,0.8461538461538461,0.8323029008580649,COMPLETE
21,0.8142388072776092,2026-09-29 12:50:55.245271,2026-09-29 12:51:01.889292,0 days 00:00:06.644021,0.8876681420890481,0.9202396690899626,0.0023890783139464272,0.00017385219618192254,64,64,"(3, 5)",,,,,128,5,0.25776280555963615,15,1,Adam,,,,33.0,0.8165680473372781,0.8119095672179405,COMPLETE
22,0.8227342171847667,2026-09-29 12:51:02.034226,2026-09-29 12:51:08.650465,0 days 00:00:06.616239,0.8838735332320756,0.9191175390222417,0.0026574342394862635,0.00015037899073604786,64,64,"(3, 5)",,,,,128,5,0.266640769946747,15,1,Adam,,,,36.0,0.8224852071005917,0.8229832272689416,COMPLETE
23,0.824419799048761,2026-09-29 12:51:08.781172,2026-09-29 12:51:14.527837,0 days 00:00:05.746665,0.9202423059512138,0.919008255376943,0.003594765616027462,1.2321344525860597e-05,64,64,"(3, 5)",,,,,128,5,0.2984082263971999,15,1,Adam,,,,48.0,0.8402366863905325,0.8086029117069895,COMPLETE
24,0.8117188434117274,2026-09-29 12:51:14.660044,2026-09-29 12:51:20.465062,0 days 00:00:05.805018,0.9200343776006579,0.9476916922952081,0.0007157380932511521,1.275738976888874e-05,64,64,"(3, 5)",,,,,128,5,0.296220330349519,23,1,Adam,,,,39.0,0.8165680473372781,0.8068696394861767,COMPLETE
25,0.8059854453392249,2026-09-29 12:51:20.607623,2026-09-29 12:51:27.328645,0 days 00:00:06.721022,0.9223384777284571,0.9170064112561993,0.003433373442548878,1.2827273406951334e-05,64,64,"(3, 5)",,,,,128,5,0.22634249677130183,13,1,Adam,,,,44.0,0.8224852071005917,0.7894856835778581,COMPLETE
26,0.45819137050552694,2026-09-29 12:51:27.472472,2026-09-29 12:51:29.137912,0 days 00:00:01.665440,0.9136817848186353,0.9438602143779073,0.004133343675571367,1.6749719208237682e-05,64,64,"(3, 5)",8.0,"(5, 7)",,,128,5,0.31273628392261066,19,2,Adam,,,,,,,PRUNED
27,0.20275784595767593,2026-09-29 12:51:29.282740,2026-09-29 12:51:29.947941,0 days 00:00:00.665201,0.9380876263689808,0.9132157845502054,0.00010123622038071508,2.7808216223560092e-06,200,64,"(3, 5)",,,,,32,5,0.24373197624770587,16,1,Adam,,,,,,,PRUNED
28,0.7911829286317327,2026-09-29 12:51:30.092448,2026-09-29 12:51:34.085461,0 days 00:00:03.993013,0.8770735417310074,0.9377866170378117,0.002827769122342031,0.0006821717427396655,128,64,"(3, 5)",,,,,64,7,0.21803548063043157,25,1,Adam,,,,41.0,0.8106508875739645,0.7717149696895007,COMPLETE
29,0.4439416278933068,2026-09-29 12:51:34.226997,2026-09-29 12:51:35.166653,0 days 00:00:00.939656,0.8924004673019562,0.9599460309205526,0.0006145406926029891,8.095478766679915e-05,128,64,"(3, 5)",16.0,"(5, 7)",,,32,3,0.14393875330668365,13,2,Adam,,,,,,,PRUNED
30,0.8099571376354964,2026-09-29 12:51:35.313590,2026-09-29 12:51:42.133451,0 days 00:00:06.819861,0.9572911966448491,0.927258518547183,0.0018030695062383941,2.7995557379142734e-05,64,64,"(3, 5)",,,,,128,3,0.3126770906390734,33,1,Adam,,,,46.0,0.8284023668639053,0.7915119084070874,COMPLETE
31,0.8017349094918584,2026-09-29 12:51:42.276717,2026-09-29 12:51:48.873362,0 days 00:00:06.596645,0.8812955496543952,0.912115163124887,0.002437608834443148,0.0001339967968414501,64,64,"(3, 5)",,,,,128,5,0.2725796956161272,15,1,Adam,,,,46.0,0.8047337278106509,0.7987360911730661,COMPLETE
32,0.8562711670869356,2026-09-29 12:51:49.021832,2026-09-29 12:51:55.680757,0 days 00:00:06.658925,0.8963867014205642,0.9249878724719752,0.004999405637953702,0.00033555143899358856,64,64,"(3, 5)",,,,,128,5,0.2821796073224418,20,1,Adam,,,,41.0,0.8698224852071006,0.8427198489667705,COMPLETE
33,0.84430591175882,2026-09-29 12:51:55.827443,2026-09-29 12:52:02.123614,0 days 00:00:06.296171,0.9101612516120994,0.9245994488578378,0.00495938320900296,0.00037589421951478313,64,64,"(3, 5)",,,,,128,5,0.3310544870562125,20,1,Adam,,,,45.0,0.863905325443787,0.824706498073853,COMPLETE
34,0.4687917936114575,2026-09-29 12:52:02.271265,2026-09-29 12:52:03.129241,0 days 00:00:00.857976,0.8985877797484132,0.9248416079028213,0.005602846185591098,0.0003732234627810833,256,64,"(3, 5)",,,,,64,5,0.33465414161756196,20,1,Adam,,,,,,,PRUNED
35,0.21515492653373638,2026-09-29 12:52:03.278820,2026-09-29 12:52:04.651426,0 days 00:00:01.372606,,,,,64,64,"(3, 5)",,,,,128,5,0.21863555689322423,22,1,SGD,0.09863866696364049,0.9891554829201972,0.0005380004889387412,,,,PRUNED
36,0.32301980601622915,2026-09-29 12:52:04.794876,2026-09-29 12:52:05.719554,0 days 00:00:00.924678,0.9105355805419093,0.9371691967425438,0.0050069867745064335,0.0013173172582759917,128,8,"(3, 5)",8.0,"(3, 5)",,,16,7,0.17204293148735078,19,2,Adam,,,,,,,PRUNED
37,0.43649233621613265,2026-09-29 12:52:05.860709,2026-09-29 12:52:07.513615,0 days 00:00:01.652906,,,,,64,32,"(3, 5)",8.0,"(5, 7)",,,128,3,0.3877924212287248,27,2,SGD,0.06472712662066415,0.8433578028532311,0.0001064287596687298,,,,PRUNED
38,0.4260542047117454,2026-09-29 12:52:07.659726,2026-09-29 12:52:08.462504,0 days 00:00:00.802778,0.8730064117216686,0.91100975288089,0.008172787508306122,0.00033908582080806267,256,64,"(3, 5)",,,,,64,5,0.23286434449427024,17,1,Adam,,,,,,,PRUNED
39,0.31882929672191485,2026-09-29 12:52:08.607642,2026-09-29 12:52:09.498244,0 days 00:00:00.890602,0.8942800476950092,0.9539921019418353,0.00200427504966835,0.001698612124944548,200,64,"(5, 7)",16.0,"(3, 7)",8.0,"(3, 7)",16,5,0.20475265133431383,23,3,Adam,,,,,,,PRUNED
40,0.2868344432299972,2026-09-29 12:52:09.641734,2026-09-29 12:52:11.004796,0 days 00:00:01.363062,,,,,64,32,"(3, 5)",,,,,128,7,0.07412386286502354,20,1,SGD,0.0011199969805544665,0.8399590503714811,5.970029191154406e-06,,,,PRUNED
41,0.8033359563221698,2026-09-29 12:52:11.148360,2026-09-29 12:52:17.911490,0 days 00:00:06.763130,0.9175901239938862,0.9247094944507173,0.003418893058460598,5.54418685255004e-06,64,64,"(3, 5)",,,,,128,5,0.29011166696127255,12,1,Adam,,,,37.0,0.8165680473372781,0.7901038653070614,COMPLETE
42,0.7351753914325755,2026-09-29 12:52:18.060623,2026-09-29 12:52:24.573371,0 days 00:00:06.512748,0.9322746783355672,0.9934620535616749,0.004533819329623511,0.000319461868855691,64,64,"(3, 5)",,,,,128,5,0.3150479771530728,17,1,Adam,,,,,,,PRUNED
43,0.818932574725844,2026-09-29 12:52:24.721691,2026-09-29 12:52:30.690552,0 days 00:00:05.968861,0.9098700371019786,0.9370913302690826,0.0031953072919170037,9.350697866583532e-05,64,64,"(3, 5)",,,,,128,5,0.2840872939318792,14,1,Adam,,,,47.0,0.8284023668639053,0.8094627825877827,COMPLETE
44,0.39661119864681427,2026-09-29 12:52:30.825123,2026-09-29 12:52:32.170937,0 days 00:00:01.345814,0.9781269443659791,0.9087607784270311,0.005765832966906586,2.609053121663053e-05,64,64,"(5, 7)",,,,,128,5,0.32795764477587763,18,1,Adam,,,,,,,PRUNED
45,0.41756451392695415,2026-09-29 12:52:32.317094,2026-09-29 12:52:33.579990,0 days 00:00:01.262896,0.9259988146333585,0.9243980722053025,0.007046390779994148,1.2205945242266216e-06,64,8,"(3, 5)",,,,,128,5,0.24844679804829214,21,1,Adam,,,,,,,PRUNED
46,0.3138283651214686,2026-09-29 12:52:33.718338,2026-09-29 12:52:34.343543,0 days 00:00:00.625205,,,,,256,64,"(3, 5)",16.0,"(3, 5)",,,16,5,0.35892782109815125,37,2,SGD,0.026883809580723464,0.8636069379913401,0.00663169224798651,,,,PRUNED
47,0.45226509869367015,2026-09-29 12:52:34.477163,2026-09-29 12:52:35.622054,0 days 00:00:01.144891,0.9019296672043478,0.9165772974164139,0.00971756174930555,0.0006541604955468695,128,32,"(5, 7)",,,,,128,5,0.3042635334205967,25,1,Adam,,,,,,,PRUNED
48,0.6804913155073044,2026-09-29 12:52:35.755963,2026-09-29 12:52:39.213761,0 days 00:00:03.457798,0.9431402832621647,0.9280216929879308,0.004391480296966479,0.0019394744411310794,64,64,"(3, 5)",,,,,32,7,0.3859333142697339,11,1,Adam,,,,,,,PRUNED
49,0.8688938964504576,2026-09-29 12:52:39.344958,2026-09-29 12:52:45.276220,0 days 00:00:05.931262,0.8641417945704898,0.9408326265356288,0.006378744497036729,0.0002300291101756638,64,64,"(3, 5)",,,,,128,5,0.4930605872475242,19,1,Adam,,,,44.0,0.8757396449704142,0.8620481479305008,COMPLETE
50,0.36630769638972116,2026-09-29 12:52:45.410255,2026-09-29 12:52:46.512059,0 days 00:00:01.101804,0.8501412359858086,0.9408018287106628,0.0067557275220480745,0.0002363569452144189,64,8,"(3, 5)",,,,,64,3,0.19626825837891332,21,1,Adam,,,,,,,PRUNED
51,0.8343775437144401,2026-09-29 12:52:46.652381,2026-09-29 12:52:52.488770,0 days 00:00:05.836389,0.8630454427522923,0.9331408240238119,0.0037128960841651465,0.0009366179608328899,64,64,"(3, 5)",,,,,128,5,0.4878813019381998,16,1,Adam,,,,38.0,0.8461538461538461,0.8226012412750341,COMPLETE
52,0.4902259543530127,2026-09-29 12:52:52.626243,2026-09-29 12:52:54.110895,0 days 00:00:01.484652,0.8635181181547441,0.9342138882201795,0.007237477814087035,0.0005315345983021883,64,64,"(3, 5)",,,,,128,5,0.499954020992472,19,1,Adam,,,,,,,PRUNED
53,0.5800127016937087,2026-09-29 12:52:54.245518,2026-09-29 12:52:56.101416,0 days 00:00:01.855898,0.8689457062158861,0.9300319001883506,0.005042566973470057,0.0009085244925139147,64,64,"(3, 5)",,,,,128,5,0.4712942862397198,16,1,Adam,,,,,,,PRUNED
54,0.8584234590125384,2026-09-29 12:52:56.233215,2026-09-29 12:53:02.127829,0 days 00:00:05.894614,0.8580489080619489,0.9529489973153488,0.0013297716703693646,0.0002577343343097097,64,64,"(3, 5)",,,,,128,5,0.474489612704552,18,1,Adam,,,,44.0,0.8579881656804734,0.8588587523446034,COMPLETE
55,0.7996868470895621,2026-09-29 12:53:02.264999,2026-09-29 12:53:07.285313,0 days 00:00:05.020314,0.8537097975949013,0.9729618248955927,0.001634862742904635,0.00011182267204134057,200,64,"(3, 5)",,,,,128,5,0.47003676289172025,18,1,Adam,,,,50.0,0.8106508875739645,0.7887228066051596,COMPLETE
56,0.8408559766025829,2026-09-29 12:53:07.422864,2026-09-29 12:53:13.653002,0 days 00:00:06.230138,0.8566517809035771,0.9523511255708145,0.002129248799340322,0.00022465746893382513,64,64,"(5, 7)",,,,,128,5,0.4562899176343486,22,1,Adam,,,,48.0,0.8520710059171598,0.8296409472880061,COMPLETE
57,0.5102670816439625,2026-09-29 12:53:13.785038,2026-09-29 12:53:15.330847,0 days 00:00:01.545809,,,,,64,64,"(5, 7)",,,,,128,5,0.4226543994164798,23,1,SGD,0.01881278585804432,0.798653731538244,0.00044655475892127044,,,,PRUNED
58,0.6635935837813696,2026-09-29 12:53:15.466325,2026-09-29 12:53:18.131290,0 days 00:00:02.664965,0.8545948766939969,0.952026166125998,0.0010404553470209866,5.2809198737213686e-05,64,32,"(5, 7)",,,,,128,5,0.44900880491216205,22,1,Adam,,,,,,,PRUNED
59,0.3832481582265879,2026-09-29 12:53:18.265223,2026-09-29 12:53:18.791233,0 days 00:00:00.526010,0.8575919438871678,0.9667993609800583,0.0013252545999009567,0.0027342730603633755,256,64,"(5, 7)",,,,,16,5,0.44653034028977523,24,1,Adam,,,,,,,PRUNED
60,0.46711602320865586,2026-09-29 12:53:18.921954,2026-09-29 12:53:20.111676,0 days 00:00:01.189722,0.8696601582455797,0.9595058913419257,0.001219233434941548,0.00027327118475718395,64,16,"(5, 7)",,,,,128,5,0.44163165723096065,20,1,Adam,,,,,,,PRUNED
61,0.8360878342969414,2026-09-29 12:53:20.245848,2026-09-29 12:53:26.205816,0 days 00:00:05.959968,0.8881642490509771,0.9510284155707657,0.002045584052431808,0.00020745010211898493,64,64,"(3, 5)",,,,,128,5,0.4031319694578397,18,1,Adam,,,,49.0,0.8461538461538461,0.8260218224400367,COMPLETE
62,0.5954380925739354,2026-09-29 12:53:26.338499,2026-09-29 12:53:28.225144,0 days 00:00:01.886645,0.8594279602242222,0.9426249903292164,0.0022409660449705282,0.0004399901174509794,64,64,"(5, 7)",,,,,128,5,0.4848964259952877,21,1,Adam,,,,,,,PRUNED
63,0.8008710781371707,2026-09-29 12:53:28.365807,2026-09-29 12:53:34.254702,0 days 00:00:05.888895,0.8780586422228382,0.9472421660232238,0.0007379733827702727,0.0001594832123189876,64,64,"(3, 7)",,,,,128,5,0.46813737865546307,19,1,Adam,,,,50.0,0.8106508875739645,0.7910912687003769,COMPLETE
64,0.8329650996949018,2026-09-29 12:53:34.387309,2026-09-29 12:53:40.298797,0 days 00:00:05.911488,0.8973377909211296,0.9577341583254172,0.002777741209566642,8.509510940876628e-05,64,64,"(3, 5)",,,,,128,5,0.27127470792269975,17,1,Adam,,,,48.0,0.8461538461538461,0.8197763532359575,COMPLETE
65,0.5506424558581456,2026-09-29 12:53:40.437887,2026-09-29 12:53:41.933251,0 days 00:00:01.495364,0.8861099154882008,0.9239254553652831,0.0016548354222678551,0.0002443628827470338,64,64,"(3, 5)",,,,,32,5,0.2491839364225799,20,1,Adam,,,,,,,PRUNED
66,0.8610037426548156,2026-09-29 12:53:42.067474,2026-09-29 12:53:47.945902,0 days 00:00:05.878428,0.8671766412919376,0.9211868917689353,0.0014600035760314208,0.000502618367801738,64,64,"(3, 5)",,,,,128,5,0.4086222732136445,24,1,Adam,,,,47.0,0.8579881656804734,0.8640193196291579,COMPLETE
67,0.40364526796853506,2026-09-29 12:53:48.075682,2026-09-29 12:53:49.089198,0 days 00:00:01.013516,0.8663199088527558,0.9548698633424364,0.0009429180689116677,0.00047461157258758244,200,64,"(3, 5)",,,,,128,3,0.4089805272835447,24,1,Adam,,,,,,,PRUNED
68,0.3814531715410945,2026-09-29 12:53:49.221352,2026-09-29 12:53:50.201121,0 days 00:00:00.979769,0.8745778571951068,0.9405444938285251,0.0014286551682187185,0.0008930187542662282,128,8,"(3, 7)",,,,,128,7,0.4367471716342223,29,1,Adam,,,,,,,PRUNED
69,0.608094612926841,2026-09-29 12:53:50.336253,2026-09-29 12:53:53.387118,0 days 00:00:03.050865,0.8690935652490686,0.9726462750873053,0.0008415069422846156,0.004696527823421089,64,64,"(3, 5)",,,,,128,5,0.45701566127484117,26,1,Adam,,,,,,,PRUNED
70,0.33785774142132075,2026-09-29 12:53:53.524350,2026-09-29 12:53:55.190150,0 days 00:00:01.665800,,,,,64,64,"(5, 7)",,,,,64,5,0.4847883662912701,22,1,SGD,0.0008881041261086075,0.914029348856087,7.697601320259008e-05,,,,PRUNED
71,0.8175919134361621,2026-09-29 12:53:55.342098,2026-09-29 12:54:01.302862,0 days 00:00:05.960764,0.9056800879187574,0.9227096446309774,0.0019360511096744688,0.00018384350629026234,64,64,"(3, 5)",,,,,128,5,0.3654762209841088,21,1,Adam,,,,47.0,0.834319526627219,0.8008643002451052,COMPLETE
72,0.8245150886749565,2026-09-29 12:54:01.443289,2026-09-29 12:54:07.422585,0 days 00:00:05.979296,0.8580793971631461,0.9157429530528473,0.002987326105880115,0.00012292491227566018,64,64,"(3, 5)",,,,,128,5,0.27951771131840636,19,1,Adam,,,,48.0,0.8402366863905325,0.8087934909593805,COMPLETE
73,0.8096663873344024,2026-09-29 12:54:07.563773,2026-09-29 12:54:13.498199,0 days 00:00:05.934426,0.8809616237748429,0.9079720843410999,0.001214856534552178,0.0003198666550269604,64,64,"(3, 5)",,,,,128,5,0.35334499744207837,23,1,Adam,,,,49.0,0.8284023668639053,0.7909304078048995,COMPLETE
74,0.7948357485026144,2026-09-29 12:54:13.634930,2026-09-29 12:54:19.499443,0 days 00:00:05.864513,0.8900585199767448,0.921477159349354,0.0022322848142243747,0.0006432362093071163,64,64,"(3, 5)",,,,,128,5,0.3982161391805087,14,1,Adam,,,,45.0,0.8106508875739645,0.7790206094312643,COMPLETE
75,0.35639627618926895,2026-09-29 12:54:19.634637,2026-09-29 12:54:20.831698,0 days 00:00:01.197061,0.8939784599668438,0.928925173988821,0.00038495070675745606,7.021612273611655e-05,64,16,"(3, 5)",,,,,128,5,0.459957838478528,17,1,Adam,,,,,,,PRUNED
76,0.5037800567512943,2026-09-29 12:54:20.970464,2026-09-29 12:54:23.599862,0 days 00:00:02.629398,0.872456837480848,0.962946025283124,0.00261428348121513,0.00040352928248210213,64,64,"(3, 5)",32.0,"(3, 7)",8.0,"(3, 5)",128,5,0.477674466541811,25,3,Adam,,,,,,,PRUNED
