number,value,datetime_start,datetime_complete,duration,params_adam_beta1,params_adam_beta2,params_adam_lr,params_adam_wd,params_batch_size,params_block_0_filters,params_block_0_kernel_pair,params_block_1_filters,params_block_1_kernel_pair,params_block_2_filters,params_block_2_kernel_pair,params_first_conv_filters,params_first_conv_kernel_width,params_lr_decay,params_lr_step_size,params_n_blocks,params_optimizer,params_sgd_lr,params_sgd_momentum,params_sgd_wd,user_attrs_best_epoch,user_attrs_validation_accuracy,user_attrs_validation_macro_f1,system_attrs_tpe:relative_params:0,state
83,0.37596010724522955,2026-09-27 06:32:10.151090,2026-09-27 06:32:12.298212,0 days 00:00:02.147122,0.9411151379946086,0.9334750873523847,0.0007635427684058148,7.276877501827e-05,200,64,"(3, 5)",16.0,"(3, 5)",32.0,"(3, 7)",64,7,0.41852079258187846,40,3,Adam,,,,,,,"{""batch_size"": 200, ""block_0_filters"": 64, ""block_0_kernel_pair"": ""(3, 5)"", ""first_conv_filters"": 64, ""first_conv_kernel_width"": 7, ""lr_decay"": 0.41852079258187846, ""lr_step_size"": 40, ""n_blocks"": 3, ""optimizer"": ""Adam""}",PRUNED
84,0.4533200726217407,2026-09-27 06:32:12.403798,2026-09-27 06:32:15.910792,0 days 00:00:03.506994,0.8796699919683766,0.9190533417794328,0.0005238585008694663,0.0001449753211096611,200,64,"(3, 7)",64.0,"(3, 7)",8.0,"(3, 7)",128,7,0.4944405494633804,15,3,Adam,,,,,,,"{""batch_size"": 200, ""block_0_filters"": 64, ""block_0_kernel_pair"": ""(3, 7)"", ""first_conv_filters"": 128, ""first_conv_kernel_width"": 7, ""lr_decay"": 0.4944405494633804, ""lr_step_size"": 15, ""n_blocks"": 3, ""optimizer"": ""Adam""}",PRUNED
85,0.5445346533808073,2026-09-27 06:32:16.007459,2026-09-27 06:32:17.731378,0 days 00:00:01.723919,0.860689048335574,0.9243914029442396,0.00038082174003092753,0.0002937766607322036,128,64,"(3, 7)",64.0,"(3, 5)",64.0,"(3, 7)",16,5,0.14037961469651208,39,3,Adam,,,,,,,"{""batch_size"": 128, ""block_0_filters"": 64, ""block_0_kernel_pair"": ""(3, 7)"", ""first_conv_filters"": 16, ""first_conv_kernel_width"": 5, ""lr_decay"": 0.14037961469651208, ""lr_step_size"": 39, ""n_blocks"": 3, ""optimizer"": ""Adam""}",PRUNED
86,0.6023664586262247,2026-09-27 06:32:17.840647,2026-09-27 06:32:20.376932,0 days 00:00:02.536285,0.8869314458694124,0.9503128525441273,0.001293867288960348,1.2493676300712002e-05,200,64,"(3, 7)",64.0,"(3, 7)",32.0,"(5, 7)",32,7,0.057724122438954695,35,3,Adam,,,,,,,"{""batch_size"": 200, ""block_0_filters"": 64, ""block_0_kernel_pair"": ""(3, 7)"", ""first_conv_filters"": 32, ""first_conv_kernel_width"": 7, ""lr_decay"": 0.057724122438954695, ""lr_step_size"": 35, ""n_blocks"": 3, ""optimizer"": ""Adam""}",PRUNED
87,0.4526868031137171,2026-09-27 06:32:20.482753,2026-09-27 06:32:22.655899,0 days 00:00:02.173146,0.8692767867399038,0.9402122873695141,0.0009225080484659609,0.0007186555413726978,128,64,"(3, 7)",16.0,"(3, 5)",16.0,"(3, 7)",64,5,0.09825319820305821,39,3,Adam,,,,,,,"{""batch_size"": 128, ""block_0_filters"": 64, ""block_0_kernel_pair"": ""(3, 7)"", ""first_conv_filters"": 64, ""first_conv_kernel_width"": 5, ""lr_decay"": 0.09825319820305821, ""lr_step_size"": 39, ""n_blocks"": 3, ""optimizer"": ""Adam""}",PRUNED
88,0.33878605346478063,2026-09-27 06:32:22.782234,2026-09-27 06:32:24.862710,0 days 00:00:02.080476,0.89042514984074,0.9309808856603751,0.0006526881593051273,5.897893247358937e-05,200,64,"(3, 7)",8.0,"(5, 7)",,,64,7,0.44788952299474205,15,2,Adam,,,,,,,"{""batch_size"": 200, ""block_0_filters"": 64, ""block_0_kernel_pair"": ""(3, 7)"", ""first_conv_filters"": 64, ""first_conv_kernel_width"": 7, ""lr_decay"": 0.44788952299474205, ""lr_step_size"": 15, ""n_blocks"": 2, ""optimizer"": ""Adam""}",PRUNED
89,0.4963193855430651,2026-09-27 06:32:24.958560,2026-09-27 06:32:26.800245,0 days 00:00:01.841685,0.8729904735192172,0.9875035449860318,0.0007860473368209311,2.3403334856342564e-05,200,64,"(3, 7)",64.0,"(3, 7)",32.0,"(3, 7)",32,7,0.11163188097721005,34,3,Adam,,,,,,,"{""batch_size"": 200, ""block_0_filters"": 64, ""block_0_kernel_pair"": ""(3, 7)"", ""first_conv_filters"": 32, ""first_conv_kernel_width"": 7, ""lr_decay"": 0.11163188097721005, ""lr_step_size"": 34, ""n_blocks"": 3, ""optimizer"": ""Adam""}",PRUNED
90,0.2145035113281681,2026-09-27 06:32:26.910672,2026-09-27 06:32:28.977388,0 days 00:00:02.066716,0.8574244347598945,0.9153143482382726,0.00012329424176089036,0.00022785638324245564,200,16,"(3, 7)",32.0,"(3, 5)",32.0,"(5, 7)",64,7,0.4989184067760362,22,3,Adam,,,,,,,"{""batch_size"": 200, ""block_0_filters"": 16, ""block_0_kernel_pair"": ""(3, 7)"", ""first_conv_filters"": 64, ""first_conv_kernel_width"": 7, ""lr_decay"": 0.4989184067760362, ""lr_step_size"": 22, ""n_blocks"": 3, ""optimizer"": ""Adam""}",PRUNED
91,0.8892054644387789,2026-09-27 06:32:29.075193,2026-09-27 06:32:45.760465,0 days 00:00:16.685272,0.8774745820808276,0.9790343053392742,0.0006009187865534377,0.00032188496463473546,200,64,"(3, 7)",64.0,"(3, 5)",32.0,"(3, 7)",128,7,0.35056583781862183,19,3,Adam,,,,49.0,0.8816568047337278,0.89675412414383,"{""batch_size"": 200, ""block_0_filters"": 64, ""block_0_kernel_pair"": ""(3, 7)"", ""first_conv_filters"": 128, ""first_conv_kernel_width"": 7, ""lr_decay"": 0.35056583781862183, ""lr_step_size"": 19, ""n_blocks"": 3, ""optimizer"": ""Adam""}",COMPLETE
92,0.4743290575726248,2026-09-27 06:32:45.857589,2026-09-27 06:32:49.385603,0 days 00:00:03.528014,0.8777664430288632,0.9725074032429839,0.0005159105312479943,0.000371930582009658,200,64,"(3, 7)",64.0,"(3, 5)",32.0,"(3, 7)",128,7,0.10189237662848508,36,3,Adam,,,,,,,"{""batch_size"": 200, ""block_0_filters"": 64, ""block_0_kernel_pair"": ""(3, 7)"", ""first_conv_filters"": 128, ""first_conv_kernel_width"": 7, ""lr_decay"": 0.10189237662848508, ""lr_step_size"": 36, ""n_blocks"": 3, ""optimizer"": ""Adam""}",PRUNED
93,0.5103359146793565,2026-09-27 06:32:49.471686,2026-09-27 06:32:52.970358,0 days 00:00:03.498672,0.8840676204846359,0.9787279789842882,0.0005908674899620682,0.0005697611731839058,200,64,"(3, 7)",64.0,"(3, 5)",32.0,"(3, 7)",128,7,0.25017563287782907,22,3,Adam,,,,,,,"{""batch_size"": 200, ""block_0_filters"": 64, ""block_0_kernel_pair"": ""(3, 7)"", ""first_conv_filters"": 128, ""first_conv_kernel_width"": 7, ""lr_decay"": 0.25017563287782907, ""lr_step_size"": 22, ""n_blocks"": 3, ""optimizer"": ""Adam""}",PRUNED
94,0.5258329647219031,2026-09-27 06:32:53.072326,2026-09-27 06:32:56.534456,0 days 00:00:03.462130,0.8625872016905771,0.9845269125371214,0.000707745146138107,0.0001309474340219743,200,64,"(3, 5)",64.0,"(3, 5)",32.0,"(3, 7)",128,7,0.3815369563549709,17,3,Adam,,,,,,,"{""batch_size"": 200, ""block_0_filters"": 64, ""block_0_kernel_pair"": ""(3, 5)"", ""first_conv_filters"": 128, ""first_conv_kernel_width"": 7, ""lr_decay"": 0.3815369563549709, ""lr_step_size"": 17, ""n_blocks"": 3, ""optimizer"": ""Adam""}",PRUNED
95,0.3855935641326459,2026-09-27 06:32:56.638163,2026-09-27 06:33:00.251674,0 days 00:00:03.613511,0.8808562573121907,0.9793660961377473,0.0073008622763455384,0.00016782411678710327,200,64,"(3, 7)",64.0,"(3, 5)",64.0,"(3, 7)",128,7,0.48669277459529336,21,3,Adam,,,,,,,"{""batch_size"": 200, ""block_0_filters"": 64, ""block_0_kernel_pair"": ""(3, 7)"", ""first_conv_filters"": 128, ""first_conv_kernel_width"": 7, ""lr_decay"": 0.48669277459529336, ""lr_step_size"": 21, ""n_blocks"": 3, ""optimizer"": ""Adam""}",PRUNED
96,0.8603194676950333,2026-09-27 06:33:00.365809,2026-09-27 06:33:17.226580,0 days 00:00:16.860771,0.8687151606109323,0.9667397414097304,0.0008939876613027208,0.00042043474361515407,200,64,"(3, 7)",64.0,"(3, 7)",32.0,"(3, 5)",128,7,0.05649517056971455,37,3,Adam,,,,49.0,0.8579881656804734,0.8626507697095932,"{""batch_size"": 200, ""block_0_filters"": 64, ""block_0_kernel_pair"": ""(3, 7)"", ""first_conv_filters"": 128, ""first_conv_kernel_width"": 7, ""lr_decay"": 0.05649517056971455, ""lr_step_size"": 37, ""n_blocks"": 3, ""optimizer"": ""Adam""}",COMPLETE
97,0.4926652689195642,2026-09-27 06:33:17.321447,2026-09-27 06:33:20.838493,0 days 00:00:03.517046,0.8755221055586416,0.9944086057555779,0.00047100200354262343,0.00027415357284609767,200,64,"(3, 7)",64.0,"(3, 5)",32.0,"(3, 7)",128,7,0.11051678415509222,17,3,Adam,,,,,,,"{""batch_size"": 200, ""block_0_filters"": 64, ""block_0_kernel_pair"": ""(3, 7)"", ""first_conv_filters"": 128, ""first_conv_kernel_width"": 7, ""lr_decay"": 0.11051678415509222, ""lr_step_size"": 17, ""n_blocks"": 3, ""optimizer"": ""Adam""}",PRUNED
98,0.49244261148171187,2026-09-27 06:33:20.941402,2026-09-27 06:33:24.244282,0 days 00:00:03.302880,0.8539156280641832,0.9226150830289443,0.0011219176591520407,6.952950778912141e-05,200,64,"(3, 7)",16.0,"(3, 7)",32.0,"(3, 7)",128,7,0.2537167147127557,18,3,Adam,,,,,,,"{""batch_size"": 200, ""block_0_filters"": 64, ""block_0_kernel_pair"": ""(3, 7)"", ""first_conv_filters"": 128, ""first_conv_kernel_width"": 7, ""lr_decay"": 0.2537167147127557, ""lr_step_size"": 18, ""n_blocks"": 3, ""optimizer"": ""Adam""}",PRUNED
99,0.6524936607563807,2026-09-27 06:33:24.353753,2026-09-27 06:33:27.533196,0 days 00:00:03.179443,0.9216162848488896,0.989469742422659,0.0010213671647834354,0.0003313248224362836,256,64,"(3, 5)",64.0,"(3, 5)",32.0,"(5, 7)",64,7,0.4780283807371788,33,3,Adam,,,,,,,"{""batch_size"": 256, ""block_0_filters"": 64, ""block_0_kernel_pair"": ""(3, 5)"", ""first_conv_filters"": 64, ""first_conv_kernel_width"": 7, ""lr_decay"": 0.4780283807371788, ""lr_step_size"": 33, ""n_blocks"": 3, ""optimizer"": ""Adam""}",PRUNED
