number,value,datetime_start,datetime_complete,duration,params_adam_beta1,params_adam_beta2,params_adam_lr,params_adam_wd,params_batch_size,params_block_0_filters,params_block_0_kernel_pair,params_block_1_filters,params_block_1_kernel_pair,params_block_2_filters,params_block_2_kernel_pair,params_first_conv_filters,params_first_conv_kernel_width,params_lr_decay,params_lr_step_size,params_n_blocks,params_optimizer,params_sgd_lr,params_sgd_momentum,params_sgd_wd,user_attrs_best_epoch,user_attrs_validation_accuracy,user_attrs_validation_macro_f1,system_attrs_tpe:relative_params:0,state
0,0.6953238223974848,2026-09-27 06:22:04.860835,2026-09-27 06:22:13.333952,0 days 00:00:08.473117,0.9828439752154666,0.9964666401041485,0.00021930485556643703,1.8205657658407268e-06,128,64,"(3, 5)",32.0,"(3, 7)",64.0,"(5, 7)",32,3,0.1870761961280168,35,3,Adam,,,,50.0,0.7100591715976331,0.6805884731973365,,COMPLETE
1,0.34168083130129745,2026-09-27 06:22:13.434826,2026-09-27 06:22:22.781353,0 days 00:00:09.346527,,,,,256,16,"(5, 7)",64.0,"(5, 7)",,,64,3,0.49409912147023277,12,2,SGD,0.004247058562261873,0.7408680252426811,0.0016172900811143157,31.0,0.33727810650887574,0.34608355609371916,,COMPLETE
2,0.23726496686402349,2026-09-27 06:22:22.873678,2026-09-27 06:22:32.053022,0 days 00:00:09.179344,,,,,128,8,"(5, 7)",64.0,"(3, 7)",,,64,7,0.191460191484347,29,2,SGD,0.00011919481947918739,0.7312885138280583,1.3357240411974112e-06,20.0,0.3076923076923077,0.16683762603573923,,COMPLETE
3,0.22403988300000982,2026-09-27 06:22:32.157830,2026-09-27 06:22:38.647878,0 days 00:00:06.490048,,,,,256,64,"(5, 7)",64.0,"(3, 7)",,,16,5,0.19544131940933984,39,2,SGD,0.00046379219034580355,0.734760956526768,2.2410971619109514e-05,25.0,0.23668639053254437,0.21139337546747528,,COMPLETE
4,0.18362997158386551,2026-09-27 06:22:38.751675,2026-09-27 06:22:44.689281,0 days 00:00:05.937606,,,,,128,32,"(5, 7)",32.0,"(3, 5)",,,16,7,0.06834881369964377,15,2,SGD,0.00018658181360124853,0.942237723720879,1.91920011015619e-05,15.0,0.1834319526627219,0.18382799050500914,,COMPLETE
5,0.7172047640149124,2026-09-27 06:22:44.804904,2026-09-27 06:23:00.248989,0 days 00:00:15.444085,0.9591825764200673,0.9641389614508133,0.0062261634823634615,0.0035346441441965848,64,16,"(3, 7)",64.0,"(3, 5)",,,128,5,0.1227329213425762,12,2,Adam,,,,42.0,0.7159763313609467,0.7184331966688781,,COMPLETE
6,0.2170836594296855,2026-09-27 06:23:00.338085,2026-09-27 06:23:01.614515,0 days 00:00:01.276430,,,,,200,32,"(3, 5)",16.0,"(3, 5)",16.0,"(5, 7)",16,3,0.46168897559920186,39,3,SGD,0.008638073353835195,0.7513620970280441,0.005778755734457461,,,,,PRUNED
7,0.557270329385714,2026-09-27 06:23:01.699858,2026-09-27 06:23:05.692785,0 days 00:00:03.992927,0.9475822037393375,0.9701781599903122,0.0056852051903320934,0.0009184900818511545,256,16,"(5, 7)",,,,,16,5,0.18211632991902205,21,1,Adam,,,,49.0,0.5680473372781065,0.5464933214933215,,COMPLETE
8,0.5155955961471201,2026-09-27 06:23:05.789796,2026-09-27 06:23:16.256195,0 days 00:00:10.466399,,,,,200,32,"(3, 7)",64.0,"(5, 7)",,,64,7,0.29328580472454796,26,2,SGD,0.007390459262954656,0.7247507648481927,1.6096330648219384e-06,46.0,0.5207100591715976,0.5104811331226425,,COMPLETE
9,0.0983612191237192,2026-09-27 06:23:16.341005,2026-09-27 06:23:17.684180,0 days 00:00:01.343175,,,,,256,8,"(5, 7)",32.0,"(3, 7)",32.0,"(3, 5)",32,7,0.12794084145950685,24,3,SGD,0.0026455835850385506,0.7283719065887904,9.25685584198963e-05,,,,,PRUNED
10,0.33349193192735593,2026-09-27 06:23:17.789206,2026-09-27 06:23:24.827426,0 days 00:00:07.038220,0.8517235637390912,0.9028449812848832,0.008553371098883598,0.00668274470245629,64,32,"(3, 7)",8.0,"(3, 5)",,,128,5,0.08717888618338851,30,2,Adam,,,,,,,"{""batch_size"": 64, ""block_0_filters"": 32, ""block_0_kernel_pair"": ""(3, 7)"", ""first_conv_filters"": 128, ""first_conv_kernel_width"": 5, ""lr_decay"": 0.08717888618338851, ""lr_step_size"": 30, ""n_blocks"": 2, ""optimizer"": ""Adam""}",PRUNED
11,0.23952185720723906,2026-09-27 06:23:24.924577,2026-09-27 06:23:26.581558,0 days 00:00:01.656981,0.98226453128857,0.9972230608180617,0.0001228386182541863,1.1654604771505855e-06,128,64,"(3, 7)",32.0,"(3, 5)",,,32,3,0.16451925686204188,25,2,Adam,,,,,,,"{""batch_size"": 128, ""block_0_filters"": 64, ""block_0_kernel_pair"": ""(3, 7)"", ""first_conv_filters"": 32, ""first_conv_kernel_width"": 3, ""lr_decay"": 0.16451925686204188, ""lr_step_size"": 25, ""n_blocks"": 2, ""optimizer"": ""Adam""}",PRUNED
12,0.7800238344142554,2026-09-27 06:23:26.681085,2026-09-27 06:23:37.463070,0 days 00:00:10.781985,0.9658634277656869,0.9633251537319909,0.0004569187907682739,9.522548002348457e-06,128,64,"(3, 5)",16.0,"(3, 7)",64.0,"(5, 7)",64,5,0.19573648372727184,35,3,Adam,,,,36.0,0.7928994082840237,0.7671482605444869,"{""batch_size"": 128, ""block_0_filters"": 64, ""block_0_kernel_pair"": ""(3, 5)"", ""first_conv_filters"": 64, ""first_conv_kernel_width"": 5, ""lr_decay"": 0.19573648372727184, ""lr_step_size"": 35, ""n_blocks"": 3, ""optimizer"": ""Adam""}",COMPLETE
13,0.8177493109516918,2026-09-27 06:23:37.567364,2026-09-27 06:23:47.920446,0 days 00:00:10.353082,0.9325437902584063,0.9529932412736779,0.0009747417604810698,5.039156628791327e-05,200,64,"(3, 5)",16.0,"(3, 7)",64.0,"(3, 7)",64,5,0.281233264359971,32,3,Adam,,,,32.0,0.8165680473372781,0.8189305745661056,"{""batch_size"": 200, ""block_0_filters"": 64, ""block_0_kernel_pair"": ""(3, 5)"", ""first_conv_filters"": 64, ""first_conv_kernel_width"": 5, ""lr_decay"": 0.281233264359971, ""lr_step_size"": 32, ""n_blocks"": 3, ""optimizer"": ""Adam""}",COMPLETE
14,0.880593028269683,2026-09-27 06:23:48.012637,2026-09-27 06:23:58.893226,0 days 00:00:10.880589,0.9182236958999204,0.9435546786837871,0.0007429118755525648,3.7601458670818396e-05,128,64,"(3, 7)",16.0,"(3, 7)",64.0,"(3, 7)",64,5,0.10696815907093088,38,3,Adam,,,,49.0,0.8875739644970414,0.8736120920423246,"{""batch_size"": 128, ""block_0_filters"": 64, ""block_0_kernel_pair"": ""(3, 7)"", ""first_conv_filters"": 64, ""first_conv_kernel_width"": 5, ""lr_decay"": 0.10696815907093088, ""lr_step_size"": 38, ""n_blocks"": 3, ""optimizer"": ""Adam""}",COMPLETE
15,0.6833279786995563,2026-09-27 06:23:58.988222,2026-09-27 06:24:07.641900,0 days 00:00:08.653678,0.9154840681755094,0.9335887158169218,0.0012027906411716685,8.57214001922168e-05,200,16,"(3, 7)",16.0,"(3, 7)",,,64,5,0.271176975518777,32,2,Adam,,,,50.0,0.7041420118343196,0.662513945564793,"{""batch_size"": 200, ""block_0_filters"": 16, ""block_0_kernel_pair"": ""(3, 7)"", ""first_conv_filters"": 64, ""first_conv_kernel_width"": 5, ""lr_decay"": 0.271176975518777, ""lr_step_size"": 32, ""n_blocks"": 2, ""optimizer"": ""Adam""}",COMPLETE
16,0.8180783436670407,2026-09-27 06:24:07.741104,2026-09-27 06:24:14.510662,0 days 00:00:06.769558,0.9139992620111559,0.9379081101619172,0.001308686962497522,5.925538804919044e-05,200,64,"(3, 5)",16.0,"(3, 7)",,,32,5,0.38737715758268493,36,2,Adam,,,,47.0,0.8165680473372781,0.8195886399968032,"{""batch_size"": 200, ""block_0_filters"": 64, ""block_0_kernel_pair"": ""(3, 5)"", ""first_conv_filters"": 32, ""first_conv_kernel_width"": 5, ""lr_decay"": 0.38737715758268493, ""lr_step_size"": 36, ""n_blocks"": 2, ""optimizer"": ""Adam""}",COMPLETE
17,0.8485543760269034,2026-09-27 06:24:14.605409,2026-09-27 06:24:21.371239,0 days 00:00:06.765830,0.8994606255395615,0.9301395156199914,0.002166257757768021,0.00011059745406211271,128,64,"(3, 7)",16.0,"(3, 7)",8.0,"(3, 7)",16,5,0.4636347563753857,37,3,Adam,,,,49.0,0.8757396449704142,0.8213691070833927,"{""batch_size"": 128, ""block_0_filters"": 64, ""block_0_kernel_pair"": ""(3, 7)"", ""first_conv_filters"": 16, ""first_conv_kernel_width"": 5, ""lr_decay"": 0.4636347563753857, ""lr_step_size"": 37, ""n_blocks"": 3, ""optimizer"": ""Adam""}",COMPLETE
18,0.18131635950746736,2026-09-27 06:24:21.462087,2026-09-27 06:24:23.585567,0 days 00:00:02.123480,,,,,128,64,"(3, 7)",8.0,"(5, 7)",,,64,5,0.09633686943844505,38,2,SGD,0.0843965636487633,0.980555903199134,0.0002749718944288534,,,,"{""batch_size"": 128, ""block_0_filters"": 64, ""block_0_kernel_pair"": ""(3, 7)"", ""first_conv_filters"": 64, ""first_conv_kernel_width"": 5, ""lr_decay"": 0.09633686943844505, ""lr_step_size"": 38, ""n_blocks"": 2, ""optimizer"": ""SGD""}",PRUNED
19,0.33102154521723914,2026-09-27 06:24:23.708596,2026-09-27 06:24:25.891133,0 days 00:00:02.182537,,,,,128,64,"(3, 7)",16.0,"(3, 7)",8.0,"(3, 7)",64,5,0.423265973484284,39,3,SGD,0.09826740452177549,0.8388387680924202,0.0008146108958096036,,,,"{""batch_size"": 128, ""block_0_filters"": 64, ""block_0_kernel_pair"": ""(3, 7)"", ""first_conv_filters"": 64, ""first_conv_kernel_width"": 5, ""lr_decay"": 0.423265973484284, ""lr_step_size"": 39, ""n_blocks"": 3, ""optimizer"": ""SGD""}",PRUNED
20,0.8061256533889889,2026-09-27 06:24:25.997659,2026-09-27 06:24:32.218797,0 days 00:00:06.221138,0.8848241110337466,0.9177548746248707,0.002588702203010172,0.0005052417426597318,128,64,"(3, 7)",16.0,"(3, 7)",,,16,3,0.3110218070517793,38,2,Adam,,,,48.0,0.8402366863905325,0.7720146203874452,"{""batch_size"": 128, ""block_0_filters"": 64, ""block_0_kernel_pair"": ""(3, 7)"", ""first_conv_filters"": 16, ""first_conv_kernel_width"": 3, ""lr_decay"": 0.3110218070517793, ""lr_step_size"": 38, ""n_blocks"": 2, ""optimizer"": ""Adam""}",COMPLETE
21,0.21177157259654725,2026-09-27 06:24:32.311441,2026-09-27 06:24:33.393238,0 days 00:00:01.081797,0.8988618263805637,0.9353575713528808,0.0013768125630464602,5.7673448559226555e-05,256,16,"(3, 7)",16.0,"(3, 7)",8.0,"(3, 7)",16,5,0.39482845839394703,32,3,Adam,,,,,,,"{""batch_size"": 256, ""block_0_filters"": 16, ""block_0_kernel_pair"": ""(3, 7)"", ""first_conv_filters"": 16, ""first_conv_kernel_width"": 5, ""lr_decay"": 0.39482845839394703, ""lr_step_size"": 32, ""n_blocks"": 3, ""optimizer"": ""Adam""}",PRUNED
22,0.8186846365634399,2026-09-27 06:24:33.500921,2026-09-27 06:24:43.109792,0 days 00:00:09.608871,0.9080784500661673,0.9377503742624468,0.002513199114821372,1.4677960018045772e-05,256,64,"(3, 7)",16.0,"(3, 7)",,,64,5,0.2616212380433727,38,2,Adam,,,,40.0,0.8106508875739645,0.8267183855529152,"{""batch_size"": 256, ""block_0_filters"": 64, ""block_0_kernel_pair"": ""(3, 7)"", ""first_conv_filters"": 64, ""first_conv_kernel_width"": 5, ""lr_decay"": 0.2616212380433727, ""lr_step_size"": 38, ""n_blocks"": 2, ""optimizer"": ""Adam""}",COMPLETE
23,0.40590353118364103,2026-09-27 06:24:43.203349,2026-09-27 06:24:44.717580,0 days 00:00:01.514231,0.8806737400122611,0.9211395864820278,0.0026574342394862635,9.053881339361234e-06,128,32,"(3, 7)",16.0,"(3, 7)",8.0,"(3, 7)",16,5,0.24905837944443657,30,3,Adam,,,,,,,"{""batch_size"": 128, ""block_0_filters"": 32, ""block_0_kernel_pair"": ""(3, 7)"", ""first_conv_filters"": 16, ""first_conv_kernel_width"": 5, ""lr_decay"": 0.24905837944443657, ""lr_step_size"": 30, ""n_blocks"": 3, ""optimizer"": ""Adam""}",PRUNED
24,0.8142113263501503,2026-09-27 06:24:44.824092,2026-09-27 06:24:54.626232,0 days 00:00:09.802140,0.9181908009859299,0.9474576330831058,0.0031524673808903873,9.961993654827471e-06,256,64,"(3, 7)",16.0,"(3, 7)",16.0,"(3, 7)",64,5,0.32358480163411,27,3,Adam,,,,48.0,0.8224852071005917,0.8059374455997089,"{""batch_size"": 256, ""block_0_filters"": 64, ""block_0_kernel_pair"": ""(3, 7)"", ""first_conv_filters"": 64, ""first_conv_kernel_width"": 5, ""lr_decay"": 0.32358480163411, ""lr_step_size"": 27, ""n_blocks"": 3, ""optimizer"": ""Adam""}",COMPLETE
25,0.20145783351934587,2026-09-27 06:24:54.737206,2026-09-27 06:24:56.789581,0 days 00:00:02.052375,0.8983905183820239,0.9217782057639091,0.0004790203587242377,0.0003166346013482161,256,64,"(3, 7)",8.0,"(5, 7)",,,64,7,0.2051665614048259,40,2,Adam,,,,,,,"{""batch_size"": 256, ""block_0_filters"": 64, ""block_0_kernel_pair"": ""(3, 7)"", ""first_conv_filters"": 64, ""first_conv_kernel_width"": 7, ""lr_decay"": 0.2051665614048259, ""lr_step_size"": 40, ""n_blocks"": 2, ""optimizer"": ""Adam""}",PRUNED
26,0.31298825339710923,2026-09-27 06:24:56.892893,2026-09-27 06:24:58.287052,0 days 00:00:01.394159,0.9356101673040882,0.9478096340745271,0.000633477930169565,1.9805846277563246e-05,128,32,"(3, 7)",16.0,"(3, 7)",32.0,"(3, 5)",16,5,0.4855321262549652,36,3,Adam,,,,,,,"{""batch_size"": 128, ""block_0_filters"": 32, ""block_0_kernel_pair"": ""(3, 7)"", ""first_conv_filters"": 16, ""first_conv_kernel_width"": 5, ""lr_decay"": 0.4855321262549652, ""lr_step_size"": 36, ""n_blocks"": 3, ""optimizer"": ""Adam""}",PRUNED
27,0.2663267696234729,2026-09-27 06:24:58.381874,2026-09-27 06:25:00.863517,0 days 00:00:02.481643,,,,,64,64,"(3, 7)",16.0,"(3, 7)",8.0,"(3, 7)",64,5,0.050825683754617476,38,3,SGD,0.0009623864666151912,0.8694926515460664,0.009793426963839478,,,,"{""batch_size"": 64, ""block_0_filters"": 64, ""block_0_kernel_pair"": ""(3, 7)"", ""first_conv_filters"": 64, ""first_conv_kernel_width"": 5, ""lr_decay"": 0.050825683754617476, ""lr_step_size"": 38, ""n_blocks"": 3, ""optimizer"": ""SGD""}",PRUNED
28,0.8408995792917238,2026-09-27 06:25:00.971699,2026-09-27 06:25:11.681920,0 days 00:00:10.710221,0.8685691660351174,0.9290171212215087,0.003670597189899339,0.0002167787511333666,128,64,"(3, 7)",16.0,"(3, 7)",64.0,"(3, 7)",64,5,0.08526470032691853,36,3,Adam,,,,50.0,0.8579881656804734,0.823810992902974,"{""batch_size"": 128, ""block_0_filters"": 64, ""block_0_kernel_pair"": ""(3, 7)"", ""first_conv_filters"": 64, ""first_conv_kernel_width"": 5, ""lr_decay"": 0.08526470032691853, ""lr_step_size"": 36, ""n_blocks"": 3, ""optimizer"": ""Adam""}",COMPLETE
29,0.5339984564343538,2026-09-27 06:25:11.770767,2026-09-27 06:25:15.036813,0 days 00:00:03.266046,0.8588560368334104,0.9118458323501172,0.0048740217965618235,0.00024739322997232866,128,64,"(5, 7)",16.0,"(3, 7)",64.0,"(3, 7)",64,3,0.11524830607233902,39,3,Adam,,,,,,,"{""batch_size"": 128, ""block_0_filters"": 64, ""block_0_kernel_pair"": ""(5, 7)"", ""first_conv_filters"": 64, ""first_conv_kernel_width"": 3, ""lr_decay"": 0.11524830607233902, ""lr_step_size"": 39, ""n_blocks"": 3, ""optimizer"": ""Adam""}",PRUNED
30,0.8296956539730572,2026-09-27 06:25:15.126114,2026-09-27 06:25:25.754455,0 days 00:00:10.628341,0.8706086070838228,0.9277718466859535,0.001971849861365611,0.00015270736956748732,128,64,"(3, 7)",8.0,"(5, 7)",64.0,"(3, 7)",64,7,0.24829288176464545,37,3,Adam,,,,46.0,0.8402366863905325,0.8191546215555819,"{""batch_size"": 128, ""block_0_filters"": 64, ""block_0_kernel_pair"": ""(3, 7)"", ""first_conv_filters"": 64, ""first_conv_kernel_width"": 7, ""lr_decay"": 0.24829288176464545, ""lr_step_size"": 37, ""n_blocks"": 3, ""optimizer"": ""Adam""}",COMPLETE
31,0.8200412178177268,2026-09-27 06:25:25.849831,2026-09-27 06:25:36.440029,0 days 00:00:10.590198,0.8701988774409236,0.9272596599454149,0.0017325344190285046,0.00017016790187012896,128,64,"(3, 7)",8.0,"(5, 7)",64.0,"(3, 7)",64,5,0.057032169481092104,34,3,Adam,,,,48.0,0.8579881656804734,0.7820942699549802,"{""batch_size"": 128, ""block_0_filters"": 64, ""block_0_kernel_pair"": ""(3, 7)"", ""first_conv_filters"": 64, ""first_conv_kernel_width"": 5, ""lr_decay"": 0.057032169481092104, ""lr_step_size"": 34, ""n_blocks"": 3, ""optimizer"": ""Adam""}",COMPLETE
32,0.35542147851392103,2026-09-27 06:25:36.539545,2026-09-27 06:25:38.810785,0 days 00:00:02.271240,,,,,128,64,"(3, 7)",8.0,"(5, 7)",64.0,"(3, 7)",64,5,0.1602477093678169,38,3,SGD,0.019543965462429976,0.8150933776609267,1.0458172553768422e-05,,,,"{""batch_size"": 128, ""block_0_filters"": 64, ""block_0_kernel_pair"": ""(3, 7)"", ""first_conv_filters"": 64, ""first_conv_kernel_width"": 5, ""lr_decay"": 0.1602477093678169, ""lr_step_size"": 38, ""n_blocks"": 3, ""optimizer"": ""SGD""}",PRUNED
33,0.8168472212156386,2026-09-27 06:25:38.915761,2026-09-27 06:25:49.488727,0 days 00:00:10.572966,0.876437942729474,0.9303465143741986,0.0039211767880042514,0.0009663773289612631,128,64,"(3, 7)",8.0,"(5, 7)",64.0,"(3, 7)",64,7,0.3884522980507052,36,3,Adam,,,,40.0,0.8461538461538461,0.7875405962774311,"{""batch_size"": 128, ""block_0_filters"": 64, ""block_0_kernel_pair"": ""(3, 7)"", ""first_conv_filters"": 64, ""first_conv_kernel_width"": 7, ""lr_decay"": 0.3884522980507052, ""lr_step_size"": 36, ""n_blocks"": 3, ""optimizer"": ""Adam""}",COMPLETE
34,0.5997147299170735,2026-09-27 06:25:49.589611,2026-09-27 06:25:54.163721,0 days 00:00:04.574110,0.8643727971267366,0.9132537943002459,0.0019029252412458744,0.0001456378900477321,128,32,"(3, 7)",8.0,"(5, 7)",,,64,5,0.15168110236839466,34,2,Adam,,,,,,,"{""batch_size"": 128, ""block_0_filters"": 32, ""block_0_kernel_pair"": ""(3, 7)"", ""first_conv_filters"": 64, ""first_conv_kernel_width"": 5, ""lr_decay"": 0.15168110236839466, ""lr_step_size"": 34, ""n_blocks"": 2, ""optimizer"": ""Adam""}",PRUNED
35,0.8138183070490763,2026-09-27 06:25:54.253926,2026-09-27 06:26:02.956725,0 days 00:00:08.702799,0.8938785501491368,0.946771857791237,0.0008200663455081237,2.9225456208606366e-05,128,64,"(3, 7)",32.0,"(5, 7)",64.0,"(3, 7)",32,5,0.2771252954800607,39,3,Adam,,,,42.0,0.8284023668639053,0.7992342472342473,"{""batch_size"": 128, ""block_0_filters"": 64, ""block_0_kernel_pair"": ""(3, 7)"", ""first_conv_filters"": 32, ""first_conv_kernel_width"": 5, ""lr_decay"": 0.2771252954800607, ""lr_step_size"": 39, ""n_blocks"": 3, ""optimizer"": ""Adam""}",COMPLETE
36,0.8321552387615736,2026-09-27 06:26:03.053620,2026-09-27 06:26:14.803292,0 days 00:00:11.749672,0.8890896266421761,0.9271185596511987,0.0002954057670572604,0.0001302057193234846,128,64,"(3, 7)",64.0,"(3, 7)",64.0,"(3, 7)",64,7,0.15988596518631326,31,3,Adam,,,,31.0,0.8402366863905325,0.8240737911326147,"{""batch_size"": 128, ""block_0_filters"": 64, ""block_0_kernel_pair"": ""(3, 7)"", ""first_conv_filters"": 64, ""first_conv_kernel_width"": 7, ""lr_decay"": 0.15988596518631326, ""lr_step_size"": 31, ""n_blocks"": 3, ""optimizer"": ""Adam""}",COMPLETE
37,0.18623075575505954,2026-09-27 06:26:14.910880,2026-09-27 06:26:16.731378,0 days 00:00:01.820498,0.8918453127585338,0.9432713017974897,0.00030722259951693795,0.0007701462493982469,128,64,"(3, 7)",64.0,"(3, 7)",8.0,"(3, 5)",32,5,0.07752312776918165,27,3,Adam,,,,,,,"{""batch_size"": 128, ""block_0_filters"": 64, ""block_0_kernel_pair"": ""(3, 7)"", ""first_conv_filters"": 32, ""first_conv_kernel_width"": 5, ""lr_decay"": 0.07752312776918165, ""lr_step_size"": 27, ""n_blocks"": 3, ""optimizer"": ""Adam""}",PRUNED
38,0.8230132020194344,2026-09-27 06:26:16.823565,2026-09-27 06:26:29.573333,0 days 00:00:12.749768,0.9271587797901392,0.9583760150518378,0.0001931666429833499,3.0258971753952365e-05,64,64,"(3, 7)",64.0,"(3, 7)",64.0,"(3, 7)",64,7,0.13583246427462858,32,3,Adam,,,,49.0,0.834319526627219,0.8117068774116498,"{""batch_size"": 64, ""block_0_filters"": 64, ""block_0_kernel_pair"": ""(3, 7)"", ""first_conv_filters"": 64, ""first_conv_kernel_width"": 7, ""lr_decay"": 0.13583246427462858, ""lr_step_size"": 32, ""n_blocks"": 3, ""optimizer"": ""Adam""}",COMPLETE
39,0.32808291210716883,2026-09-27 06:26:29.673606,2026-09-27 06:26:31.736080,0 days 00:00:02.062474,0.9076706032641192,0.9076407501510301,0.00034344226443084187,4.425864996002735e-06,128,8,"(3, 7)",64.0,"(3, 7)",16.0,"(3, 7)",64,5,0.10680045361048049,33,3,Adam,,,,,,,"{""batch_size"": 128, ""block_0_filters"": 8, ""block_0_kernel_pair"": ""(3, 7)"", ""first_conv_filters"": 64, ""first_conv_kernel_width"": 5, ""lr_decay"": 0.10680045361048049, ""lr_step_size"": 33, ""n_blocks"": 3, ""optimizer"": ""Adam""}",PRUNED
40,0.8819653638084812,2026-09-27 06:26:31.834033,2026-09-27 06:26:42.998641,0 days 00:00:11.164608,0.8854498884264599,0.9236119612545511,0.000756452533759814,0.00010941480673837609,200,64,"(3, 7)",64.0,"(3, 7)",32.0,"(3, 7)",64,7,0.4931109739332535,31,3,Adam,,,,41.0,0.8875739644970414,0.8763567631199211,"{""batch_size"": 200, ""block_0_filters"": 64, ""block_0_kernel_pair"": ""(3, 7)"", ""first_conv_filters"": 64, ""first_conv_kernel_width"": 7, ""lr_decay"": 0.4931109739332535, ""lr_step_size"": 31, ""n_blocks"": 3, ""optimizer"": ""Adam""}",COMPLETE
41,0.8378925348156117,2026-09-27 06:26:43.087321,2026-09-27 06:26:54.225080,0 days 00:00:11.137759,0.8865338976919339,0.9233905397911049,0.0007368643708404799,9.032544952875493e-05,200,64,"(3, 7)",64.0,"(3, 7)",32.0,"(3, 7)",64,7,0.46172205103249914,25,3,Adam,,,,48.0,0.8520710059171598,0.8237140637140635,"{""batch_size"": 200, ""block_0_filters"": 64, ""block_0_kernel_pair"": ""(3, 7)"", ""first_conv_filters"": 64, ""first_conv_kernel_width"": 7, ""lr_decay"": 0.46172205103249914, ""lr_step_size"": 25, ""n_blocks"": 3, ""optimizer"": ""Adam""}",COMPLETE
42,0.8823799019338774,2026-09-27 06:26:54.319705,2026-09-27 06:27:05.587099,0 days 00:00:11.267394,0.878234659616847,0.9197315088029078,0.000746935987981801,8.851464403268314e-05,200,64,"(3, 7)",64.0,"(3, 7)",32.0,"(3, 7)",64,7,0.4648275757714716,20,3,Adam,,,,46.0,0.8875739644970414,0.8771858393707134,"{""batch_size"": 200, ""block_0_filters"": 64, ""block_0_kernel_pair"": ""(3, 7)"", ""first_conv_filters"": 64, ""first_conv_kernel_width"": 7, ""lr_decay"": 0.4648275757714716, ""lr_step_size"": 20, ""n_blocks"": 3, ""optimizer"": ""Adam""}",COMPLETE
