number,value,datetime_start,datetime_complete,duration,params_adam_beta1,params_adam_beta2,params_adam_lr,params_adam_wd,params_batch_size,params_block_0_filters,params_block_0_kernel_pair,params_block_1_filters,params_block_1_kernel_pair,params_block_2_filters,params_block_2_kernel_pair,params_first_conv_filters,params_first_conv_kernel_width,params_lr_decay,params_lr_step_size,params_n_blocks,params_optimizer,params_sgd_lr,params_sgd_momentum,params_sgd_wd,user_attrs_best_epoch,user_attrs_validation_accuracy,user_attrs_validation_macro_f1,system_attrs_tpe:relative_params:0,state
43,0.8842335897707925,2026-09-27 06:27:05.680101,2026-09-27 06:27:22.534866,0 days 00:00:16.854765,0.8730137334034651,0.9165516516566123,0.0005738792465047732,0.00041439262033961396,200,64,"(3, 7)",64.0,"(3, 7)",32.0,"(3, 7)",128,7,0.47840037915008654,19,3,Adam,,,,41.0,0.893491124260355,0.8749760552812299,"{""batch_size"": 200, ""block_0_filters"": 64, ""block_0_kernel_pair"": ""(3, 7)"", ""first_conv_filters"": 128, ""first_conv_kernel_width"": 7, ""lr_decay"": 0.47840037915008654, ""lr_step_size"": 19, ""n_blocks"": 3, ""optimizer"": ""Adam""}",COMPLETE
44,0.8783128597830244,2026-09-27 06:27:22.637852,2026-09-27 06:27:39.388454,0 days 00:00:16.750602,0.8789167973122457,0.9834199529860828,0.0005815910152246002,0.00042417317092533554,200,64,"(3, 7)",64.0,"(3, 5)",32.0,"(3, 7)",128,7,0.45098157078237083,18,3,Adam,,,,37.0,0.8757396449704142,0.8808860745956346,"{""batch_size"": 200, ""block_0_filters"": 64, ""block_0_kernel_pair"": ""(3, 7)"", ""first_conv_filters"": 128, ""first_conv_kernel_width"": 7, ""lr_decay"": 0.45098157078237083, ""lr_step_size"": 18, ""n_blocks"": 3, ""optimizer"": ""Adam""}",COMPLETE
45,0.8582413816630072,2026-09-27 06:27:39.486894,2026-09-27 06:27:50.421045,0 days 00:00:10.934151,0.8781900988345783,0.9821547798879086,0.0005195096820819352,0.0017626451448850148,200,64,"(3, 7)",64.0,"(3, 5)",32.0,"(3, 7)",64,7,0.4727261410858913,19,3,Adam,,,,50.0,0.8579881656804734,0.8584945976455411,"{""batch_size"": 200, ""block_0_filters"": 64, ""block_0_kernel_pair"": ""(3, 7)"", ""first_conv_filters"": 64, ""first_conv_kernel_width"": 7, ""lr_decay"": 0.4727261410858913, ""lr_step_size"": 19, ""n_blocks"": 3, ""optimizer"": ""Adam""}",COMPLETE
46,0.8884948636079858,2026-09-27 06:27:50.517886,2026-09-27 06:28:01.528309,0 days 00:00:11.010423,0.8573569553010914,0.9830517836871008,0.0009204488353653091,0.0003959872701731707,200,64,"(3, 7)",64.0,"(3, 5)",32.0,"(3, 7)",64,7,0.43192182969606346,32,3,Adam,,,,38.0,0.9053254437869822,0.8716642834289894,"{""batch_size"": 200, ""block_0_filters"": 64, ""block_0_kernel_pair"": ""(3, 7)"", ""first_conv_filters"": 64, ""first_conv_kernel_width"": 7, ""lr_decay"": 0.43192182969606346, ""lr_step_size"": 32, ""n_blocks"": 3, ""optimizer"": ""Adam""}",COMPLETE
47,0.8559538093626251,2026-09-27 06:28:01.642808,2026-09-27 06:28:12.911304,0 days 00:00:11.268496,0.8559670732837792,0.9021621211474071,0.0009147000791353876,0.0015170592792721185,200,64,"(3, 7)",64.0,"(3, 5)",32.0,"(5, 7)",64,7,0.49536224160648973,33,3,Adam,,,,50.0,0.893491124260355,0.8184164944648951,"{""batch_size"": 200, ""block_0_filters"": 64, ""block_0_kernel_pair"": ""(3, 7)"", ""first_conv_filters"": 64, ""first_conv_kernel_width"": 7, ""lr_decay"": 0.49536224160648973, ""lr_step_size"": 33, ""n_blocks"": 3, ""optimizer"": ""Adam""}",COMPLETE
48,0.4356724299371051,2026-09-27 06:28:13.002280,2026-09-27 06:28:15.348874,0 days 00:00:02.346594,0.8505652053589682,0.986535899971559,0.0003841788270902724,0.000564556483777316,200,64,"(3, 7)",64.0,"(3, 5)",32.0,"(3, 5)",64,7,0.4427111954481123,31,3,Adam,,,,,,,"{""batch_size"": 200, ""block_0_filters"": 64, ""block_0_kernel_pair"": ""(3, 7)"", ""first_conv_filters"": 64, ""first_conv_kernel_width"": 7, ""lr_decay"": 0.4427111954481123, ""lr_step_size"": 31, ""n_blocks"": 3, ""optimizer"": ""Adam""}",PRUNED
49,0.888458713082583,2026-09-27 06:28:15.446671,2026-09-27 06:28:26.765893,0 days 00:00:11.319222,0.8608168370242628,0.9736786574074106,0.0009898959835797643,3.488211043314965e-05,200,64,"(3, 7)",64.0,"(3, 5)",32.0,"(5, 7)",64,7,0.4489291693134033,40,3,Adam,,,,47.0,0.9053254437869822,0.8715919823781836,"{""batch_size"": 200, ""block_0_filters"": 64, ""block_0_kernel_pair"": ""(3, 7)"", ""first_conv_filters"": 64, ""first_conv_kernel_width"": 7, ""lr_decay"": 0.4489291693134033, ""lr_step_size"": 40, ""n_blocks"": 3, ""optimizer"": ""Adam""}",COMPLETE
50,0.8656544801033894,2026-09-27 06:28:26.869723,2026-09-27 06:28:38.168004,0 days 00:00:11.298281,0.8616306450933575,0.991179779259035,0.0011044278616196004,0.00027719943781974644,200,64,"(3, 7)",64.0,"(3, 5)",32.0,"(5, 7)",64,7,0.404859796904554,17,3,Adam,,,,40.0,0.8816568047337278,0.8496521554730511,"{""batch_size"": 200, ""block_0_filters"": 64, ""block_0_kernel_pair"": ""(3, 7)"", ""first_conv_filters"": 64, ""first_conv_kernel_width"": 7, ""lr_decay"": 0.404859796904554, ""lr_step_size"": 17, ""n_blocks"": 3, ""optimizer"": ""Adam""}",COMPLETE
51,0.8331753524347485,2026-09-27 06:28:38.265993,2026-09-27 06:28:50.932120,0 days 00:00:12.666127,0.8710195867968967,0.9749533208432652,0.0006686243687680602,3.472120817897611e-05,64,32,"(3, 7)",64.0,"(3, 5)",32.0,"(5, 7)",64,7,0.4324122850449909,38,3,Adam,,,,49.0,0.8402366863905325,0.8261140184789645,"{""batch_size"": 64, ""block_0_filters"": 32, ""block_0_kernel_pair"": ""(3, 7)"", ""first_conv_filters"": 64, ""first_conv_kernel_width"": 7, ""lr_decay"": 0.4324122850449909, ""lr_step_size"": 38, ""n_blocks"": 3, ""optimizer"": ""Adam""}",COMPLETE
52,0.6471132661929123,2026-09-27 06:28:51.039894,2026-09-27 06:28:54.360762,0 days 00:00:03.320868,0.8563357176926044,0.9704489051480871,0.0008499842464100984,6.105885786411759e-05,200,64,"(3, 7)",64.0,"(3, 5)",32.0,"(5, 7)",64,7,0.490177728630785,38,3,Adam,,,,,,,"{""batch_size"": 200, ""block_0_filters"": 64, ""block_0_kernel_pair"": ""(3, 7)"", ""first_conv_filters"": 64, ""first_conv_kernel_width"": 7, ""lr_decay"": 0.490177728630785, ""lr_step_size"": 38, ""n_blocks"": 3, ""optimizer"": ""Adam""}",PRUNED
53,0.47747274645571536,2026-09-27 06:28:54.454987,2026-09-27 06:28:57.284637,0 days 00:00:02.829650,0.9681504062783208,0.9154559629594071,0.0014859312155997319,0.0052974583663473575,200,64,"(3, 7)",64.0,"(3, 5)",32.0,"(5, 7)",64,7,0.3548084343350821,40,3,Adam,,,,,,,"{""batch_size"": 200, ""block_0_filters"": 64, ""block_0_kernel_pair"": ""(3, 7)"", ""first_conv_filters"": 64, ""first_conv_kernel_width"": 7, ""lr_decay"": 0.3548084343350821, ""lr_step_size"": 40, ""n_blocks"": 3, ""optimizer"": ""Adam""}",PRUNED
54,0.8367799111143319,2026-09-27 06:28:57.396211,2026-09-27 06:29:05.127240,0 days 00:00:07.731029,0.9479461293831509,0.9084336307817216,0.0010628633677619624,3.887855486412909e-05,200,64,"(3, 7)",64.0,"(3, 5)",,,32,7,0.47203781952287743,21,2,Adam,,,,50.0,0.834319526627219,0.8392402956014448,"{""batch_size"": 200, ""block_0_filters"": 64, ""block_0_kernel_pair"": ""(3, 7)"", ""first_conv_filters"": 32, ""first_conv_kernel_width"": 7, ""lr_decay"": 0.47203781952287743, ""lr_step_size"": 21, ""n_blocks"": 2, ""optimizer"": ""Adam""}",COMPLETE
55,0.40972391169389294,2026-09-27 06:29:05.233923,2026-09-27 06:29:06.588263,0 days 00:00:01.354340,0.8647308835367711,0.9761676304167124,0.0007072708329150817,8.526957991286797e-05,200,64,"(3, 7)",32.0,"(3, 5)",,,16,3,0.45709185186024354,33,2,Adam,,,,,,,"{""batch_size"": 200, ""block_0_filters"": 64, ""block_0_kernel_pair"": ""(3, 7)"", ""first_conv_filters"": 16, ""first_conv_kernel_width"": 3, ""lr_decay"": 0.45709185186024354, ""lr_step_size"": 33, ""n_blocks"": 2, ""optimizer"": ""Adam""}",PRUNED
56,0.4421597962271199,2026-09-27 06:29:06.692694,2026-09-27 06:29:08.971231,0 days 00:00:02.278537,0.8758685561493627,0.9627388373264271,0.0004378043920064178,1.8919376491382808e-05,200,64,"(3, 7)",64.0,"(3, 7)",,,64,7,0.41267810050648795,27,2,Adam,,,,,,,"{""batch_size"": 200, ""block_0_filters"": 64, ""block_0_kernel_pair"": ""(3, 7)"", ""first_conv_filters"": 64, ""first_conv_kernel_width"": 7, ""lr_decay"": 0.41267810050648795, ""lr_step_size"": 27, ""n_blocks"": 2, ""optimizer"": ""Adam""}",PRUNED
57,0.869903078122491,2026-09-27 06:29:09.068140,2026-09-27 06:29:20.424383,0 days 00:00:11.356243,0.8519714881522663,0.9202508092640275,0.0009626066820759169,7.348767399270641e-05,200,64,"(3, 7)",64.0,"(3, 7)",32.0,"(5, 7)",64,5,0.43623766325002267,36,3,Adam,,,,41.0,0.8875739644970414,0.8522321917479407,"{""batch_size"": 200, ""block_0_filters"": 64, ""block_0_kernel_pair"": ""(3, 7)"", ""first_conv_filters"": 64, ""first_conv_kernel_width"": 5, ""lr_decay"": 0.43623766325002267, ""lr_step_size"": 36, ""n_blocks"": 3, ""optimizer"": ""Adam""}",COMPLETE
58,0.47061601771850936,2026-09-27 06:29:20.535633,2026-09-27 06:29:23.805230,0 days 00:00:03.269597,0.862051056614207,0.9941017766663404,0.0005427285574022986,0.00036981575224800066,200,32,"(3, 7)",64.0,"(3, 7)",32.0,"(3, 7)",128,7,0.46207140412532494,12,3,Adam,,,,,,,"{""batch_size"": 200, ""block_0_filters"": 32, ""block_0_kernel_pair"": ""(3, 7)"", ""first_conv_filters"": 128, ""first_conv_kernel_width"": 7, ""lr_decay"": 0.46207140412532494, ""lr_step_size"": 12, ""n_blocks"": 3, ""optimizer"": ""Adam""}",PRUNED
59,0.47906941802351816,2026-09-27 06:29:23.911087,2026-09-27 06:29:25.939246,0 days 00:00:02.028159,0.8740887005624096,0.9072232758517068,0.0012602616380348833,3.8337350305518645e-06,200,8,"(3, 7)",64.0,"(3, 5)",32.0,"(3, 7)",64,7,0.49835900574403896,27,3,Adam,,,,,,,"{""batch_size"": 200, ""block_0_filters"": 8, ""block_0_kernel_pair"": ""(3, 7)"", ""first_conv_filters"": 64, ""first_conv_kernel_width"": 7, ""lr_decay"": 0.49835900574403896, ""lr_step_size"": 27, ""n_blocks"": 3, ""optimizer"": ""Adam""}",PRUNED
60,0.34375684178265314,2026-09-27 06:29:26.041964,2026-09-27 06:29:28.318776,0 days 00:00:02.276812,0.8836520134460403,0.9408077829922246,0.0002461606745233203,0.002260026489296201,200,64,"(3, 7)",32.0,"(3, 7)",32.0,"(5, 7)",64,7,0.4977602264804629,30,3,Adam,,,,,,,"{""batch_size"": 200, ""block_0_filters"": 64, ""block_0_kernel_pair"": ""(3, 7)"", ""first_conv_filters"": 64, ""first_conv_kernel_width"": 7, ""lr_decay"": 0.4977602264804629, ""lr_step_size"": 30, ""n_blocks"": 3, ""optimizer"": ""Adam""}",PRUNED
61,0.41627735853725134,2026-09-27 06:29:28.442334,2026-09-27 06:29:30.774205,0 days 00:00:02.331871,0.9888696711053415,0.9815563887648876,0.0005636051011061296,0.0004963422108210282,200,64,"(3, 7)",64.0,"(3, 5)",32.0,"(3, 7)",64,7,0.22900932851592481,30,3,Adam,,,,,,,"{""batch_size"": 200, ""block_0_filters"": 64, ""block_0_kernel_pair"": ""(3, 7)"", ""first_conv_filters"": 64, ""first_conv_kernel_width"": 7, ""lr_decay"": 0.22900932851592481, ""lr_step_size"": 30, ""n_blocks"": 3, ""optimizer"": ""Adam""}",PRUNED
62,0.3559074385334928,2026-09-27 06:29:30.868042,2026-09-27 06:29:33.909464,0 days 00:00:03.041422,0.881276198499812,0.9834950397011702,0.0005965912016533361,4.3785716037708084e-05,256,8,"(3, 7)",64.0,"(3, 5)",32.0,"(3, 7)",128,7,0.4999722104495554,18,3,Adam,,,,,,,"{""batch_size"": 256, ""block_0_filters"": 8, ""block_0_kernel_pair"": ""(3, 7)"", ""first_conv_filters"": 128, ""first_conv_kernel_width"": 7, ""lr_decay"": 0.4999722104495554, ""lr_step_size"": 18, ""n_blocks"": 3, ""optimizer"": ""Adam""}",PRUNED
63,0.5320664362014822,2026-09-27 06:29:34.009022,2026-09-27 06:29:36.237504,0 days 00:00:02.228482,0.9042783491516376,0.9884671802714876,0.0007191738638991724,0.0010216893442820832,200,32,"(3, 7)",64.0,"(3, 5)",32.0,"(3, 7)",64,7,0.42164232283044445,26,3,Adam,,,,,,,"{""batch_size"": 200, ""block_0_filters"": 32, ""block_0_kernel_pair"": ""(3, 7)"", ""first_conv_filters"": 64, ""first_conv_kernel_width"": 7, ""lr_decay"": 0.42164232283044445, ""lr_step_size"": 26, ""n_blocks"": 3, ""optimizer"": ""Adam""}",PRUNED
64,0.5211076122271978,2026-09-27 06:29:36.349672,2026-09-27 06:29:38.705138,0 days 00:00:02.355466,0.8657190481887054,0.9994277382832775,0.0004244640293843588,0.0003513116320894669,200,64,"(3, 7)",64.0,"(3, 5)",32.0,"(3, 7)",64,7,0.11640081364479049,24,3,Adam,,,,,,,"{""batch_size"": 200, ""block_0_filters"": 64, ""block_0_kernel_pair"": ""(3, 7)"", ""first_conv_filters"": 64, ""first_conv_kernel_width"": 7, ""lr_decay"": 0.11640081364479049, ""lr_step_size"": 24, ""n_blocks"": 3, ""optimizer"": ""Adam""}",PRUNED
65,0.38919131887151026,2026-09-27 06:29:38.799432,2026-09-27 06:29:42.455388,0 days 00:00:03.655956,0.9233521235792558,0.9764601347203831,0.009432759056246628,0.0007067409654736388,200,64,"(5, 7)",64.0,"(3, 7)",16.0,"(3, 5)",128,7,0.44500126587376887,17,3,Adam,,,,,,,"{""batch_size"": 200, ""block_0_filters"": 64, ""block_0_kernel_pair"": ""(5, 7)"", ""first_conv_filters"": 128, ""first_conv_kernel_width"": 7, ""lr_decay"": 0.44500126587376887, ""lr_step_size"": 17, ""n_blocks"": 3, ""optimizer"": ""Adam""}",PRUNED
66,0.8910734226263979,2026-09-27 06:29:42.552592,2026-09-27 06:29:59.216535,0 days 00:00:16.663943,0.8957716805739786,0.9556260343381281,0.0008414596577041323,0.00022341774065356203,200,64,"(3, 7)",64.0,"(3, 5)",32.0,"(3, 7)",128,7,0.40630862602609963,32,3,Adam,,,,48.0,0.8994082840236687,0.8827385612291272,"{""batch_size"": 200, ""block_0_filters"": 64, ""block_0_kernel_pair"": ""(3, 7)"", ""first_conv_filters"": 128, ""first_conv_kernel_width"": 7, ""lr_decay"": 0.40630862602609963, ""lr_step_size"": 32, ""n_blocks"": 3, ""optimizer"": ""Adam""}",COMPLETE
67,0.8533577237395757,2026-09-27 06:29:59.320838,2026-09-27 06:30:10.437570,0 days 00:00:11.116732,0.9020543719527256,0.9679428913814897,0.0014664244132238746,0.00020383953673524938,200,64,"(3, 7)",64.0,"(3, 7)",32.0,"(3, 7)",64,7,0.35909562002913364,30,3,Adam,,,,47.0,0.8579881656804734,0.8487272817986782,"{""batch_size"": 200, ""block_0_filters"": 64, ""block_0_kernel_pair"": ""(3, 7)"", ""first_conv_filters"": 64, ""first_conv_kernel_width"": 7, ""lr_decay"": 0.35909562002913364, ""lr_step_size"": 30, ""n_blocks"": 3, ""optimizer"": ""Adam""}",COMPLETE
68,0.5838146360932104,2026-09-27 06:30:10.527553,2026-09-27 06:30:13.339642,0 days 00:00:02.812089,0.8951067286604176,0.95574242752046,0.0008394751120468406,0.00010877660397146895,200,64,"(3, 7)",64.0,"(3, 7)",32.0,"(3, 7)",64,7,0.3473219070152507,37,3,Adam,,,,,,,"{""batch_size"": 200, ""block_0_filters"": 64, ""block_0_kernel_pair"": ""(3, 7)"", ""first_conv_filters"": 64, ""first_conv_kernel_width"": 7, ""lr_decay"": 0.3473219070152507, ""lr_step_size"": 37, ""n_blocks"": 3, ""optimizer"": ""Adam""}",PRUNED
69,0.8733356728338526,2026-09-27 06:30:13.436084,2026-09-27 06:30:30.222792,0 days 00:00:16.786708,0.8872505682565346,0.917455233620968,0.0010605655775727833,2.2988721729178802e-05,128,64,"(3, 7)",64.0,"(3, 5)",32.0,"(3, 7)",128,5,0.4033931518524714,34,3,Adam,,,,50.0,0.8757396449704142,0.870931700697291,"{""batch_size"": 128, ""block_0_filters"": 64, ""block_0_kernel_pair"": ""(3, 7)"", ""first_conv_filters"": 128, ""first_conv_kernel_width"": 5, ""lr_decay"": 0.4033931518524714, ""lr_step_size"": 34, ""n_blocks"": 3, ""optimizer"": ""Adam""}",COMPLETE
70,0.8398589721034302,2026-09-27 06:30:30.320907,2026-09-27 06:30:46.402845,0 days 00:00:16.081938,0.9129296385989482,0.9515372115725128,0.000771954404783195,0.00017315016545884943,128,64,"(3, 7)",32.0,"(3, 7)",16.0,"(3, 7)",128,7,0.42460901883289803,22,3,Adam,,,,46.0,0.8461538461538461,0.8335640980530142,"{""batch_size"": 128, ""block_0_filters"": 64, ""block_0_kernel_pair"": ""(3, 7)"", ""first_conv_filters"": 128, ""first_conv_kernel_width"": 7, ""lr_decay"": 0.42460901883289803, ""lr_step_size"": 22, ""n_blocks"": 3, ""optimizer"": ""Adam""}",COMPLETE
71,0.8894056737938907,2026-09-27 06:30:46.497127,2026-09-27 06:31:03.299040,0 days 00:00:16.801913,0.8811721656423986,0.9791073363472128,0.0006264560350999572,0.00042643670131137224,200,64,"(3, 7)",64.0,"(3, 5)",32.0,"(3, 7)",128,7,0.15215874770190185,38,3,Adam,,,,45.0,0.893491124260355,0.8853202233274262,"{""batch_size"": 200, ""block_0_filters"": 64, ""block_0_kernel_pair"": ""(3, 7)"", ""first_conv_filters"": 128, ""first_conv_kernel_width"": 7, ""lr_decay"": 0.15215874770190185, ""lr_step_size"": 38, ""n_blocks"": 3, ""optimizer"": ""Adam""}",COMPLETE
72,0.5774372740260554,2026-09-27 06:31:03.402267,2026-09-27 06:31:07.246714,0 days 00:00:03.844447,0.8723718690518668,0.9721236069669573,0.0012028751724883545,5.015879194618249e-05,200,64,"(3, 7)",64.0,"(3, 5)",32.0,"(3, 7)",128,7,0.09943017142646024,39,3,Adam,,,,,,,"{""batch_size"": 200, ""block_0_filters"": 64, ""block_0_kernel_pair"": ""(3, 7)"", ""first_conv_filters"": 128, ""first_conv_kernel_width"": 7, ""lr_decay"": 0.09943017142646024, ""lr_step_size"": 39, ""n_blocks"": 3, ""optimizer"": ""Adam""}",PRUNED
73,0.8911394525534797,2026-09-27 06:31:07.337331,2026-09-27 06:31:18.111547,0 days 00:00:10.774216,0.8666070208830616,0.9340274078966475,0.0009426250824150097,0.00026714578349845827,200,64,"(3, 5)",64.0,"(3, 5)",32.0,"(3, 7)",64,7,0.4589728478205433,35,3,Adam,,,,44.0,0.893491124260355,0.8887877808466044,"{""batch_size"": 200, ""block_0_filters"": 64, ""block_0_kernel_pair"": ""(3, 5)"", ""first_conv_filters"": 64, ""first_conv_kernel_width"": 7, ""lr_decay"": 0.4589728478205433, ""lr_step_size"": 35, ""n_blocks"": 3, ""optimizer"": ""Adam""}",COMPLETE
74,0.5309953977127229,2026-09-27 06:31:18.209832,2026-09-27 06:31:20.591002,0 days 00:00:02.381170,0.8682166726420126,0.9325364018471086,0.0010007169857462913,0.00023520650775871226,200,64,"(3, 7)",64.0,"(3, 5)",32.0,"(3, 7)",64,7,0.4483327367283353,40,3,Adam,,,,,,,"{""batch_size"": 200, ""block_0_filters"": 64, ""block_0_kernel_pair"": ""(3, 7)"", ""first_conv_filters"": 64, ""first_conv_kernel_width"": 7, ""lr_decay"": 0.4483327367283353, ""lr_step_size"": 40, ""n_blocks"": 3, ""optimizer"": ""Adam""}",PRUNED
75,0.8504461981364012,2026-09-27 06:31:20.675878,2026-09-27 06:31:37.430684,0 days 00:00:16.754806,0.858571139076005,0.9248878914386639,0.0006342412984680159,0.00028750182058308673,200,64,"(3, 7)",64.0,"(3, 5)",32.0,"(3, 7)",128,7,0.17936656485552588,38,3,Adam,,,,44.0,0.8579881656804734,0.842904230592329,"{""batch_size"": 200, ""block_0_filters"": 64, ""block_0_kernel_pair"": ""(3, 7)"", ""first_conv_filters"": 128, ""first_conv_kernel_width"": 7, ""lr_decay"": 0.17936656485552588, ""lr_step_size"": 38, ""n_blocks"": 3, ""optimizer"": ""Adam""}",COMPLETE
76,0.7046284183443876,2026-09-27 06:31:37.514289,2026-09-27 06:31:41.405153,0 days 00:00:03.890864,0.8913737101515935,0.9796348538214467,0.001656472170569567,0.00011991947327864116,128,64,"(3, 5)",64.0,"(3, 5)",32.0,"(3, 7)",64,7,0.4232831698490585,36,3,Adam,,,,,,,"{""batch_size"": 128, ""block_0_filters"": 64, ""block_0_kernel_pair"": ""(3, 5)"", ""first_conv_filters"": 64, ""first_conv_kernel_width"": 7, ""lr_decay"": 0.4232831698490585, ""lr_step_size"": 36, ""n_blocks"": 3, ""optimizer"": ""Adam""}",PRUNED
77,0.48409123974430984,2026-09-27 06:31:41.512892,2026-09-27 06:31:43.807422,0 days 00:00:02.294530,0.8831250799180563,0.9616338633169632,0.0008526075403264498,0.0005886456311877077,200,64,"(3, 5)",64.0,"(3, 5)",32.0,"(3, 7)",64,7,0.39555810605291936,34,3,Adam,,,,,,,"{""batch_size"": 200, ""block_0_filters"": 64, ""block_0_kernel_pair"": ""(3, 5)"", ""first_conv_filters"": 64, ""first_conv_kernel_width"": 7, ""lr_decay"": 0.39555810605291936, ""lr_step_size"": 34, ""n_blocks"": 3, ""optimizer"": ""Adam""}",PRUNED
78,0.39666310851378694,2026-09-27 06:31:43.908053,2026-09-27 06:31:46.238462,0 days 00:00:02.330409,0.8751155764230579,0.9118644403989784,0.00046700904632690515,0.0001913420630099083,200,64,"(3, 7)",64.0,"(3, 5)",32.0,"(3, 5)",64,5,0.467007903370338,33,3,Adam,,,,,,,"{""batch_size"": 200, ""block_0_filters"": 64, ""block_0_kernel_pair"": ""(3, 7)"", ""first_conv_filters"": 64, ""first_conv_kernel_width"": 5, ""lr_decay"": 0.467007903370338, ""lr_step_size"": 33, ""n_blocks"": 3, ""optimizer"": ""Adam""}",PRUNED
79,0.5078394848157344,2026-09-27 06:31:46.343024,2026-09-27 06:31:48.917179,0 days 00:00:02.574155,0.8964666657816701,0.9685721073398821,0.0011520607650883192,0.0012265655903375273,64,64,"(3, 7)",64.0,"(3, 5)",8.0,"(3, 7)",64,7,0.47458580618606183,36,3,Adam,,,,,,,"{""batch_size"": 64, ""block_0_filters"": 64, ""block_0_kernel_pair"": ""(3, 7)"", ""first_conv_filters"": 64, ""first_conv_kernel_width"": 7, ""lr_decay"": 0.47458580618606183, ""lr_step_size"": 36, ""n_blocks"": 3, ""optimizer"": ""Adam""}",PRUNED
80,0.87562568309027,2026-09-27 06:31:49.009657,2026-09-27 06:32:05.438326,0 days 00:00:16.428669,0.8537115585989579,0.9371244872150731,0.0009324918706258744,0.000439475374488911,200,64,"(3, 5)",64.0,"(3, 5)",32.0,"(3, 7)",128,7,0.45839411846092437,37,3,Adam,,,,49.0,0.893491124260355,0.857760241920185,"{""batch_size"": 200, ""block_0_filters"": 64, ""block_0_kernel_pair"": ""(3, 5)"", ""first_conv_filters"": 128, ""first_conv_kernel_width"": 7, ""lr_decay"": 0.45839411846092437, ""lr_step_size"": 37, ""n_blocks"": 3, ""optimizer"": ""Adam""}",COMPLETE
81,0.44303295091319944,2026-09-27 06:32:05.540639,2026-09-27 06:32:07.854363,0 days 00:00:02.313724,,,,,128,64,"(3, 7)",16.0,"(3, 7)",64.0,"(3, 7)",64,5,0.06385001905555507,40,3,SGD,0.03037811150960308,0.9113603683965867,0.0001316106842484063,,,,"{""batch_size"": 128, ""block_0_filters"": 64, ""block_0_kernel_pair"": ""(3, 7)"", ""first_conv_filters"": 64, ""first_conv_kernel_width"": 5, ""lr_decay"": 0.06385001905555507, ""lr_step_size"": 40, ""n_blocks"": 3, ""optimizer"": ""SGD""}",PRUNED
82,0.4547126146820095,2026-09-27 06:32:07.962989,2026-09-27 06:32:10.057068,0 days 00:00:02.094079,0.866216755301991,0.943757092060879,0.0006632110386861678,0.00010007112733740677,128,8,"(3, 7)",64.0,"(3, 7)",32.0,"(3, 7)",64,5,0.1265837452002436,36,3,Adam,,,,,,,"{""batch_size"": 128, ""block_0_filters"": 8, ""block_0_kernel_pair"": ""(3, 7)"", ""first_conv_filters"": 64, ""first_conv_kernel_width"": 5, ""lr_decay"": 0.1265837452002436, ""lr_step_size"": 36, ""n_blocks"": 3, ""optimizer"": ""Adam""}",PRUNED
