number,value,datetime_start,datetime_complete,duration,params_adam_beta1,params_adam_beta2,params_adam_lr,params_adam_wd,params_batch_size,params_block_0_filters,params_block_0_kernel_pair,params_block_1_filters,params_block_1_kernel_pair,params_block_2_filters,params_block_2_kernel_pair,params_lr_decay,params_lr_step_size,params_n_blocks,params_optimizer,params_sgd_lr,params_sgd_momentum,params_sgd_wd,user_attrs_best_epoch,user_attrs_validation_accuracy,user_attrs_validation_macro_f1,system_attrs_tpe:relative_params:0,state
0,0.5857945411701431,2026-10-02 19:22:39.423267,2026-10-02 19:22:45.907856,0 days 00:00:06.484589,0.8907720796277259,0.9611241041827657,0.0011207606211860567,5.34293726127978e-05,200,8,"(5, 7)",64.0,"(3, 5)",,,0.1814650918408482,14,2,Adam,,,,38.0,0.5951612903225807,0.5764277920177056,,COMPLETE
1,0.5453673342800052,2026-10-02 19:22:46.014621,2026-10-02 19:22:59.787219,0 days 00:00:13.772598,0.8936395506525175,0.9519547953156633,0.00032927591344236165,0.0004467752817973908,64,32,"(5, 7)",8.0,"(5, 7)",,,0.13318450498648718,26,2,Adam,,,,45.0,0.5411290322580645,0.5496056363019459,,COMPLETE
2,0.2685988197218455,2026-10-02 19:22:59.847065,2026-10-02 19:23:13.294612,0 days 00:00:13.447547,,,,,64,8,"(3, 7)",8.0,"(3, 7)",,,0.3780532256184443,31,2,SGD,0.00039459088111000007,0.7016014139658446,0.0018274508859816032,48.0,0.3024193548387097,0.2347782846049813,,COMPLETE
3,0.6842636475759474,2026-10-02 19:23:13.376954,2026-10-02 19:23:19.818210,0 days 00:00:06.441256,0.9074536092249882,0.9754795587404506,0.006533305220227739,9.935023909063694e-06,200,8,"(3, 7)",8.0,"(5, 7)",16.0,"(5, 7)",0.08464095942295685,17,3,Adam,,,,48.0,0.6782258064516129,0.6903014887002819,,COMPLETE
4,0.2940777922271063,2026-10-02 19:23:19.883409,2026-10-02 19:23:24.892392,0 days 00:00:05.008983,,,,,256,64,"(5, 7)",64.0,"(3, 7)",,,0.19544131940933984,39,2,SGD,0.00046379219034580355,0.734760956526768,2.2410971619109514e-05,39.0,0.3032258064516129,0.2849297780025996,,COMPLETE
5,0.2907619264891236,2026-10-02 19:23:24.956472,2026-10-02 19:23:26.655509,0 days 00:00:01.699037,,,,,128,16,"(3, 7)",32.0,"(5, 7)",32.0,"(3, 5)",0.06834881369964377,15,3,SGD,0.00018658181360124853,0.942237723720879,1.91920011015619e-05,,,,,PRUNED
6,0.33326654203250944,2026-10-02 19:23:26.713488,2026-10-02 19:23:28.034022,0 days 00:00:01.320534,0.942397766444785,0.9816404978001014,0.005684322462212271,1.0758866306767913e-05,256,32,"(3, 5)",,,,,0.28834276026020295,27,1,Adam,,,,,,,,PRUNED
7,0.7953934519937134,2026-10-02 19:23:28.102733,2026-10-02 19:23:33.430635,0 days 00:00:05.327902,0.941274576330364,0.92240450401511,0.0012516058337570376,0.0005855726588796257,256,64,"(3, 5)",32.0,"(5, 7)",,,0.15676208937356004,32,2,Adam,,,,50.0,0.7983870967741935,0.7923998072132333,,COMPLETE
8,0.16900702232586443,2026-10-02 19:23:33.564421,2026-10-02 19:23:34.583647,0 days 00:00:01.019226,,,,,256,8,"(3, 7)",8.0,"(3, 5)",,,0.4792678596511643,39,2,SGD,0.00011828996391101285,0.8871869658130787,5.110256715654393e-06,,,,,PRUNED
9,0.370110388460518,2026-10-02 19:23:34.641977,2026-10-02 19:23:35.576804,0 days 00:00:00.934827,,,,,256,8,"(3, 7)",32.0,"(5, 7)",,,0.36611783779419915,31,2,SGD,0.003589128083678789,0.9544381908591071,0.0009184900818511545,,,,,PRUNED
10,0.28047843511499126,2026-10-02 19:23:35.635547,2026-10-02 19:23:36.706910,0 days 00:00:01.071363,0.9881813506773844,0.9013373952876331,0.00014291920214791584,0.009320745757067903,256,8,"(3, 5)",16.0,"(5, 7)",8.0,"(3, 7)",0.2184694173001437,40,3,Adam,,,,,,,"{""batch_size"": 256, ""block_0_filters"": 8, ""block_0_kernel_pair"": ""(3, 5)"", ""lr_decay"": 0.2184694173001437, ""lr_step_size"": 40, ""n_blocks"": 3, ""optimizer"": ""Adam""}",PRUNED
11,0.8748766768628178,2026-10-02 19:23:36.765284,2026-10-02 19:23:43.895763,0 days 00:00:07.130479,0.93113467430562,0.9139469954311238,0.008817388118859881,1.274888893339558e-06,200,8,"(3, 7)",32.0,"(5, 7)",16.0,"(5, 7)",0.09513426833797826,26,3,Adam,,,,44.0,0.8879032258064516,0.861850127919184,"{""batch_size"": 200, ""block_0_filters"": 8, ""block_0_kernel_pair"": ""(3, 7)"", ""lr_decay"": 0.09513426833797826, ""lr_step_size"": 26, ""n_blocks"": 3, ""optimizer"": ""Adam""}",COMPLETE
12,0.8722244378842856,2026-10-02 19:23:43.959125,2026-10-02 19:23:49.800580,0 days 00:00:05.841455,0.9463521316730279,0.9159371367408541,0.0015192022573669321,2.1962207092537244e-06,256,64,"(3, 5)",32.0,"(5, 7)",16.0,"(5, 7)",0.18067520552738012,31,3,Adam,,,,43.0,0.8870967741935484,0.857352101575023,"{""batch_size"": 256, ""block_0_filters"": 64, ""block_0_kernel_pair"": ""(3, 5)"", ""lr_decay"": 0.18067520552738012, ""lr_step_size"": 31, ""n_blocks"": 3, ""optimizer"": ""Adam""}",COMPLETE
13,0.8991637917470054,2026-10-02 19:23:49.870253,2026-10-02 19:24:07.652235,0 days 00:00:17.781982,0.9434967983288177,0.9233963217362124,0.002569532796402451,1.174810323158372e-06,64,64,"(3, 5)",32.0,"(5, 7)",16.0,"(5, 7)",0.3019476079660363,32,3,Adam,,,,48.0,0.9129032258064517,0.8854243576875593,"{""batch_size"": 64, ""block_0_filters"": 64, ""block_0_kernel_pair"": ""(3, 5)"", ""lr_decay"": 0.3019476079660363, ""lr_step_size"": 32, ""n_blocks"": 3, ""optimizer"": ""Adam""}",COMPLETE
14,0.8964112870280228,2026-10-02 19:24:07.716712,2026-10-02 19:24:25.013905,0 days 00:00:17.297193,0.8544075846729057,0.9332875754409445,0.009317283865085214,1.024229275300472e-06,64,8,"(3, 5)",32.0,"(5, 7)",16.0,"(5, 7)",0.30246971657198307,33,3,Adam,,,,44.0,0.9064516129032258,0.8863709611528195,"{""batch_size"": 64, ""block_0_filters"": 8, ""block_0_kernel_pair"": ""(3, 5)"", ""lr_decay"": 0.30246971657198307, ""lr_step_size"": 33, ""n_blocks"": 3, ""optimizer"": ""Adam""}",COMPLETE
15,0.9188754139410772,2026-10-02 19:24:25.089625,2026-10-02 19:24:42.794171,0 days 00:00:17.704546,0.8550826738524966,0.9376148994359442,0.003050312450926751,1.7355969044171037e-06,64,64,"(3, 5)",16.0,"(3, 7)",64.0,"(5, 7)",0.37988687938453447,29,3,Adam,,,,40.0,0.9298387096774193,0.907912118204735,"{""batch_size"": 64, ""block_0_filters"": 64, ""block_0_kernel_pair"": ""(3, 5)"", ""lr_decay"": 0.37988687938453447, ""lr_step_size"": 29, ""n_blocks"": 3, ""optimizer"": ""Adam""}",COMPLETE
16,0.8946534961784826,2026-10-02 19:24:42.867006,2026-10-02 19:24:52.149506,0 days 00:00:09.282500,0.8517158284910924,0.9400565271414598,0.002825411331488788,5.9987673682943866e-06,128,64,"(3, 5)",16.0,"(3, 7)",64.0,"(5, 7)",0.2936915213693014,25,3,Adam,,,,43.0,0.9120967741935484,0.8772102181634167,"{""batch_size"": 128, ""block_0_filters"": 64, ""block_0_kernel_pair"": ""(3, 5)"", ""lr_decay"": 0.2936915213693014, ""lr_step_size"": 25, ""n_blocks"": 3, ""optimizer"": ""Adam""}",COMPLETE
17,0.4484524285213817,2026-10-02 19:24:52.206591,2026-10-02 19:24:54.826324,0 days 00:00:02.619733,0.9894715538167344,0.9402848487543629,0.002809159830375995,3.601020748500995e-05,64,64,"(3, 5)",16.0,"(3, 7)",,,0.3717679094059647,20,2,Adam,,,,,,,"{""batch_size"": 64, ""block_0_filters"": 64, ""block_0_kernel_pair"": ""(3, 5)"", ""lr_decay"": 0.3717679094059647, ""lr_step_size"": 20, ""n_blocks"": 2, ""optimizer"": ""Adam""}",PRUNED
18,0.8995457692717244,2026-10-02 19:24:54.894643,2026-10-02 19:25:02.780167,0 days 00:00:07.885524,0.8729670711843953,0.9568294849044786,0.002968835783743788,4.1425388325083e-06,200,64,"(3, 5)",16.0,"(3, 7)",64.0,"(3, 5)",0.419142372116532,32,3,Adam,,,,50.0,0.9145161290322581,0.8845754095111905,"{""batch_size"": 200, ""block_0_filters"": 64, ""block_0_kernel_pair"": ""(3, 5)"", ""lr_decay"": 0.419142372116532, ""lr_step_size"": 32, ""n_blocks"": 3, ""optimizer"": ""Adam""}",COMPLETE
19,0.44806615986267284,2026-10-02 19:25:02.868058,2026-10-02 19:25:04.294693,0 days 00:00:01.426635,0.875134304539072,0.9996472358652493,0.0005221298701815954,3.681795720269191e-05,200,64,"(3, 5)",16.0,"(3, 7)",,,0.4668552195311224,34,2,Adam,,,,,,,"{""batch_size"": 200, ""block_0_filters"": 64, ""block_0_kernel_pair"": ""(3, 5)"", ""lr_decay"": 0.4668552195311224, ""lr_step_size"": 34, ""n_blocks"": 2, ""optimizer"": ""Adam""}",PRUNED
20,0.9030748695761193,2026-10-02 19:25:04.367833,2026-10-02 19:25:15.388036,0 days 00:00:11.020203,0.8715840925743195,0.9558724628760138,0.004262402727044875,6.054089361764505e-06,128,64,"(3, 5)",16.0,"(3, 7)",64.0,"(3, 5)",0.47583519348863984,31,3,Adam,,,,32.0,0.917741935483871,0.8884078036683675,"{""batch_size"": 128, ""block_0_filters"": 64, ""block_0_kernel_pair"": ""(3, 5)"", ""lr_decay"": 0.47583519348863984, ""lr_step_size"": 31, ""n_blocks"": 3, ""optimizer"": ""Adam""}",COMPLETE
21,0.9125762133602754,2026-10-02 19:25:15.473308,2026-10-02 19:25:35.293326,0 days 00:00:19.820018,0.8708333178271483,0.9565420781359628,0.004020216170568641,4.913565998598439e-06,64,64,"(3, 5)",16.0,"(3, 7)",64.0,"(3, 5)",0.49737747695968565,24,3,Adam,,,,50.0,0.9266129032258065,0.8985395234947443,"{""batch_size"": 64, ""block_0_filters"": 64, ""block_0_kernel_pair"": ""(3, 5)"", ""lr_decay"": 0.49737747695968565, ""lr_step_size"": 24, ""n_blocks"": 3, ""optimizer"": ""Adam""}",COMPLETE
22,0.9147741225021362,2026-10-02 19:25:35.355810,2026-10-02 19:25:56.647476,0 days 00:00:21.291666,0.8696687691196349,0.9692584166960443,0.004632760254999989,1.1133131631089512e-05,64,8,"(3, 5)",16.0,"(3, 7)",64.0,"(3, 5)",0.47274013168518236,28,3,Adam,,,,46.0,0.9314516129032258,0.8980966321010465,"{""batch_size"": 64, ""block_0_filters"": 8, ""block_0_kernel_pair"": ""(3, 5)"", ""lr_decay"": 0.47274013168518236, ""lr_step_size"": 28, ""n_blocks"": 3, ""optimizer"": ""Adam""}",COMPLETE
23,0.9168867027885033,2026-10-02 19:25:56.744547,2026-10-02 19:26:14.774813,0 days 00:00:18.030266,0.8637043809730981,0.966348655986608,0.0046379900942033,2.750303267437071e-05,64,64,"(3, 5)",16.0,"(3, 7)",64.0,"(3, 5)",0.419495204118823,40,3,Adam,,,,41.0,0.925,0.9087734055770066,"{""batch_size"": 64, ""block_0_filters"": 64, ""block_0_kernel_pair"": ""(3, 5)"", ""lr_decay"": 0.419495204118823, ""lr_step_size"": 40, ""n_blocks"": 3, ""optimizer"": ""Adam""}",COMPLETE
24,0.9143175282960829,2026-10-02 19:26:14.842701,2026-10-02 19:26:32.462869,0 days 00:00:17.620168,0.8587405778843084,0.9767460245085584,0.001793279816711582,0.00010184257174636505,64,64,"(5, 7)",16.0,"(3, 7)",64.0,"(3, 5)",0.4773682571737069,38,3,Adam,,,,42.0,0.9217741935483871,0.9068608630437787,"{""batch_size"": 64, ""block_0_filters"": 64, ""block_0_kernel_pair"": ""(5, 7)"", ""lr_decay"": 0.4773682571737069, ""lr_step_size"": 38, ""n_blocks"": 3, ""optimizer"": ""Adam""}",COMPLETE
25,0.9224617586253221,2026-10-02 19:26:32.558325,2026-10-02 19:26:51.277716,0 days 00:00:18.719391,0.887955914188207,0.9673241550257475,0.005099326293202399,1.567707539478124e-05,64,64,"(3, 5)",16.0,"(3, 7)",64.0,"(3, 7)",0.4300427026353682,40,3,Adam,,,,42.0,0.9282258064516129,0.9166977107990312,"{""batch_size"": 64, ""block_0_filters"": 64, ""block_0_kernel_pair"": ""(3, 5)"", ""lr_decay"": 0.4300427026353682, ""lr_step_size"": 40, ""n_blocks"": 3, ""optimizer"": ""Adam""}",COMPLETE
26,0.8614691336107914,2026-10-02 19:26:51.336988,2026-10-02 19:27:04.242252,0 days 00:00:12.905264,0.8928264695356672,0.9938801749889042,0.0008989659288459119,0.00013934596504811307,64,64,"(3, 5)",16.0,"(3, 5)",64.0,"(3, 7)",0.4239150490932287,36,3,Adam,,,,,,,"{""batch_size"": 64, ""block_0_filters"": 64, ""block_0_kernel_pair"": ""(3, 5)"", ""lr_decay"": 0.4239150490932287, ""lr_step_size"": 36, ""n_blocks"": 3, ""optimizer"": ""Adam""}",PRUNED
27,0.634048377050693,2026-10-02 19:27:04.313496,2026-10-02 19:27:07.241685,0 days 00:00:02.928189,0.9096206773294153,0.9878653055291969,0.0020619056760385547,2.6848634002162074e-05,64,16,"(3, 5)",64.0,"(3, 7)",,,0.3980162496429941,39,2,Adam,,,,,,,"{""batch_size"": 64, ""block_0_filters"": 16, ""block_0_kernel_pair"": ""(3, 5)"", ""lr_decay"": 0.3980162496429941, ""lr_step_size"": 39, ""n_blocks"": 2, ""optimizer"": ""Adam""}",PRUNED
28,0.5375559265001415,2026-10-02 19:27:07.336812,2026-10-02 19:27:10.109275,0 days 00:00:02.772463,0.8840620823558001,0.968506690386759,0.006987801883152836,1.798409749345518e-05,64,64,"(3, 5)",16.0,"(3, 7)",,,0.3305627741205096,37,2,Adam,,,,,,,"{""batch_size"": 64, ""block_0_filters"": 64, ""block_0_kernel_pair"": ""(3, 5)"", ""lr_decay"": 0.3305627741205096, ""lr_step_size"": 37, ""n_blocks"": 2, ""optimizer"": ""Adam""}",PRUNED
29,0.22939377572155878,2026-10-02 19:27:10.190395,2026-10-02 19:27:13.697648,0 days 00:00:03.507253,,,,,64,64,"(5, 7)",16.0,"(3, 7)",32.0,"(3, 7)",0.3510824492614105,39,3,SGD,0.0673026178907809,0.8165281537576656,0.009621592252734578,,,,"{""batch_size"": 64, ""block_0_filters"": 64, ""block_0_kernel_pair"": ""(5, 7)"", ""lr_decay"": 0.3510824492614105, ""lr_step_size"": 39, ""n_blocks"": 3, ""optimizer"": ""SGD""}",PRUNED
30,0.5576717142814885,2026-10-02 19:27:13.763012,2026-10-02 19:27:17.694639,0 days 00:00:03.931627,0.9058081304714859,0.9437112595817372,0.004206810781338998,0.0002577750669258413,64,64,"(3, 5)",64.0,"(3, 5)",8.0,"(3, 7)",0.2573840994068437,39,3,Adam,,,,,,,"{""batch_size"": 64, ""block_0_filters"": 64, ""block_0_kernel_pair"": ""(3, 5)"", ""lr_decay"": 0.2573840994068437, ""lr_step_size"": 39, ""n_blocks"": 3, ""optimizer"": ""Adam""}",PRUNED
31,0.8998336518760803,2026-10-02 19:27:17.759828,2026-10-02 19:27:35.095475,0 days 00:00:17.335647,0.862688927974422,0.9662078843503663,0.004880667532101325,1.4473584420615738e-05,64,8,"(3, 5)",16.0,"(3, 7)",64.0,"(3, 5)",0.41816350287933335,25,3,Adam,,,,39.0,0.9169354838709678,0.8827318198811928,"{""batch_size"": 64, ""block_0_filters"": 8, ""block_0_kernel_pair"": ""(3, 5)"", ""lr_decay"": 0.41816350287933335, ""lr_step_size"": 25, ""n_blocks"": 3, ""optimizer"": ""Adam""}",COMPLETE
32,0.9262063553695947,2026-10-02 19:27:35.169541,2026-10-02 19:27:46.449619,0 days 00:00:11.280078,0.8823965013486403,0.9707553960211912,0.003633391156464177,3.090859645019762e-06,128,64,"(5, 7)",16.0,"(3, 7)",64.0,"(3, 5)",0.41815877156859654,21,3,Adam,,,,42.0,0.932258064516129,0.9201546462230603,"{""batch_size"": 128, ""block_0_filters"": 64, ""block_0_kernel_pair"": ""(5, 7)"", ""lr_decay"": 0.41815877156859654, ""lr_step_size"": 21, ""n_blocks"": 3, ""optimizer"": ""Adam""}",COMPLETE
33,0.9050186520911856,2026-10-02 19:27:46.515563,2026-10-02 19:27:55.631616,0 days 00:00:09.116053,0.8834994059595366,0.9494427798853768,0.0036656047368973975,2.2494893536580083e-06,128,64,"(5, 7)",16.0,"(3, 7)",64.0,"(3, 7)",0.40973301223569425,22,3,Adam,,,,48.0,0.9225806451612903,0.887456659021081,"{""batch_size"": 128, ""block_0_filters"": 64, ""block_0_kernel_pair"": ""(5, 7)"", ""lr_decay"": 0.40973301223569425, ""lr_step_size"": 22, ""n_blocks"": 3, ""optimizer"": ""Adam""}",COMPLETE
34,0.9025438100423528,2026-10-02 19:27:55.688640,2026-10-02 19:28:02.370753,0 days 00:00:06.682113,0.8819561735256644,0.9856871947600853,0.0020855939074255455,2.6528532681486716e-06,200,64,"(3, 5)",16.0,"(3, 7)",64.0,"(3, 5)",0.3277042344053046,14,3,Adam,,,,45.0,0.917741935483871,0.8873456846008348,"{""batch_size"": 200, ""block_0_filters"": 64, ""block_0_kernel_pair"": ""(3, 5)"", ""lr_decay"": 0.3277042344053046, ""lr_step_size"": 14, ""n_blocks"": 3, ""optimizer"": ""Adam""}",COMPLETE
35,0.6416772617273911,2026-10-02 19:28:02.434236,2026-10-02 19:28:03.778602,0 days 00:00:01.344366,0.8621188507935406,0.9765401757338887,0.007095623065657704,3.1031563536953964e-06,256,64,"(5, 7)",8.0,"(3, 7)",64.0,"(3, 7)",0.3600636472827399,31,3,Adam,,,,,,,"{""batch_size"": 256, ""block_0_filters"": 64, ""block_0_kernel_pair"": ""(5, 7)"", ""lr_decay"": 0.3600636472827399, ""lr_step_size"": 31, ""n_blocks"": 3, ""optimizer"": ""Adam""}",PRUNED
36,0.919002774591291,2026-10-02 19:28:03.842647,2026-10-02 19:28:20.877474,0 days 00:00:17.034827,0.896624448170836,0.9616069166059281,0.003324669317777981,7.572176937854667e-05,64,8,"(3, 5)",16.0,"(3, 5)",64.0,"(3, 5)",0.34065580040375193,26,3,Adam,,,,47.0,0.9233870967741935,0.9146184524083883,"{""batch_size"": 64, ""block_0_filters"": 8, ""block_0_kernel_pair"": ""(3, 5)"", ""lr_decay"": 0.34065580040375193, ""lr_step_size"": 26, ""n_blocks"": 3, ""optimizer"": ""Adam""}",COMPLETE
37,0.9092165664382348,2026-10-02 19:28:20.940383,2026-10-02 19:28:36.659441,0 days 00:00:15.719058,0.9184042233928648,0.9618213210910308,0.0009808603605629112,6.288066444211905e-05,64,8,"(3, 7)",64.0,"(3, 5)",64.0,"(3, 5)",0.3711252331795568,26,3,Adam,,,,46.0,0.9233870967741935,0.8950460361022762,"{""batch_size"": 64, ""block_0_filters"": 8, ""block_0_kernel_pair"": ""(3, 7)"", ""lr_decay"": 0.3711252331795568, ""lr_step_size"": 26, ""n_blocks"": 3, ""optimizer"": ""Adam""}",COMPLETE
38,0.40492392269185734,2026-10-02 19:28:36.716872,2026-10-02 19:28:38.669459,0 days 00:00:01.952587,,,,,128,64,"(5, 7)",8.0,"(3, 5)",8.0,"(3, 7)",0.45397952414214116,24,3,SGD,0.09863866696364049,0.8138144393426622,0.00011626751875785323,,,,"{""batch_size"": 128, ""block_0_filters"": 64, ""block_0_kernel_pair"": ""(5, 7)"", ""lr_decay"": 0.45397952414214116, ""lr_step_size"": 24, ""n_blocks"": 3, ""optimizer"": ""SGD""}",PRUNED
39,0.6710242441573169,2026-10-02 19:28:38.727890,2026-10-02 19:28:40.847640,0 days 00:00:02.119750,0.8952420775898109,0.9478808331074475,0.003310343456689299,7.070619348868065e-05,128,64,"(5, 7)",16.0,"(3, 5)",32.0,"(5, 7)",0.3865246864465488,11,3,Adam,,,,,,,"{""batch_size"": 128, ""block_0_filters"": 64, ""block_0_kernel_pair"": ""(5, 7)"", ""lr_decay"": 0.3865246864465488, ""lr_step_size"": 11, ""n_blocks"": 3, ""optimizer"": ""Adam""}",PRUNED
40,0.48333637433630183,2026-10-02 19:28:40.910812,2026-10-02 19:28:43.884647,0 days 00:00:02.973835,,,,,64,8,"(3, 5)",16.0,"(3, 5)",64.0,"(3, 5)",0.3033995077788553,26,3,SGD,0.007116797020837702,0.7944209316981342,1.0115422688821615e-06,,,,"{""batch_size"": 64, ""block_0_filters"": 8, ""block_0_kernel_pair"": ""(3, 5)"", ""lr_decay"": 0.3033995077788553, ""lr_step_size"": 26, ""n_blocks"": 3, ""optimizer"": ""SGD""}",PRUNED
41,0.6361104977075616,2026-10-02 19:28:43.942889,2026-10-02 19:28:46.070124,0 days 00:00:02.127235,0.8991827425191202,0.9626585633274254,0.005362798218070454,2.3427026294144164e-05,128,16,"(3, 5)",16.0,"(3, 7)",64.0,"(3, 5)",0.35928599200448375,25,3,Adam,,,,,,,"{""batch_size"": 128, ""block_0_filters"": 16, ""block_0_kernel_pair"": ""(3, 5)"", ""lr_decay"": 0.35928599200448375, ""lr_step_size"": 25, ""n_blocks"": 3, ""optimizer"": ""Adam""}",PRUNED
42,0.46456966271423156,2026-10-02 19:28:46.141371,2026-10-02 19:28:47.807598,0 days 00:00:01.666227,0.8832020350519332,0.972322394883349,0.002372964110624391,7.95372765352385e-06,128,64,"(3, 5)",16.0,"(3, 7)",,,0.41215254489668485,34,2,Adam,,,,,,,"{""batch_size"": 128, ""block_0_filters"": 64, ""block_0_kernel_pair"": ""(3, 5)"", ""lr_decay"": 0.41215254489668485, ""lr_step_size"": 34, ""n_blocks"": 2, ""optimizer"": ""Adam""}",PRUNED
43,0.6566038634814876,2026-10-02 19:28:47.869391,2026-10-02 19:28:49.901187,0 days 00:00:02.031796,0.8504333958131294,0.982204056141324,0.005844948291125996,0.0002172392806374876,128,64,"(5, 7)",16.0,"(3, 5)",64.0,"(3, 5)",0.48717777947080343,20,3,Adam,,,,,,,"{""batch_size"": 128, ""block_0_filters"": 64, ""block_0_kernel_pair"": ""(5, 7)"", ""lr_decay"": 0.48717777947080343, ""lr_step_size"": 20, ""n_blocks"": 3, ""optimizer"": ""Adam""}",PRUNED
44,0.6870112047726978,2026-10-02 19:28:49.974676,2026-10-02 19:28:54.076239,0 days 00:00:04.101563,0.8638760963943891,0.9640345174523502,0.0013998338143227733,0.0005013578546737392,64,8,"(3, 5)",16.0,"(3, 7)",64.0,"(3, 5)",0.27034675341880354,23,3,Adam,,,,,,,"{""batch_size"": 64, ""block_0_filters"": 8, ""block_0_kernel_pair"": ""(3, 5)"", ""lr_decay"": 0.27034675341880354, ""lr_step_size"": 23, ""n_blocks"": 3, ""optimizer"": ""Adam""}",PRUNED
45,0.6651652516412347,2026-10-02 19:28:54.136448,2026-10-02 19:28:57.768478,0 days 00:00:03.632030,0.8885655035198724,0.9738442086210649,0.003311021897411187,4.694795904183026e-05,64,64,"(3, 5)",8.0,"(3, 7)",64.0,"(5, 7)",0.38322033502515274,27,3,Adam,,,,,,,"{""batch_size"": 64, ""block_0_filters"": 64, ""block_0_kernel_pair"": ""(3, 5)"", ""lr_decay"": 0.38322033502515274, ""lr_step_size"": 27, ""n_blocks"": 3, ""optimizer"": ""Adam""}",PRUNED
46,0.4014142751814229,2026-10-02 19:28:57.827548,2026-10-02 19:29:01.604207,0 days 00:00:03.776659,0.9170166636249062,0.9546246612785352,0.00013619431759631946,1.656127491620304e-06,64,8,"(3, 5)",16.0,"(3, 5)",64.0,"(3, 5)",0.30381911500087255,18,3,Adam,,,,,,,"{""batch_size"": 64, ""block_0_filters"": 8, ""block_0_kernel_pair"": ""(3, 5)"", ""lr_decay"": 0.30381911500087255, ""lr_step_size"": 18, ""n_blocks"": 3, ""optimizer"": ""Adam""}",PRUNED
47,0.5079965459519707,2026-10-02 19:29:01.663204,2026-10-02 19:29:05.229975,0 days 00:00:03.566771,0.9015889166186029,0.9320099820395095,0.0069313527845098494,0.000982107183073667,64,8,"(3, 5)",64.0,"(3, 7)",32.0,"(3, 5)",0.3365816622039587,37,3,Adam,,,,,,,"{""batch_size"": 64, ""block_0_filters"": 8, ""block_0_kernel_pair"": ""(3, 5)"", ""lr_decay"": 0.3365816622039587, ""lr_step_size"": 37, ""n_blocks"": 3, ""optimizer"": ""Adam""}",PRUNED
48,0.4580197599890117,2026-10-02 19:29:05.298967,2026-10-02 19:29:07.298079,0 days 00:00:01.999112,0.8905852666030415,0.9005059107664625,0.0016440341576805001,0.0021068519409462153,128,64,"(5, 7)",16.0,"(3, 7)",8.0,"(3, 7)",0.32984260161194,18,3,Adam,,,,,,,"{""batch_size"": 128, ""block_0_filters"": 64, ""block_0_kernel_pair"": ""(5, 7)"", ""lr_decay"": 0.32984260161194, ""lr_step_size"": 18, ""n_blocks"": 3, ""optimizer"": ""Adam""}",PRUNED
