number,value,datetime_start,datetime_complete,duration,params_adam_beta1,params_adam_beta2,params_adam_lr,params_adam_wd,params_batch_size,params_block_0_filters,params_block_0_kernel_pair,params_block_1_filters,params_block_1_kernel_pair,params_block_2_filters,params_block_2_kernel_pair,params_lr_decay,params_lr_step_size,params_n_blocks,params_optimizer,params_sgd_lr,params_sgd_momentum,params_sgd_wd,user_attrs_best_epoch,user_attrs_validation_accuracy,user_attrs_validation_macro_f1,system_attrs_tpe:relative_params:0,state
49,0.40034913179336395,2026-10-02 19:29:07.360746,2026-10-02 19:29:09.212195,0 days 00:00:01.851449,0.9678348666875983,0.979740939729912,0.0002113333335312672,1.1224145821564889e-05,128,64,"(5, 7)",16.0,"(3, 5)",,,0.4229563643954325,23,2,Adam,,,,,,,"{""batch_size"": 128, ""block_0_filters"": 64, ""block_0_kernel_pair"": ""(5, 7)"", ""lr_decay"": 0.4229563643954325, ""lr_step_size"": 23, ""n_blocks"": 2, ""optimizer"": ""Adam""}",PRUNED
50,0.5113382670989364,2026-10-02 19:29:09.275730,2026-10-02 19:29:12.302254,0 days 00:00:03.026524,0.8773538363663516,0.9606952355337207,0.008529146595005928,0.00010784559889000965,64,8,"(3, 5)",32.0,"(3, 7)",,,0.4063198908204109,25,2,Adam,,,,,,,"{""batch_size"": 64, ""block_0_filters"": 8, ""block_0_kernel_pair"": ""(3, 5)"", ""lr_decay"": 0.4063198908204109, ""lr_step_size"": 25, ""n_blocks"": 2, ""optimizer"": ""Adam""}",PRUNED
51,0.5873155407044016,2026-10-02 19:29:12.366431,2026-10-02 19:29:16.283448,0 days 00:00:03.917017,0.8659227704360686,0.9686864467854435,0.004876417508840567,8.816039443347187e-06,64,64,"(3, 5)",16.0,"(3, 7)",64.0,"(3, 5)",0.43738269857149775,20,3,Adam,,,,,,,"{""batch_size"": 64, ""block_0_filters"": 64, ""block_0_kernel_pair"": ""(3, 5)"", ""lr_decay"": 0.43738269857149775, ""lr_step_size"": 20, ""n_blocks"": 3, ""optimizer"": ""Adam""}",PRUNED
52,0.9021409496946491,2026-10-02 19:29:16.343981,2026-10-02 19:29:33.642778,0 days 00:00:17.298797,0.8572653016846935,0.9679297599245286,0.0037214844088185525,1.6225612652646505e-05,64,32,"(3, 5)",16.0,"(3, 7)",64.0,"(3, 5)",0.4508816015548236,29,3,Adam,,,,39.0,0.9193548387096774,0.8849270606796208,"{""batch_size"": 64, ""block_0_filters"": 32, ""block_0_kernel_pair"": ""(3, 5)"", ""lr_decay"": 0.4508816015548236, ""lr_step_size"": 29, ""n_blocks"": 3, ""optimizer"": ""Adam""}",COMPLETE
53,0.667942660051807,2026-10-02 19:29:33.740686,2026-10-02 19:29:35.964373,0 days 00:00:02.223687,0.8682259963191736,0.9702344247117278,0.004857878003089217,4.028599035453656e-06,128,64,"(5, 7)",16.0,"(3, 7)",64.0,"(3, 5)",0.4467227667240081,13,3,Adam,,,,,,,"{""batch_size"": 128, ""block_0_filters"": 64, ""block_0_kernel_pair"": ""(5, 7)"", ""lr_decay"": 0.4467227667240081, ""lr_step_size"": 13, ""n_blocks"": 3, ""optimizer"": ""Adam""}",PRUNED
54,0.9097287704132716,2026-10-02 19:29:36.027750,2026-10-02 19:29:55.590422,0 days 00:00:19.562672,0.8736952839881601,0.9590408346656207,0.0027469905205285486,1.7913737747995015e-06,64,32,"(3, 5)",16.0,"(5, 7)",64.0,"(5, 7)",0.49739358256888666,30,3,Adam,,,,45.0,0.9233870967741935,0.8960704440523497,"{""batch_size"": 64, ""block_0_filters"": 32, ""block_0_kernel_pair"": ""(3, 5)"", ""lr_decay"": 0.49739358256888666, ""lr_step_size"": 30, ""n_blocks"": 3, ""optimizer"": ""Adam""}",COMPLETE
55,0.6225525025271981,2026-10-02 19:29:55.664945,2026-10-02 19:30:00.291010,0 days 00:00:04.626065,0.8782556159202107,0.9109679959349013,0.006237665325944434,2.571829703107632e-05,64,8,"(3, 5)",16.0,"(3, 7)",16.0,"(5, 7)",0.4462424344429716,17,3,Adam,,,,,,,"{""batch_size"": 64, ""block_0_filters"": 8, ""block_0_kernel_pair"": ""(3, 5)"", ""lr_decay"": 0.4462424344429716, ""lr_step_size"": 17, ""n_blocks"": 3, ""optimizer"": ""Adam""}",PRUNED
56,0.7561937554105541,2026-10-02 19:30:00.362083,2026-10-02 19:30:07.114136,0 days 00:00:06.752053,0.8878332174328947,0.9321904276761839,0.0021946053632731295,7.080631185284988e-06,64,16,"(3, 5)",16.0,"(3, 7)",64.0,"(3, 5)",0.4706364436741541,35,3,Adam,,,,,,,"{""batch_size"": 64, ""block_0_filters"": 16, ""block_0_kernel_pair"": ""(3, 5)"", ""lr_decay"": 0.4706364436741541, ""lr_step_size"": 35, ""n_blocks"": 3, ""optimizer"": ""Adam""}",PRUNED
57,0.7302109573930735,2026-10-02 19:30:07.176503,2026-10-02 19:30:12.133659,0 days 00:00:04.957156,0.8977772038730489,0.9525748776585814,0.009552840565515145,1.1338876864894844e-05,64,8,"(3, 5)",8.0,"(3, 7)",64.0,"(5, 7)",0.49616935148240654,40,3,Adam,,,,,,,"{""batch_size"": 64, ""block_0_filters"": 8, ""block_0_kernel_pair"": ""(3, 5)"", ""lr_decay"": 0.49616935148240654, ""lr_step_size"": 40, ""n_blocks"": 3, ""optimizer"": ""Adam""}",PRUNED
58,0.9081940774168027,2026-10-02 19:30:12.202565,2026-10-02 19:30:34.369583,0 days 00:00:22.167018,0.8576370158624453,0.97296989093167,0.0035129672640646617,4.1724828464889866e-05,64,8,"(3, 7)",16.0,"(5, 7)",64.0,"(3, 5)",0.42421180191816293,28,3,Adam,,,,49.0,0.9225806451612903,0.8938075096723149,"{""batch_size"": 64, ""block_0_filters"": 8, ""block_0_kernel_pair"": ""(3, 7)"", ""lr_decay"": 0.42421180191816293, ""lr_step_size"": 28, ""n_blocks"": 3, ""optimizer"": ""Adam""}",COMPLETE
59,0.6606685673736883,2026-10-02 19:30:34.461828,2026-10-02 19:30:38.941381,0 days 00:00:04.479553,0.8693543438943757,0.978977835169299,0.004485608421615434,3.4070909437081257e-06,64,64,"(3, 7)",32.0,"(3, 7)",16.0,"(3, 5)",0.44306506616227603,39,3,Adam,,,,,,,"{""batch_size"": 64, ""block_0_filters"": 64, ""block_0_kernel_pair"": ""(3, 7)"", ""lr_decay"": 0.44306506616227603, ""lr_step_size"": 39, ""n_blocks"": 3, ""optimizer"": ""Adam""}",PRUNED
60,0.914734111407174,2026-10-02 19:30:38.999762,2026-10-02 19:30:57.032627,0 days 00:00:18.032865,0.8530920717283693,0.986061545758045,0.0028255535615957436,1.0137160218142135e-06,64,64,"(3, 5)",16.0,"(3, 7)",64.0,"(5, 7)",0.38418743801937566,33,3,Adam,,,,49.0,0.9266129032258065,0.9028553195885415,"{""batch_size"": 64, ""block_0_filters"": 64, ""block_0_kernel_pair"": ""(3, 5)"", ""lr_decay"": 0.38418743801937566, ""lr_step_size"": 33, ""n_blocks"": 3, ""optimizer"": ""Adam""}",COMPLETE
61,0.9153247764999506,2026-10-02 19:30:57.105431,2026-10-02 19:31:14.573838,0 days 00:00:17.468407,0.8500561212053427,0.9880636282864876,0.0029876014051976396,1.5361796328524957e-06,64,64,"(3, 5)",16.0,"(3, 7)",64.0,"(5, 7)",0.4103765740949984,40,3,Adam,,,,49.0,0.9274193548387096,0.9032301981611914,"{""batch_size"": 64, ""block_0_filters"": 64, ""block_0_kernel_pair"": ""(3, 5)"", ""lr_decay"": 0.4103765740949984, ""lr_step_size"": 40, ""n_blocks"": 3, ""optimizer"": ""Adam""}",COMPLETE
62,0.7787430229360912,2026-10-02 19:31:14.647400,2026-10-02 19:31:17.168793,0 days 00:00:02.521393,0.8572591595866186,0.99044574349284,0.003107325241209008,1.544596333352833e-06,200,8,"(3, 5)",16.0,"(3, 7)",64.0,"(5, 7)",0.4735388196852413,26,3,Adam,,,,,,,"{""batch_size"": 200, ""block_0_filters"": 8, ""block_0_kernel_pair"": ""(3, 5)"", ""lr_decay"": 0.4735388196852413, ""lr_step_size"": 26, ""n_blocks"": 3, ""optimizer"": ""Adam""}",PRUNED
63,0.9213310330053863,2026-10-02 19:31:17.227539,2026-10-02 19:31:34.231765,0 days 00:00:17.004226,0.8615207670992238,0.9247778891142922,0.004021620436459592,4.655590267577147e-06,64,8,"(3, 5)",16.0,"(3, 7)",64.0,"(5, 7)",0.3484808484244408,30,3,Adam,,,,37.0,0.932258064516129,0.9104040014946436,"{""batch_size"": 64, ""block_0_filters"": 8, ""block_0_kernel_pair"": ""(3, 5)"", ""lr_decay"": 0.3484808484244408, ""lr_step_size"": 30, ""n_blocks"": 3, ""optimizer"": ""Adam""}",COMPLETE
64,0.8057570957191943,2026-10-02 19:31:34.305707,2026-10-02 19:31:38.737024,0 days 00:00:04.431317,0.8503111546422072,0.9217010997495501,0.0019543698720470683,5.103864178104576e-06,200,64,"(3, 5)",16.0,"(3, 7)",64.0,"(5, 7)",0.37842002692226273,40,3,Adam,,,,,,,"{""batch_size"": 200, ""block_0_filters"": 64, ""block_0_kernel_pair"": ""(3, 5)"", ""lr_decay"": 0.37842002692226273, ""lr_step_size"": 40, ""n_blocks"": 3, ""optimizer"": ""Adam""}",PRUNED
65,0.6900654696226807,2026-10-02 19:31:38.813108,2026-10-02 19:31:42.837766,0 days 00:00:04.024658,0.878358224332998,0.9250841556304413,0.0023499442573953226,1.9574300136466796e-06,64,64,"(3, 5)",16.0,"(3, 7)",32.0,"(5, 7)",0.3478570595620432,33,3,Adam,,,,,,,"{""batch_size"": 64, ""block_0_filters"": 64, ""block_0_kernel_pair"": ""(3, 5)"", ""lr_decay"": 0.3478570595620432, ""lr_step_size"": 33, ""n_blocks"": 3, ""optimizer"": ""Adam""}",PRUNED
66,0.9281541147518106,2026-10-02 19:31:42.904896,2026-10-02 19:32:01.938621,0 days 00:00:19.033725,0.8629389624400161,0.9061234381124942,0.004060267690122133,2.749252148606957e-06,64,64,"(3, 7)",16.0,"(3, 7)",64.0,"(5, 7)",0.4926982366601263,34,3,Adam,,,,40.0,0.9387096774193548,0.9175985520842664,"{""batch_size"": 64, ""block_0_filters"": 64, ""block_0_kernel_pair"": ""(3, 7)"", ""lr_decay"": 0.4926982366601263, ""lr_step_size"": 34, ""n_blocks"": 3, ""optimizer"": ""Adam""}",COMPLETE
67,0.590105105993195,2026-10-02 19:32:01.997637,2026-10-02 19:32:05.559513,0 days 00:00:03.561876,0.8620367356068454,0.9051614512978934,0.007966554954664109,2.737609521516135e-06,64,8,"(5, 7)",64.0,"(3, 7)",8.0,"(5, 7)",0.35906565404788976,29,3,Adam,,,,,,,"{""batch_size"": 64, ""block_0_filters"": 8, ""block_0_kernel_pair"": ""(5, 7)"", ""lr_decay"": 0.35906565404788976, ""lr_step_size"": 29, ""n_blocks"": 3, ""optimizer"": ""Adam""}",PRUNED
68,0.9021222839689745,2026-10-02 19:32:05.617821,2026-10-02 19:32:23.417152,0 days 00:00:17.799331,0.8668644159653282,0.9169630304130546,0.005561219855317705,5.211579861807705e-06,64,8,"(3, 5)",16.0,"(3, 5)",64.0,"(5, 7)",0.32938277331189436,28,3,Adam,,,,39.0,0.9217741935483871,0.882470374389562,"{""batch_size"": 64, ""block_0_filters"": 8, ""block_0_kernel_pair"": ""(3, 5)"", ""lr_decay"": 0.32938277331189436, ""lr_step_size"": 28, ""n_blocks"": 3, ""optimizer"": ""Adam""}",COMPLETE
69,0.5945983370133521,2026-10-02 19:32:23.493252,2026-10-02 19:32:26.719879,0 days 00:00:03.226627,0.9122859333261418,0.9081719086150787,0.0040031448753405875,3.7392546417083593e-06,64,64,"(3, 7)",16.0,"(5, 7)",16.0,"(3, 7)",0.4927558210947617,28,3,Adam,,,,,,,"{""batch_size"": 64, ""block_0_filters"": 64, ""block_0_kernel_pair"": ""(3, 7)"", ""lr_decay"": 0.4927558210947617, ""lr_step_size"": 28, ""n_blocks"": 3, ""optimizer"": ""Adam""}",PRUNED
70,0.9269973557550963,2026-10-02 19:32:26.779124,2026-10-02 19:32:43.679842,0 days 00:00:16.900718,0.8604616290512873,0.9365670070475295,0.00255879167720024,3.408440562878673e-05,64,8,"(3, 5)",32.0,"(3, 7)",64.0,"(5, 7)",0.27147060573917287,32,3,Adam,,,,37.0,0.9419354838709677,0.9120592276392251,"{""batch_size"": 64, ""block_0_filters"": 8, ""block_0_kernel_pair"": ""(3, 5)"", ""lr_decay"": 0.27147060573917287, ""lr_step_size"": 32, ""n_blocks"": 3, ""optimizer"": ""Adam""}",COMPLETE
71,0.9193512524783221,2026-10-02 19:32:43.737806,2026-10-02 19:33:01.171224,0 days 00:00:17.433418,0.872893561655064,0.9367818131891268,0.003974978062555253,2.8856717254130173e-05,64,8,"(3, 5)",32.0,"(3, 7)",64.0,"(5, 7)",0.255438340532295,33,3,Adam,,,,48.0,0.9330645161290323,0.9056379888276119,"{""batch_size"": 64, ""block_0_filters"": 8, ""block_0_kernel_pair"": ""(3, 5)"", ""lr_decay"": 0.255438340532295, ""lr_step_size"": 33, ""n_blocks"": 3, ""optimizer"": ""Adam""}",COMPLETE
72,0.8478265010108443,2026-10-02 19:33:01.244207,2026-10-02 19:33:11.514672,0 days 00:00:10.270465,0.873034133880363,0.9368448088419102,0.002501377718606629,9.092204189474483e-05,64,8,"(3, 5)",32.0,"(3, 7)",64.0,"(5, 7)",0.4190196521099885,30,3,Adam,,,,,,,"{""batch_size"": 64, ""block_0_filters"": 8, ""block_0_kernel_pair"": ""(3, 5)"", ""lr_decay"": 0.4190196521099885, ""lr_step_size"": 30, ""n_blocks"": 3, ""optimizer"": ""Adam""}",PRUNED
73,0.4736482224801358,2026-10-02 19:33:11.586422,2026-10-02 19:33:15.137842,0 days 00:00:03.551420,0.8596094381723556,0.928911712092127,0.0001004425122079089,3.257088603375877e-05,64,8,"(3, 5)",32.0,"(3, 7)",64.0,"(5, 7)",0.23254150394401552,36,3,Adam,,,,,,,"{""batch_size"": 64, ""block_0_filters"": 8, ""block_0_kernel_pair"": ""(3, 5)"", ""lr_decay"": 0.23254150394401552, ""lr_step_size"": 36, ""n_blocks"": 3, ""optimizer"": ""Adam""}",PRUNED
74,0.8631939146761671,2026-10-02 19:33:15.196462,2026-10-02 19:33:26.607744,0 days 00:00:11.411282,0.8813899309377139,0.9410623320889262,0.0038820741240057533,5.861212671195955e-05,64,8,"(3, 5)",32.0,"(3, 7)",64.0,"(5, 7)",0.2581612697266489,31,3,Adam,,,,,,,"{""batch_size"": 64, ""block_0_filters"": 8, ""block_0_kernel_pair"": ""(3, 5)"", ""lr_decay"": 0.2581612697266489, ""lr_step_size"": 31, ""n_blocks"": 3, ""optimizer"": ""Adam""}",PRUNED
75,0.9293362472334434,2026-10-02 19:33:26.668950,2026-10-02 19:33:44.765609,0 days 00:00:18.096659,0.8550806551567868,0.9464128427940638,0.0033858300777868597,1.9178159432510676e-05,64,8,"(3, 5)",32.0,"(3, 7)",64.0,"(5, 7)",0.1884602980579772,30,3,Adam,,,,44.0,0.9419354838709677,0.9167370105959192,"{""batch_size"": 64, ""block_0_filters"": 8, ""block_0_kernel_pair"": ""(3, 5)"", ""lr_decay"": 0.1884602980579772, ""lr_step_size"": 30, ""n_blocks"": 3, ""optimizer"": ""Adam""}",COMPLETE
76,0.9118850352881005,2026-10-02 19:33:44.859329,2026-10-02 19:34:02.055445,0 days 00:00:17.196116,0.8878237477213011,0.9461928513529402,0.0035045265607626212,1.4333840279328843e-05,64,8,"(3, 5)",32.0,"(3, 7)",64.0,"(5, 7)",0.14403903217830127,33,3,Adam,,,,36.0,0.925,0.8987700705762008,"{""batch_size"": 64, ""block_0_filters"": 8, ""block_0_kernel_pair"": ""(3, 5)"", ""lr_decay"": 0.14403903217830127, ""lr_step_size"": 33, ""n_blocks"": 3, ""optimizer"": ""Adam""}",COMPLETE
77,0.9316152082744962,2026-10-02 19:34:02.129586,2026-10-02 19:34:20.312199,0 days 00:00:18.182613,0.9029848472851477,0.9363119651527673,0.004326447696623941,1.939434456195853e-05,64,64,"(3, 7)",32.0,"(3, 7)",64.0,"(5, 7)",0.44856291725044384,32,3,Adam,,,,33.0,0.9362903225806452,0.9269400939683471,"{""batch_size"": 64, ""block_0_filters"": 64, ""block_0_kernel_pair"": ""(3, 7)"", ""lr_decay"": 0.44856291725044384, ""lr_step_size"": 32, ""n_blocks"": 3, ""optimizer"": ""Adam""}",COMPLETE
78,0.7029970407380316,2026-10-02 19:34:20.386376,2026-10-02 19:34:24.734889,0 days 00:00:04.348513,0.8703990978661823,0.9352106355235612,0.006052254349869754,1.8449073599803182e-05,64,64,"(3, 7)",32.0,"(3, 7)",64.0,"(5, 7)",0.4845691061003637,34,3,Adam,,,,,,,"{""batch_size"": 64, ""block_0_filters"": 64, ""block_0_kernel_pair"": ""(3, 7)"", ""lr_decay"": 0.4845691061003637, ""lr_step_size"": 34, ""n_blocks"": 3, ""optimizer"": ""Adam""}",PRUNED
79,0.9280953230260602,2026-10-02 19:34:24.800386,2026-10-02 19:34:42.516052,0 days 00:00:17.715666,0.9019526352303604,0.9278296415805194,0.005386395497802465,2.0157645906665223e-05,64,64,"(3, 7)",32.0,"(3, 7)",64.0,"(5, 7)",0.395779925482257,36,3,Adam,,,,40.0,0.9379032258064516,0.918287420245669,"{""batch_size"": 64, ""block_0_filters"": 64, ""block_0_kernel_pair"": ""(3, 7)"", ""lr_decay"": 0.395779925482257, ""lr_step_size"": 36, ""n_blocks"": 3, ""optimizer"": ""Adam""}",COMPLETE
80,0.6305170847096281,2026-10-02 19:34:42.589662,2026-10-02 19:34:46.264526,0 days 00:00:03.674864,0.906522202821604,0.9198002810170376,0.007832668312044084,2.1623495351066954e-05,64,64,"(3, 7)",32.0,"(3, 7)",64.0,"(5, 7)",0.3616854217842763,40,3,Adam,,,,,,,"{""batch_size"": 64, ""block_0_filters"": 64, ""block_0_kernel_pair"": ""(3, 7)"", ""lr_decay"": 0.3616854217842763, ""lr_step_size"": 40, ""n_blocks"": 3, ""optimizer"": ""Adam""}",PRUNED
81,0.8355928775740881,2026-10-02 19:34:46.332629,2026-10-02 19:34:54.717745,0 days 00:00:08.385116,0.9002675014421173,0.9280134212251442,0.005618331533419334,3.105400652111548e-05,64,8,"(3, 5)",32.0,"(3, 7)",64.0,"(5, 7)",0.2259565854695251,29,3,Adam,,,,,,,"{""batch_size"": 64, ""block_0_filters"": 8, ""block_0_kernel_pair"": ""(3, 5)"", ""lr_decay"": 0.2259565854695251, ""lr_step_size"": 29, ""n_blocks"": 3, ""optimizer"": ""Adam""}",PRUNED
82,0.9259695890176665,2026-10-02 19:34:54.777023,2026-10-02 19:35:12.327092,0 days 00:00:17.550069,0.8921985020627695,0.9430301074749748,0.0041189759617608806,4.169547023569544e-05,64,64,"(3, 7)",32.0,"(3, 7)",64.0,"(5, 7)",0.4605318822006526,32,3,Adam,,,,35.0,0.9346774193548387,0.9172617586804942,"{""batch_size"": 64, ""block_0_filters"": 64, ""block_0_kernel_pair"": ""(3, 7)"", ""lr_decay"": 0.4605318822006526, ""lr_step_size"": 32, ""n_blocks"": 3, ""optimizer"": ""Adam""}",COMPLETE
83,0.6762199178505496,2026-10-02 19:35:12.390313,2026-10-02 19:35:16.371869,0 days 00:00:03.981556,0.9243463245842938,0.9423974902062384,0.00515270329808314,4.9976482227013784e-05,64,64,"(3, 7)",32.0,"(3, 7)",64.0,"(5, 7)",0.40592002544343875,32,3,Adam,,,,,,,"{""batch_size"": 64, ""block_0_filters"": 64, ""block_0_kernel_pair"": ""(3, 7)"", ""lr_decay"": 0.40592002544343875, ""lr_step_size"": 32, ""n_blocks"": 3, ""optimizer"": ""Adam""}",PRUNED
84,0.6822351683610188,2026-10-02 19:35:16.435787,2026-10-02 19:35:18.031687,0 days 00:00:01.595900,0.8934756342336473,0.9460514949907789,0.004311902337672095,1.3410383620779129e-05,200,64,"(3, 7)",32.0,"(3, 7)",64.0,"(5, 7)",0.45678220798793784,31,3,Adam,,,,,,,"{""batch_size"": 200, ""block_0_filters"": 64, ""block_0_kernel_pair"": ""(3, 7)"", ""lr_decay"": 0.45678220798793784, ""lr_step_size"": 31, ""n_blocks"": 3, ""optimizer"": ""Adam""}",PRUNED
85,0.6286067282613108,2026-10-02 19:35:18.096607,2026-10-02 19:35:21.589577,0 days 00:00:03.492970,0.9013210437498588,0.928823233695773,0.0006240088968557053,2.0375060145069156e-05,64,8,"(3, 5)",32.0,"(3, 7)",32.0,"(3, 7)",0.16931427190321843,27,3,Adam,,,,,,,"{""batch_size"": 64, ""block_0_filters"": 8, ""block_0_kernel_pair"": ""(3, 5)"", ""lr_decay"": 0.16931427190321843, ""lr_step_size"": 27, ""n_blocks"": 3, ""optimizer"": ""Adam""}",PRUNED
86,0.663757249532556,2026-10-02 19:35:21.650529,2026-10-02 19:35:25.239946,0 days 00:00:03.589417,0.9035814746591887,0.9397176951391853,0.002567204667273732,7.376978760715326e-06,64,64,"(3, 7)",32.0,"(3, 7)",8.0,"(5, 7)",0.4962500405299692,38,3,Adam,,,,,,,"{""batch_size"": 64, ""block_0_filters"": 64, ""block_0_kernel_pair"": ""(3, 7)"", ""lr_decay"": 0.4962500405299692, ""lr_step_size"": 38, ""n_blocks"": 3, ""optimizer"": ""Adam""}",PRUNED
87,0.8745160696176308,2026-10-02 19:35:25.335707,2026-10-02 19:35:31.566599,0 days 00:00:06.230892,0.8938090380569634,0.9511690275498804,0.004642107999678593,3.635528736009529e-05,128,64,"(3, 7)",32.0,"(3, 7)",64.0,"(5, 7)",0.4362570292969091,34,3,Adam,,,,,,,"{""batch_size"": 128, ""block_0_filters"": 64, ""block_0_kernel_pair"": ""(3, 7)"", ""lr_decay"": 0.4362570292969091, ""lr_step_size"": 34, ""n_blocks"": 3, ""optimizer"": ""Adam""}",PRUNED
88,0.7477202595690828,2026-10-02 19:35:31.630271,2026-10-02 19:35:36.155243,0 days 00:00:04.524972,0.9112723326708493,0.9340114659086196,0.007115902489751806,9.91721377554178e-06,64,64,"(3, 7)",32.0,"(3, 7)",64.0,"(3, 7)",0.37341335116037866,35,3,Adam,,,,,,,"{""batch_size"": 64, ""block_0_filters"": 64, ""block_0_kernel_pair"": ""(3, 7)"", ""lr_decay"": 0.37341335116037866, ""lr_step_size"": 35, ""n_blocks"": 3, ""optimizer"": ""Adam""}",PRUNED
89,0.8680753802475902,2026-10-02 19:35:36.218425,2026-10-02 19:35:46.157996,0 days 00:00:09.939571,0.8859161908637367,0.9242547912024803,0.0031227426599277812,0.00016875384320171798,64,32,"(3, 7)",32.0,"(3, 7)",64.0,"(5, 7)",0.40969140821701033,35,3,Adam,,,,,,,"{""batch_size"": 64, ""block_0_filters"": 32, ""block_0_kernel_pair"": ""(3, 7)"", ""lr_decay"": 0.40969140821701033, ""lr_step_size"": 35, ""n_blocks"": 3, ""optimizer"": ""Adam""}",PRUNED
90,0.7470420206670758,2026-10-02 19:35:46.225385,2026-10-02 19:35:48.874286,0 days 00:00:02.648901,0.8903196663717382,0.9441289618858698,0.004275121644660302,6.432310373399955e-06,128,64,"(5, 7)",32.0,"(3, 7)",64.0,"(5, 7)",0.40738485789673085,37,3,Adam,,,,,,,"{""batch_size"": 128, ""block_0_filters"": 64, ""block_0_kernel_pair"": ""(5, 7)"", ""lr_decay"": 0.40738485789673085, ""lr_step_size"": 37, ""n_blocks"": 3, ""optimizer"": ""Adam""}",PRUNED
91,0.9251629020636956,2026-10-02 19:35:48.938002,2026-10-02 19:36:06.809234,0 days 00:00:17.871232,0.8547749944616642,0.9394678004571118,0.0039292068118378055,2.496229969249747e-05,64,64,"(3, 7)",32.0,"(3, 7)",64.0,"(5, 7)",0.4642619258123739,33,3,Adam,,,,42.0,0.9306451612903226,0.9196806428370684,"{""batch_size"": 64, ""block_0_filters"": 64, ""block_0_kernel_pair"": ""(3, 7)"", ""lr_decay"": 0.4642619258123739, ""lr_step_size"": 33, ""n_blocks"": 3, ""optimizer"": ""Adam""}",COMPLETE
92,0.9218565016517946,2026-10-02 19:36:06.874507,2026-10-02 19:36:26.228159,0 days 00:00:19.353652,0.8539386989924693,0.9150192313046097,0.0036572137398025307,4.414183444440985e-05,64,64,"(3, 7)",32.0,"(3, 7)",64.0,"(5, 7)",0.4639806967959807,33,3,Adam,,,,46.0,0.9330645161290323,0.9106484871745568,"{""batch_size"": 64, ""block_0_filters"": 64, ""block_0_kernel_pair"": ""(3, 7)"", ""lr_decay"": 0.4639806967959807, ""lr_step_size"": 33, ""n_blocks"": 3, ""optimizer"": ""Adam""}",COMPLETE
93,0.9169664467885339,2026-10-02 19:36:26.304833,2026-10-02 19:36:44.424472,0 days 00:00:18.119639,0.854524098100443,0.9049604188115915,0.0051727162596486576,4.33092481370184e-05,64,16,"(3, 7)",32.0,"(3, 7)",64.0,"(5, 7)",0.4415491217216617,32,3,Adam,,,,50.0,0.9314516129032258,0.9024812806738421,"{""batch_size"": 64, ""block_0_filters"": 16, ""block_0_kernel_pair"": ""(3, 7)"", ""lr_decay"": 0.4415491217216617, ""lr_step_size"": 32, ""n_blocks"": 3, ""optimizer"": ""Adam""}",COMPLETE
94,0.9276824040460492,2026-10-02 19:36:44.512487,2026-10-02 19:37:02.863865,0 days 00:00:18.351378,0.8547543340743665,0.9387153030287829,0.003527127154694419,5.4513133685381346e-05,64,64,"(3, 7)",32.0,"(3, 7)",64.0,"(5, 7)",0.47481123327547503,32,3,Adam,,,,42.0,0.9403225806451613,0.9150422274469371,"{""batch_size"": 64, ""block_0_filters"": 64, ""block_0_kernel_pair"": ""(3, 7)"", ""lr_decay"": 0.47481123327547503, ""lr_step_size"": 32, ""n_blocks"": 3, ""optimizer"": ""Adam""}",COMPLETE
