number,value,datetime_start,datetime_complete,duration,params_adam_beta1,params_adam_beta2,params_adam_lr,params_adam_wd,params_batch_size,params_block_0_filters,params_block_0_kernel_pair,params_block_1_filters,params_block_1_kernel_pair,params_block_2_filters,params_block_2_kernel_pair,params_lr_decay,params_lr_step_size,params_n_blocks,params_optimizer,params_sgd_lr,params_sgd_momentum,params_sgd_wd,user_attrs_best_epoch,user_attrs_validation_accuracy,user_attrs_validation_macro_f1,system_attrs_tpe:relative_params:0,state
95,0.9136875661889335,2026-10-02 19:37:02.938330,2026-10-02 19:37:20.505117,0 days 00:00:17.566787,0.8652819565402915,0.9305512742220438,0.0018182127138445443,7.890535585456811e-05,64,8,"(3, 7)",32.0,"(3, 7)",64.0,"(3, 7)",0.48494047703274956,32,3,Adam,,,,42.0,0.9298387096774193,0.8975364227004478,"{""batch_size"": 64, ""block_0_filters"": 8, ""block_0_kernel_pair"": ""(3, 7)"", ""lr_decay"": 0.48494047703274956, ""lr_step_size"": 32, ""n_blocks"": 3, ""optimizer"": ""Adam""}",COMPLETE
96,0.6995905325497309,2026-10-02 19:37:20.564103,2026-10-02 19:37:24.279875,0 days 00:00:03.715772,0.8584498996937747,0.941132931144801,0.002723174734448405,2.523887156280914e-05,64,8,"(3, 5)",32.0,"(5, 7)",16.0,"(5, 7)",0.08966597557863537,31,3,Adam,,,,,,,"{""batch_size"": 64, ""block_0_filters"": 8, ""block_0_kernel_pair"": ""(3, 5)"", ""lr_decay"": 0.08966597557863537, ""lr_step_size"": 31, ""n_blocks"": 3, ""optimizer"": ""Adam""}",PRUNED
97,0.9209983480429005,2026-10-02 19:37:24.352131,2026-10-02 19:37:41.148478,0 days 00:00:16.796347,0.9048935278811753,0.9391847483668233,0.0032822035031329767,1.5597420853907293e-05,64,8,"(3, 5)",32.0,"(3, 7)",64.0,"(5, 7)",0.1926796302243998,31,3,Adam,,,,49.0,0.932258064516129,0.9097386315696718,"{""batch_size"": 64, ""block_0_filters"": 8, ""block_0_kernel_pair"": ""(3, 5)"", ""lr_decay"": 0.1926796302243998, ""lr_step_size"": 31, ""n_blocks"": 3, ""optimizer"": ""Adam""}",COMPLETE
98,0.325457355436655,2026-10-02 19:37:41.207627,2026-10-02 19:37:44.376899,0 days 00:00:03.169272,0.9660467715168075,0.9491575655956326,0.006009607100164892,0.008175711304653319,64,16,"(3, 5)",32.0,"(3, 7)",64.0,"(5, 7)",0.3970379981800071,36,3,Adam,,,,,,,"{""batch_size"": 64, ""block_0_filters"": 16, ""block_0_kernel_pair"": ""(3, 5)"", ""lr_decay"": 0.3970379981800071, ""lr_step_size"": 36, ""n_blocks"": 3, ""optimizer"": ""Adam""}",PRUNED
99,0.7162487694195723,2026-10-02 19:37:44.440177,2026-10-02 19:37:47.998920,0 days 00:00:03.558743,0.8960920330856579,0.9439975217416403,0.006513029926711973,0.0001256806907327217,64,8,"(3, 5)",8.0,"(3, 7)",64.0,"(5, 7)",0.1236783512441445,36,3,Adam,,,,,,,"{""batch_size"": 64, ""block_0_filters"": 8, ""block_0_kernel_pair"": ""(3, 5)"", ""lr_decay"": 0.1236783512441445, ""lr_step_size"": 36, ""n_blocks"": 3, ""optimizer"": ""Adam""}",PRUNED
