number,value,datetime_start,datetime_complete,duration,params_adam_beta1,params_adam_beta2,params_adam_lr,params_adam_wd,params_batch_size,params_block_0_filters,params_block_0_kernel_pair,params_block_1_filters,params_block_1_kernel_pair,params_block_2_filters,params_block_2_kernel_pair,params_first_conv_filters,params_first_conv_kernel_width,params_lr_decay,params_lr_step_size,params_n_blocks,params_optimizer,params_sgd_lr,params_sgd_momentum,params_sgd_wd,user_attrs_best_epoch,user_attrs_validation_accuracy,user_attrs_validation_macro_f1,state
73,0.40308376351058006,2026-09-26 20:25:43.498198,2026-09-26 20:25:47.538720,0 days 00:00:04.040522,0.9447711049640283,0.9892816751166114,0.002127585098000794,0.0006145948965538753,64,64,"(3, 7)",64.0,"(5, 7)",,,128,7,0.32847847183907225,10,2,Adam,,,,,,,PRUNED
74,0.8154448646956152,2026-09-26 20:25:47.691439,2026-09-26 20:26:07.788811,0 days 00:00:20.097372,0.9717594055641179,0.9779589639302865,0.0015624034612213655,0.0004093958683045155,64,64,"(3, 7)",64.0,"(5, 7)",,,128,7,0.3129694424486521,12,2,Adam,,,,47.0,0.830952380952381,0.7999373484388494,COMPLETE
75,0.4860895861247072,2026-09-26 20:26:07.930209,2026-09-26 20:26:12.136220,0 days 00:00:04.206011,0.9627957161347181,0.9855370294554553,0.0032940097395505173,0.002350114087020089,64,64,"(3, 7)",64.0,"(5, 7)",,,128,7,0.34653318252970716,12,2,Adam,,,,,,,PRUNED
76,0.5581544349353271,2026-09-26 20:26:12.273828,2026-09-26 20:26:14.973457,0 days 00:00:02.699629,0.96849858730807,0.9916898680491322,0.0012978980063631609,0.0011643273694343552,200,16,"(3, 7)",64.0,"(5, 7)",,,128,7,0.39480715926925897,11,2,Adam,,,,,,,PRUNED
77,0.46693196391093195,2026-09-26 20:26:15.112468,2026-09-26 20:26:19.248875,0 days 00:00:04.136407,,,,,64,64,"(3, 7)",64.0,"(5, 7)",,,16,7,0.4158192866427417,13,2,SGD,0.001202131548616085,0.911355558910319,5.044601233588997e-06,,,,PRUNED
78,0.5228133735959823,2026-09-26 20:26:19.381576,2026-09-26 20:26:21.640434,0 days 00:00:02.258858,0.9528037746521105,0.9799676279163168,0.0016027150927065347,8.534444303722907e-05,128,64,"(3, 7)",64.0,"(5, 7)",,,64,7,0.3644047693604438,15,2,Adam,,,,,,,PRUNED
79,0.5271388007417817,2026-09-26 20:26:21.773843,2026-09-26 20:26:25.614850,0 days 00:00:03.841007,0.9739647697834858,0.9863667774235603,0.0023650360275109953,0.00015123496766286052,64,64,"(3, 7)",64.0,"(5, 7)",,,128,5,0.33003015707866407,10,2,Adam,,,,,,,PRUNED
80,0.5152362828905394,2026-09-26 20:26:25.747435,2026-09-26 20:26:29.921847,0 days 00:00:04.174412,0.9454186731175341,0.992567265555719,0.0019537881840309655,0.0011356362954424459,64,64,"(3, 7)",64.0,"(5, 7)",,,128,7,0.37400143342186,13,2,Adam,,,,,,,PRUNED
81,0.837179474089126,2026-09-26 20:26:30.057247,2026-09-26 20:26:50.215371,0 days 00:00:20.158124,0.9578872156659657,0.9968304674049436,0.001161104767323866,5.178906372270014e-05,64,64,"(3, 7)",64.0,"(5, 7)",,,128,7,0.38930782479746656,14,2,Adam,,,,38.0,0.8476190476190476,0.8267399005592043,COMPLETE
82,0.8660720781369656,2026-09-26 20:26:50.350700,2026-09-26 20:27:10.445629,0 days 00:00:20.094929,0.9587720867187977,0.9970390098815551,0.0012413322476996413,5.055794423751736e-05,64,64,"(3, 7)",64.0,"(5, 7)",,,128,7,0.3828294273034914,14,2,Adam,,,,43.0,0.8666666666666667,0.8654774896072646,COMPLETE
83,0.8432109640043934,2026-09-26 20:27:10.584876,2026-09-26 20:27:30.788673,0 days 00:00:20.203797,0.9379638925680691,0.9974464697773789,0.0012485569022725853,0.0004529744355376211,64,64,"(3, 7)",64.0,"(5, 7)",,,128,7,0.3878847592660004,14,2,Adam,,,,48.0,0.8523809523809524,0.8340409756278344,COMPLETE
84,0.8367892593186023,2026-09-26 20:27:30.921571,2026-09-26 20:27:50.921348,0 days 00:00:19.999777,0.9359975708958886,0.9967500728148784,0.0017132886679374303,0.0006561294647405328,64,64,"(3, 7)",64.0,"(5, 7)",,,128,7,0.38590242045704237,14,2,Adam,,,,50.0,0.8452380952380952,0.8283404233991093,COMPLETE
85,0.8245595050180988,2026-09-26 20:27:51.055580,2026-09-26 20:28:05.642353,0 days 00:00:14.586773,0.9377300496387602,0.9983937927595207,0.0012161633738976992,0.0006000463315571353,256,64,"(3, 7)",64.0,"(5, 7)",,,128,7,0.38601969406413095,14,2,Adam,,,,48.0,0.8238095238095238,0.8253094862266739,COMPLETE
86,0.4272732373991408,2026-09-26 20:28:05.783715,2026-09-26 20:28:09.205790,0 days 00:00:03.422075,0.9338100749810161,0.9891748534319159,0.00314584965861059,0.0004101816827384866,64,8,"(3, 7)",8.0,"(5, 7)",,,128,7,0.41059696129062534,15,2,Adam,,,,,,,PRUNED
87,0.6253204783219619,2026-09-26 20:28:09.341037,2026-09-26 20:28:15.019488,0 days 00:00:05.678451,0.948519966289163,0.9749092208487544,0.001583941951442227,0.0007566341781410031,64,64,"(3, 7)",64.0,"(5, 7)",,,128,7,0.3953729329556297,14,2,Adam,,,,,,,PRUNED
88,0.48357488048282193,2026-09-26 20:28:15.154072,2026-09-26 20:28:19.173453,0 days 00:00:04.019381,0.9283266226703327,0.9978332383570957,0.0040165153480729325,0.0003354755348237743,64,64,"(3, 7)",64.0,"(5, 7)",,,128,7,0.3566265686992732,12,2,Adam,,,,,,,PRUNED
89,0.3019001278402462,2026-09-26 20:28:19.305944,2026-09-26 20:28:23.473684,0 days 00:00:04.167740,,,,,64,32,"(3, 7)",64.0,"(5, 7)",,,128,7,0.38189017091653493,13,2,SGD,0.00028713103371486514,0.7841696698123264,6.356761180880725e-05,,,,PRUNED
90,0.6487851140765359,2026-09-26 20:28:23.612859,2026-09-26 20:28:30.320950,0 days 00:00:06.708091,0.9400942619051541,0.9809520111846082,0.002100675454128612,5.340117439034213e-05,64,64,"(3, 7)",64.0,"(5, 7)",,,16,5,0.3566600878110722,15,2,Adam,,,,,,,PRUNED
91,0.8369329411228765,2026-09-26 20:28:30.466383,2026-09-26 20:28:50.399115,0 days 00:00:19.932732,0.9595424771107648,0.9956588140303705,0.0016994156136545169,9.122173360085088e-05,64,64,"(3, 7)",64.0,"(5, 7)",,,128,7,0.40127452816896086,11,2,Adam,,,,49.0,0.8452380952380952,0.8286277870076579,COMPLETE
92,0.8493148433056048,2026-09-26 20:28:50.534891,2026-09-26 20:29:10.150075,0 days 00:00:19.615184,0.9599747045518245,0.9958774354204506,0.0014328257273848047,0.00024757984237337277,64,64,"(3, 7)",64.0,"(5, 7)",,,128,7,0.40364492192136786,10,2,Adam,,,,34.0,0.8571428571428571,0.8414868294683525,COMPLETE
93,0.8107185620299731,2026-09-26 20:29:10.283746,2026-09-26 20:29:30.461399,0 days 00:00:20.177653,0.951107572385982,0.9957899330433236,0.0012301384344025937,0.0002386388104582219,64,64,"(3, 7)",64.0,"(5, 7)",,,128,7,0.40483182215898383,10,2,Adam,,,,43.0,0.8166666666666667,0.8047704573932795,COMPLETE
94,0.829471896843379,2026-09-26 20:29:30.598991,2026-09-26 20:29:48.851967,0 days 00:00:18.252976,0.933421185014215,0.9846853699543753,0.0014346898332771687,0.0001226556921520216,64,64,"(3, 7)",16.0,"(5, 7)",,,128,7,0.4355352821598224,14,2,Adam,,,,45.0,0.8333333333333334,0.8256104603534246,COMPLETE
95,0.6055292919195108,2026-09-26 20:29:48.986125,2026-09-26 20:29:53.171638,0 days 00:00:04.185513,0.9232378353880963,0.9870773894783148,0.0014876893991958141,0.00012212037251417088,64,64,"(3, 7)",16.0,"(5, 7)",,,64,7,0.43262362704823576,13,2,Adam,,,,,,,PRUNED
96,0.5816405768572637,2026-09-26 20:29:53.308083,2026-09-26 20:29:57.454346,0 days 00:00:04.146263,0.9333094372485244,0.9967982094074349,0.001764152301899501,0.0001761124736152866,64,16,"(3, 7)",16.0,"(5, 7)",,,128,7,0.44250317462306116,14,2,Adam,,,,,,,PRUNED
97,0.6440561607371135,2026-09-26 20:29:57.587932,2026-09-26 20:30:01.876622,0 days 00:00:04.288690,0.943114092620071,0.9850434879893907,0.000953042122850828,0.00030565335996947054,200,64,"(3, 7)",16.0,"(5, 7)",,,128,7,0.4272024273852803,10,2,Adam,,,,,,,PRUNED
98,0.590077265946104,2026-09-26 20:30:02.011868,2026-09-26 20:30:04.951927,0 days 00:00:02.940059,0.9469005258232169,0.99450664695684,0.0013595988982905622,9.51134872103258e-05,128,64,"(3, 7)",16.0,"(3, 5)",,,128,7,0.4032872153030706,16,2,Adam,,,,,,,PRUNED
99,0.5676663380621138,2026-09-26 20:30:05.090981,2026-09-26 20:30:08.872176,0 days 00:00:03.781195,0.9325625890683835,0.9911899904221555,0.0020257880044024846,5.908238764811233e-05,64,64,"(3, 7)",8.0,"(5, 7)",,,128,3,0.39207158912255563,13,2,Adam,,,,,,,PRUNED
