number,value,datetime_start,datetime_complete,duration,params_adam_beta1,params_adam_beta2,params_adam_lr,params_adam_wd,params_batch_size,params_block_0_filters,params_block_0_kernel_pair,params_block_1_filters,params_block_1_kernel_pair,params_block_2_filters,params_block_2_kernel_pair,params_first_conv_filters,params_first_conv_kernel_width,params_lr_decay,params_lr_step_size,params_n_blocks,params_optimizer,params_sgd_lr,params_sgd_momentum,params_sgd_wd,user_attrs_best_epoch,user_attrs_validation_accuracy,user_attrs_validation_macro_f1,state
0,0.7358168885076283,2026-09-26 20:09:52.024994,2026-09-26 20:10:06.429560,0 days 00:00:14.404566,0.9828439752154666,0.9964666401041485,0.00021930485556643703,1.8205657658407268e-06,128,64,"(3, 5)",32.0,"(3, 7)",64.0,"(5, 7)",32,3,0.1870761961280168,35,3,Adam,,,,46.0,0.75,0.7216337770152566,COMPLETE
1,0.44091646822478286,2026-09-26 20:10:06.570121,2026-09-26 20:10:15.291967,0 days 00:00:08.721846,,,,,256,16,"(5, 7)",64.0,"(5, 7)",,,64,3,0.49409912147023277,12,2,SGD,0.004247058562261873,0.7408680252426811,0.0016172900811143157,45.0,0.44761904761904764,0.4342138888305181,COMPLETE
2,0.19128895349264813,2026-09-26 20:10:15.423837,2026-09-26 20:10:25.151758,0 days 00:00:09.727921,,,,,128,8,"(5, 7)",64.0,"(3, 7)",,,64,7,0.191460191484347,29,2,SGD,0.00011919481947918739,0.7312885138280583,1.3357240411974112e-06,43.0,0.21428571428571427,0.16829219269958196,COMPLETE
3,0.2992316963879919,2026-09-26 20:10:25.281247,2026-09-26 20:10:32.057609,0 days 00:00:06.776362,,,,,256,64,"(5, 7)",64.0,"(3, 7)",,,16,5,0.19544131940933984,39,2,SGD,0.00046379219034580355,0.734760956526768,2.2410971619109514e-05,50.0,0.3142857142857143,0.28417767849026954,COMPLETE
4,0.23550029314616666,2026-09-26 20:10:32.187281,2026-09-26 20:10:42.801890,0 days 00:00:10.614609,,,,,128,32,"(5, 7)",32.0,"(3, 5)",,,16,7,0.06834881369964377,15,2,SGD,0.00018658181360124853,0.942237723720879,1.91920011015619e-05,5.0,0.26904761904761904,0.20195296724471426,COMPLETE
5,0.6343825284570019,2026-09-26 20:10:42.940409,2026-09-26 20:11:00.903600,0 days 00:00:17.963191,0.9591825764200673,0.9641389614508133,0.0062261634823634615,0.0035346441441965848,64,16,"(3, 7)",64.0,"(3, 5)",,,128,5,0.1227329213425762,12,2,Adam,,,,49.0,0.6404761904761904,0.6282888664378133,COMPLETE
6,0.5693641805151592,2026-09-26 20:11:01.034124,2026-09-26 20:11:08.682575,0 days 00:00:07.648451,,,,,200,32,"(3, 5)",16.0,"(3, 5)",16.0,"(5, 7)",16,3,0.46168897559920186,39,3,SGD,0.008638073353835195,0.7513620970280441,0.005778755734457461,50.0,0.5666666666666667,0.5720616943636518,COMPLETE
7,0.5784928291684334,2026-09-26 20:11:08.813504,2026-09-26 20:11:13.562400,0 days 00:00:04.748896,0.9475822037393375,0.9701781599903122,0.0056852051903320934,0.0009184900818511545,256,16,"(5, 7)",,,,,16,5,0.18211632991902205,21,1,Adam,,,,46.0,0.5857142857142857,0.571271372622581,COMPLETE
8,0.6744861970982319,2026-09-26 20:11:13.693523,2026-09-26 20:11:23.160143,0 days 00:00:09.466620,,,,,200,32,"(3, 7)",64.0,"(5, 7)",,,64,7,0.29328580472454796,26,2,SGD,0.007390459262954656,0.7247507648481927,1.6096330648219384e-06,44.0,0.6714285714285714,0.6775438227678924,COMPLETE
9,0.23347811851880507,2026-09-26 20:11:23.290062,2026-09-26 20:11:24.810503,0 days 00:00:01.520441,,,,,256,8,"(5, 7)",32.0,"(3, 7)",32.0,"(3, 5)",32,7,0.12794084145950685,24,3,SGD,0.00264558358503855,0.7283719065887904,9.25685584198963e-05,,,,PRUNED
10,0.3363926135656565,2026-09-26 20:11:24.950091,2026-09-26 20:11:26.430811,0 days 00:00:01.480720,0.8610096540422132,0.9012298858395373,0.00010744583847151158,1.1565476849678523e-06,128,64,"(3, 5)",,,,,32,3,0.3637201542530425,32,1,Adam,,,,,,,PRUNED
11,0.5529996829236106,2026-09-26 20:11:26.563551,2026-09-26 20:11:35.951072,0 days 00:00:09.387521,0.8829200919993141,0.9987528478057919,0.0001366815069090976,1.5727135928416348e-06,200,32,"(3, 7)",8.0,"(5, 7)",64.0,"(3, 7)",64,3,0.3152019246521366,32,3,Adam,,,,,,,PRUNED
12,0.7955069998535369,2026-09-26 20:11:36.089487,2026-09-26 20:11:45.235310,0 days 00:00:09.145823,0.9818465438238774,0.9165390725103992,0.0008385895993072572,5.292265935096958e-05,200,64,"(3, 7)",32.0,"(5, 7)",64.0,"(5, 7)",32,7,0.2690558947511455,25,3,Adam,,,,44.0,0.8095238095238095,0.7814901901832644,COMPLETE
13,0.8090164915205871,2026-09-26 20:11:45.367201,2026-09-26 20:12:14.074160,0 days 00:00:28.706959,0.9872330322218389,0.9001307455561457,0.0007429118755525648,4.150393531668051e-05,64,64,"(3, 5)",32.0,"(3, 7)",64.0,"(5, 7)",32,3,0.2522021445368735,20,3,Adam,,,,50.0,0.8214285714285714,0.7966044116126026,COMPLETE
14,0.8168165252047337,2026-09-26 20:12:14.206435,2026-09-26 20:12:43.196228,0 days 00:00:28.989793,0.9862583495133013,0.9031088892222963,0.0008349056273047285,6.917430994658702e-05,64,64,"(3, 7)",32.0,"(5, 7)",64.0,"(5, 7)",32,7,0.26728189090762655,18,3,Adam,,,,45.0,0.8214285714285714,0.8122044789808961,COMPLETE
15,0.8021715113868007,2026-09-26 20:12:43.330026,2026-09-26 20:13:10.633531,0 days 00:00:27.303505,0.940889758244128,0.9195318406349412,0.0009953152373142961,6.146565911064903e-05,64,64,"(3, 5)",32.0,"(3, 7)",8.0,"(5, 7)",32,7,0.383160466572846,18,3,Adam,,,,43.0,0.8166666666666667,0.7876763561069346,COMPLETE
16,0.7482874679965079,2026-09-26 20:13:10.765443,2026-09-26 20:13:37.005860,0 days 00:00:26.240417,0.9899435465925481,0.9053546414970518,0.0007826137228572353,4.606320050721176e-05,64,64,"(3, 7)",16.0,"(5, 7)",64.0,"(5, 7)",128,3,0.2569396146570505,18,3,Adam,,,,50.0,0.7642857142857142,0.7322892217073017,COMPLETE
17,0.7816232817032629,2026-09-26 20:13:37.142099,2026-09-26 20:14:03.880337,0 days 00:00:26.738238,0.961143734962401,0.9322675230628796,0.0018536425291146724,0.00019506088677772056,64,64,"(3, 5)",8.0,"(3, 7)",64.0,"(3, 5)",32,3,0.3683637280754365,20,3,Adam,,,,50.0,0.7857142857142857,0.77753227769224,COMPLETE
18,0.7334193399046911,2026-09-26 20:14:04.020860,2026-09-26 20:14:30.416227,0 days 00:00:26.395367,0.9179733560426723,0.9371282790300478,0.0003673056383455244,1.0094851741643524e-05,64,64,"(3, 7)",32.0,"(5, 7)",32.0,"(3, 7)",32,7,0.24593971821072075,10,3,Adam,,,,40.0,0.7380952380952381,0.7287434417141441,COMPLETE
19,0.4262254527590662,2026-09-26 20:14:30.550501,2026-09-26 20:14:36.101860,0 days 00:00:05.551359,0.9720338272929013,0.9007236569260956,0.0021213646569067145,0.00034694709715814786,64,8,"(3, 5)",32.0,"(5, 7)",8.0,"(5, 7)",32,5,0.4046533638954077,16,3,Adam,,,,,,,PRUNED
20,0.8018989646356303,2026-09-26 20:14:36.248789,2026-09-26 20:14:55.208843,0 days 00:00:18.960054,0.9292047936270957,0.91962306498661,0.0003820492936026968,1.0420352810072505e-05,64,64,"(3, 5)",32.0,"(3, 7)",,,128,7,0.3204889374775147,22,2,Adam,,,,47.0,0.8023809523809524,0.801416976890308,COMPLETE
21,0.7922458616653998,2026-09-26 20:14:55.343807,2026-09-26 20:15:23.023061,0 days 00:00:27.679254,0.9337391189545137,0.9202118404944177,0.0012046044460599006,4.485726743605089e-05,64,64,"(3, 5)",32.0,"(3, 7)",8.0,"(5, 7)",32,7,0.43346671506531687,17,3,Adam,,,,49.0,0.8047619047619048,0.7797298185688949,COMPLETE
22,0.656128901880741,2026-09-26 20:15:23.162468,2026-09-26 20:15:38.667716,0 days 00:00:15.505248,0.9041602634762624,0.914384910096911,0.00047572582372459914,0.00010321270710369724,64,64,"(3, 5)",32.0,"(3, 7)",8.0,"(5, 7)",32,7,0.35380802340132567,19,3,Adam,,,,,,,PRUNED
23,0.7839969716632346,2026-09-26 20:15:38.802847,2026-09-26 20:16:05.852706,0 days 00:00:27.049859,0.9585093508382531,0.9361837445846065,0.002283504373338962,1.5462628439136832e-05,64,64,"(3, 5)",32.0,"(3, 7)",16.0,"(5, 7)",32,7,0.22902083311272597,15,3,Adam,,,,44.0,0.8023809523809524,0.7656129909455167,COMPLETE
24,0.6057079393780367,2026-09-26 20:16:05.987010,2026-09-26 20:16:16.428633,0 days 00:00:10.441623,0.9420203338117447,0.9284732387648349,0.0007500674029207068,0.0006140023390333287,64,64,"(3, 5)",16.0,"(3, 7)",8.0,"(5, 7)",32,7,0.4051065969258982,22,3,Adam,,,,,,,PRUNED
25,0.7567614176110891,2026-09-26 20:16:16.572656,2026-09-26 20:16:43.829706,0 days 00:00:27.257050,0.9702147658878395,0.9101863165349442,0.0015092148278912385,3.0375423285261235e-05,64,64,"(3, 7)",8.0,"(3, 5)",64.0,"(5, 7)",32,3,0.3271177125084915,13,3,Adam,,,,50.0,0.7690476190476191,0.744475216174559,COMPLETE
26,0.5960867253641309,2026-09-26 20:16:43.964914,2026-09-26 20:16:54.514371,0 days 00:00:10.549457,0.8972762458652297,0.9513503690127536,0.003940586184564779,0.00013244620628636165,64,64,"(3, 5)",32.0,"(3, 7)",64.0,"(3, 5)",32,7,0.2931024124199599,28,3,Adam,,,,,,,PRUNED
27,0.4181824459811725,2026-09-26 20:16:54.654252,2026-09-26 20:16:59.727268,0 days 00:00:05.073016,0.9739496094357822,0.9260348528923792,0.0005108870187695445,4.183123238508137e-06,64,16,"(3, 7)",32.0,"(5, 7)",8.0,"(3, 7)",32,7,0.21977600334125508,23,3,Adam,,,,,,,PRUNED
28,0.5361017206455555,2026-09-26 20:16:59.861406,2026-09-26 20:17:05.698331,0 days 00:00:05.836925,0.9491661703380601,0.9094727563377362,0.001088059043488176,2.512763362819872e-05,64,8,"(3, 5)",32.0,"(3, 7)",,,128,5,0.1251253375932321,19,2,Adam,,,,,,,PRUNED
29,0.5359327444587181,2026-09-26 20:17:05.836002,2026-09-26 20:17:08.706504,0 days 00:00:02.870502,0.9218993634617977,0.9485918395085965,0.00025332041158361834,0.00010243276192419782,128,64,"(3, 5)",32.0,"(3, 7)",64.0,"(5, 7)",32,3,0.16900774220700054,14,3,Adam,,,,,,,PRUNED
30,0.5064348107340273,2026-09-26 20:17:08.844636,2026-09-26 20:17:14.178820,0 days 00:00:05.334184,0.9887654349853781,0.9090723231145917,0.0032696164452582915,0.0023432055933916888,64,64,"(3, 7)",16.0,"(3, 5)",32.0,"(5, 7)",32,3,0.40159047395503605,17,3,Adam,,,,,,,PRUNED
31,0.7561162983538325,2026-09-26 20:17:14.325008,2026-09-26 20:17:29.472112,0 days 00:00:15.147104,0.9268376543781944,0.9204400870234812,0.000523884224389543,8.152965412746362e-06,64,64,"(3, 5)",,,,,128,7,0.33548316021653074,21,1,Adam,,,,49.0,0.7619047619047619,0.7503278348029033,COMPLETE
32,0.8036658379663653,2026-09-26 20:17:29.603818,2026-09-26 20:17:48.841149,0 days 00:00:19.237331,0.9126183208151054,0.9210449234104329,0.00033139671428591446,3.857179136666331e-06,64,64,"(3, 5)",32.0,"(3, 7)",,,128,7,0.3010952847648303,23,2,Adam,,,,46.0,0.8047619047619048,0.8025697711708258,COMPLETE
33,0.8073897555584755,2026-09-26 20:17:48.973310,2026-09-26 20:18:07.852534,0 days 00:00:18.879224,0.9087254824673783,0.9062820956276093,0.00024850151982070437,3.771277131982333e-06,64,64,"(3, 5)",32.0,"(3, 7)",,,128,7,0.28810165000719,26,2,Adam,,,,47.0,0.8119047619047619,0.8028747492121892,COMPLETE
34,0.6212749556896409,2026-09-26 20:18:07.987933,2026-09-26 20:18:12.383701,0 days 00:00:04.395768,0.8761054620563763,0.9008202838552753,0.0002446361566107307,4.310211591321469e-06,256,64,"(3, 5)",32.0,"(3, 7)",,,128,7,0.2828643873156933,28,2,Adam,,,,,,,PRUNED
35,0.3232301777781882,2026-09-26 20:18:12.517471,2026-09-26 20:18:16.071365,0 days 00:00:03.553894,,,,,64,16,"(3, 5)",32.0,"(3, 7)",,,128,7,0.21893661156262384,26,2,SGD,0.09739893545852368,0.9778879952668955,0.00044827909006687735,,,,PRUNED
36,0.4700860823441627,2026-09-26 20:18:16.208711,2026-09-26 20:18:19.142440,0 days 00:00:02.933729,0.9051114793442772,0.9102493351574192,0.00017913697400254454,3.7074721962599608e-06,128,64,"(5, 7)",,,,,128,7,0.24686450042402278,30,1,Adam,,,,,,,PRUNED
37,0.14933348522007944,2026-09-26 20:18:19.274316,2026-09-26 20:18:22.845827,0 days 00:00:03.571511,,,,,64,8,"(3, 5)",32.0,"(3, 7)",,,128,3,0.30419452007221165,36,2,SGD,0.08562767980474409,0.8460420846596597,0.00980873867093541,,,,PRUNED
38,0.3505736132811471,2026-09-26 20:18:22.983056,2026-09-26 20:18:24.782716,0 days 00:00:01.799660,0.8893092670841019,0.9000728334066631,0.0003288909221126463,2.4211068208422703e-06,256,32,"(5, 7)",8.0,"(5, 7)",,,64,5,0.2740887226197694,24,2,Adam,,,,,,,PRUNED
39,0.29514739572388615,2026-09-26 20:18:24.917121,2026-09-26 20:18:26.293805,0 days 00:00:01.376684,0.9133648519327536,0.9123464258437524,0.0001957380602396204,0.009724110335488426,200,16,"(3, 5)",32.0,"(3, 7)",,,16,7,0.16221022643074742,27,2,Adam,,,,,,,PRUNED
40,0.44830706134034903,2026-09-26 20:18:26.425199,2026-09-26 20:18:30.338800,0 days 00:00:03.913601,,,,,64,64,"(3, 7)",64.0,"(3, 7)",,,128,3,0.20676853595450434,30,2,SGD,0.0007606559406382564,0.8421847794156769,1.0289630052749959e-05,,,,PRUNED
41,0.8044268242963837,2026-09-26 20:18:30.471528,2026-09-26 20:18:50.026993,0 days 00:00:19.555465,0.938026943627708,0.9247197501160914,0.0006371669620316178,1.6516480614658825e-05,64,64,"(3, 5)",32.0,"(3, 7)",,,128,7,0.49391014310436854,19,2,Adam,,,,48.0,0.8047619047619048,0.8040917438308627,COMPLETE
42,0.8166526556045324,2026-09-26 20:18:50.161525,2026-09-26 20:19:09.117340,0 days 00:00:18.955815,0.9114392176400343,0.9250461716599329,0.0005916466606817359,1.784272266706505e-05,64,64,"(3, 5)",32.0,"(3, 7)",,,128,7,0.4806436430743648,20,2,Adam,,,,41.0,0.8261904761904761,0.8071148350185887,COMPLETE
43,0.8175566712657317,2026-09-26 20:19:09.251276,2026-09-26 20:19:28.250181,0 days 00:00:18.998905,0.9786810497930756,0.9409475106752823,0.0006381148838983194,1.907426684176821e-05,64,64,"(3, 5)",32.0,"(3, 7)",,,128,7,0.4982005565856413,20,2,Adam,,,,46.0,0.8214285714285714,0.8136847711028921,COMPLETE
44,0.48485511552146676,2026-09-26 20:19:28.382674,2026-09-26 20:19:31.052827,0 days 00:00:02.670153,0.9788313638781921,0.9432510481750386,0.0006372186470729675,2.068483203945111e-05,128,32,"(3, 5)",,,,,128,7,0.46688203976287057,21,1,Adam,,,,,,,PRUNED
45,0.522614571228719,2026-09-26 20:19:31.192995,2026-09-26 20:19:35.732659,0 days 00:00:04.539664,0.9640302203361529,0.9597450793700796,0.009709371165870938,7.554767822570851e-06,64,64,"(5, 7)",32.0,"(3, 5)",,,16,7,0.4767975095684673,16,2,Adam,,,,,,,PRUNED
46,0.538243177496236,2026-09-26 20:19:35.876734,2026-09-26 20:19:37.821952,0 days 00:00:01.945218,,,,,256,64,"(3, 5)",64.0,"(3, 7)",,,64,5,0.44380642564999223,20,2,SGD,0.04260326925641468,0.8830280772174383,0.0001850369816613251,,,,PRUNED
47,0.638593246256002,2026-09-26 20:19:37.954111,2026-09-26 20:19:42.807839,0 days 00:00:04.853728,0.8603576158233192,0.9836146728955675,0.0014602143794431091,0.00021216314357650254,200,64,"(3, 7)",,,,,128,7,0.05792624764061155,11,1,Adam,,,,,,,PRUNED
48,0.5391228739508083,2026-09-26 20:19:42.940401,2026-09-26 20:19:46.773941,0 days 00:00:03.833540,0.8724192508104769,0.9415204159041849,0.0006169801161144786,3.154379499486611e-05,64,8,"(3, 5)",32.0,"(5, 7)",,,128,3,0.43704629574044374,25,2,Adam,,,,,,,PRUNED
49,0.5122611877410339,2026-09-26 20:19:46.907962,2026-09-26 20:19:50.957862,0 days 00:00:04.049900,0.9816430173043887,0.9578862433100065,0.0009786144361546977,7.163808328559136e-05,64,32,"(3, 7)",32.0,"(3, 7)",,,16,7,0.07942329202393555,33,2,Adam,,,,,,,PRUNED
50,0.46711542306838016,2026-09-26 20:19:51.097121,2026-09-26 20:19:55.214864,0 days 00:00:04.117743,0.9502297218081148,0.9061159082393272,0.0001435645401621802,1.0322736352572128e-06,64,64,"(3, 5)",16.0,"(5, 7)",,,64,7,0.48635271317045875,13,2,Adam,,,,,,,PRUNED
51,0.8163041995455256,2026-09-26 20:19:55.351525,2026-09-26 20:20:14.165518,0 days 00:00:18.813993,0.9894546733909566,0.9729468169853006,0.0006557022007733705,1.5599984562066743e-05,64,64,"(3, 5)",32.0,"(3, 7)",,,128,7,0.49535847933057675,19,2,Adam,,,,44.0,0.8142857142857143,0.8183226848053369,COMPLETE
52,0.8110857123128286,2026-09-26 20:20:14.307832,2026-09-26 20:20:33.740337,0 days 00:00:19.432505,0.9892226551262591,0.981489703416109,0.0008606463568248768,1.4026589993290008e-05,64,64,"(3, 5)",32.0,"(3, 7)",,,128,7,0.454994891120898,18,2,Adam,,,,43.0,0.8214285714285714,0.8007428531970857,COMPLETE
53,0.6192371705030569,2026-09-26 20:20:33.878506,2026-09-26 20:20:39.514506,0 days 00:00:05.636000,0.9890403769209402,0.9766605106673397,0.0008026535443923845,1.3060902106397587e-05,64,64,"(3, 5)",32.0,"(3, 7)",,,128,7,0.45408317281089056,18,2,Adam,,,,,,,PRUNED
54,0.8133768999585258,2026-09-26 20:20:39.647731,2026-09-26 20:20:58.472098,0 days 00:00:18.824367,0.9790841356235095,0.9934316769466708,0.0009032261645043399,3.3122271893456824e-05,64,64,"(3, 5)",32.0,"(3, 7)",,,128,7,0.42194965455805356,17,2,Adam,,,,50.0,0.819047619047619,0.8077061808694326,COMPLETE
55,0.82385591156078,2026-09-26 20:20:58.605216,2026-09-26 20:21:17.752722,0 days 00:00:19.147506,0.9810827109960532,0.992019980743717,0.0013247876612032358,6.96957786973157e-06,64,64,"(3, 5)",64.0,"(3, 7)",,,128,7,0.42473209192262673,16,2,Adam,,,,50.0,0.830952380952381,0.8167594421691788,COMPLETE
56,0.7839287724010875,2026-09-26 20:21:17.896100,2026-09-26 20:21:33.180263,0 days 00:00:15.284163,0.9804863270480112,0.988049849270383,0.0013636253816951035,6.479684189580099e-06,200,64,"(5, 7)",64.0,"(3, 7)",,,128,7,0.4983838429597014,15,2,Adam,,,,43.0,0.7928571428571428,0.7750004019450322,COMPLETE
57,0.5175403972168531,2026-09-26 20:21:33.317219,2026-09-26 20:21:36.833017,0 days 00:00:03.515798,,,,,64,16,"(3, 5)",64.0,"(3, 5)",,,128,7,0.4182947747420305,16,2,SGD,0.022002606060998072,0.8133547694888693,0.0010930233755401353,,,,PRUNED
58,0.5789984463951733,2026-09-26 20:21:36.964555,2026-09-26 20:21:39.700347,0 days 00:00:02.735792,0.9673163995768563,0.9928189113464205,0.00041867746154822076,6.845006761377077e-05,128,64,"(3, 5)",,,,,128,7,0.473795238064064,17,1,Adam,,,,,,,PRUNED
59,0.8189309041637494,2026-09-26 20:21:39.848009,2026-09-26 20:21:59.863781,0 days 00:00:20.015772,0.9567796651304784,0.9959247998743814,0.0010418087996229648,3.562639033677959e-05,64,64,"(3, 7)",64.0,"(5, 7)",,,128,7,0.38348632330301874,14,2,Adam,,,,44.0,0.8285714285714286,0.80929037975607,COMPLETE
60,0.808462901063877,2026-09-26 20:22:00.002520,2026-09-26 20:22:14.602566,0 days 00:00:14.600046,0.9554502540061135,0.9985087331947751,0.0018170246413606742,1.9216430185156486e-05,256,64,"(3, 7)",64.0,"(5, 7)",,,128,7,0.39151892679526745,14,2,Adam,,,,48.0,0.8166666666666667,0.8002591354610873,COMPLETE
61,0.8216111673024191,2026-09-26 20:22:14.734885,2026-09-26 20:22:34.380913,0 days 00:00:19.646028,0.9790470013242949,0.99276438909517,0.001045251301476893,3.8024418867713145e-05,64,64,"(3, 7)",64.0,"(5, 7)",,,128,7,0.36894773581717577,12,2,Adam,,,,34.0,0.8261904761904761,0.8170318584143621,COMPLETE
62,0.8108503547916334,2026-09-26 20:22:34.515493,2026-09-26 20:22:54.535176,0 days 00:00:20.019683,0.9768447545599019,0.9685743622160587,0.001136444529487481,4.684723603780349e-05,64,64,"(3, 7)",64.0,"(5, 7)",,,128,7,0.3761953669807871,10,2,Adam,,,,40.0,0.8261904761904761,0.7955102333927906,COMPLETE
63,0.8155236015484519,2026-09-26 20:22:54.684417,2026-09-26 20:23:14.919560,0 days 00:00:20.235143,0.9838005013118823,0.9893386996899911,0.0006324712706143801,2.2194236731579484e-05,64,64,"(3, 7)",64.0,"(5, 7)",,,128,7,0.3411330833819989,13,2,Adam,,,,50.0,0.8261904761904761,0.8048567269064278,COMPLETE
64,0.8278637591901287,2026-09-26 20:23:15.052755,2026-09-26 20:23:34.706931,0 days 00:00:19.654176,0.9680228500071343,0.9760423903181162,0.0012346535137388527,3.740805356955532e-05,64,64,"(3, 7)",64.0,"(5, 7)",,,128,7,0.3554794862176915,12,2,Adam,,,,45.0,0.8333333333333334,0.822394185046924,COMPLETE
65,0.8367061682322252,2026-09-26 20:23:34.844664,2026-09-26 20:23:54.925560,0 days 00:00:20.080896,0.9664150071355884,0.9857914717443549,0.001767504755305462,8.011937470936088e-05,64,64,"(3, 7)",64.0,"(5, 7)",,,128,7,0.35328310814140745,12,2,Adam,,,,44.0,0.8476190476190476,0.8257932888454027,COMPLETE
66,0.5147935965791974,2026-09-26 20:23:55.063571,2026-09-26 20:23:58.992759,0 days 00:00:03.929188,0.9662678116797621,0.9837837220491432,0.0026770108420909005,0.00016401908993923504,64,8,"(3, 7)",64.0,"(5, 7)",,,128,5,0.3590089047068716,12,2,Adam,,,,,,,PRUNED
67,0.8265671697908024,2026-09-26 20:23:59.128733,2026-09-26 20:24:19.273994,0 days 00:00:20.145261,0.9554705107449832,0.9950668910818707,0.0017816369234144684,7.623209813898946e-05,64,64,"(3, 7)",64.0,"(5, 7)",,,128,7,0.3465071986891136,11,2,Adam,,,,50.0,0.8285714285714286,0.8245629110101762,COMPLETE
68,0.8413125296141393,2026-09-26 20:24:19.408918,2026-09-26 20:24:39.122617,0 days 00:00:19.713699,0.9565028037557041,0.9947971372272889,0.0018899346756015673,9.189881908852133e-05,64,64,"(3, 7)",64.0,"(5, 7)",,,128,7,0.34790535025748853,11,2,Adam,,,,42.0,0.8476190476190476,0.8350060116092308,COMPLETE
69,0.7959062989064836,2026-09-26 20:24:39.255836,2026-09-26 20:24:59.079026,0 days 00:00:19.823190,0.953979937936501,0.9953476139049944,0.0017755705253404755,0.00026618690839554473,64,32,"(3, 7)",64.0,"(5, 7)",,,128,7,0.3491269761592465,11,2,Adam,,,,45.0,0.8047619047619048,0.7870506930510625,COMPLETE
70,0.8270015725699322,2026-09-26 20:24:59.211480,2026-09-26 20:25:18.968664,0 days 00:00:19.757184,0.9621808754688146,0.9896225464105607,0.0023600219761293006,0.0004001757975103943,64,64,"(3, 7)",64.0,"(5, 7)",,,128,7,0.37604561641733797,11,2,Adam,,,,44.0,0.8261904761904761,0.8278126689493883,COMPLETE
71,0.4696284009475622,2026-09-26 20:25:19.103163,2026-09-26 20:25:23.105538,0 days 00:00:04.002375,0.960079053693112,0.9998696558786897,0.0025921849589655263,0.00010925159888676905,64,64,"(3, 7)",64.0,"(5, 7)",,,128,7,0.3688245115906049,11,2,Adam,,,,,,,PRUNED
72,0.8413208930985714,2026-09-26 20:25:23.238960,2026-09-26 20:25:43.365163,0 days 00:00:20.126203,0.9448552815885849,0.9879741417187597,0.001580268656056541,0.0004914445052553333,64,64,"(3, 7)",64.0,"(5, 7)",,,128,7,0.3934769894723605,12,2,Adam,,,,40.0,0.8380952380952381,0.8445465481019048,COMPLETE
