number,value,datetime_start,datetime_complete,duration,params_adam_beta1,params_adam_beta2,params_adam_lr,params_adam_wd,params_batch_size,params_block_0_filters,params_block_0_kernel_pair,params_block_1_filters,params_block_1_kernel_pair,params_block_2_filters,params_block_2_kernel_pair,params_first_conv_filters,params_first_conv_kernel_width,params_lr_decay,params_lr_step_size,params_n_blocks,params_optimizer,params_sgd_lr,params_sgd_momentum,params_sgd_wd,user_attrs_best_epoch,user_attrs_validation_accuracy,user_attrs_validation_macro_f1,state
73,0.9167015285065496,2026-10-01 20:59:43.882769,2026-10-01 20:59:47.595839,0 days 00:00:03.713070,0.8708776250080835,0.9292308088144594,0.004143096092159235,6.735243479780113e-05,128,32,"(3, 5)",64.0,"(3, 7)",,,64,3,0.2373654649750531,39,2,Adam,,,,48.0,0.9202898550724637,0.9131132019406356,COMPLETE
74,0.9128022387516668,2026-10-01 20:59:47.750181,2026-10-01 20:59:51.469751,0 days 00:00:03.719570,0.8636891607594024,0.9463832498179122,0.0025060199422438966,2.5055809389613447e-05,128,32,"(3, 5)",64.0,"(3, 7)",,,64,3,0.33096618904653985,36,2,Adam,,,,49.0,0.9130434782608695,0.9125609992424641,COMPLETE
75,0.9055327235451459,2026-10-01 20:59:51.620253,2026-10-01 20:59:55.152300,0 days 00:00:03.532047,0.8551826736885637,0.9346630317207587,0.0031447866500774043,6.158029245598756e-05,128,32,"(3, 5)",64.0,"(3, 7)",,,32,3,0.30942456092011766,38,2,Adam,,,,46.0,0.9057971014492754,0.9052683456410164,COMPLETE
76,0.4069073987994945,2026-10-01 20:59:55.310393,2026-10-01 20:59:56.116231,0 days 00:00:00.805838,,,,,128,8,"(3, 5)",64.0,"(3, 7)",,,64,3,0.2905817751852015,39,2,SGD,0.028942457548808753,0.9784247234104453,0.00011580534150303006,,,,PRUNED
77,0.5934207011659264,2026-10-01 20:59:56.267587,2026-10-01 20:59:57.067166,0 days 00:00:00.799579,0.8972125422845635,0.938374008837813,0.004394811666861591,4.8538412621660535e-05,128,16,"(3, 5)",32.0,"(3, 7)",,,64,3,0.2492844476311658,37,2,Adam,,,,,,,PRUNED
78,0.5917404067573079,2026-10-01 20:59:57.219368,2026-10-01 20:59:57.998869,0 days 00:00:00.779501,0.8760716647932479,0.9199323307811119,0.007818116933920594,1.5242969769494602e-05,128,32,"(3, 5)",8.0,"(3, 7)",,,64,3,0.18314747680919585,36,2,Adam,,,,,,,PRUNED
79,0.5849543678730411,2026-10-01 20:59:58.146827,2026-10-01 20:59:59.009234,0 days 00:00:00.862407,0.8668594788429806,0.949778807552098,0.006573479894891487,0.00012554826212418223,128,64,"(3, 5)",64.0,"(5, 7)",,,16,3,0.2747805681542603,40,2,Adam,,,,,,,PRUNED
80,0.926163267649522,2026-10-01 20:59:59.162543,2026-10-01 21:00:02.845179,0 days 00:00:03.682636,0.8701351646967525,0.9434674595446352,0.002774615483470793,1.180290740722258e-05,200,64,"(3, 5)",64.0,"(3, 7)",32.0,"(3, 5)",64,3,0.25641544097903124,34,3,Adam,,,,47.0,0.927536231884058,0.9247903034149859,COMPLETE
81,0.6166997818836458,2026-10-01 21:00:02.993486,2026-10-01 21:00:03.798630,0 days 00:00:00.805144,0.8702072107231112,0.9420066155505238,0.009593711061873893,3.8764125797867325e-06,200,64,"(3, 5)",64.0,"(3, 7)",32.0,"(3, 5)",64,3,0.2508805163774416,34,3,Adam,,,,,,,PRUNED
82,0.8495569207630995,2026-10-01 21:00:03.949478,2026-10-01 21:00:06.935202,0 days 00:00:02.985724,0.8631395093157074,0.9453121623576335,0.001994576982831966,3.0300510858646395e-05,200,64,"(3, 5)",64.0,"(3, 7)",32.0,"(3, 5)",64,3,0.305870295949714,39,3,Adam,,,,,,,PRUNED
83,0.7089340009038763,2026-10-01 21:00:07.085581,2026-10-01 21:00:08.151511,0 days 00:00:01.065930,0.8829351744135248,0.9370017647043625,0.0027964237205781394,8.935108701605905e-06,200,64,"(3, 5)",64.0,"(3, 7)",32.0,"(3, 5)",64,3,0.21652495295893898,38,3,Adam,,,,,,,PRUNED
84,0.5267631783622848,2026-10-01 21:00:08.304345,2026-10-01 21:00:08.941493,0 days 00:00:00.637148,0.8562095035518408,0.948041420073605,0.003426869981236608,8.97181327717711e-05,200,64,"(3, 5)",,,,,64,3,0.2854011361528204,30,1,Adam,,,,,,,PRUNED
85,0.45390123290414713,2026-10-01 21:00:09.093755,2026-10-01 21:00:09.730636,0 days 00:00:00.636881,0.8774057094972846,0.9099443838643375,0.00239696807812173,2.3652299140631733e-05,256,64,"(5, 7)",,,,,64,3,0.23425309630211033,37,1,Adam,,,,,,,PRUNED
86,0.5398043251895974,2026-10-01 21:00:09.881471,2026-10-01 21:00:10.838316,0 days 00:00:00.956845,0.8664928186911464,0.9983681292398114,0.003751816865877233,1.014673384537548e-06,128,8,"(3, 5)",64.0,"(3, 7)",8.0,"(3, 5)",64,3,0.2596044099722478,32,3,Adam,,,,,,,PRUNED
87,0.4565568406273054,2026-10-01 21:00:10.988347,2026-10-01 21:00:11.584460,0 days 00:00:00.596113,0.8702821617507547,0.9309822164653496,0.0015323135156436849,0.00015840937182382163,256,16,"(3, 5)",16.0,"(3, 7)",,,64,3,0.2761751376386579,35,2,Adam,,,,,,,PRUNED
88,0.20989431451931365,2026-10-01 21:00:11.735161,2026-10-01 21:00:12.420558,0 days 00:00:00.685397,,,,,200,64,"(3, 5)",64.0,"(5, 7)",,,32,7,0.09608967842135749,28,2,SGD,0.00034876549639785973,0.9046529835048485,0.0018563238490649637,,,,PRUNED
89,0.6709161993305077,2026-10-01 21:00:12.571440,2026-10-01 21:00:13.343022,0 days 00:00:00.771582,0.8502638770829549,0.9260386024334228,0.0030050095136137517,5.143561836468732e-06,256,32,"(3, 5)",64.0,"(3, 7)",,,64,3,0.351062520606928,40,2,Adam,,,,,,,PRUNED
90,0.9465284030501422,2026-10-01 21:00:13.492343,2026-10-01 21:00:17.326742,0 days 00:00:03.834399,0.8613331003210016,0.9415586541828206,0.0011824170754873966,1.2336583234671635e-05,128,64,"(3, 5)",64.0,"(5, 7)",,,64,7,0.3340585262472886,38,2,Adam,,,,50.0,0.9492753623188406,0.9437814437814439,COMPLETE
91,0.8916376813635016,2026-10-01 21:00:17.479331,2026-10-01 21:00:21.294354,0 days 00:00:03.815023,0.8605938040458974,0.9413253095158347,0.0008507504182856439,1.2157384345744674e-05,128,64,"(3, 5)",64.0,"(5, 7)",,,64,7,0.3347468854989356,38,2,Adam,,,,43.0,0.8913043478260869,0.8919710149009165,COMPLETE
92,0.9355808654852742,2026-10-01 21:00:21.447367,2026-10-01 21:00:25.388249,0 days 00:00:03.940882,0.8539476811275615,0.9353430065573902,0.0014462981713022557,0.000542437668901651,128,64,"(3, 5)",64.0,"(5, 7)",,,64,7,0.32216965990840885,39,2,Adam,,,,47.0,0.9347826086956522,0.9363791222748963,COMPLETE
93,0.9326452316709848,2026-10-01 21:00:25.539982,2026-10-01 21:00:29.479898,0 days 00:00:03.939916,0.8530944805594085,0.952571532943944,0.0012415255939989922,0.0005543823800514252,128,64,"(3, 5)",64.0,"(5, 7)",,,64,7,0.3217637497707695,39,2,Adam,,,,47.0,0.9347826086956522,0.9305078546463175,COMPLETE
94,0.37330389581136514,2026-10-01 21:00:29.630650,2026-10-01 21:00:30.459272,0 days 00:00:00.828622,0.8538685467011863,0.943811799743935,0.00010132867524147518,0.0004972805529644773,128,64,"(3, 5)",64.0,"(5, 7)",,,64,7,0.36270473775731193,39,2,Adam,,,,,,,PRUNED
95,0.9326426935586906,2026-10-01 21:00:30.614647,2026-10-01 21:00:34.549699,0 days 00:00:03.935052,0.8593522609229274,0.9347320020314024,0.0011349330183763572,0.0007168607445552012,128,64,"(3, 5)",64.0,"(5, 7)",,,64,7,0.3184855317180044,25,2,Adam,,,,42.0,0.9347826086956522,0.9305027784217289,COMPLETE
96,0.9135276404972383,2026-10-01 21:00:34.702609,2026-10-01 21:00:38.654883,0 days 00:00:03.952274,0.8583595723960492,0.9232110354778609,0.001109181854518396,0.0011290450986224789,128,64,"(3, 5)",64.0,"(5, 7)",,,64,7,0.31927454338608513,24,2,Adam,,,,40.0,0.9130434782608695,0.9140118027336072,COMPLETE
97,0.9183743819972285,2026-10-01 21:00:38.809533,2026-10-01 21:00:42.812041,0 days 00:00:04.002508,0.8530032027779068,0.939873734314865,0.0008938574680492732,0.001392787566379815,128,64,"(3, 5)",64.0,"(5, 7)",,,64,7,0.3438831896875152,26,2,Adam,,,,38.0,0.9130434782608695,0.9237052857335877,COMPLETE
98,0.6728765751072977,2026-10-01 21:00:42.976224,2026-10-01 21:00:44.180350,0 days 00:00:01.204126,0.8625062064918878,0.9504781493588225,0.0012541428344099456,0.0006981572897948148,128,64,"(3, 5)",64.0,"(5, 7)",,,16,7,0.36207068510922485,36,2,Adam,,,,,,,PRUNED
99,0.3867140649817012,2026-10-01 21:00:44.333299,2026-10-01 21:00:45.156660,0 days 00:00:00.823361,0.8578023080968223,0.9340716659089485,0.0006965204884978371,0.0007874932411202505,128,64,"(5, 7)",8.0,"(5, 7)",,,64,7,0.382176781366137,38,2,Adam,,,,,,,PRUNED
