number,value,datetime_start,datetime_complete,duration,params_adam_beta1,params_adam_beta2,params_adam_lr,params_adam_wd,params_batch_size,params_block_0_filters,params_block_0_kernel_pair,params_block_1_filters,params_block_1_kernel_pair,params_block_2_filters,params_block_2_kernel_pair,params_first_conv_filters,params_first_conv_kernel_width,params_lr_decay,params_lr_step_size,params_n_blocks,params_optimizer,params_sgd_lr,params_sgd_momentum,params_sgd_wd,user_attrs_best_epoch,user_attrs_validation_accuracy,user_attrs_validation_macro_f1,state
0,0.7447416003648801,2026-10-01 20:55:36.965615,2026-10-01 20:55:42.810530,0 days 00:00:05.844915,0.9828439752154666,0.9964666401041485,0.00021930485556643703,1.8205657658407268e-06,128,64,"(3, 5)",32.0,"(3, 7)",64.0,"(5, 7)",32,3,0.1870761961280168,35,3,Adam,,,,46.0,0.7391304347826086,0.7503527659471516,COMPLETE
1,0.4260996945201062,2026-10-01 20:55:42.960791,2026-10-01 20:55:45.817267,0 days 00:00:02.856476,,,,,256,16,"(5, 7)",64.0,"(5, 7)",,,64,3,0.49409912147023277,12,2,SGD,0.004247058562261873,0.7408680252426811,0.0016172900811143157,45.0,0.427536231884058,0.42466315715615444,COMPLETE
2,0.1672650261976633,2026-10-01 20:55:45.961783,2026-10-01 20:55:49.562057,0 days 00:00:03.600274,,,,,128,8,"(5, 7)",64.0,"(3, 7)",,,64,7,0.191460191484347,29,2,SGD,0.00011919481947918739,0.7312885138280583,1.3357240411974112e-06,41.0,0.17391304347826086,0.1606170089170658,COMPLETE
3,0.2219183692905417,2026-10-01 20:55:49.710644,2026-10-01 20:55:52.121340,0 days 00:00:02.410696,,,,,256,64,"(5, 7)",64.0,"(3, 7)",,,16,5,0.19544131940933984,39,2,SGD,0.00046379219034580355,0.734760956526768,2.2410971619109514e-05,35.0,0.2246376811594203,0.21919905742166312,COMPLETE
4,0.22734398107068915,2026-10-01 20:55:52.276104,2026-10-01 20:55:56.452823,0 days 00:00:04.176719,,,,,128,32,"(5, 7)",32.0,"(3, 5)",,,16,7,0.06834881369964377,15,2,SGD,0.00018658181360124853,0.942237723720879,1.91920011015619e-05,10.0,0.30434782608695654,0.15034013605442179,COMPLETE
5,0.8678077931995081,2026-10-01 20:55:56.603301,2026-10-01 20:56:04.393721,0 days 00:00:07.790420,0.9591825764200673,0.9641389614508133,0.0062261634823634615,0.0035346441441965848,64,16,"(3, 7)",64.0,"(3, 5)",,,128,5,0.1227329213425762,12,2,Adam,,,,46.0,0.855072463768116,0.8805431226309003,COMPLETE
6,0.5600393137819109,2026-10-01 20:56:04.546200,2026-10-01 20:56:08.183099,0 days 00:00:03.636899,,,,,200,32,"(3, 5)",16.0,"(3, 5)",16.0,"(5, 7)",16,3,0.46168897559920186,39,3,SGD,0.008638073353835195,0.7513620970280441,0.005778755734457461,44.0,0.5579710144927537,0.5621076130710682,COMPLETE
7,0.6553830008357213,2026-10-01 20:56:08.338312,2026-10-01 20:56:10.557669,0 days 00:00:02.219357,0.9475822037393375,0.9701781599903122,0.0056852051903320934,0.0009184900818511545,256,16,"(5, 7)",,,,,16,5,0.18211632991902205,21,1,Adam,,,,44.0,0.6521739130434783,0.6585920886279644,COMPLETE
8,0.6366537292519263,2026-10-01 20:56:10.721870,2026-10-01 20:56:14.354797,0 days 00:00:03.632927,,,,,200,32,"(3, 7)",64.0,"(5, 7)",,,64,7,0.29328580472454796,26,2,SGD,0.007390459262954656,0.7247507648481927,1.6096330648219384e-06,48.0,0.6304347826086957,0.6428726758951571,COMPLETE
9,0.17644980712511554,2026-10-01 20:56:14.508318,2026-10-01 20:56:15.179732,0 days 00:00:00.671414,,,,,256,8,"(5, 7)",32.0,"(3, 7)",32.0,"(3, 5)",32,7,0.12794084145950685,24,3,SGD,0.00264558358503855,0.7283719065887904,9.25685584198963e-05,,,,PRUNED
10,0.8117182848651227,2026-10-01 20:56:15.339577,2026-10-01 20:56:20.996299,0 days 00:00:05.656722,0.8611800948433316,0.9012298858395373,0.008338694769208005,0.00730954083378813,64,16,"(3, 7)",,,,,128,5,0.3637201542530425,18,1,Adam,,,,45.0,0.8043478260869565,0.8190887436432888,COMPLETE
11,0.8014337046277715,2026-10-01 20:56:21.162192,2026-10-01 20:56:26.604683,0 days 00:00:05.442491,0.852369147545079,0.9041002430053272,0.008694507650379338,0.008103496826245924,64,16,"(3, 7)",,,,,128,5,0.3655231679271919,17,1,Adam,,,,37.0,0.7971014492753623,0.8057659599801809,COMPLETE
12,0.7734650421484155,2026-10-01 20:56:26.781298,2026-10-01 20:56:32.201517,0 days 00:00:05.420219,0.8731583903570693,0.9040958364495535,0.0038948948464142337,0.0037421626201511035,64,16,"(3, 7)",,,,,128,5,0.338854664480124,10,1,Adam,,,,39.0,0.7681159420289855,0.7788141422678454,COMPLETE
13,0.7924750912430709,2026-10-01 20:56:32.357209,2026-10-01 20:56:37.419107,0 days 00:00:05.061898,0.9091079083845753,0.9464147762750582,0.0020799706636213575,0.0003635676138807046,64,16,"(3, 7)",,,,,128,5,0.4124110252495168,18,1,Adam,,,,39.0,0.782608695652174,0.802341486833968,COMPLETE
14,0.774581608005521,2026-10-01 20:56:37.603662,2026-10-01 20:56:42.550562,0 days 00:00:04.946900,0.911882916596426,0.93883804255916,0.0013336003906909697,0.0003220090176335556,64,16,"(3, 7)",,,,,128,5,0.28111148404095165,13,1,Adam,,,,37.0,0.7608695652173914,0.7882936507936508,COMPLETE
15,0.4625452898550725,2026-10-01 20:56:42.699915,2026-10-01 20:56:45.165284,0 days 00:00:02.465369,0.9763720008201476,0.9394941335635496,0.008520499116629797,0.008554554571228935,64,16,"(3, 7)",8.0,"(3, 5)",,,128,5,0.0591830063695723,20,2,Adam,,,,,,,PRUNED
16,0.793911083139019,2026-10-01 20:56:45.314036,2026-10-01 20:56:49.968803,0 days 00:00:04.654767,0.9135124750050402,0.9933978113800414,0.002056676001681025,0.0015977226775388245,64,16,"(3, 7)",,,,,128,5,0.24945405088685096,15,1,Adam,,,,44.0,0.7898550724637681,0.7979670938142699,COMPLETE
17,0.6277867824944916,2026-10-01 20:56:50.114093,2026-10-01 20:56:55.031744,0 days 00:00:04.917651,0.944132202331433,0.9202654798939063,0.0007243510897530972,7.402633985956407e-05,64,64,"(3, 7)",16.0,"(3, 5)",8.0,"(3, 7)",128,5,0.12165985192541257,10,3,Adam,,,,,,,PRUNED
18,0.8071943865529746,2026-10-01 20:56:55.186316,2026-10-01 20:57:01.628782,0 days 00:00:06.442466,0.8833910756700585,0.9688947466348788,0.003865071664198655,5.766506104129042e-05,64,8,"(3, 5)",8.0,"(3, 5)",,,128,5,0.41793569992981816,31,2,Adam,,,,47.0,0.8043478260869565,0.8100409470189927,COMPLETE
19,0.41787887750620667,2026-10-01 20:57:01.781145,2026-10-01 20:57:02.381845,0 days 00:00:00.600700,0.955577752095089,0.9651541604823171,0.009225659204106082,0.0018990525296292532,200,16,"(3, 7)",,,,,32,3,0.3384340385107491,23,1,Adam,,,,,,,PRUNED
20,0.5398611077955319,2026-10-01 20:57:02.534400,2026-10-01 20:57:04.720979,0 days 00:00:02.186579,0.9292612957505659,0.9222930360198873,0.00011066458861901487,0.008765015392765696,64,16,"(3, 7)",64.0,"(5, 7)",,,128,5,0.24481807812609552,18,2,Adam,,,,,,,PRUNED
21,0.8056083151157328,2026-10-01 20:57:04.876284,2026-10-01 20:57:11.724027,0 days 00:00:06.847743,0.8820328724389526,0.9710179575216548,0.004076470059001569,1.890125599620645e-05,64,8,"(3, 5)",8.0,"(3, 5)",,,128,5,0.42429562519673913,31,2,Adam,,,,48.0,0.7971014492753623,0.8141151809561034,COMPLETE
22,0.7922443022004586,2026-10-01 20:57:11.878567,2026-10-01 20:57:18.738314,0 days 00:00:06.859747,0.8514487814556735,0.9543638221484843,0.0032798118729942404,2.0229135694250228e-05,64,8,"(3, 5)",8.0,"(3, 5)",,,128,5,0.39653825936057696,33,2,Adam,,,,39.0,0.7898550724637681,0.794633531937149,COMPLETE
23,0.5136650496829449,2026-10-01 20:57:18.885426,2026-10-01 20:57:21.321547,0 days 00:00:02.436121,0.8770979659243541,0.9851296107445003,0.005383071020993923,2.388859159689473e-06,64,8,"(3, 5)",8.0,"(3, 5)",8.0,"(3, 5)",128,5,0.4488428216116354,27,3,Adam,,,,,,,PRUNED
24,0.425003808778229,2026-10-01 20:57:21.484754,2026-10-01 20:57:22.886412,0 days 00:00:01.401658,0.8889116813575866,0.9786844042826889,0.0023974764092017297,0.00010321270710369724,64,8,"(3, 5)",8.0,"(3, 5)",,,128,5,0.3737243430722362,14,2,Adam,,,,,,,PRUNED
25,0.6422717760608023,2026-10-01 20:57:23.037367,2026-10-01 20:57:26.539716,0 days 00:00:03.502349,0.8599429222337285,0.9574266564450069,0.0059700869808699255,6.4959941604685855e-06,64,8,"(3, 5)",,,,,128,5,0.4825222957232316,36,1,Adam,,,,,,,PRUNED
26,0.8590415327420091,2026-10-01 20:57:26.691342,2026-10-01 20:57:34.847537,0 days 00:00:08.156195,0.8979201883782071,0.9242608108905526,0.0007437630164903287,0.0006146766172187698,64,64,"(3, 7)",16.0,"(3, 5)",,,128,5,0.3194376210754479,21,2,Adam,,,,49.0,0.8623188405797102,0.8557642249043081,COMPLETE
27,0.322150960876474,2026-10-01 20:57:35.005335,2026-10-01 20:57:35.766278,0 days 00:00:00.760943,0.8972901450939241,0.9193971405276108,0.0005174249373917822,0.000529740602115258,200,64,"(3, 7)",16.0,"(3, 5)",16.0,"(3, 7)",32,5,0.3066123230676688,21,3,Adam,,,,,,,PRUNED
28,0.5240278005394922,2026-10-01 20:57:35.923347,2026-10-01 20:57:36.692724,0 days 00:00:00.769377,0.9672722290858871,0.9123372451876717,0.00094536136485767,0.0024345443120846887,128,64,"(3, 7)",,,,,64,7,0.24374308737665001,19,1,Adam,,,,,,,PRUNED
29,0.46119939297623114,2026-10-01 20:57:36.839491,2026-10-01 20:57:37.891657,0 days 00:00:01.052166,0.9280458170329572,0.9295798607930481,0.00041400222854083736,0.0037761132844928605,128,64,"(3, 7)",16.0,"(5, 7)",32.0,"(5, 7)",32,3,0.12980194174579213,16,3,Adam,,,,,,,PRUNED
30,0.581627843180442,2026-10-01 20:57:38.040405,2026-10-01 20:57:40.088149,0 days 00:00:02.047744,0.9895277992831436,0.9011350567119596,0.0002446001779697765,0.0008386665161706784,64,64,"(3, 7)",16.0,"(3, 5)",,,128,3,0.3216336531153085,12,2,Adam,,,,,,,PRUNED
31,0.9037819122778539,2026-10-01 20:57:40.241188,2026-10-01 20:57:48.167923,0 days 00:00:07.926735,0.8681814251687493,0.9589443581960869,0.0013988217765367786,0.00014375393564243258,64,64,"(3, 5)",64.0,"(3, 5)",,,128,5,0.3754554774500553,36,2,Adam,,,,45.0,0.9057971014492754,0.9017667231064322,COMPLETE
32,0.9172879570395098,2026-10-01 20:57:48.326582,2026-10-01 20:57:56.424944,0 days 00:00:08.098362,0.8643979351128667,0.9564323464695648,0.001270922639146606,0.00018255835845411818,64,64,"(3, 7)",64.0,"(3, 5)",,,128,5,0.370327205780966,35,2,Adam,,,,36.0,0.9130434782608695,0.9215324358181503,COMPLETE
33,0.8954835493156836,2026-10-01 20:57:56.592548,2026-10-01 20:58:05.589333,0 days 00:00:08.996785,0.8681190775806029,0.9582922240200372,0.0011501809251592355,0.00019302874063452887,64,64,"(3, 5)",64.0,"(3, 5)",,,128,5,0.39590876279266596,36,2,Adam,,,,42.0,0.9057971014492754,0.8851699971820918,COMPLETE
34,0.9238644234317561,2026-10-01 20:58:05.747724,2026-10-01 20:58:08.913899,0 days 00:00:03.166175,0.8690093598087024,0.9542127317372586,0.001361120414182057,0.00017436107471945997,256,64,"(3, 5)",64.0,"(3, 5)",,,64,5,0.2767579129404958,37,2,Adam,,,,49.0,0.9202898550724637,0.9274389917910485,COMPLETE
35,0.4814397536283773,2026-10-01 20:58:09.059848,2026-10-01 20:58:09.722005,0 days 00:00:00.662157,,,,,256,64,"(3, 5)",64.0,"(3, 5)",,,64,5,0.3903990097000381,36,2,SGD,0.07675569023737193,0.9505318602960369,0.0004221561377691526,,,,PRUNED
36,0.8898922378985236,2026-10-01 20:58:09.876220,2026-10-01 20:58:13.048969,0 days 00:00:03.172749,0.8678152446336282,0.9491404675762343,0.0012563986890483725,0.00014256950014204933,256,64,"(3, 5)",64.0,"(3, 5)",,,64,7,0.2723639678386898,40,2,Adam,,,,47.0,0.8840579710144928,0.8957265047825543,COMPLETE
37,0.5988312861538674,2026-10-01 20:58:13.206164,2026-10-01 20:58:14.044514,0 days 00:00:00.838350,,,,,256,64,"(3, 5)",64.0,"(3, 5)",,,64,3,0.449988225468399,34,2,SGD,0.08057326370386614,0.8471322299860334,1.4640067544606146e-05,,,,PRUNED
38,0.5550336405773448,2026-10-01 20:58:14.188001,2026-10-01 20:58:14.884728,0 days 00:00:00.696727,0.8661942688384627,0.9585083689938446,0.0013365345380728691,0.00020339822962957513,256,64,"(3, 5)",64.0,"(3, 5)",,,64,5,0.20985536349992026,37,2,Adam,,,,,,,PRUNED
39,0.8539506824994436,2026-10-01 20:58:15.036696,2026-10-01 20:58:18.818460,0 days 00:00:03.781764,0.8722931174065263,0.9465846088803378,0.0010101297678113022,3.58637726096925e-05,128,64,"(3, 5)",64.0,"(3, 5)",,,16,5,0.33987933268227716,38,2,Adam,,,,46.0,0.8478260869565217,0.8600752780423655,COMPLETE
40,0.22859776615303978,2026-10-01 20:58:18.969052,2026-10-01 20:58:19.659426,0 days 00:00:00.690374,,,,,256,32,"(5, 7)",64.0,"(3, 7)",,,64,7,0.4898192434519422,33,2,SGD,0.0009890039046310981,0.8308289162121318,0.0004739353348387908,,,,PRUNED
41,0.9248016767324547,2026-10-01 20:58:19.820229,2026-10-01 20:58:22.918779,0 days 00:00:03.098550,0.8650794212101833,0.9507641454355246,0.001317450152007169,0.0001678184206111794,256,64,"(3, 5)",64.0,"(3, 5)",,,64,7,0.2648375776430386,40,2,Adam,,,,49.0,0.9202898550724637,0.9293134983924458,COMPLETE
42,0.9229996330326411,2026-10-01 20:58:23.069606,2026-10-01 20:58:26.199772,0 days 00:00:03.130166,0.8599469574516304,0.9553440961833847,0.0016801709958572698,0.00023956181826295298,256,64,"(3, 5)",64.0,"(3, 5)",,,64,7,0.26641007233837244,38,2,Adam,,,,43.0,0.927536231884058,0.9184630341812241,COMPLETE
43,0.9235947067754848,2026-10-01 20:58:26.351706,2026-10-01 20:58:29.528036,0 days 00:00:03.176330,0.8564677231040775,0.9369092656623178,0.0020058429236837648,0.00026460069098660103,256,64,"(3, 5)",64.0,"(3, 5)",,,64,7,0.26369379608669985,40,2,Adam,,,,48.0,0.9202898550724637,0.9268995584785058,COMPLETE
44,0.9278764386969682,2026-10-01 20:58:29.673647,2026-10-01 20:58:32.879373,0 days 00:00:03.205726,0.8573708316306311,0.9407965616087273,0.001842898431527397,0.0002965203800638813,256,64,"(3, 5)",64.0,"(3, 5)",,,64,7,0.21222880934261795,40,2,Adam,,,,34.0,0.927536231884058,0.9282166455098786,COMPLETE
45,0.9418253396607734,2026-10-01 20:58:33.032883,2026-10-01 20:58:36.398443,0 days 00:00:03.365560,0.8566527580769187,0.9374632600369516,0.001837869905620476,0.00033816488309534247,256,64,"(3, 5)",64.0,"(5, 7)",,,64,7,0.219221476000922,40,2,Adam,,,,47.0,0.9492753623188406,0.9343753170027064,COMPLETE
46,0.5129229117729781,2026-10-01 20:58:36.552354,2026-10-01 20:58:37.241296,0 days 00:00:00.688942,,,,,256,64,"(3, 5)",32.0,"(5, 7)",,,64,7,0.22035602262228887,40,2,SGD,0.021793079555853898,0.8831535807401674,0.009502049409188721,,,,PRUNED
47,0.9094560090990508,2026-10-01 20:58:37.391597,2026-10-01 20:58:40.625059,0 days 00:00:03.233462,0.8537062799371613,0.9405821867120714,0.0027842809513299984,0.00036650990757985144,256,32,"(3, 5)",64.0,"(5, 7)",,,64,7,0.17765734603927527,39,2,Adam,,,,46.0,0.8985507246376812,0.9203612935604204,COMPLETE
48,0.6339987932453857,2026-10-01 20:58:40.775138,2026-10-01 20:58:41.699238,0 days 00:00:00.924100,0.856660503208671,0.931385185370305,0.001819229898121123,0.0009444156145778185,256,64,"(3, 5)",64.0,"(5, 7)",,,64,7,0.16448449149757427,40,2,Adam,,,,,,,PRUNED
49,0.9084780178888106,2026-10-01 20:58:41.858511,2026-10-01 20:58:45.308446,0 days 00:00:03.449935,0.8791275901203369,0.9337008084490538,0.0026706312176715233,7.875661322133233e-05,256,64,"(5, 7)",64.0,"(3, 7)",,,64,7,0.2229336086935983,38,2,Adam,,,,50.0,0.9130434782608695,0.9039125575167516,COMPLETE
50,0.704278661680487,2026-10-01 20:58:45.457942,2026-10-01 20:58:46.745789,0 days 00:00:01.287847,0.8897517667734748,0.949910364555882,0.001612040892113317,4.5619278787821555e-05,256,64,"(3, 5)",64.0,"(5, 7)",,,64,7,0.1563105134972609,38,2,Adam,,,,,,,PRUNED
51,0.886554425506297,2026-10-01 20:58:46.899339,2026-10-01 20:58:50.108475,0 days 00:00:03.209136,0.8601132347461286,0.9417972052841944,0.0017646123647029367,0.0003026410211784547,256,64,"(3, 5)",64.0,"(3, 5)",,,64,7,0.2659023033792077,39,2,Adam,,,,50.0,0.8768115942028986,0.8962972568096955,COMPLETE
52,0.5353607795606334,2026-10-01 20:58:50.259845,2026-10-01 20:58:50.940250,0 days 00:00:00.680405,0.8579462227484601,0.9341665842593041,0.0008591654672366174,0.0002462975584632197,256,64,"(3, 5)",64.0,"(3, 5)",,,64,7,0.2909273261867461,38,2,Adam,,,,,,,PRUNED
53,0.915685328419398,2026-10-01 20:58:51.098672,2026-10-01 20:58:54.213664,0 days 00:00:03.114992,0.850803509892012,0.9440663021844331,0.0022767983573133664,0.00042723962893579444,256,64,"(3, 5)",32.0,"(3, 7)",,,64,7,0.25815519819891314,40,2,Adam,,,,49.0,0.9130434782608695,0.9183271785779263,COMPLETE
54,0.9106116824821019,2026-10-01 20:58:54.362721,2026-10-01 20:58:57.870437,0 days 00:00:03.507716,0.8731416024145855,0.9527240866413609,0.0017054285188531607,0.00010881904636661186,256,64,"(3, 5)",64.0,"(5, 7)",,,64,7,0.2061901291381704,37,2,Adam,,,,45.0,0.9057971014492754,0.9154262635149284,COMPLETE
55,0.9126091736816535,2026-10-01 20:58:58.063006,2026-10-01 20:59:01.208130,0 days 00:00:03.145124,0.8590771917395525,0.9392956308442237,0.003190892755025148,0.0009729597796053257,256,32,"(3, 5)",64.0,"(3, 5)",,,64,7,0.24082422374848136,34,2,Adam,,,,46.0,0.9057971014492754,0.9194212459140315,COMPLETE
56,0.8910149793968936,2026-10-01 20:59:01.358957,2026-10-01 20:59:03.738277,0 days 00:00:02.379320,0.8505900941180728,0.9276620007017251,0.0021832780535969852,0.0006399453335010877,256,64,"(3, 5)",64.0,"(3, 5)",,,16,7,0.22501768673700534,37,2,Adam,,,,46.0,0.8840579710144928,0.8979719877792943,COMPLETE
57,0.18948472329558286,2026-10-01 20:59:03.887919,2026-10-01 20:59:04.601857,0 days 00:00:00.713938,,,,,256,64,"(5, 7)",64.0,"(3, 5)",,,64,7,0.28291580288882956,39,2,SGD,0.0013800013614147743,0.8003236487382895,4.241425872757553e-06,,,,PRUNED
58,0.5346474264176128,2026-10-01 20:59:04.756808,2026-10-01 20:59:05.466806,0 days 00:00:00.709998,0.8633839373715904,0.9366257933578785,0.0005656215188915757,0.00023635949173730623,256,64,"(3, 5)",64.0,"(5, 7)",,,64,7,0.19451563957094647,40,2,Adam,,,,,,,PRUNED
59,0.7001458838044327,2026-10-01 20:59:05.617783,2026-10-01 20:59:06.971855,0 days 00:00:01.354072,0.8756802215683911,0.9629419854268612,0.0015992543792442144,0.00011307817304247722,200,64,"(3, 5)",32.0,"(3, 5)",64.0,"(3, 7)",64,7,0.2310503283897356,31,3,Adam,,,,,,,PRUNED
60,0.9146893651552036,2026-10-01 20:59:07.121073,2026-10-01 20:59:10.231894,0 days 00:00:03.110821,0.8867715614313303,0.9453424768763115,0.0010326094491882533,0.00042466451423525973,256,64,"(3, 5)",64.0,"(3, 5)",,,64,7,0.26853974013463605,35,2,Adam,,,,39.0,0.9130434782608695,0.9163352520495377,COMPLETE
61,0.896870764115923,2026-10-01 20:59:10.380345,2026-10-01 20:59:13.487638,0 days 00:00:03.107293,0.8647087000908046,0.9500005684852533,0.001457140172745949,0.0001721881373494833,256,64,"(3, 5)",64.0,"(3, 5)",,,64,7,0.3015316430990266,35,2,Adam,,,,39.0,0.8985507246376812,0.8951908035941649,COMPLETE
62,0.5168554628791684,2026-10-01 20:59:13.635897,2026-10-01 20:59:14.154663,0 days 00:00:00.518766,0.8710732722206164,0.9531127170294658,0.0018579685220084024,0.0002467109592750828,256,64,"(3, 5)",64.0,"(3, 5)",,,16,7,0.2074492136267721,37,2,Adam,,,,,,,PRUNED
63,0.5751875673851088,2026-10-01 20:59:14.302983,2026-10-01 20:59:14.918575,0 days 00:00:00.615592,0.8608231405458912,0.9707927414118748,0.001143594519355162,8.391134702804905e-05,256,64,"(5, 7)",64.0,"(3, 5)",,,32,7,0.34953281488139704,38,2,Adam,,,,,,,PRUNED
64,0.881085531778761,2026-10-01 20:59:15.073037,2026-10-01 20:59:18.459910,0 days 00:00:03.386873,0.8551840001953065,0.9626042354161609,0.0020411650664542438,0.0003180185522809759,200,64,"(3, 5)",64.0,"(3, 5)",,,64,7,0.255822402229756,33,2,Adam,,,,38.0,0.8695652173913043,0.8926058461662177,COMPLETE
65,0.9465293341176704,2026-10-01 20:59:18.611602,2026-10-01 20:59:22.428839,0 days 00:00:03.817237,0.8646045031717087,0.9432517020456526,0.00288690335424401,5.499027953693377e-05,128,64,"(3, 5)",64.0,"(3, 7)",,,64,3,0.31961630761063287,39,2,Adam,,,,47.0,0.9420289855072463,0.9510296827280944,COMPLETE
66,0.924311410175163,2026-10-01 20:59:22.579532,2026-10-01 20:59:26.290221,0 days 00:00:03.710689,0.8795129004220325,0.9367864910413599,0.004442002017344475,2.8457356983608068e-05,128,32,"(3, 5)",64.0,"(3, 7)",,,64,3,0.3259398345157006,39,2,Adam,,,,47.0,0.9202898550724637,0.9283329652778625,COMPLETE
67,0.8923752531519281,2026-10-01 20:59:26.442851,2026-10-01 20:59:30.155188,0 days 00:00:03.712337,0.880365439468593,0.9372354768198572,0.0033085780449915096,1.7722245262591114e-05,128,32,"(3, 5)",64.0,"(3, 7)",,,64,3,0.3145273652258245,39,2,Adam,,,,46.0,0.8913043478260869,0.8934461584777693,COMPLETE
68,0.5443097722186452,2026-10-01 20:59:30.302497,2026-10-01 20:59:31.097194,0 days 00:00:00.794697,0.8924776317062505,0.9427036002221216,0.005068562390640137,4.116537930287605e-05,128,32,"(3, 5)",8.0,"(3, 7)",,,64,3,0.3249604041707998,40,2,Adam,,,,,,,PRUNED
69,0.9283036831597926,2026-10-01 20:59:31.249360,2026-10-01 20:59:34.965011,0 days 00:00:03.715651,0.875118786698829,0.9253550238992571,0.007311471365901337,3.1380775631569e-05,128,32,"(3, 5)",64.0,"(3, 7)",,,64,3,0.2957336491042174,39,2,Adam,,,,50.0,0.9347826086956522,0.921824757623933,COMPLETE
70,0.6407661036490829,2026-10-01 20:59:35.116884,2026-10-01 20:59:35.983982,0 days 00:00:00.867098,0.885034864522119,0.9150804218715644,0.007392855500930589,2.8046767884613587e-05,128,32,"(3, 5)",16.0,"(3, 7)",,,64,3,0.29818608125687823,37,2,Adam,,,,,,,PRUNED
71,0.9198766572187005,2026-10-01 20:59:36.133602,2026-10-01 20:59:39.862298,0 days 00:00:03.728696,0.874123468958017,0.9255348383296345,0.004848310868636922,1.1794418990308966e-05,128,32,"(3, 5)",64.0,"(3, 7)",,,64,3,0.2823028371988157,39,2,Adam,,,,50.0,0.9202898550724637,0.9194634593649373,COMPLETE
72,0.906636646167545,2026-10-01 20:59:40.013260,2026-10-01 20:59:43.729844,0 days 00:00:03.716584,0.8801837778048023,0.9329367539432114,0.0065677487505946975,7.669411285579008e-06,128,32,"(3, 5)",64.0,"(3, 7)",,,64,3,0.3526646487945972,40,2,Adam,,,,47.0,0.9057971014492754,0.9074761908858145,COMPLETE
